#
# A fatal error has been detected by the Java Runtime Environment:
#
#  EXCEPTION_ACCESS_VIOLATION (0xc0000005) at pc=0x0000000066b22d69, pid=31056, tid=23392
#
# JRE version: Java(TM) SE Runtime Environment (11.0.5+10) (build 11.0.5+10-LTS)
# Java VM: Java HotSpot(TM) 64-Bit Server VM (11.0.5+10-LTS, mixed mode, tiered, compressed oops, g1 gc, windows-amd64)
# Problematic frame:
# C  [nvoglv64.dll+0x952d69]
#
# No core dump will be written. Minidumps are not enabled by default on client versions of Windows
#
# If you would like to submit a bug report, please visit:
#   http://bugreport.java.com/bugreport/crash.jsp
# The crash happened outside the Java Virtual Machine in native code.
# See problematic frame for where to report the bug.
#

---------------  S U M M A R Y ------------

Command Line: -agentlib:jdwp=transport=dt_socket,address=127.0.0.1:53660,suspend=y,server=n -javaagent:C:\Users\dell\AppData\Local\JetBrains\IdeaIC2020.1\captureAgent\debugger-agent.jar -Dfile.encoding=UTF-8 org.meteoinfo.laboratory.MeteoInfoLab

Host: Intel(R) Xeon(R) Silver 4210 CPU @ 2.20GHz, 40 cores, 63G,  Windows 10 , 64 bit Build 18362 (10.0.18362.329)
Time: Sat Apr 18 10:19:59 2020 ?D1¨²¡À¨º¡Á?¨º¡À?? elapsed time: 51 seconds (0d 0h 0m 51s)

---------------  T H R E A D  ---------------

Current thread (0x0000016de8f56000):  JavaThread "SwingWorker-pool-1-thread-1" daemon [_thread_in_native, id=23392, stack(0x0000003bab300000,0x0000003bab400000)]

Stack: [0x0000003bab300000,0x0000003bab400000],  sp=0x0000003bab3fd328,  free space=1012k
Native frames: (J=compiled Java code, j=interpreted, Vv=VM code, C=native code)
C  [nvoglv64.dll+0x952d69]

Java frames: (J=compiled Java code, j=interpreted, Vv=VM code)
j  jogamp.opengl.gl4.GL4bcImpl.dispatch_glPushClientAttrib1(IJ)V+0
j  jogamp.opengl.gl4.GL4bcImpl.glPushClientAttrib(I)V+40
j  com.jogamp.opengl.util.GLPixelStorageModes.savePack(Lcom/jogamp/opengl/GL;)V+24
j  com.jogamp.opengl.util.GLPixelStorageModes.setPackAlignment(Lcom/jogamp/opengl/GL;I)V+2
j  com.jogamp.opengl.util.GLReadBufferUtil.readPixelsImpl(Lcom/jogamp/opengl/GLDrawable;Lcom/jogamp/opengl/GL;IIIIZ)Z+432
j  com.jogamp.opengl.util.awt.AWTGLReadBufferUtil.readPixelsToBufferedImage(Lcom/jogamp/opengl/GL;IIIIZ)Ljava/awt/image/BufferedImage;+91
j  com.jogamp.opengl.util.awt.AWTGLReadBufferUtil.readPixelsToBufferedImage(Lcom/jogamp/opengl/GL;Z)Ljava/awt/image/BufferedImage;+7
j  org.meteoinfo.chart.jogl.Plot3DGL.getScreenImage()Ljava/awt/image/BufferedImage;+39
j  org.meteoinfo.chart.jogl.GLChartPanel.saveImage(Ljava/lang/String;Ljava/lang/Integer;)V+32
j  org.meteoinfo.chart.jogl.GLChartPanel.saveImage(Ljava/lang/String;)V+3
v  ~StubRoutines::call_stub
J 4613  jdk.internal.reflect.NativeMethodAccessorImpl.invoke0(Ljava/lang/reflect/Method;Ljava/lang/Object;[Ljava/lang/Object;)Ljava/lang/Object; java.base@11.0.5 (0 bytes) @ 0x0000016db461d44f [0x0000016db461d3c0+0x000000000000008f]
J 4612 c1 jdk.internal.reflect.NativeMethodAccessorImpl.invoke(Ljava/lang/Object;[Ljava/lang/Object;)Ljava/lang/Object; java.base@11.0.5 (104 bytes) @ 0x0000016dadf92214 [0x0000016dadf91540+0x0000000000000cd4]
J 2209 c1 jdk.internal.reflect.DelegatingMethodAccessorImpl.invoke(Ljava/lang/Object;[Ljava/lang/Object;)Ljava/lang/Object; java.base@11.0.5 (10 bytes) @ 0x0000016dad277d8c [0x0000016dad277c60+0x000000000000012c]
J 6200 c1 org.python.core.PyReflectedFunction.__call__(Lorg/python/core/PyObject;[Lorg/python/core/PyObject;[Ljava/lang/String;)Lorg/python/core/PyObject; (239 bytes) @ 0x0000016dae5df72c [0x0000016dae5de1a0+0x000000000000158c]
J 6461 c1 org.python.core.PyReflectedFunction.__call__([Lorg/python/core/PyObject;[Ljava/lang/String;)Lorg/python/core/PyObject; (47 bytes) @ 0x0000016dad7937ac [0x0000016dad7934e0+0x00000000000002cc]
J 5864 c1 org.python.core.PyObject.__call__(Lorg/python/core/PyObject;Lorg/python/core/PyObject;)Lorg/python/core/PyObject; (20 bytes) @ 0x0000016dae4288ec [0x0000016dae428480+0x000000000000046c]
J 4940 c1 org.python.core.PyObject.__call__(Lorg/python/core/ThreadState;Lorg/python/core/PyObject;Lorg/python/core/PyObject;)Lorg/python/core/PyObject; (7 bytes) @ 0x0000016dad1bbc64 [0x0000016dad1bbb40+0x0000000000000124]
J 5849 c1 org.python.core.PyMethod.__call__(Lorg/python/core/ThreadState;Lorg/python/core/PyObject;)Lorg/python/core/PyObject; (32 bytes) @ 0x0000016dae420e04 [0x0000016dae420b80+0x0000000000000284]
j  mipylib.plotlib.miplot$py.savefig$49(Lorg/python/core/PyFrame;Lorg/python/core/ThreadState;)Lorg/python/core/PyObject;+493
j  mipylib.plotlib.miplot$py.call_function(ILorg/python/core/PyFrame;Lorg/python/core/ThreadState;)Lorg/python/core/PyObject;+676
J 6198 c1 org.python.core.PyTableCode.call(Lorg/python/core/ThreadState;Lorg/python/core/PyFrame;Lorg/python/core/PyObject;)Lorg/python/core/PyObject; (331 bytes) @ 0x0000016dae5da494 [0x0000016dae5d9860+0x0000000000000c34]
J 5202 c1 org.python.core.PyBaseCode.call(Lorg/python/core/ThreadState;[Lorg/python/core/PyObject;[Ljava/lang/String;Lorg/python/core/PyObject;[Lorg/python/core/PyObject;Lorg/python/core/PyObject;)Lorg/python/core/PyObject; (786 bytes) @ 0x0000016dae2361c4 [0x0000016dae22fe80+0x0000000000006344]
J 5637 c1 org.python.core.PyBaseCode.call(Lorg/python/core/ThreadState;Lorg/python/core/PyObject;Lorg/python/core/PyObject;[Lorg/python/core/PyObject;Lorg/python/core/PyObject;)Lorg/python/core/PyObject; (98 bytes) @ 0x0000016dae367dc4 [0x0000016dae367460+0x0000000000000964]
J 5636 c1 org.python.core.PyFunction.__call__(Lorg/python/core/ThreadState;Lorg/python/core/PyObject;)Lorg/python/core/PyObject; (22 bytes) @ 0x0000016dae366c1c [0x0000016dae366ae0+0x000000000000013c]
j  org.python.pycode._pyx28.f$0(Lorg/python/core/PyFrame;Lorg/python/core/ThreadState;)Lorg/python/core/PyObject;+360
j  org.python.pycode._pyx28.call_function(ILorg/python/core/PyFrame;Lorg/python/core/ThreadState;)Lorg/python/core/PyObject;+24
J 6198 c1 org.python.core.PyTableCode.call(Lorg/python/core/ThreadState;Lorg/python/core/PyFrame;Lorg/python/core/PyObject;)Lorg/python/core/PyObject; (331 bytes) @ 0x0000016dae5da494 [0x0000016dae5d9860+0x0000000000000c34]
j  org.python.core.PyCode.call(Lorg/python/core/ThreadState;Lorg/python/core/PyFrame;)Lorg/python/core/PyObject;+4
j  org.python.core.Py.runCode(Lorg/python/core/PyCode;Lorg/python/core/PyObject;Lorg/python/core/PyObject;)Lorg/python/core/PyObject;+156
j  org.python.core.__builtin__.execfile_flags(Ljava/lang/String;Lorg/python/core/PyObject;Lorg/python/core/PyObject;Lorg/python/core/CompilerFlags;)V+86
j  org.python.util.PythonInterpreter.execfile(Ljava/lang/String;)V+16
j  org.meteoinfo.laboratory.gui.PythonInteractiveInterpreter.execfile(Ljava/lang/String;)V+10
j  org.meteoinfo.laboratory.gui.ConsoleDockable$3.doInBackground()Ljava/lang/String;+102
j  org.meteoinfo.laboratory.gui.ConsoleDockable$3.doInBackground()Ljava/lang/Object;+1
j  javax.swing.SwingWorker$1.call()Ljava/lang/Object;+14 java.desktop@11.0.5
j  java.util.concurrent.FutureTask.run$$$capture()V+39 java.base@11.0.5
j  java.util.concurrent.FutureTask.run()V+5 java.base@11.0.5
j  javax.swing.SwingWorker.run()V+4 java.desktop@11.0.5
j  java.util.concurrent.ThreadPoolExecutor.runWorker(Ljava/util/concurrent/ThreadPoolExecutor$Worker;)V+92 java.base@11.0.5
j  java.util.concurrent.ThreadPoolExecutor$Worker.run()V+5 java.base@11.0.5
j  java.lang.Thread.run()V+11 java.base@11.0.5
v  ~StubRoutines::call_stub

siginfo: EXCEPTION_ACCESS_VIOLATION (0xc0000005), reading address 0x00000000000008f8


Register to memory mapping:

RIP=0x0000000066b22d69 nvoglv64.dll
RAX=0x0 is NULL
RBX={method} {0x0000016d85a1b078} 'dispatch_glPushClientAttrib1' '(IJ)V' in 'jogamp/opengl/gl4/GL4bcImpl'
RCX=0x0000000000000001 is an unknown value
RDX=0x0000003bab3fd3f8 is pointing into the stack for thread: 0x0000016de8f56000
RSP=0x0000003bab3fd328 is pointing into the stack for thread: 0x0000016de8f56000
RBP=0x0000003bab3fd3c0 is pointing into the stack for thread: 0x0000016de8f56000
RSI=0x0000000000000178 is an unknown value
RDI=0x00000000000002b0 is an unknown value
R8 =0x0000000000000001 is an unknown value
R9 =0x0000000066b22d60 nvoglv64.dll
R10=0x0000016dac9f5ca7 is at code_begin+1959 in an Interpreter codelet
method entry point (kind = native)  [0x0000016dac9f5500, 0x0000016dac9f68a0]  5024 bytes
R11=0x0000000000000102 is an unknown value
R12=0x0 is NULL
R13={method} {0x0000016d85a1b078} 'dispatch_glPushClientAttrib1' '(IJ)V' in 'jogamp/opengl/gl4/GL4bcImpl'
R14=0x0000003bab3fd3f8 is pointing into the stack for thread: 0x0000016de8f56000
R15=0x0000016de8f56000 is a thread


Registers:
RAX=0x0000000000000000, RBX=0x0000016d85a1b070, RCX=0x0000000000000001, RDX=0x0000003bab3fd3f8
RSP=0x0000003bab3fd328, RBP=0x0000003bab3fd3c0, RSI=0x0000000000000178, RDI=0x00000000000002b0
R8 =0x0000000000000001, R9 =0x0000000066b22d60, R10=0x0000016dac9f5ca7, R11=0x0000000000000102
R12=0x0000000000000000, R13=0x0000016d85a1b070, R14=0x0000003bab3fd3f8, R15=0x0000016de8f56000
RIP=0x0000000066b22d69, EFLAGS=0x0000000000010283

Top of Stack: (sp=0x0000003bab3fd328)
0x0000003bab3fd328:   0000016dac9f5cd6 0000016d80bb8840
0x0000003bab3fd338:   00007ff882a2ab23 0000003bab3fdbb0
0x0000003bab3fd348:   0000000001000021 00000000000003d8
0x0000003bab3fd358:   0000016dea3f1230 00000000000003d8
0x0000003bab3fd368:   0000016dea3f1230 000000000000000d
0x0000003bab3fd378:   0000003bab3fd378 0000000000000000
0x0000003bab3fd388:   0000003bab3fd3f8 0000016d86bb0040
0x0000003bab3fd398:   0000000000000000 0000000449b5b658
0x0000003bab3fd3a8:   0000016d85a1b070 0000000000000000
0x0000003bab3fd3b8:   0000003bab3fd3e0 0000003bab3fd448
0x0000003bab3fd3c8:   0000016dac9ec9ac 0000000000000000
0x0000003bab3fd3d8:   0000016dac9f0bf8 0000000066b22d60
0x0000003bab3fd3e8:   0000000000000000 0000000000000001
0x0000003bab3fd3f8:   000000044a6fc2b0 0000003bab3fd400
0x0000003bab3fd408:   0000016d85a1afa8 0000003bab3fd470
0x0000003bab3fd418:   0000016d86bb0040 0000000000000000 

Instructions: (pc=0x0000000066b22d69)
0x0000000066b22d49:   af af af af af af af c3 cc cc cc cc cc cc cc cc
0x0000000066b22d59:   cc cc cc cc cc cc cc 65 48 8b 04 25 08 16 00 00
0x0000000066b22d69:   ff a0 f8 08 00 00 cc cc cc cc cc cc cc cc cc cc
0x0000000066b22d79:   cc cc cc cc cc cc cc cc cc cc cc cc cc cc cc cc 


Stack slot to memory mapping:
stack at sp + 0 slots: 0x0000016dac9f5cd6 is at code_begin+2006 in an Interpreter codelet
method entry point (kind = native)  [0x0000016dac9f5500, 0x0000016dac9f68a0]  5024 bytes
stack at sp + 1 slots: 0x0000016d80bb8840 points into unknown readable memory: 02 00 00 00 2e 61 77 74
stack at sp + 2 slots: 0x00007ff882a2ab23 jvm.dll
stack at sp + 3 slots: 0x0000003bab3fdbb0 is pointing into the stack for thread: 0x0000016de8f56000
stack at sp + 4 slots: 0x0000000001000021 is an unknown value
stack at sp + 5 slots: 0x00000000000003d8 is an unknown value
stack at sp + 6 slots: 0x0000016dea3f1230 points into unknown readable memory: ec 01 ce f8 6d 01 00 00
stack at sp + 7 slots: 0x00000000000003d8 is an unknown value


---------------  P R O C E S S  ---------------

Threads class SMR info:
_java_thread_list=0x0000016df6883e50, length=25, elements={
0x0000016de741c800, 0x0000016de740b800, 0x0000016de7479800, 0x0000016de747a800,
0x0000016de747f000, 0x0000016de7480000, 0x0000016de7483000, 0x0000016de8017800,
0x0000016de80ad800, 0x0000016de80ae800, 0x0000016de8140800, 0x0000016de813e800,
0x0000016de896e000, 0x0000016de89ba800, 0x0000016de8945800, 0x0000016de95a7800,
0x0000016da4697000, 0x0000016deb7d6800, 0x0000016debbd4800, 0x0000016df8eba000,
0x0000016de8f52800, 0x0000016dee056800, 0x0000016de8f56000, 0x0000016de8f57000,
0x0000016de8f57800
}

Java Threads: ( => current thread )
  0x0000016de741c800 JavaThread "Reference Handler" daemon [_thread_blocked, id=28352, stack(0x0000003baaa00000,0x0000003baab00000)]
  0x0000016de740b800 JavaThread "Finalizer" daemon [_thread_blocked, id=20104, stack(0x0000003baab00000,0x0000003baac00000)]
  0x0000016de7479800 JavaThread "Signal Dispatcher" daemon [_thread_blocked, id=29368, stack(0x0000003baac00000,0x0000003baad00000)]
  0x0000016de747a800 JavaThread "Attach Listener" daemon [_thread_blocked, id=31292, stack(0x0000003baad00000,0x0000003baae00000)]
  0x0000016de747f000 JavaThread "C2 CompilerThread0" daemon [_thread_blocked, id=1872, stack(0x0000003baae00000,0x0000003baaf00000)]
  0x0000016de7480000 JavaThread "C1 CompilerThread0" daemon [_thread_blocked, id=30552, stack(0x0000003baaf00000,0x0000003bab000000)]
  0x0000016de7483000 JavaThread "Sweeper thread" daemon [_thread_blocked, id=12656, stack(0x0000003bab000000,0x0000003bab100000)]
  0x0000016de8017800 JavaThread "Common-Cleaner" daemon [_thread_blocked, id=22852, stack(0x0000003bab200000,0x0000003bab300000)]
  0x0000016de80ad800 JavaThread "JDWP Transport Listener: dt_socket" daemon [_thread_blocked, id=27380, stack(0x0000003bab800000,0x0000003bab900000)]
  0x0000016de80ae800 JavaThread "JDWP Event Helper Thread" daemon [_thread_blocked, id=25012, stack(0x0000003bab900000,0x0000003baba00000)]
  0x0000016de8140800 JavaThread "JDWP Command Reader" daemon [_thread_in_native, id=9896, stack(0x0000003baba00000,0x0000003babb00000)]
  0x0000016de813e800 JavaThread "Service Thread" daemon [_thread_blocked, id=14448, stack(0x0000003babb00000,0x0000003babc00000)]
  0x0000016de896e000 JavaThread "Java2D Disposer" daemon [_thread_blocked, id=16592, stack(0x0000003babd00000,0x0000003babe00000)]
  0x0000016de89ba800 JavaThread "AWT-Shutdown" [_thread_blocked, id=16332, stack(0x0000003babe00000,0x0000003babf00000)]
  0x0000016de8945800 JavaThread "AWT-Windows" daemon [_thread_in_native, id=15976, stack(0x0000003babf00000,0x0000003bac000000)]
  0x0000016de95a7800 JavaThread "AWT-EventQueue-0" [_thread_blocked, id=10740, stack(0x0000003bac100000,0x0000003bac200000)]
  0x0000016da4697000 JavaThread "DestroyJavaVM" [_thread_blocked, id=11168, stack(0x0000003baa300000,0x0000003baa400000)]
  0x0000016deb7d6800 JavaThread "TimerQueue" daemon [_thread_blocked, id=22776, stack(0x0000003bae000000,0x0000003bae100000)]
  0x0000016debbd4800 JavaThread "Thread-0" [_thread_blocked, id=12220, stack(0x0000003bae400000,0x0000003bae500000)]
  0x0000016df8eba000 JavaThread "Thread-1" [_thread_blocked, id=21608, stack(0x0000003bafd00000,0x0000003bafe00000)]
  0x0000016de8f52800 JavaThread "D3D Screen Updater" daemon [_thread_blocked, id=30016, stack(0x0000003baf700000,0x0000003baf800000)]
  0x0000016dee056800 JavaThread "C1 CompilerThread1" daemon [_thread_blocked, id=15396, stack(0x0000003bab100000,0x0000003bab200000)]
=>0x0000016de8f56000 JavaThread "SwingWorker-pool-1-thread-1" daemon [_thread_in_native, id=23392, stack(0x0000003bab300000,0x0000003bab400000)]
  0x0000016de8f57000 JavaThread "SwingWorker-pool-1-thread-1-SharedResourceRunner" daemon [_thread_blocked, id=5576, stack(0x0000003bab400000,0x0000003bab500000)]
  0x0000016de8f57800 JavaThread "Image Fetcher 0" daemon [_thread_blocked, id=25220, stack(0x0000003baee00000,0x0000003baef00000)]

Other Threads:
  0x0000016de73e6800 VMThread "VM Thread" [stack: 0x0000003baa900000,0x0000003baaa00000] [id=8124]
  0x0000016de824d000 WatcherThread [stack: 0x0000003babc00000,0x0000003babd00000] [id=18768]
  0x0000016da46b1000 GCTaskThread "GC Thread#0" [stack: 0x0000003baa400000,0x0000003baa500000] [id=24424]
  0x0000016de9fc7800 GCTaskThread "GC Thread#1" [stack: 0x0000003bac000000,0x0000003bac100000] [id=5504]
  0x0000016dea2e0800 GCTaskThread "GC Thread#2" [stack: 0x0000003bac200000,0x0000003bac300000] [id=11032]
  0x0000016dea36d800 GCTaskThread "GC Thread#3" [stack: 0x0000003bac300000,0x0000003bac400000] [id=12268]
  0x0000016dea36e000 GCTaskThread "GC Thread#4" [stack: 0x0000003bac400000,0x0000003bac500000] [id=30948]
  0x0000016de957c000 GCTaskThread "GC Thread#5" [stack: 0x0000003bac500000,0x0000003bac600000] [id=30592]
  0x0000016de957c800 GCTaskThread "GC Thread#6" [stack: 0x0000003bac600000,0x0000003bac700000] [id=30304]
  0x0000016de8da6800 GCTaskThread "GC Thread#7" [stack: 0x0000003bac700000,0x0000003bac800000] [id=29956]
  0x0000016de9398000 GCTaskThread "GC Thread#8" [stack: 0x0000003bac800000,0x0000003bac900000] [id=31576]
  0x0000016dea415000 GCTaskThread "GC Thread#9" [stack: 0x0000003bac900000,0x0000003baca00000] [id=23852]
  0x0000016dea41b000 GCTaskThread "GC Thread#10" [stack: 0x0000003baca00000,0x0000003bacb00000] [id=26052]
  0x0000016dea416000 GCTaskThread "GC Thread#11" [stack: 0x0000003bacb00000,0x0000003bacc00000] [id=11460]
  0x0000016dea41c800 GCTaskThread "GC Thread#12" [stack: 0x0000003bacc00000,0x0000003bacd00000] [id=25180]
  0x0000016dea41a000 GCTaskThread "GC Thread#13" [stack: 0x0000003bacd00000,0x0000003bace00000] [id=30748]
  0x0000016dea41b800 GCTaskThread "GC Thread#14" [stack: 0x0000003bace00000,0x0000003bacf00000] [id=26688]
  0x0000016dea416800 GCTaskThread "GC Thread#15" [stack: 0x0000003bacf00000,0x0000003bad000000] [id=28628]
  0x0000016dea417800 GCTaskThread "GC Thread#16" [stack: 0x0000003bad000000,0x0000003bad100000] [id=24548]
  0x0000016dea418000 GCTaskThread "GC Thread#17" [stack: 0x0000003bad100000,0x0000003bad200000] [id=3548]
  0x0000016dea419800 GCTaskThread "GC Thread#18" [stack: 0x0000003bad200000,0x0000003bad300000] [id=27704]
  0x0000016dea418800 GCTaskThread "GC Thread#19" [stack: 0x0000003bad300000,0x0000003bad400000] [id=14648]
  0x0000016dea673000 GCTaskThread "GC Thread#20" [stack: 0x0000003bad400000,0x0000003bad500000] [id=31580]
  0x0000016dea672000 GCTaskThread "GC Thread#21" [stack: 0x0000003bad500000,0x0000003bad600000] [id=16552]
  0x0000016dea671800 GCTaskThread "GC Thread#22" [stack: 0x0000003bad600000,0x0000003bad700000] [id=22564]
  0x0000016dea673800 GCTaskThread "GC Thread#23" [stack: 0x0000003bad700000,0x0000003bad800000] [id=30384]
  0x0000016dea677000 GCTaskThread "GC Thread#24" [stack: 0x0000003baf900000,0x0000003bafa00000] [id=13972]
  0x0000016dea678000 GCTaskThread "GC Thread#25" [stack: 0x0000003bafa00000,0x0000003bafb00000] [id=17800]
  0x0000016dea678800 GCTaskThread "GC Thread#26" [stack: 0x0000003bafb00000,0x0000003bafc00000] [id=25684]
  0x0000016dea679800 GCTaskThread "GC Thread#27" [stack: 0x0000003bafc00000,0x0000003bafd00000] [id=7060]
  0x0000016de3240000 ConcurrentGCThread "G1 Main Marker" [stack: 0x0000003baa500000,0x0000003baa600000] [id=24248]
  0x0000016de3242000 ConcurrentGCThread "G1 Conc#0" [stack: 0x0000003baa600000,0x0000003baa700000] [id=13780]
  0x0000016dea66d000 ConcurrentGCThread "G1 Conc#1" [stack: 0x0000003bada00000,0x0000003badb00000] [id=19596]
  0x0000016dea674800 ConcurrentGCThread "G1 Conc#2" [stack: 0x0000003badb00000,0x0000003badc00000] [id=7584]
  0x0000016dea66e000 ConcurrentGCThread "G1 Conc#3" [stack: 0x0000003badc00000,0x0000003badd00000] [id=13372]
  0x0000016dea670000 ConcurrentGCThread "G1 Conc#4" [stack: 0x0000003badd00000,0x0000003bade00000] [id=11160]
  0x0000016dea675000 ConcurrentGCThread "G1 Conc#5" [stack: 0x0000003bade00000,0x0000003badf00000] [id=3668]
  0x0000016dea66e800 ConcurrentGCThread "G1 Conc#6" [stack: 0x0000003badf00000,0x0000003bae000000] [id=27428]
  0x0000016de341e000 ConcurrentGCThread "G1 Refine#0" [stack: 0x0000003baa700000,0x0000003baa800000] [id=24364]
  0x0000016dee5c8800 ConcurrentGCThread "G1 Refine#1" [stack: 0x0000003bae700000,0x0000003bae800000] [id=16624]
  0x0000016dee4f5800 ConcurrentGCThread "G1 Refine#2" [stack: 0x0000003bae800000,0x0000003bae900000] [id=22496]
  0x0000016df6ce0800 ConcurrentGCThread "G1 Refine#3" [stack: 0x0000003bae900000,0x0000003baea00000] [id=14000]
  0x0000016df6ce1800 ConcurrentGCThread "G1 Refine#4" [stack: 0x0000003baea00000,0x0000003baeb00000] [id=26520]
  0x0000016dee14b800 ConcurrentGCThread "G1 Refine#5" [stack: 0x0000003baeb00000,0x0000003baec00000] [id=23300]
  0x0000016dee14c800 ConcurrentGCThread "G1 Refine#6" [stack: 0x0000003baec00000,0x0000003baed00000] [id=28868]
  0x0000016df6c86000 ConcurrentGCThread "G1 Refine#7" [stack: 0x0000003baed00000,0x0000003baee00000] [id=5700]
  0x0000016df768f800 ConcurrentGCThread "G1 Refine#8" [stack: 0x0000003baef00000,0x0000003baf000000] [id=28824]
  0x0000016df6f84800 ConcurrentGCThread "G1 Refine#9" [stack: 0x0000003baf000000,0x0000003baf100000] [id=30884]
  0x0000016df6f85800 ConcurrentGCThread "G1 Refine#10" [stack: 0x0000003baf100000,0x0000003baf200000] [id=11424]
  0x0000016df6f86000 ConcurrentGCThread "G1 Refine#11" [stack: 0x0000003baf200000,0x0000003baf300000] [id=21524]
  0x0000016dea3e3000 ConcurrentGCThread "G1 Refine#12" [stack: 0x0000003baf300000,0x0000003baf400000] [id=21808]
  0x0000016df7568000 ConcurrentGCThread "G1 Refine#13" [stack: 0x0000003baf400000,0x0000003baf500000] [id=19008]
  0x0000016de724e800 ConcurrentGCThread "G1 Young RemSet Sampling" [stack: 0x0000003baa800000,0x0000003baa900000] [id=1304]

Threads with active compile tasks:

VM state:not at safepoint (normal execution)

VM Mutex/Monitor currently owned by a thread: None

Heap address: 0x0000000405c00000, size: 16292 MB, Compressed Oops mode: Zero based, Oop shift amount: 3
Narrow klass base: 0x0000000800000000, Narrow klass shift: 0
Compressed class space size: 1073741824 Address: 0x0000000800000000

Heap:
 garbage-first heap   total 1253376K, used 232931K [0x0000000405c00000, 0x0000000800000000)
  region size 4096K, 49 young (200704K), 5 survivors (20480K)
 Metaspace       used 85716K, capacity 90356K, committed 90704K, reserved 1126400K
  class space    used 12499K, capacity 13292K, committed 13392K, reserved 1048576K
Heap Regions: E=young(eden), S=young(survivor), O=old, HS=humongous(starts), HC=humongous(continues), CS=collection set, F=free, A=archive, TAMS=top-at-mark-start (previous, next)
|   0|0x0000000405c00000, 0x0000000406000000, 0x0000000406000000|100%|HS|  |TAMS 0x0000000406000000, 0x0000000405c00000| Complete 
|   1|0x0000000406000000, 0x0000000406400000, 0x0000000406400000|100%| O|  |TAMS 0x0000000406400000, 0x0000000406000000| Untracked 
|   2|0x0000000406400000, 0x0000000406800000, 0x0000000406800000|100%| O|  |TAMS 0x0000000406800000, 0x0000000406400000| Untracked 
|   3|0x0000000406800000, 0x0000000406c00000, 0x0000000406c00000|100%| O|  |TAMS 0x0000000406c00000, 0x0000000406800000| Untracked 
|   4|0x0000000406c00000, 0x0000000407000000, 0x0000000407000000|100%| O|  |TAMS 0x0000000407000000, 0x0000000406c00000| Untracked 
|   5|0x0000000407000000, 0x0000000407400000, 0x0000000407400000|100%| O|  |TAMS 0x0000000407400000, 0x0000000407000000| Untracked 
|   6|0x0000000407400000, 0x0000000407800000, 0x0000000407800000|100%| O|  |TAMS 0x0000000407800000, 0x0000000407400000| Untracked 
|   7|0x0000000407800000, 0x0000000407c00000, 0x0000000407c00000|100%| O|  |TAMS 0x0000000407c00000, 0x0000000407800000| Untracked 
|   8|0x0000000407c00000, 0x0000000408000000, 0x0000000408000000|100%| O|  |TAMS 0x0000000408000000, 0x0000000407c00000| Untracked 
|   9|0x0000000408000000, 0x0000000408204400, 0x0000000408400000| 50%| O|  |TAMS 0x0000000408204400, 0x0000000408000000| Untracked 
|  10|0x0000000408400000, 0x0000000408400000, 0x0000000408800000|  0%| F|  |TAMS 0x0000000408400000, 0x0000000408400000| Untracked 
|  11|0x0000000408800000, 0x0000000408800000, 0x0000000408c00000|  0%| F|  |TAMS 0x0000000408800000, 0x0000000408800000| Untracked 
|  12|0x0000000408c00000, 0x0000000408c00000, 0x0000000409000000|  0%| F|  |TAMS 0x0000000408c00000, 0x0000000408c00000| Untracked 
|  13|0x0000000409000000, 0x0000000409000000, 0x0000000409400000|  0%| F|  |TAMS 0x0000000409000000, 0x0000000409000000| Untracked 
|  14|0x0000000409400000, 0x0000000409400000, 0x0000000409800000|  0%| F|  |TAMS 0x0000000409400000, 0x0000000409400000| Untracked 
|  15|0x0000000409800000, 0x0000000409800000, 0x0000000409c00000|  0%| F|  |TAMS 0x0000000409800000, 0x0000000409800000| Untracked 
|  16|0x0000000409c00000, 0x0000000409c00000, 0x000000040a000000|  0%| F|  |TAMS 0x0000000409c00000, 0x0000000409c00000| Untracked 
|  17|0x000000040a000000, 0x000000040a000000, 0x000000040a400000|  0%| F|  |TAMS 0x000000040a000000, 0x000000040a000000| Untracked 
|  18|0x000000040a400000, 0x000000040a400000, 0x000000040a800000|  0%| F|  |TAMS 0x000000040a400000, 0x000000040a400000| Untracked 
|  19|0x000000040a800000, 0x000000040a800000, 0x000000040ac00000|  0%| F|  |TAMS 0x000000040a800000, 0x000000040a800000| Untracked 
|  20|0x000000040ac00000, 0x000000040ac00000, 0x000000040b000000|  0%| F|  |TAMS 0x000000040ac00000, 0x000000040ac00000| Untracked 
|  21|0x000000040b000000, 0x000000040b000000, 0x000000040b400000|  0%| F|  |TAMS 0x000000040b000000, 0x000000040b000000| Untracked 
|  22|0x000000040b400000, 0x000000040b400000, 0x000000040b800000|  0%| F|  |TAMS 0x000000040b400000, 0x000000040b400000| Untracked 
|  23|0x000000040b800000, 0x000000040b800000, 0x000000040bc00000|  0%| F|  |TAMS 0x000000040b800000, 0x000000040b800000| Untracked 
|  24|0x000000040bc00000, 0x000000040bc00000, 0x000000040c000000|  0%| F|  |TAMS 0x000000040bc00000, 0x000000040bc00000| Untracked 
|  25|0x000000040c000000, 0x000000040c000000, 0x000000040c400000|  0%| F|  |TAMS 0x000000040c000000, 0x000000040c000000| Untracked 
|  26|0x000000040c400000, 0x000000040c400000, 0x000000040c800000|  0%| F|  |TAMS 0x000000040c400000, 0x000000040c400000| Untracked 
|  27|0x000000040c800000, 0x000000040c800000, 0x000000040cc00000|  0%| F|  |TAMS 0x000000040c800000, 0x000000040c800000| Untracked 
|  28|0x000000040cc00000, 0x000000040cc00000, 0x000000040d000000|  0%| F|  |TAMS 0x000000040cc00000, 0x000000040cc00000| Untracked 
|  29|0x000000040d000000, 0x000000040d000000, 0x000000040d400000|  0%| F|  |TAMS 0x000000040d000000, 0x000000040d000000| Untracked 
|  30|0x000000040d400000, 0x000000040d400000, 0x000000040d800000|  0%| F|  |TAMS 0x000000040d400000, 0x000000040d400000| Untracked 
|  31|0x000000040d800000, 0x000000040d800000, 0x000000040dc00000|  0%| F|  |TAMS 0x000000040d800000, 0x000000040d800000| Untracked 
|  32|0x000000040dc00000, 0x000000040dc00000, 0x000000040e000000|  0%| F|  |TAMS 0x000000040dc00000, 0x000000040dc00000| Untracked 
|  33|0x000000040e000000, 0x000000040e000000, 0x000000040e400000|  0%| F|  |TAMS 0x000000040e000000, 0x000000040e000000| Untracked 
|  34|0x000000040e400000, 0x000000040e400000, 0x000000040e800000|  0%| F|  |TAMS 0x000000040e400000, 0x000000040e400000| Untracked 
|  35|0x000000040e800000, 0x000000040e800000, 0x000000040ec00000|  0%| F|  |TAMS 0x000000040e800000, 0x000000040e800000| Untracked 
|  36|0x000000040ec00000, 0x000000040ec00000, 0x000000040f000000|  0%| F|  |TAMS 0x000000040ec00000, 0x000000040ec00000| Untracked 
|  37|0x000000040f000000, 0x000000040f000000, 0x000000040f400000|  0%| F|  |TAMS 0x000000040f000000, 0x000000040f000000| Untracked 
|  38|0x000000040f400000, 0x000000040f400000, 0x000000040f800000|  0%| F|  |TAMS 0x000000040f400000, 0x000000040f400000| Untracked 
|  39|0x000000040f800000, 0x000000040f800000, 0x000000040fc00000|  0%| F|  |TAMS 0x000000040f800000, 0x000000040f800000| Untracked 
|  40|0x000000040fc00000, 0x000000040fc00000, 0x0000000410000000|  0%| F|  |TAMS 0x000000040fc00000, 0x000000040fc00000| Untracked 
|  41|0x0000000410000000, 0x0000000410000000, 0x0000000410400000|  0%| F|  |TAMS 0x0000000410000000, 0x0000000410000000| Untracked 
|  42|0x0000000410400000, 0x0000000410400000, 0x0000000410800000|  0%| F|  |TAMS 0x0000000410400000, 0x0000000410400000| Untracked 
|  43|0x0000000410800000, 0x0000000410800000, 0x0000000410c00000|  0%| F|  |TAMS 0x0000000410800000, 0x0000000410800000| Untracked 
|  44|0x0000000410c00000, 0x0000000410c00000, 0x0000000411000000|  0%| F|  |TAMS 0x0000000410c00000, 0x0000000410c00000| Untracked 
|  45|0x0000000411000000, 0x0000000411000000, 0x0000000411400000|  0%| F|  |TAMS 0x0000000411000000, 0x0000000411000000| Untracked 
|  46|0x0000000411400000, 0x0000000411400000, 0x0000000411800000|  0%| F|  |TAMS 0x0000000411400000, 0x0000000411400000| Untracked 
|  47|0x0000000411800000, 0x0000000411800000, 0x0000000411c00000|  0%| F|  |TAMS 0x0000000411800000, 0x0000000411800000| Untracked 
|  48|0x0000000411c00000, 0x0000000411c00000, 0x0000000412000000|  0%| F|  |TAMS 0x0000000411c00000, 0x0000000411c00000| Untracked 
|  49|0x0000000412000000, 0x0000000412000000, 0x0000000412400000|  0%| F|  |TAMS 0x0000000412000000, 0x0000000412000000| Untracked 
|  50|0x0000000412400000, 0x0000000412400000, 0x0000000412800000|  0%| F|  |TAMS 0x0000000412400000, 0x0000000412400000| Untracked 
|  51|0x0000000412800000, 0x0000000412800000, 0x0000000412c00000|  0%| F|  |TAMS 0x0000000412800000, 0x0000000412800000| Untracked 
|  52|0x0000000412c00000, 0x0000000412c00000, 0x0000000413000000|  0%| F|  |TAMS 0x0000000412c00000, 0x0000000412c00000| Untracked 
|  53|0x0000000413000000, 0x0000000413000000, 0x0000000413400000|  0%| F|  |TAMS 0x0000000413000000, 0x0000000413000000| Untracked 
|  54|0x0000000413400000, 0x0000000413400000, 0x0000000413800000|  0%| F|  |TAMS 0x0000000413400000, 0x0000000413400000| Untracked 
|  55|0x0000000413800000, 0x0000000413800000, 0x0000000413c00000|  0%| F|  |TAMS 0x0000000413800000, 0x0000000413800000| Untracked 
|  56|0x0000000413c00000, 0x0000000413c00000, 0x0000000414000000|  0%| F|  |TAMS 0x0000000413c00000, 0x0000000413c00000| Untracked 
|  57|0x0000000414000000, 0x0000000414000000, 0x0000000414400000|  0%| F|  |TAMS 0x0000000414000000, 0x0000000414000000| Untracked 
|  58|0x0000000414400000, 0x0000000414400000, 0x0000000414800000|  0%| F|  |TAMS 0x0000000414400000, 0x0000000414400000| Untracked 
|  59|0x0000000414800000, 0x0000000414800000, 0x0000000414c00000|  0%| F|  |TAMS 0x0000000414800000, 0x0000000414800000| Untracked 
|  60|0x0000000414c00000, 0x0000000414c00000, 0x0000000415000000|  0%| F|  |TAMS 0x0000000414c00000, 0x0000000414c00000| Untracked 
|  61|0x0000000415000000, 0x0000000415000000, 0x0000000415400000|  0%| F|  |TAMS 0x0000000415000000, 0x0000000415000000| Untracked 
|  62|0x0000000415400000, 0x0000000415400000, 0x0000000415800000|  0%| F|  |TAMS 0x0000000415400000, 0x0000000415400000| Untracked 
|  63|0x0000000415800000, 0x0000000415800000, 0x0000000415c00000|  0%| F|  |TAMS 0x0000000415800000, 0x0000000415800000| Untracked 
|  64|0x0000000415c00000, 0x0000000415c00000, 0x0000000416000000|  0%| F|  |TAMS 0x0000000415c00000, 0x0000000415c00000| Untracked 
|  65|0x0000000416000000, 0x0000000416000000, 0x0000000416400000|  0%| F|  |TAMS 0x0000000416000000, 0x0000000416000000| Untracked 
|  66|0x0000000416400000, 0x0000000416400000, 0x0000000416800000|  0%| F|  |TAMS 0x0000000416400000, 0x0000000416400000| Untracked 
|  67|0x0000000416800000, 0x0000000416800000, 0x0000000416c00000|  0%| F|  |TAMS 0x0000000416800000, 0x0000000416800000| Untracked 
|  68|0x0000000416c00000, 0x0000000416c00000, 0x0000000417000000|  0%| F|  |TAMS 0x0000000416c00000, 0x0000000416c00000| Untracked 
|  69|0x0000000417000000, 0x0000000417000000, 0x0000000417400000|  0%| F|  |TAMS 0x0000000417000000, 0x0000000417000000| Untracked 
|  70|0x0000000417400000, 0x0000000417400000, 0x0000000417800000|  0%| F|  |TAMS 0x0000000417400000, 0x0000000417400000| Untracked 
|  71|0x0000000417800000, 0x0000000417800000, 0x0000000417c00000|  0%| F|  |TAMS 0x0000000417800000, 0x0000000417800000| Untracked 
|  72|0x0000000417c00000, 0x0000000417c00000, 0x0000000418000000|  0%| F|  |TAMS 0x0000000417c00000, 0x0000000417c00000| Untracked 
|  73|0x0000000418000000, 0x0000000418000000, 0x0000000418400000|  0%| F|  |TAMS 0x0000000418000000, 0x0000000418000000| Untracked 
|  74|0x0000000418400000, 0x0000000418400000, 0x0000000418800000|  0%| F|  |TAMS 0x0000000418400000, 0x0000000418400000| Untracked 
|  75|0x0000000418800000, 0x0000000418800000, 0x0000000418c00000|  0%| F|  |TAMS 0x0000000418800000, 0x0000000418800000| Untracked 
|  76|0x0000000418c00000, 0x0000000418c00000, 0x0000000419000000|  0%| F|  |TAMS 0x0000000418c00000, 0x0000000418c00000| Untracked 
|  77|0x0000000419000000, 0x0000000419000000, 0x0000000419400000|  0%| F|  |TAMS 0x0000000419000000, 0x0000000419000000| Untracked 
|  78|0x0000000419400000, 0x0000000419400000, 0x0000000419800000|  0%| F|  |TAMS 0x0000000419400000, 0x0000000419400000| Untracked 
|  79|0x0000000419800000, 0x0000000419800000, 0x0000000419c00000|  0%| F|  |TAMS 0x0000000419800000, 0x0000000419800000| Untracked 
|  80|0x0000000419c00000, 0x0000000419c00000, 0x000000041a000000|  0%| F|  |TAMS 0x0000000419c00000, 0x0000000419c00000| Untracked 
|  81|0x000000041a000000, 0x000000041a000000, 0x000000041a400000|  0%| F|  |TAMS 0x000000041a000000, 0x000000041a000000| Untracked 
|  82|0x000000041a400000, 0x000000041a400000, 0x000000041a800000|  0%| F|  |TAMS 0x000000041a400000, 0x000000041a400000| Untracked 
|  83|0x000000041a800000, 0x000000041a800000, 0x000000041ac00000|  0%| F|  |TAMS 0x000000041a800000, 0x000000041a800000| Untracked 
|  84|0x000000041ac00000, 0x000000041ac00000, 0x000000041b000000|  0%| F|  |TAMS 0x000000041ac00000, 0x000000041ac00000| Untracked 
|  85|0x000000041b000000, 0x000000041b000000, 0x000000041b400000|  0%| F|  |TAMS 0x000000041b000000, 0x000000041b000000| Untracked 
|  86|0x000000041b400000, 0x000000041b400000, 0x000000041b800000|  0%| F|  |TAMS 0x000000041b400000, 0x000000041b400000| Untracked 
|  87|0x000000041b800000, 0x000000041b800000, 0x000000041bc00000|  0%| F|  |TAMS 0x000000041b800000, 0x000000041b800000| Untracked 
|  88|0x000000041bc00000, 0x000000041bc00000, 0x000000041c000000|  0%| F|  |TAMS 0x000000041bc00000, 0x000000041bc00000| Untracked 
|  89|0x000000041c000000, 0x000000041c000000, 0x000000041c400000|  0%| F|  |TAMS 0x000000041c000000, 0x000000041c000000| Untracked 
|  90|0x000000041c400000, 0x000000041c400000, 0x000000041c800000|  0%| F|  |TAMS 0x000000041c400000, 0x000000041c400000| Untracked 
|  91|0x000000041c800000, 0x000000041c800000, 0x000000041cc00000|  0%| F|  |TAMS 0x000000041c800000, 0x000000041c800000| Untracked 
|  92|0x000000041cc00000, 0x000000041cc00000, 0x000000041d000000|  0%| F|  |TAMS 0x000000041cc00000, 0x000000041cc00000| Untracked 
|  93|0x000000041d000000, 0x000000041d000000, 0x000000041d400000|  0%| F|  |TAMS 0x000000041d000000, 0x000000041d000000| Untracked 
|  94|0x000000041d400000, 0x000000041d400000, 0x000000041d800000|  0%| F|  |TAMS 0x000000041d400000, 0x000000041d400000| Untracked 
|  95|0x000000041d800000, 0x000000041d800000, 0x000000041dc00000|  0%| F|  |TAMS 0x000000041d800000, 0x000000041d800000| Untracked 
|  96|0x000000041dc00000, 0x000000041dc00000, 0x000000041e000000|  0%| F|  |TAMS 0x000000041dc00000, 0x000000041dc00000| Untracked 
|  97|0x000000041e000000, 0x000000041e000000, 0x000000041e400000|  0%| F|  |TAMS 0x000000041e000000, 0x000000041e000000| Untracked 
|  98|0x000000041e400000, 0x000000041e400000, 0x000000041e800000|  0%| F|  |TAMS 0x000000041e400000, 0x000000041e400000| Untracked 
|  99|0x000000041e800000, 0x000000041e800000, 0x000000041ec00000|  0%| F|  |TAMS 0x000000041e800000, 0x000000041e800000| Untracked 
| 100|0x000000041ec00000, 0x000000041ec00000, 0x000000041f000000|  0%| F|  |TAMS 0x000000041ec00000, 0x000000041ec00000| Untracked 
| 101|0x000000041f000000, 0x000000041f000000, 0x000000041f400000|  0%| F|  |TAMS 0x000000041f000000, 0x000000041f000000| Untracked 
| 102|0x000000041f400000, 0x000000041f400000, 0x000000041f800000|  0%| F|  |TAMS 0x000000041f400000, 0x000000041f400000| Untracked 
| 103|0x000000041f800000, 0x000000041f800000, 0x000000041fc00000|  0%| F|  |TAMS 0x000000041f800000, 0x000000041f800000| Untracked 
| 104|0x000000041fc00000, 0x000000041fc00000, 0x0000000420000000|  0%| F|  |TAMS 0x000000041fc00000, 0x000000041fc00000| Untracked 
| 105|0x0000000420000000, 0x0000000420000000, 0x0000000420400000|  0%| F|  |TAMS 0x0000000420000000, 0x0000000420000000| Untracked 
| 106|0x0000000420400000, 0x0000000420400000, 0x0000000420800000|  0%| F|  |TAMS 0x0000000420400000, 0x0000000420400000| Untracked 
| 107|0x0000000420800000, 0x0000000420800000, 0x0000000420c00000|  0%| F|  |TAMS 0x0000000420800000, 0x0000000420800000| Untracked 
| 108|0x0000000420c00000, 0x0000000420c00000, 0x0000000421000000|  0%| F|  |TAMS 0x0000000420c00000, 0x0000000420c00000| Untracked 
| 109|0x0000000421000000, 0x0000000421000000, 0x0000000421400000|  0%| F|  |TAMS 0x0000000421000000, 0x0000000421000000| Untracked 
| 110|0x0000000421400000, 0x0000000421400000, 0x0000000421800000|  0%| F|  |TAMS 0x0000000421400000, 0x0000000421400000| Untracked 
| 111|0x0000000421800000, 0x0000000421800000, 0x0000000421c00000|  0%| F|  |TAMS 0x0000000421800000, 0x0000000421800000| Untracked 
| 112|0x0000000421c00000, 0x0000000421c00000, 0x0000000422000000|  0%| F|  |TAMS 0x0000000421c00000, 0x0000000421c00000| Untracked 
| 113|0x0000000422000000, 0x0000000422000000, 0x0000000422400000|  0%| F|  |TAMS 0x0000000422000000, 0x0000000422000000| Untracked 
| 114|0x0000000422400000, 0x0000000422400000, 0x0000000422800000|  0%| F|  |TAMS 0x0000000422400000, 0x0000000422400000| Untracked 
| 115|0x0000000422800000, 0x0000000422800000, 0x0000000422c00000|  0%| F|  |TAMS 0x0000000422800000, 0x0000000422800000| Untracked 
| 116|0x0000000422c00000, 0x0000000422c00000, 0x0000000423000000|  0%| F|  |TAMS 0x0000000422c00000, 0x0000000422c00000| Untracked 
| 117|0x0000000423000000, 0x0000000423000000, 0x0000000423400000|  0%| F|  |TAMS 0x0000000423000000, 0x0000000423000000| Untracked 
| 118|0x0000000423400000, 0x0000000423400000, 0x0000000423800000|  0%| F|  |TAMS 0x0000000423400000, 0x0000000423400000| Untracked 
| 119|0x0000000423800000, 0x0000000423800000, 0x0000000423c00000|  0%| F|  |TAMS 0x0000000423800000, 0x0000000423800000| Untracked 
| 120|0x0000000423c00000, 0x0000000423c00000, 0x0000000424000000|  0%| F|  |TAMS 0x0000000423c00000, 0x0000000423c00000| Untracked 
| 121|0x0000000424000000, 0x0000000424000000, 0x0000000424400000|  0%| F|  |TAMS 0x0000000424000000, 0x0000000424000000| Untracked 
| 122|0x0000000424400000, 0x0000000424400000, 0x0000000424800000|  0%| F|  |TAMS 0x0000000424400000, 0x0000000424400000| Untracked 
| 123|0x0000000424800000, 0x0000000424800000, 0x0000000424c00000|  0%| F|  |TAMS 0x0000000424800000, 0x0000000424800000| Untracked 
| 124|0x0000000424c00000, 0x0000000424c00000, 0x0000000425000000|  0%| F|  |TAMS 0x0000000424c00000, 0x0000000424c00000| Untracked 
| 125|0x0000000425000000, 0x0000000425000000, 0x0000000425400000|  0%| F|  |TAMS 0x0000000425000000, 0x0000000425000000| Untracked 
| 126|0x0000000425400000, 0x0000000425400000, 0x0000000425800000|  0%| F|  |TAMS 0x0000000425400000, 0x0000000425400000| Untracked 
| 127|0x0000000425800000, 0x0000000425800000, 0x0000000425c00000|  0%| F|  |TAMS 0x0000000425800000, 0x0000000425800000| Untracked 
| 128|0x0000000425c00000, 0x0000000425c00000, 0x0000000426000000|  0%| F|  |TAMS 0x0000000425c00000, 0x0000000425c00000| Untracked 
| 129|0x0000000426000000, 0x0000000426000000, 0x0000000426400000|  0%| F|  |TAMS 0x0000000426000000, 0x0000000426000000| Untracked 
| 130|0x0000000426400000, 0x0000000426400000, 0x0000000426800000|  0%| F|  |TAMS 0x0000000426400000, 0x0000000426400000| Untracked 
| 131|0x0000000426800000, 0x0000000426800000, 0x0000000426c00000|  0%| F|  |TAMS 0x0000000426800000, 0x0000000426800000| Untracked 
| 132|0x0000000426c00000, 0x0000000426c00000, 0x0000000427000000|  0%| F|  |TAMS 0x0000000426c00000, 0x0000000426c00000| Untracked 
| 133|0x0000000427000000, 0x0000000427000000, 0x0000000427400000|  0%| F|  |TAMS 0x0000000427000000, 0x0000000427000000| Untracked 
| 134|0x0000000427400000, 0x0000000427400000, 0x0000000427800000|  0%| F|  |TAMS 0x0000000427400000, 0x0000000427400000| Untracked 
| 135|0x0000000427800000, 0x0000000427800000, 0x0000000427c00000|  0%| F|  |TAMS 0x0000000427800000, 0x0000000427800000| Untracked 
| 136|0x0000000427c00000, 0x0000000427c00000, 0x0000000428000000|  0%| F|  |TAMS 0x0000000427c00000, 0x0000000427c00000| Untracked 
| 137|0x0000000428000000, 0x0000000428000000, 0x0000000428400000|  0%| F|  |TAMS 0x0000000428000000, 0x0000000428000000| Untracked 
| 138|0x0000000428400000, 0x0000000428400000, 0x0000000428800000|  0%| F|  |TAMS 0x0000000428400000, 0x0000000428400000| Untracked 
| 139|0x0000000428800000, 0x0000000428800000, 0x0000000428c00000|  0%| F|  |TAMS 0x0000000428800000, 0x0000000428800000| Untracked 
| 140|0x0000000428c00000, 0x0000000428c00000, 0x0000000429000000|  0%| F|  |TAMS 0x0000000428c00000, 0x0000000428c00000| Untracked 
| 141|0x0000000429000000, 0x0000000429000000, 0x0000000429400000|  0%| F|  |TAMS 0x0000000429000000, 0x0000000429000000| Untracked 
| 142|0x0000000429400000, 0x0000000429400000, 0x0000000429800000|  0%| F|  |TAMS 0x0000000429400000, 0x0000000429400000| Untracked 
| 143|0x0000000429800000, 0x0000000429800000, 0x0000000429c00000|  0%| F|  |TAMS 0x0000000429800000, 0x0000000429800000| Untracked 
| 144|0x0000000429c00000, 0x0000000429c00000, 0x000000042a000000|  0%| F|  |TAMS 0x0000000429c00000, 0x0000000429c00000| Untracked 
| 145|0x000000042a000000, 0x000000042a000000, 0x000000042a400000|  0%| F|  |TAMS 0x000000042a000000, 0x000000042a000000| Untracked 
| 146|0x000000042a400000, 0x000000042a400000, 0x000000042a800000|  0%| F|  |TAMS 0x000000042a400000, 0x000000042a400000| Untracked 
| 147|0x000000042a800000, 0x000000042a800000, 0x000000042ac00000|  0%| F|  |TAMS 0x000000042a800000, 0x000000042a800000| Untracked 
| 148|0x000000042ac00000, 0x000000042ac00000, 0x000000042b000000|  0%| F|  |TAMS 0x000000042ac00000, 0x000000042ac00000| Untracked 
| 149|0x000000042b000000, 0x000000042b000000, 0x000000042b400000|  0%| F|  |TAMS 0x000000042b000000, 0x000000042b000000| Untracked 
| 150|0x000000042b400000, 0x000000042b400000, 0x000000042b800000|  0%| F|  |TAMS 0x000000042b400000, 0x000000042b400000| Untracked 
| 151|0x000000042b800000, 0x000000042b800000, 0x000000042bc00000|  0%| F|  |TAMS 0x000000042b800000, 0x000000042b800000| Untracked 
| 152|0x000000042bc00000, 0x000000042bc00000, 0x000000042c000000|  0%| F|  |TAMS 0x000000042bc00000, 0x000000042bc00000| Untracked 
| 153|0x000000042c000000, 0x000000042c000000, 0x000000042c400000|  0%| F|  |TAMS 0x000000042c000000, 0x000000042c000000| Untracked 
| 154|0x000000042c400000, 0x000000042c400000, 0x000000042c800000|  0%| F|  |TAMS 0x000000042c400000, 0x000000042c400000| Untracked 
| 155|0x000000042c800000, 0x000000042c800000, 0x000000042cc00000|  0%| F|  |TAMS 0x000000042c800000, 0x000000042c800000| Untracked 
| 156|0x000000042cc00000, 0x000000042cc00000, 0x000000042d000000|  0%| F|  |TAMS 0x000000042cc00000, 0x000000042cc00000| Untracked 
| 157|0x000000042d000000, 0x000000042d000000, 0x000000042d400000|  0%| F|  |TAMS 0x000000042d000000, 0x000000042d000000| Untracked 
| 158|0x000000042d400000, 0x000000042d400000, 0x000000042d800000|  0%| F|  |TAMS 0x000000042d400000, 0x000000042d400000| Untracked 
| 159|0x000000042d800000, 0x000000042d800000, 0x000000042dc00000|  0%| F|  |TAMS 0x000000042d800000, 0x000000042d800000| Untracked 
| 160|0x000000042dc00000, 0x000000042dc00000, 0x000000042e000000|  0%| F|  |TAMS 0x000000042dc00000, 0x000000042dc00000| Untracked 
| 161|0x000000042e000000, 0x000000042e000000, 0x000000042e400000|  0%| F|  |TAMS 0x000000042e000000, 0x000000042e000000| Untracked 
| 162|0x000000042e400000, 0x000000042e400000, 0x000000042e800000|  0%| F|  |TAMS 0x000000042e400000, 0x000000042e400000| Untracked 
| 163|0x000000042e800000, 0x000000042e800000, 0x000000042ec00000|  0%| F|  |TAMS 0x000000042e800000, 0x000000042e800000| Untracked 
| 164|0x000000042ec00000, 0x000000042ec00000, 0x000000042f000000|  0%| F|  |TAMS 0x000000042ec00000, 0x000000042ec00000| Untracked 
| 165|0x000000042f000000, 0x000000042f000000, 0x000000042f400000|  0%| F|  |TAMS 0x000000042f000000, 0x000000042f000000| Untracked 
| 166|0x000000042f400000, 0x000000042f400000, 0x000000042f800000|  0%| F|  |TAMS 0x000000042f400000, 0x000000042f400000| Untracked 
| 167|0x000000042f800000, 0x000000042f800000, 0x000000042fc00000|  0%| F|  |TAMS 0x000000042f800000, 0x000000042f800000| Untracked 
| 168|0x000000042fc00000, 0x000000042fc00000, 0x0000000430000000|  0%| F|  |TAMS 0x000000042fc00000, 0x000000042fc00000| Untracked 
| 169|0x0000000430000000, 0x0000000430000000, 0x0000000430400000|  0%| F|  |TAMS 0x0000000430000000, 0x0000000430000000| Untracked 
| 170|0x0000000430400000, 0x0000000430400000, 0x0000000430800000|  0%| F|  |TAMS 0x0000000430400000, 0x0000000430400000| Untracked 
| 171|0x0000000430800000, 0x0000000430800000, 0x0000000430c00000|  0%| F|  |TAMS 0x0000000430800000, 0x0000000430800000| Untracked 
| 172|0x0000000430c00000, 0x0000000430c00000, 0x0000000431000000|  0%| F|  |TAMS 0x0000000430c00000, 0x0000000430c00000| Untracked 
| 173|0x0000000431000000, 0x0000000431000000, 0x0000000431400000|  0%| F|  |TAMS 0x0000000431000000, 0x0000000431000000| Untracked 
| 174|0x0000000431400000, 0x0000000431400000, 0x0000000431800000|  0%| F|  |TAMS 0x0000000431400000, 0x0000000431400000| Untracked 
| 175|0x0000000431800000, 0x0000000431800000, 0x0000000431c00000|  0%| F|  |TAMS 0x0000000431800000, 0x0000000431800000| Untracked 
| 176|0x0000000431c00000, 0x0000000431c00000, 0x0000000432000000|  0%| F|  |TAMS 0x0000000431c00000, 0x0000000431c00000| Untracked 
| 177|0x0000000432000000, 0x0000000432000000, 0x0000000432400000|  0%| F|  |TAMS 0x0000000432000000, 0x0000000432000000| Untracked 
| 178|0x0000000432400000, 0x0000000432400000, 0x0000000432800000|  0%| F|  |TAMS 0x0000000432400000, 0x0000000432400000| Untracked 
| 179|0x0000000432800000, 0x0000000432800000, 0x0000000432c00000|  0%| F|  |TAMS 0x0000000432800000, 0x0000000432800000| Untracked 
| 180|0x0000000432c00000, 0x0000000432c00000, 0x0000000433000000|  0%| F|  |TAMS 0x0000000432c00000, 0x0000000432c00000| Untracked 
| 181|0x0000000433000000, 0x0000000433000000, 0x0000000433400000|  0%| F|  |TAMS 0x0000000433000000, 0x0000000433000000| Untracked 
| 182|0x0000000433400000, 0x0000000433400000, 0x0000000433800000|  0%| F|  |TAMS 0x0000000433400000, 0x0000000433400000| Untracked 
| 183|0x0000000433800000, 0x0000000433800000, 0x0000000433c00000|  0%| F|  |TAMS 0x0000000433800000, 0x0000000433800000| Untracked 
| 184|0x0000000433c00000, 0x0000000433c00000, 0x0000000434000000|  0%| F|  |TAMS 0x0000000433c00000, 0x0000000433c00000| Untracked 
| 185|0x0000000434000000, 0x0000000434000000, 0x0000000434400000|  0%| F|  |TAMS 0x0000000434000000, 0x0000000434000000| Untracked 
| 186|0x0000000434400000, 0x0000000434400000, 0x0000000434800000|  0%| F|  |TAMS 0x0000000434400000, 0x0000000434400000| Untracked 
| 187|0x0000000434800000, 0x0000000434800000, 0x0000000434c00000|  0%| F|  |TAMS 0x0000000434800000, 0x0000000434800000| Untracked 
| 188|0x0000000434c00000, 0x0000000434c00000, 0x0000000435000000|  0%| F|  |TAMS 0x0000000434c00000, 0x0000000434c00000| Untracked 
| 189|0x0000000435000000, 0x0000000435000000, 0x0000000435400000|  0%| F|  |TAMS 0x0000000435000000, 0x0000000435000000| Untracked 
| 190|0x0000000435400000, 0x0000000435400000, 0x0000000435800000|  0%| F|  |TAMS 0x0000000435400000, 0x0000000435400000| Untracked 
| 191|0x0000000435800000, 0x0000000435800000, 0x0000000435c00000|  0%| F|  |TAMS 0x0000000435800000, 0x0000000435800000| Untracked 
| 192|0x0000000435c00000, 0x0000000435c00000, 0x0000000436000000|  0%| F|  |TAMS 0x0000000435c00000, 0x0000000435c00000| Untracked 
| 193|0x0000000436000000, 0x0000000436000000, 0x0000000436400000|  0%| F|  |TAMS 0x0000000436000000, 0x0000000436000000| Untracked 
| 194|0x0000000436400000, 0x0000000436400000, 0x0000000436800000|  0%| F|  |TAMS 0x0000000436400000, 0x0000000436400000| Untracked 
| 195|0x0000000436800000, 0x0000000436800000, 0x0000000436c00000|  0%| F|  |TAMS 0x0000000436800000, 0x0000000436800000| Untracked 
| 196|0x0000000436c00000, 0x0000000436c00000, 0x0000000437000000|  0%| F|  |TAMS 0x0000000436c00000, 0x0000000436c00000| Untracked 
| 197|0x0000000437000000, 0x0000000437000000, 0x0000000437400000|  0%| F|  |TAMS 0x0000000437000000, 0x0000000437000000| Untracked 
| 198|0x0000000437400000, 0x0000000437400000, 0x0000000437800000|  0%| F|  |TAMS 0x0000000437400000, 0x0000000437400000| Untracked 
| 199|0x0000000437800000, 0x0000000437800000, 0x0000000437c00000|  0%| F|  |TAMS 0x0000000437800000, 0x0000000437800000| Untracked 
| 200|0x0000000437c00000, 0x0000000437c00000, 0x0000000438000000|  0%| F|  |TAMS 0x0000000437c00000, 0x0000000437c00000| Untracked 
| 201|0x0000000438000000, 0x0000000438000000, 0x0000000438400000|  0%| F|  |TAMS 0x0000000438000000, 0x0000000438000000| Untracked 
| 202|0x0000000438400000, 0x0000000438400000, 0x0000000438800000|  0%| F|  |TAMS 0x0000000438400000, 0x0000000438400000| Untracked 
| 203|0x0000000438800000, 0x0000000438800000, 0x0000000438c00000|  0%| F|  |TAMS 0x0000000438800000, 0x0000000438800000| Untracked 
| 204|0x0000000438c00000, 0x0000000438c00000, 0x0000000439000000|  0%| F|  |TAMS 0x0000000438c00000, 0x0000000438c00000| Untracked 
| 205|0x0000000439000000, 0x0000000439000000, 0x0000000439400000|  0%| F|  |TAMS 0x0000000439000000, 0x0000000439000000| Untracked 
| 206|0x0000000439400000, 0x0000000439400000, 0x0000000439800000|  0%| F|  |TAMS 0x0000000439400000, 0x0000000439400000| Untracked 
| 207|0x0000000439800000, 0x0000000439800000, 0x0000000439c00000|  0%| F|  |TAMS 0x0000000439800000, 0x0000000439800000| Untracked 
| 208|0x0000000439c00000, 0x0000000439d74a70, 0x000000043a000000| 36%| S|CS|TAMS 0x0000000439c00000, 0x0000000439c00000| Complete 
| 209|0x000000043a000000, 0x000000043a400000, 0x000000043a400000|100%| S|CS|TAMS 0x000000043a000000, 0x000000043a000000| Complete 
| 210|0x000000043a400000, 0x000000043a800000, 0x000000043a800000|100%| S|CS|TAMS 0x000000043a400000, 0x000000043a400000| Complete 
| 211|0x000000043a800000, 0x000000043ac00000, 0x000000043ac00000|100%| S|CS|TAMS 0x000000043a800000, 0x000000043a800000| Complete 
| 212|0x000000043ac00000, 0x000000043b000000, 0x000000043b000000|100%| S|CS|TAMS 0x000000043ac00000, 0x000000043ac00000| Complete 
| 213|0x000000043b000000, 0x000000043b000000, 0x000000043b400000|  0%| F|  |TAMS 0x000000043b000000, 0x000000043b000000| Untracked 
| 214|0x000000043b400000, 0x000000043b400000, 0x000000043b800000|  0%| F|  |TAMS 0x000000043b400000, 0x000000043b400000| Untracked 
| 215|0x000000043b800000, 0x000000043b800000, 0x000000043bc00000|  0%| F|  |TAMS 0x000000043b800000, 0x000000043b800000| Untracked 
| 216|0x000000043bc00000, 0x000000043bc00000, 0x000000043c000000|  0%| F|  |TAMS 0x000000043bc00000, 0x000000043bc00000| Untracked 
| 217|0x000000043c000000, 0x000000043c000000, 0x000000043c400000|  0%| F|  |TAMS 0x000000043c000000, 0x000000043c000000| Untracked 
| 218|0x000000043c400000, 0x000000043c400000, 0x000000043c800000|  0%| F|  |TAMS 0x000000043c400000, 0x000000043c400000| Untracked 
| 219|0x000000043c800000, 0x000000043c800000, 0x000000043cc00000|  0%| F|  |TAMS 0x000000043c800000, 0x000000043c800000| Untracked 
| 220|0x000000043cc00000, 0x000000043cc00000, 0x000000043d000000|  0%| F|  |TAMS 0x000000043cc00000, 0x000000043cc00000| Untracked 
| 221|0x000000043d000000, 0x000000043d000000, 0x000000043d400000|  0%| F|  |TAMS 0x000000043d000000, 0x000000043d000000| Untracked 
| 222|0x000000043d400000, 0x000000043d400000, 0x000000043d800000|  0%| F|  |TAMS 0x000000043d400000, 0x000000043d400000| Untracked 
| 223|0x000000043d800000, 0x000000043d800000, 0x000000043dc00000|  0%| F|  |TAMS 0x000000043d800000, 0x000000043d800000| Untracked 
| 224|0x000000043dc00000, 0x000000043dc00000, 0x000000043e000000|  0%| F|  |TAMS 0x000000043dc00000, 0x000000043dc00000| Untracked 
| 225|0x000000043e000000, 0x000000043e000000, 0x000000043e400000|  0%| F|  |TAMS 0x000000043e000000, 0x000000043e000000| Untracked 
| 226|0x000000043e400000, 0x000000043e400000, 0x000000043e800000|  0%| F|  |TAMS 0x000000043e400000, 0x000000043e400000| Untracked 
| 227|0x000000043e800000, 0x000000043e800000, 0x000000043ec00000|  0%| F|  |TAMS 0x000000043e800000, 0x000000043e800000| Untracked 
| 228|0x000000043ec00000, 0x000000043ec00000, 0x000000043f000000|  0%| F|  |TAMS 0x000000043ec00000, 0x000000043ec00000| Untracked 
| 229|0x000000043f000000, 0x000000043f000000, 0x000000043f400000|  0%| F|  |TAMS 0x000000043f000000, 0x000000043f000000| Untracked 
| 230|0x000000043f400000, 0x000000043f400000, 0x000000043f800000|  0%| F|  |TAMS 0x000000043f400000, 0x000000043f400000| Untracked 
| 231|0x000000043f800000, 0x000000043f800000, 0x000000043fc00000|  0%| F|  |TAMS 0x000000043f800000, 0x000000043f800000| Untracked 
| 232|0x000000043fc00000, 0x000000043fc00000, 0x0000000440000000|  0%| F|  |TAMS 0x000000043fc00000, 0x000000043fc00000| Untracked 
| 233|0x0000000440000000, 0x0000000440000000, 0x0000000440400000|  0%| F|  |TAMS 0x0000000440000000, 0x0000000440000000| Untracked 
| 234|0x0000000440400000, 0x0000000440400000, 0x0000000440800000|  0%| F|  |TAMS 0x0000000440400000, 0x0000000440400000| Untracked 
| 235|0x0000000440800000, 0x0000000440800000, 0x0000000440c00000|  0%| F|  |TAMS 0x0000000440800000, 0x0000000440800000| Untracked 
| 236|0x0000000440c00000, 0x0000000440c00000, 0x0000000441000000|  0%| F|  |TAMS 0x0000000440c00000, 0x0000000440c00000| Untracked 
| 237|0x0000000441000000, 0x0000000441000000, 0x0000000441400000|  0%| F|  |TAMS 0x0000000441000000, 0x0000000441000000| Untracked 
| 238|0x0000000441400000, 0x0000000441400000, 0x0000000441800000|  0%| F|  |TAMS 0x0000000441400000, 0x0000000441400000| Untracked 
| 239|0x0000000441800000, 0x0000000441800000, 0x0000000441c00000|  0%| F|  |TAMS 0x0000000441800000, 0x0000000441800000| Untracked 
| 240|0x0000000441c00000, 0x0000000441c00000, 0x0000000442000000|  0%| F|  |TAMS 0x0000000441c00000, 0x0000000441c00000| Untracked 
| 241|0x0000000442000000, 0x0000000442000000, 0x0000000442400000|  0%| F|  |TAMS 0x0000000442000000, 0x0000000442000000| Untracked 
| 242|0x0000000442400000, 0x0000000442400000, 0x0000000442800000|  0%| F|  |TAMS 0x0000000442400000, 0x0000000442400000| Untracked 
| 243|0x0000000442800000, 0x0000000442800000, 0x0000000442c00000|  0%| F|  |TAMS 0x0000000442800000, 0x0000000442800000| Untracked 
| 244|0x0000000442c00000, 0x0000000442c00000, 0x0000000443000000|  0%| F|  |TAMS 0x0000000442c00000, 0x0000000442c00000| Untracked 
| 245|0x0000000443000000, 0x0000000443000000, 0x0000000443400000|  0%| F|  |TAMS 0x0000000443000000, 0x0000000443000000| Untracked 
| 246|0x0000000443400000, 0x0000000443400000, 0x0000000443800000|  0%| F|  |TAMS 0x0000000443400000, 0x0000000443400000| Untracked 
| 247|0x0000000443800000, 0x0000000443800000, 0x0000000443c00000|  0%| F|  |TAMS 0x0000000443800000, 0x0000000443800000| Untracked 
| 248|0x0000000443c00000, 0x0000000443c00000, 0x0000000444000000|  0%| F|  |TAMS 0x0000000443c00000, 0x0000000443c00000| Untracked 
| 249|0x0000000444000000, 0x0000000444000000, 0x0000000444400000|  0%| F|  |TAMS 0x0000000444000000, 0x0000000444000000| Untracked 
| 250|0x0000000444400000, 0x0000000444400000, 0x0000000444800000|  0%| F|  |TAMS 0x0000000444400000, 0x0000000444400000| Untracked 
| 251|0x0000000444800000, 0x0000000444800000, 0x0000000444c00000|  0%| F|  |TAMS 0x0000000444800000, 0x0000000444800000| Untracked 
| 252|0x0000000444c00000, 0x0000000444c00000, 0x0000000445000000|  0%| F|  |TAMS 0x0000000444c00000, 0x0000000444c00000| Untracked 
| 253|0x0000000445000000, 0x0000000445000000, 0x0000000445400000|  0%| F|  |TAMS 0x0000000445000000, 0x0000000445000000| Untracked 
| 254|0x0000000445400000, 0x0000000445400000, 0x0000000445800000|  0%| F|  |TAMS 0x0000000445400000, 0x0000000445400000| Untracked 
| 255|0x0000000445800000, 0x0000000445800000, 0x0000000445c00000|  0%| F|  |TAMS 0x0000000445800000, 0x0000000445800000| Untracked 
| 256|0x0000000445c00000, 0x0000000445c00000, 0x0000000446000000|  0%| F|  |TAMS 0x0000000445c00000, 0x0000000445c00000| Untracked 
| 257|0x0000000446000000, 0x0000000446000000, 0x0000000446400000|  0%| F|  |TAMS 0x0000000446000000, 0x0000000446000000| Untracked 
| 258|0x0000000446400000, 0x0000000446400000, 0x0000000446800000|  0%| F|  |TAMS 0x0000000446400000, 0x0000000446400000| Untracked 
| 259|0x0000000446800000, 0x0000000446800000, 0x0000000446c00000|  0%| F|  |TAMS 0x0000000446800000, 0x0000000446800000| Untracked 
| 260|0x0000000446c00000, 0x0000000446c00000, 0x0000000447000000|  0%| F|  |TAMS 0x0000000446c00000, 0x0000000446c00000| Untracked 
| 261|0x0000000447000000, 0x0000000447000000, 0x0000000447400000|  0%| F|  |TAMS 0x0000000447000000, 0x0000000447000000| Untracked 
| 262|0x0000000447400000, 0x0000000447521cc0, 0x0000000447800000| 28%| E|  |TAMS 0x0000000447400000, 0x0000000447400000| Complete 
| 263|0x0000000447800000, 0x0000000447c00000, 0x0000000447c00000|100%| E|CS|TAMS 0x0000000447800000, 0x0000000447800000| Complete 
| 264|0x0000000447c00000, 0x0000000448000000, 0x0000000448000000|100%| E|CS|TAMS 0x0000000447c00000, 0x0000000447c00000| Complete 
| 265|0x0000000448000000, 0x0000000448400000, 0x0000000448400000|100%| E|CS|TAMS 0x0000000448000000, 0x0000000448000000| Complete 
| 266|0x0000000448400000, 0x0000000448800000, 0x0000000448800000|100%| E|CS|TAMS 0x0000000448400000, 0x0000000448400000| Complete 
| 267|0x0000000448800000, 0x0000000448c00000, 0x0000000448c00000|100%| E|CS|TAMS 0x0000000448800000, 0x0000000448800000| Complete 
| 268|0x0000000448c00000, 0x0000000449000000, 0x0000000449000000|100%| E|CS|TAMS 0x0000000448c00000, 0x0000000448c00000| Complete 
| 269|0x0000000449000000, 0x0000000449400000, 0x0000000449400000|100%| E|CS|TAMS 0x0000000449000000, 0x0000000449000000| Complete 
| 270|0x0000000449400000, 0x0000000449800000, 0x0000000449800000|100%| E|CS|TAMS 0x0000000449400000, 0x0000000449400000| Complete 
| 271|0x0000000449800000, 0x0000000449c00000, 0x0000000449c00000|100%| E|CS|TAMS 0x0000000449800000, 0x0000000449800000| Complete 
| 272|0x0000000449c00000, 0x000000044a000000, 0x000000044a000000|100%| E|CS|TAMS 0x0000000449c00000, 0x0000000449c00000| Complete 
| 273|0x000000044a000000, 0x000000044a400000, 0x000000044a400000|100%| E|CS|TAMS 0x000000044a000000, 0x000000044a000000| Complete 
| 274|0x000000044a400000, 0x000000044a800000, 0x000000044a800000|100%| E|CS|TAMS 0x000000044a400000, 0x000000044a400000| Complete 
| 275|0x000000044a800000, 0x000000044ac00000, 0x000000044ac00000|100%| E|CS|TAMS 0x000000044a800000, 0x000000044a800000| Complete 
| 276|0x000000044ac00000, 0x000000044b000000, 0x000000044b000000|100%| E|CS|TAMS 0x000000044ac00000, 0x000000044ac00000| Complete 
| 277|0x000000044b000000, 0x000000044b400000, 0x000000044b400000|100%| E|CS|TAMS 0x000000044b000000, 0x000000044b000000| Complete 
| 278|0x000000044b400000, 0x000000044b800000, 0x000000044b800000|100%| E|CS|TAMS 0x000000044b400000, 0x000000044b400000| Complete 
| 279|0x000000044b800000, 0x000000044bc00000, 0x000000044bc00000|100%| E|CS|TAMS 0x000000044b800000, 0x000000044b800000| Complete 
| 280|0x000000044bc00000, 0x000000044c000000, 0x000000044c000000|100%| E|CS|TAMS 0x000000044bc00000, 0x000000044bc00000| Complete 
| 281|0x000000044c000000, 0x000000044c400000, 0x000000044c400000|100%| E|CS|TAMS 0x000000044c000000, 0x000000044c000000| Complete 
| 282|0x000000044c400000, 0x000000044c800000, 0x000000044c800000|100%| E|CS|TAMS 0x000000044c400000, 0x000000044c400000| Complete 
| 283|0x000000044c800000, 0x000000044cc00000, 0x000000044cc00000|100%| E|CS|TAMS 0x000000044c800000, 0x000000044c800000| Complete 
| 284|0x000000044cc00000, 0x000000044d000000, 0x000000044d000000|100%| E|CS|TAMS 0x000000044cc00000, 0x000000044cc00000| Complete 
| 285|0x000000044d000000, 0x000000044d400000, 0x000000044d400000|100%| E|CS|TAMS 0x000000044d000000, 0x000000044d000000| Complete 
| 286|0x000000044d400000, 0x000000044d800000, 0x000000044d800000|100%| E|CS|TAMS 0x000000044d400000, 0x000000044d400000| Complete 
| 287|0x000000044d800000, 0x000000044dc00000, 0x000000044dc00000|100%| E|CS|TAMS 0x000000044d800000, 0x000000044d800000| Complete 
| 288|0x000000044dc00000, 0x000000044e000000, 0x000000044e000000|100%| E|CS|TAMS 0x000000044dc00000, 0x000000044dc00000| Complete 
| 289|0x000000044e000000, 0x000000044e400000, 0x000000044e400000|100%| E|CS|TAMS 0x000000044e000000, 0x000000044e000000| Complete 
| 290|0x000000044e400000, 0x000000044e800000, 0x000000044e800000|100%| E|CS|TAMS 0x000000044e400000, 0x000000044e400000| Complete 
| 291|0x000000044e800000, 0x000000044ec00000, 0x000000044ec00000|100%| E|CS|TAMS 0x000000044e800000, 0x000000044e800000| Complete 
| 292|0x000000044ec00000, 0x000000044f000000, 0x000000044f000000|100%| E|CS|TAMS 0x000000044ec00000, 0x000000044ec00000| Complete 
| 293|0x000000044f000000, 0x000000044f400000, 0x000000044f400000|100%| E|CS|TAMS 0x000000044f000000, 0x000000044f000000| Complete 
| 294|0x000000044f400000, 0x000000044f800000, 0x000000044f800000|100%| E|CS|TAMS 0x000000044f400000, 0x000000044f400000| Complete 
| 295|0x000000044f800000, 0x000000044fc00000, 0x000000044fc00000|100%| E|CS|TAMS 0x000000044f800000, 0x000000044f800000| Complete 
| 296|0x000000044fc00000, 0x0000000450000000, 0x0000000450000000|100%| E|CS|TAMS 0x000000044fc00000, 0x000000044fc00000| Complete 
| 297|0x0000000450000000, 0x0000000450400000, 0x0000000450400000|100%| E|CS|TAMS 0x0000000450000000, 0x0000000450000000| Complete 
| 298|0x0000000450400000, 0x0000000450800000, 0x0000000450800000|100%| E|CS|TAMS 0x0000000450400000, 0x0000000450400000| Complete 
| 299|0x0000000450800000, 0x0000000450c00000, 0x0000000450c00000|100%| E|CS|TAMS 0x0000000450800000, 0x0000000450800000| Complete 
| 300|0x0000000450c00000, 0x0000000451000000, 0x0000000451000000|100%| E|CS|TAMS 0x0000000450c00000, 0x0000000450c00000| Complete 
| 301|0x0000000451000000, 0x0000000451400000, 0x0000000451400000|100%| E|CS|TAMS 0x0000000451000000, 0x0000000451000000| Complete 
| 302|0x0000000451400000, 0x0000000451800000, 0x0000000451800000|100%| E|CS|TAMS 0x0000000451400000, 0x0000000451400000| Complete 
| 303|0x0000000451800000, 0x0000000451c00000, 0x0000000451c00000|100%| E|CS|TAMS 0x0000000451800000, 0x0000000451800000| Complete 
| 304|0x0000000451c00000, 0x0000000452000000, 0x0000000452000000|100%| E|CS|TAMS 0x0000000451c00000, 0x0000000451c00000| Complete 
| 305|0x0000000452000000, 0x0000000452400000, 0x0000000452400000|100%| E|CS|TAMS 0x0000000452000000, 0x0000000452000000| Complete 

Card table byte_map: [0x0000016dbf230000,0x0000016dc1210000] _byte_map_base: 0x0000016dbd202000

Marking Bits (Prev, Next): (CMBitMap*) 0x0000016da474e620, (CMBitMap*) 0x0000016da474e5e8
 Prev Bits: [0x0000016dd3080000, 0x0000016de2f10000)
 Next Bits: [0x0000016dc31f0000, 0x0000016dd3080000)

Polling page: 0x0000016da21c0000

Metaspace:

Usage:
  Non-class:     75.26 MB capacity,    71.50 MB ( 95%) used,     3.61 MB (  5%) free+waste,   145.94 KB ( <1%) overhead. 
      Class:     12.98 MB capacity,    12.21 MB ( 94%) used,   726.73 KB (  5%) free+waste,    66.13 KB ( <1%) overhead. 
       Both:     88.24 MB capacity,    83.71 MB ( 95%) used,     4.32 MB (  5%) free+waste,   212.06 KB ( <1%) overhead. 

Virtual space:
  Non-class space:       76.00 MB reserved,      75.50 MB (>99%) committed 
      Class space:        1.00 GB reserved,      13.08 MB (  1%) committed 
             Both:        1.07 GB reserved,      88.58 MB (  8%) committed 

Chunk freelists:
   Non-Class:  15.00 KB
       Class:  2.50 KB
        Both:  17.50 KB

CodeHeap 'non-profiled nmethods': size=118912Kb used=7849Kb max_used=9402Kb free=111062Kb
 bounds [0x0000016db45c0000, 0x0000016db4ef0000, 0x0000016dbb9e0000]
CodeHeap 'profiled nmethods': size=118848Kb used=22477Kb max_used=24273Kb free=96370Kb
 bounds [0x0000016dad1b0000, 0x0000016dae970000, 0x0000016db45c0000]
CodeHeap 'non-nmethods': size=8000Kb used=2414Kb max_used=3974Kb free=5585Kb
 bounds [0x0000016dac9e0000, 0x0000016dacdd0000, 0x0000016dad1b0000]
 total_blobs=12082 nmethods=6983 adapters=1289
 compilation: enabled
              stopped_count=0, restarted_count=0
 full_count=0

Compilation events (10 events):
Event: 51.661 Thread 0x0000016dee056800 nmethod 8189 0x0000016dadaaa190 code [0x0000016dadaaa360, 0x0000016dadaaa858]
Event: 51.661 Thread 0x0000016dee056800 8191       3       org.meteoinfo.shape.Graphic::getGraphicN (2 bytes)
Event: 51.662 Thread 0x0000016dee056800 nmethod 8191 0x0000016dada00510 code [0x0000016dada006c0, 0x0000016dada00818]
Event: 51.662 Thread 0x0000016dee056800 8192       3       jogamp.opengl.gl4.GL4bcImpl::glPolygonOffset (44 bytes)
Event: 51.662 Thread 0x0000016dee056800 nmethod 8192 0x0000016dadaa8e10 code [0x0000016dadaa90c0, 0x0000016dadaa9d60]
Event: 51.662 Thread 0x0000016dee056800 8194   !   3       sun.awt.image.SurfaceManager::getManager (47 bytes)
Event: 51.663 Thread 0x0000016dee056800 nmethod 8194 0x0000016dadaa7f10 code [0x0000016dadaa8180, 0x0000016dadaa8aa0]
Event: 51.663 Thread 0x0000016de7480000 nmethod 8190 0x0000016dadaa7110 code [0x0000016dadaa7380, 0x0000016dadaa7c80]
Event: 51.663 Thread 0x0000016dee056800 8195       1       sun.awt.image.VolatileSurfaceManager::getPrimarySurfaceData (5 bytes)
Event: 51.663 Thread 0x0000016dee056800 nmethod 8195 0x0000016db49b5290 code [0x0000016db49b5440, 0x0000016db49b5558]

GC Heap History (10 events):
Event: 6.708 GC heap before
{Heap before GC invocations=8 (full 0):
 garbage-first heap   total 1253376K, used 139800K [0x0000000405c00000, 0x0000000800000000)
  region size 4096K, 26 young (106496K), 1 survivors (4096K)
 Metaspace       used 51831K, capacity 52996K, committed 53200K, reserved 1093632K
  class space    used 8823K, capacity 9104K, committed 9168K, reserved 1048576K
}
Event: 6.714 GC heap after
{Heap after GC invocations=9 (full 0):
 garbage-first heap   total 1253376K, used 41794K [0x0000000405c00000, 0x0000000800000000)
  region size 4096K, 1 young (4096K), 1 survivors (4096K)
 Metaspace       used 51831K, capacity 52996K, committed 53200K, reserved 1093632K
  class space    used 8823K, capacity 9104K, committed 9168K, reserved 1048576K
}
Event: 8.515 GC heap before
{Heap before GC invocations=9 (full 0):
 garbage-first heap   total 1253376K, used 246594K [0x0000000405c00000, 0x0000000800000000)
  region size 4096K, 51 young (208896K), 1 survivors (4096K)
 Metaspace       used 57387K, capacity 59212K, committed 59472K, reserved 1099776K
  class space    used 9353K, capacity 9686K, committed 9808K, reserved 1048576K
}
Event: 8.522 GC heap after
{Heap after GC invocations=10 (full 0):
 garbage-first heap   total 1253376K, used 44526K [0x0000000405c00000, 0x0000000800000000)
  region size 4096K, 2 young (8192K), 2 survivors (8192K)
 Metaspace       used 57387K, capacity 59212K, committed 59472K, reserved 1099776K
  class space    used 9353K, capacity 9686K, committed 9808K, reserved 1048576K
}
Event: 8.901 GC heap before
{Heap before GC invocations=10 (full 0):
 garbage-first heap   total 1253376K, used 65006K [0x0000000405c00000, 0x0000000800000000)
  region size 4096K, 8 young (32768K), 2 survivors (8192K)
 Metaspace       used 58176K, capacity 60377K, committed 60496K, reserved 1099776K
  class space    used 9401K, capacity 9754K, committed 9808K, reserved 1048576K
}
Event: 8.922 GC heap after
{Heap after GC invocations=11 (full 0):
 garbage-first heap   total 1253376K, used 45135K [0x0000000405c00000, 0x0000000800000000)
  region size 4096K, 2 young (8192K), 2 survivors (8192K)
 Metaspace       used 58176K, capacity 60377K, committed 60496K, reserved 1099776K
  class space    used 9401K, capacity 9754K, committed 9808K, reserved 1048576K
}
Event: 12.029 GC heap before
{Heap before GC invocations=12 (full 0):
 garbage-first heap   total 1253376K, used 315471K [0x0000000405c00000, 0x0000000800000000)
  region size 4096K, 68 young (278528K), 2 survivors (8192K)
 Metaspace       used 68986K, capacity 72324K, committed 72528K, reserved 1110016K
  class space    used 10570K, capacity 11081K, committed 11088K, reserved 1048576K
}
Event: 12.041 GC heap after
{Heap after GC invocations=13 (full 0):
 garbage-first heap   total 1253376K, used 50656K [0x0000000405c00000, 0x0000000800000000)
  region size 4096K, 3 young (12288K), 3 survivors (12288K)
 Metaspace       used 68986K, capacity 72324K, committed 72528K, reserved 1110016K
  class space    used 10570K, capacity 11081K, committed 11088K, reserved 1048576K
}
Event: 14.230 GC heap before
{Heap before GC invocations=13 (full 0):
 garbage-first heap   total 1253376K, used 419296K [0x0000000405c00000, 0x0000000800000000)
  region size 4096K, 93 young (380928K), 3 survivors (12288K)
 Metaspace       used 76396K, capacity 80611K, committed 80720K, reserved 1118208K
  class space    used 11651K, capacity 12261K, committed 12368K, reserved 1048576K
}
Event: 14.251 GC heap after
{Heap after GC invocations=14 (full 0):
 garbage-first heap   total 1253376K, used 56803K [0x0000000405c00000, 0x0000000800000000)
  region size 4096K, 5 young (20480K), 5 survivors (20480K)
 Metaspace       used 76396K, capacity 80611K, committed 80720K, reserved 1118208K
  class space    used 11651K, capacity 12261K, committed 12368K, reserved 1048576K
}

Deoptimization events (10 events):
Event: 50.029 Thread 0x0000016de8f56000 Uncommon trap: reason=class_check action=maybe_recompile pc=0x0000016db4bebe74 method=java.lang.AbstractStringBuilder.append(Ljava/lang/CharSequence;II)Ljava/lang/AbstractStringBuilder; @ 10 c2
Event: 50.029 Thread 0x0000016de8f56000 Uncommon trap: reason=class_check action=maybe_recompile pc=0x0000016db463e308 method=java.lang.AbstractStringBuilder.appendChars(Ljava/lang/CharSequence;II)V @ 31 c2
Event: 50.051 Thread 0x0000016de8f56000 Uncommon trap: reason=class_check action=maybe_recompile pc=0x0000016db4bebe74 method=java.lang.AbstractStringBuilder.append(Ljava/lang/CharSequence;II)Ljava/lang/AbstractStringBuilder; @ 10 c2
Event: 50.051 Thread 0x0000016de8f56000 Uncommon trap: reason=class_check action=maybe_recompile pc=0x0000016db463e308 method=java.lang.AbstractStringBuilder.appendChars(Ljava/lang/CharSequence;II)V @ 31 c2
Event: 50.052 Thread 0x0000016de8f56000 Uncommon trap: reason=class_check action=maybe_recompile pc=0x0000016db4bebe74 method=java.lang.AbstractStringBuilder.append(Ljava/lang/CharSequence;II)Ljava/lang/AbstractStringBuilder; @ 10 c2
Event: 50.052 Thread 0x0000016de8f56000 Uncommon trap: reason=class_check action=maybe_recompile pc=0x0000016db463e308 method=java.lang.AbstractStringBuilder.appendChars(Ljava/lang/CharSequence;II)V @ 31 c2
Event: 51.275 Thread 0x0000016de8f56000 Uncommon trap: reason=speculate_class_check action=maybe_recompile pc=0x0000016db47f4334 method=jdk.internal.loader.Resource.getBytes()[B @ 10 c2
Event: 51.284 Thread 0x0000016de8f56000 Uncommon trap: reason=speculate_class_check action=maybe_recompile pc=0x0000016db47f4334 method=jdk.internal.loader.Resource.getBytes()[B @ 10 c2
Event: 51.518 Thread 0x0000016de8f56000 Uncommon trap: reason=unstable_if action=reinterpret pc=0x0000016db4830818 method=java.lang.reflect.Field.getFieldAccessor(Z)Ljdk/internal/reflect/FieldAccessor; @ 1 c2
Event: 51.526 Thread 0x0000016de8f56000 Uncommon trap: reason=unstable_if action=reinterpret pc=0x0000016db4679170 method=org.python.core.PyObject._try__cmp__(Lorg/python/core/PyObject;)I @ 43 c2

Classes redefined (0 events):
No events

Internal exceptions (10 events):
Event: 14.799 Thread 0x0000016de95a7800 Exception <a 'java/io/FileNotFoundException'{0x000000044bcc0388}> (0x000000044bcc0388) thrown at [t:/workspace/open/src/hotspot/share/prims/jni.cpp, line 615]
Event: 14.799 Thread 0x0000016de95a7800 Exception <a 'java/io/FileNotFoundException'{0x000000044bcc2410}> (0x000000044bcc2410) thrown at [t:/workspace/open/src/hotspot/share/prims/jni.cpp, line 615]
Event: 14.799 Thread 0x0000016de95a7800 Exception <a 'java/io/FileNotFoundException'{0x000000044bcc4500}> (0x000000044bcc4500) thrown at [t:/workspace/open/src/hotspot/share/prims/jni.cpp, line 615]
Event: 14.799 Thread 0x0000016de95a7800 Exception <a 'java/io/FileNotFoundException'{0x000000044bcc65d8}> (0x000000044bcc65d8) thrown at [t:/workspace/open/src/hotspot/share/prims/jni.cpp, line 615]
Event: 14.799 Thread 0x0000016de95a7800 Exception <a 'java/io/FileNotFoundException'{0x000000044bcc88e0}> (0x000000044bcc88e0) thrown at [t:/workspace/open/src/hotspot/share/prims/jni.cpp, line 615]
Event: 14.799 Thread 0x0000016de95a7800 Exception <a 'java/io/FileNotFoundException'{0x000000044bccac40}> (0x000000044bccac40) thrown at [t:/workspace/open/src/hotspot/share/prims/jni.cpp, line 615]
Event: 14.799 Thread 0x0000016de95a7800 Exception <a 'java/io/FileNotFoundException'{0x000000044bcccf80}> (0x000000044bcccf80) thrown at [t:/workspace/open/src/hotspot/share/prims/jni.cpp, line 615]
Event: 14.821 Thread 0x0000016de8f56000 Implicit null exception at 0x0000016db4cdfc81 to 0x0000016db4ce01e6
Event: 14.899 Thread 0x0000016de95a7800 Exception <a 'java/lang/NoClassDefFoundError'{0x000000044bacd918}: com/sun/awt/AWTUtilities> (0x000000044bacd918) thrown at [t:/workspace/open/src/hotspot/share/oops/constantPool.cpp, line 766]
Event: 49.595 Thread 0x0000016de8f56000 Implicit null exception at 0x0000016db484ced5 to 0x0000016db484dc7a

Events (10 events):
Event: 51.664 loading class com/jogamp/opengl/util/awt/AWTGLReadBufferUtil
Event: 51.664 loading class com/jogamp/opengl/util/awt/AWTGLReadBufferUtil done
Event: 51.664 loading class com/jogamp/opengl/util/GLReadBufferUtil
Event: 51.664 loading class com/jogamp/opengl/util/GLReadBufferUtil done
Event: 51.665 loading class com/jogamp/nativewindow/util/PixelFormatUtil
Event: 51.665 loading class com/jogamp/nativewindow/util/PixelFormatUtil done
Event: 51.666 loading class com/jogamp/nativewindow/util/PixelRectangle
Event: 51.666 loading class com/jogamp/nativewindow/util/PixelRectangle done
Event: 51.666 loading class com/jogamp/common/util/Bitstream$ByteStream
Event: 51.666 loading class com/jogamp/common/util/Bitstream$ByteStream done


Dynamic libraries:
0x00007ff68d900000 - 0x00007ff68d947000 	C:\Program Files\Java\jdk-11.0.5\bin\java.exe
0x00007ff8c4280000 - 0x00007ff8c4470000 	C:\WINDOWS\SYSTEM32\ntdll.dll
0x00007ff8c2c40000 - 0x00007ff8c2cf2000 	C:\WINDOWS\System32\KERNEL32.DLL
0x00007ff8c1c90000 - 0x00007ff8c1f33000 	C:\WINDOWS\System32\KERNELBASE.dll
0x00007ff8c2720000 - 0x00007ff8c27c3000 	C:\WINDOWS\System32\ADVAPI32.dll
0x00007ff8c4080000 - 0x00007ff8c411e000 	C:\WINDOWS\System32\msvcrt.dll
0x00007ff8c2600000 - 0x00007ff8c2697000 	C:\WINDOWS\System32\sechost.dll
0x00007ff8c4120000 - 0x00007ff8c4240000 	C:\WINDOWS\System32\RPCRT4.dll
0x00007ff8c2390000 - 0x00007ff8c2524000 	C:\WINDOWS\System32\USER32.dll
0x00007ff8c1b80000 - 0x00007ff8c1ba1000 	C:\WINDOWS\System32\win32u.dll
0x00007ff8c39b0000 - 0x00007ff8c39d6000 	C:\WINDOWS\System32\GDI32.dll
0x00007ff8c1ff0000 - 0x00007ff8c2184000 	C:\WINDOWS\System32\gdi32full.dll
0x00007ff8c2290000 - 0x00007ff8c232e000 	C:\WINDOWS\System32\msvcp_win.dll
0x00007ff8c2190000 - 0x00007ff8c228a000 	C:\WINDOWS\System32\ucrtbase.dll
0x00007ff8b4cf0000 - 0x00007ff8b4f75000 	C:\WINDOWS\WinSxS\amd64_microsoft.windows.common-controls_6595b64144ccf1df_6.0.18362.720_none_e6beb5c51314836b\COMCTL32.dll
0x00007ff8c3b60000 - 0x00007ff8c3e96000 	C:\WINDOWS\System32\combase.dll
0x00007ff8c1c10000 - 0x00007ff8c1c90000 	C:\WINDOWS\System32\bcryptPrimitives.dll
0x00007ff8b9d10000 - 0x00007ff8b9d1a000 	C:\WINDOWS\SYSTEM32\VERSION.dll
0x00007ff8c39f0000 - 0x00007ff8c3a1e000 	C:\WINDOWS\System32\IMM32.DLL
0x00007ff8baa40000 - 0x00007ff8baa56000 	C:\Program Files\Java\jdk-11.0.5\bin\vcruntime140.dll
0x00007ff8b7c90000 - 0x00007ff8b7d3a000 	C:\Program Files\Java\jdk-11.0.5\bin\msvcp140.dll
0x00007ff8826a0000 - 0x00007ff8831c8000 	C:\Program Files\Java\jdk-11.0.5\bin\server\jvm.dll
0x00007ff8c39e0000 - 0x00007ff8c39e8000 	C:\WINDOWS\System32\PSAPI.DLL
0x00007ff8bec20000 - 0x00007ff8bec44000 	C:\WINDOWS\SYSTEM32\WINMM.dll
0x00007ff8bf210000 - 0x00007ff8bf219000 	C:\WINDOWS\SYSTEM32\WSOCK32.dll
0x00007ff8bebf0000 - 0x00007ff8bec1d000 	C:\WINDOWS\SYSTEM32\winmmbase.dll
0x00007ff8c13b0000 - 0x00007ff8c13fa000 	C:\WINDOWS\System32\cfgmgr32.dll
0x00007ff8c3ad0000 - 0x00007ff8c3b3f000 	C:\WINDOWS\System32\WS2_32.dll
0x00007ff8c1150000 - 0x00007ff8c1161000 	C:\WINDOWS\System32\kernel.appcore.dll
0x00007ff8ba520000 - 0x00007ff8ba531000 	C:\Program Files\Java\jdk-11.0.5\bin\verify.dll
0x00007ff8ae080000 - 0x00007ff8ae274000 	C:\WINDOWS\SYSTEM32\DBGHELP.DLL
0x00007ff8adbe0000 - 0x00007ff8adc0a000 	C:\WINDOWS\SYSTEM32\dbgcore.DLL
0x00007ff8ba460000 - 0x00007ff8ba489000 	C:\Program Files\Java\jdk-11.0.5\bin\java.dll
0x00007ff8b8de0000 - 0x00007ff8b8e17000 	C:\Program Files\Java\jdk-11.0.5\bin\jdwp.dll
0x00007ff8b8db0000 - 0x00007ff8b8ddf000 	C:\Program Files\Java\jdk-11.0.5\bin\instrument.dll
0x00007ff8ba500000 - 0x00007ff8ba516000 	C:\Program Files\Java\jdk-11.0.5\bin\zip.dll
0x00007ff8baa30000 - 0x00007ff8baa3a000 	C:\Program Files\Java\jdk-11.0.5\bin\jimage.dll
0x00007ff8c2d00000 - 0x00007ff8c33e5000 	C:\WINDOWS\System32\SHELL32.dll
0x00007ff8c3a20000 - 0x00007ff8c3ac9000 	C:\WINDOWS\System32\shcore.dll
0x00007ff8c1400000 - 0x00007ff8c1b80000 	C:\WINDOWS\System32\windows.storage.dll
0x00007ff8c11c0000 - 0x00007ff8c11e3000 	C:\WINDOWS\System32\profapi.dll
0x00007ff8c1170000 - 0x00007ff8c11ba000 	C:\WINDOWS\System32\powrprof.dll
0x00007ff8c1140000 - 0x00007ff8c1150000 	C:\WINDOWS\System32\UMPDC.dll
0x00007ff8c33f0000 - 0x00007ff8c3442000 	C:\WINDOWS\System32\shlwapi.dll
0x00007ff8c1210000 - 0x00007ff8c1227000 	C:\WINDOWS\System32\cryptsp.dll
0x00007ff8b8cc0000 - 0x00007ff8b8cca000 	C:\Program Files\Java\jdk-11.0.5\bin\dt_socket.dll
0x00007ff8c0980000 - 0x00007ff8c09e7000 	C:\WINDOWS\system32\mswsock.dll
0x00007ff8ba440000 - 0x00007ff8ba459000 	C:\Program Files\Java\jdk-11.0.5\bin\net.dll
0x00007ff8bb180000 - 0x00007ff8bb271000 	C:\WINDOWS\SYSTEM32\WINHTTP.dll
0x00007ff8b8cd0000 - 0x00007ff8b8ce3000 	C:\Program Files\Java\jdk-11.0.5\bin\nio.dll
0x00007ff8b8cb0000 - 0x00007ff8b8cb9000 	C:\Program Files\Java\jdk-11.0.5\bin\management.dll
0x00007ff8b8ca0000 - 0x00007ff8b8cac000 	C:\Program Files\Java\jdk-11.0.5\bin\management_ext.dll
0x00007ff8b78b0000 - 0x00007ff8b7a4f000 	C:\Program Files\Java\jdk-11.0.5\bin\awt.dll
0x00007ff8c2530000 - 0x00007ff8c25f4000 	C:\WINDOWS\System32\OLEAUT32.dll
0x00007ff8bdd80000 - 0x00007ff8be340000 	C:\WINDOWS\SYSTEM32\d2d1.dll
0x00007ff8bf2d0000 - 0x00007ff8bf35f000 	C:\WINDOWS\SYSTEM32\apphelp.dll
0x00007ff8bf470000 - 0x00007ff8bf509000 	C:\WINDOWS\system32\uxtheme.dll
0x00007ff8c27d0000 - 0x00007ff8c2906000 	C:\WINDOWS\System32\MSCTF.dll
0x00007ff8c3f20000 - 0x00007ff8c4077000 	C:\WINDOWS\System32\ole32.dll
0x00007ff8bf890000 - 0x00007ff8bf8bd000 	C:\WINDOWS\system32\DWMAPI.DLL
0x00007ff8c04f0000 - 0x00007ff8c0523000 	C:\WINDOWS\system32\rsaenh.dll
0x00007ff8c1380000 - 0x00007ff8c13a6000 	C:\WINDOWS\System32\bcrypt.dll
0x00007ff8c1060000 - 0x00007ff8c1085000 	C:\WINDOWS\SYSTEM32\USERENV.dll
0x00007ff8c0b50000 - 0x00007ff8c0b5c000 	C:\WINDOWS\SYSTEM32\CRYPTBASE.dll
0x00007ff8c0690000 - 0x00007ff8c06ca000 	C:\WINDOWS\SYSTEM32\IPHLPAPI.DLL
0x00007ff8c26a0000 - 0x00007ff8c26a8000 	C:\WINDOWS\System32\NSI.dll
0x00007ff8bad10000 - 0x00007ff8bad26000 	C:\WINDOWS\SYSTEM32\dhcpcsvc6.DLL
0x00007ff8bacf0000 - 0x00007ff8bad0c000 	C:\WINDOWS\SYSTEM32\dhcpcsvc.DLL
0x00007ff8c06d0000 - 0x00007ff8c079a000 	C:\WINDOWS\SYSTEM32\DNSAPI.dll
0x00007ff8b7c00000 - 0x00007ff8b7c83000 	C:\Program Files\Java\jdk-11.0.5\bin\freetype.dll
0x00007ff8b7b50000 - 0x00007ff8b7bfb000 	C:\Program Files\Java\jdk-11.0.5\bin\fontmanager.dll
0x00007ff8afa90000 - 0x00007ff8afbe6000 	C:\WINDOWS\system32\opengl32.dll
0x00007ff8af9e0000 - 0x00007ff8afa0c000 	C:\WINDOWS\SYSTEM32\GLU32.dll
0x00007ff8bfd60000 - 0x00007ff8bfd80000 	C:\WINDOWS\SYSTEM32\dxcore.dll
0x00007ff8b8950000 - 0x00007ff8b8b17000 	C:\WINDOWS\system32\d3d9.dll
0x00007ff8b6a10000 - 0x00007ff8b6afe000 	C:\WINDOWS\System32\DriverStore\FileRepository\nvdw.inf_amd64_c76f7a0eb4857f50\nvldumdx.dll
0x00007ff8c1230000 - 0x00007ff8c1379000 	C:\WINDOWS\System32\crypt32.dll
0x00007ff8c11f0000 - 0x00007ff8c1202000 	C:\WINDOWS\System32\MSASN1.dll
0x00007ff8c1bb0000 - 0x00007ff8c1c0c000 	C:\WINDOWS\System32\WINTRUST.DLL
0x00007ff8c3b40000 - 0x00007ff8c3b5d000 	C:\WINDOWS\System32\imagehlp.dll
0x00007ff87e8e0000 - 0x00007ff87fd7b000 	C:\WINDOWS\System32\DriverStore\FileRepository\nvdw.inf_amd64_c76f7a0eb4857f50\nvd3dumx.dll
0x00007ff8bfd10000 - 0x00007ff8bfd32000 	C:\WINDOWS\SYSTEM32\gpapi.dll
0x00007ff8bdbf0000 - 0x00007ff8bdc1f000 	C:\WINDOWS\SYSTEM32\cryptnet.dll
0x00007ff8c2910000 - 0x00007ff8c29b2000 	C:\WINDOWS\System32\clbcatq.dll
0x00007ff8bc8a0000 - 0x00007ff8bca4f000 	C:\WINDOWS\SYSTEM32\WindowsCodecs.dll
0x00007ff8a8f60000 - 0x00007ff8a8f9a000 	C:\WINDOWS\system32\dataexchange.dll
0x00007ff8be350000 - 0x00007ff8be5ab000 	C:\WINDOWS\system32\d3d11.dll
0x00007ff8bea10000 - 0x00007ff8bebeb000 	C:\WINDOWS\system32\dcomp.dll
0x00007ff8bfdf0000 - 0x00007ff8bfedb000 	C:\WINDOWS\system32\dxgi.dll
0x00007ff8bf540000 - 0x00007ff8bf79a000 	C:\WINDOWS\system32\twinapi.appcore.dll
0x00007ff8bfa50000 - 0x00007ff8bfa79000 	C:\WINDOWS\system32\RMCLIENT.dll
0x000000006e4c0000 - 0x000000006e4df000 	C:\Users\dell\AppData\Local\Temp\jffi4388044522532468954.dll
0x00007ff8b8c90000 - 0x00007ff8b8c9d000 	C:\Program Files\Java\jdk-11.0.5\bin\sunmscapi.dll
0x00007ff8c0c50000 - 0x00007ff8c0c76000 	C:\WINDOWS\SYSTEM32\ncrypt.dll
0x00007ff8c0c10000 - 0x00007ff8c0c4b000 	C:\WINDOWS\SYSTEM32\NTASN1.dll
0x00007ff8b7340000 - 0x00007ff8b7367000 	C:\Program Files\Java\jdk-11.0.5\bin\sunec.dll
0x00007ff8bc330000 - 0x00007ff8bc3ce000 	C:\WINDOWS\System32\TextInputFramework.dll
0x00007ff8bd060000 - 0x00007ff8bd38a000 	C:\WINDOWS\System32\CoreUIComponents.dll
0x00007ff8befc0000 - 0x00007ff8bf094000 	C:\WINDOWS\System32\CoreMessaging.dll
0x00007ff8c0150000 - 0x00007ff8c0181000 	C:\WINDOWS\SYSTEM32\ntmarta.dll
0x00007ff8bce20000 - 0x00007ff8bcf73000 	C:\WINDOWS\SYSTEM32\wintypes.dll
0x00007ff8b42a0000 - 0x00007ff8b4546000 	C:\WINDOWS\System32\iertutil.dll
0x00000000637c0000 - 0x00000000637cd000 	C:\Users\dell\AppData\Local\Temp\jogamp_0000\file_cache\jln14290287980902212929\jln3341438010681935219\natives\windows-amd64\gluegen-rt.dll
0x00007ff8b8c80000 - 0x00007ff8b8c87000 	C:\Program Files\Java\jdk-11.0.5\bin\jawt.dll
0x000000006a440000 - 0x000000006a44d000 	C:\Users\dell\AppData\Local\Temp\jogamp_0000\file_cache\jln14290287980902212929\jln3341438010681935219\natives\windows-amd64\nativewindow_awt.dll
0x000000006c100000 - 0x000000006c10f000 	C:\Users\dell\AppData\Local\Temp\jogamp_0000\file_cache\jln14290287980902212929\jln3341438010681935219\natives\windows-amd64\nativewindow_win32.dll
0x0000000064500000 - 0x00000000645b1000 	C:\Users\dell\AppData\Local\Temp\jogamp_0000\file_cache\jln14290287980902212929\jln3341438010681935219\natives\windows-amd64\jogl_desktop.dll
0x0000000064340000 - 0x00000000643a2000 	C:\Users\dell\AppData\Local\Temp\jogamp_0000\file_cache\jln14290287980902212929\jln3341438010681935219\natives\windows-amd64\jogl_mobile.dll
0x00000000661d0000 - 0x000000006891c000 	C:\WINDOWS\System32\DriverStore\FileRepository\nvdw.inf_amd64_c76f7a0eb4857f50\nvoglv64.dll
0x00007ff8c34b0000 - 0x00007ff8c3920000 	C:\WINDOWS\System32\SETUPAPI.dll
0x00007ff8bdbd0000 - 0x00007ff8bdbe3000 	C:\WINDOWS\SYSTEM32\WTSAPI32.dll
0x00007ff8c0f20000 - 0x00007ff8c0f4a000 	C:\WINDOWS\SYSTEM32\DEVOBJ.dll
0x00007ff8c0240000 - 0x00007ff8c029c000 	C:\WINDOWS\SYSTEM32\WINSTA.dll

dbghelp: loaded successfully - version: 4.0.5 - missing functions: none
symbol engine: initialized successfully - sym options: 0x614 - pdb path: .;C:\Program Files\Java\jdk-11.0.5\bin;C:\WINDOWS\SYSTEM32;C:\WINDOWS\WinSxS\amd64_microsoft.windows.common-controls_6595b64144ccf1df_6.0.18362.720_none_e6beb5c51314836b;C:\Program Files\Java\jdk-11.0.5\bin\server;C:\WINDOWS\System32\DriverStore\FileRepository\nvdw.inf_amd64_c76f7a0eb4857f50;C:\Users\dell\AppData\Local\Temp;C:\Users\dell\AppData\Local\Temp\jogamp_0000\file_cache\jln14290287980902212929\jln3341438010681935219\natives\windows-amd64

VM Arguments:
jvm_args: -agentlib:jdwp=transport=dt_socket,address=127.0.0.1:53660,suspend=y,server=n -javaagent:C:\Users\dell\AppData\Local\JetBrains\IdeaIC2020.1\captureAgent\debugger-agent.jar -Dfile.encoding=UTF-8 
java_command: org.meteoinfo.laboratory.MeteoInfoLab
java_class_path (initial): D:\MyProgram\java\MeteoInfoDev\MeteoInfo\MeteoInfoLab\target\classes;D:\MyProgram\java\MeteoInfoDev\MeteoInfo\MeteoInfoLib\target\classes;C:\Users\dell\.m2\repository\edu\ucar\netcdfAll\5.1.0\netcdfAll-5.1.0.jar;C:\Users\dell\.m2\repository\com\l2fprod\l2fprod-common-all\0.1\l2fprod-common-all-0.1.jar;C:\Users\dell\.m2\repository\org\freehep\freehep-graphics2d\2.4\freehep-graphics2d-2.4.jar;C:\Users\dell\.m2\repository\org\freehep\freehep-graphicsbase\2.4\freehep-graphicsbase-2.4.jar;C:\Users\dell\.m2\repository\org\freehep\freehep-io\2.2.2\freehep-io-2.2.2.jar;C:\Users\dell\.m2\repository\junit\junit\4.10\junit-4.10.jar;C:\Users\dell\.m2\repository\org\hamcrest\hamcrest-core\1.1\hamcrest-core-1.1.jar;C:\Users\dell\.m2\repository\org\freehep\freehep-graphicsio-ps\2.4\freehep-graphicsio-ps-2.4.jar;C:\Users\dell\.m2\repository\org\freehep\freehep-graphicsio\2.4\freehep-graphicsio-2.4.jar;C:\Users\dell\.m2\repository\org\freehep\freehep-graphicsio-tests\2.4\freehep-graphicsio-tests-2.4.jar;C:\Users\dell\.m2\repository\org\scilab\forge\jlatexmath\1.0.7\jlatexmath-1.0.7.jar;C:\Users\dell\.m2\repository\org\scilab\forge\jlatexmath-font-greek\1.0.7\jlatexmath-font-greek-1.0.7.jar;C:\Users\dell\.m2\repository\org\scilab\forge\jlatexmath-font-cyrillic\1.0.7\jlatexmath-font-cyrillic-1.0.7.jar;C:\Users\dell\.m2\repository\org\python\jython-standalone\2.7.2\jython-standalone-2.7.2.jar;C:\Users\dell\.m2\repository\org\freehep\freehep-graphicsio-emf\2.4\freehep-graphicsio-emf-2.4.jar;C:\Users\dell\.m2\repository\org\freehep\freehep-graphicsio-pdf\2.4\freehep-graphicsio-pdf-2.4.jar;C:\Users\dell\.m2\repository\org\apache\commons\commons-imaging\1.0-alpha1\commons-imaging-1.0-alpha1.jar;C:\Users\dell\.m2\repository\com\toedter\jcalendar\1.4\jcalendar-1.4.jar;C:\Users\dell\.m2\repository\org\ejml\ejml-experimental\0.32\ejml-experimental-0.32.jar;C:\Users\dell\.m2\repository\org\ejml\ejml-core\0.32\ejml-core-0.32.jar;C:\Users\dell\.m2\repository\org\ejml\
Launcher Type: SUN_STANDARD

[Global flags]
     intx CICompilerCount                          = 15                                        {product} {ergonomic}
     uint ConcGCThreads                            = 7                                         {product} {ergonomic}
     uint G1ConcRefinementThreads                  = 28                                        {product} {ergonomic}
   size_t G1HeapRegionSize                         = 4194304                                   {product} {ergonomic}
    uintx GCDrainStackTargetSize                   = 64                                        {product} {ergonomic}
   size_t InitialHeapSize                          = 1069547520                                {product} {ergonomic}
   size_t MarkStackSize                            = 4194304                                   {product} {ergonomic}
   size_t MaxHeapSize                              = 17083400192                               {product} {ergonomic}
   size_t MaxNewSize                               = 10246684672                               {product} {ergonomic}
   size_t MinHeapDeltaBytes                        = 4194304                                   {product} {ergonomic}
    uintx NonNMethodCodeHeapSize                   = 8182140                                {pd product} {ergonomic}
    uintx NonProfiledCodeHeapSize                  = 121738050                              {pd product} {ergonomic}
    uintx ProfiledCodeHeapSize                     = 121738050                              {pd product} {ergonomic}
    uintx ReservedCodeCacheSize                    = 251658240                              {pd product} {ergonomic}
     bool SegmentedCodeCache                       = true                                      {product} {ergonomic}
     bool UseCompressedClassPointers               = true                                 {lp64_product} {ergonomic}
     bool UseCompressedOops                        = true                                 {lp64_product} {ergonomic}
     bool UseG1GC                                  = true                                      {product} {ergonomic}
     bool UseLargePagesIndividualAllocation        = false                                  {pd product} {ergonomic}

Logging:
Log output configuration:
 #0: stdout all=warning uptime,level,tags
 #1: stderr all=off uptime,level,tags

Environment Variables:
JAVA_HOME=C:\Program Files\Java\jdk-11.0.5
PATH=C:\Program Files (x86)\Common Files\NetSarang;C:\WINDOWS\system32;C:\WINDOWS;C:\WINDOWS\System32\Wbem;C:\WINDOWS\System32\WindowsPowerShell\v1.0\;C:\WINDOWS\System32\OpenSSH\;C:\Program Files\Java\jdk-11.0.5\bin;D:\MyProgram\Distribution\Java\MeteoInfo\MeteoInfo;C:\Program Files\Git\cmd;C:\Program Files (x86)\sbt\bin;C:\Users\dell\Anaconda3;C:\Users\dell\Anaconda3\Scripts;;C:\Program Files (x86)\Gpg4win\..\GnuPG\bin;C:\Tcl\bin;C:\Users\dell\AppData\Local\Microsoft\WindowsApps;C:\Program Files (x86)\Common Files\NetSarang;C:\WINDOWS\system32;C:\WINDOWS;C:\WINDOWS\System32\Wbem;C:\WINDOWS\System32\WindowsPowerShell\v1.0\;C:\WINDOWS\System32\OpenSSH\;C:\Program Files\Java\jdk-11.0.5\bin;D:\MyProgram\Distribution\Java\MeteoInfo\MeteoInfo;C:\Program Files\Git\cmd;C:\Program Files (x86)\sbt\bin;C:\Users\dell\Anaconda3;C:\Users\dell\Anaconda3\Scripts;;C:\Program Files (x86)\Gpg4win\..\GnuPG\bin;E:\software\apache-maven-3.6.3\bin;
USERNAME=Yaqiang
OS=Windows_NT
PROCESSOR_IDENTIFIER=Intel64 Family 6 Model 85 Stepping 7, GenuineIntel



---------------  S Y S T E M  ---------------

OS: Windows 10 , 64 bit Build 18362 (10.0.18362.329)

CPU:total 40 (initial active 40) (10 cores per cpu, 2 threads per core) family 6 model 85 stepping 7, cmov, cx8, fxsr, mmx, sse, sse2, sse3, ssse3, sse4.1, sse4.2, popcnt, avx, avx2, aes, clmul, erms, rtm, 3dnowpref, lzcnt, ht, tsc, tscinvbit, bmi1, bmi2, adx, evex, fma

Memory: 4k page, system-wide physical 65158M (56595M free)
TotalPageFile size 74886M (AvailPageFile size 62595M)
current process WorkingSet (physical memory assigned to process): 751M, peak: 837M
current process commit charge ("private bytes"): 1683M, peak: 1745M

vm_info: Java HotSpot(TM) 64-Bit Server VM (11.0.5+10-LTS) for windows-amd64 JRE (11.0.5+10-LTS), built on Oct  6 2019 12:37:14 by "mach5one" with MS VC++ 15.5 (VS2017)

END.
