#
# A fatal error has been detected by the Java Runtime Environment:
#
#  EXCEPTION_ACCESS_VIOLATION (0xc0000005) at pc=0x00000000656de279, pid=282172, tid=302816
#
# JRE version: Java(TM) SE Runtime Environment (9.0+11) (build 9.0.1+11)
# Java VM: Java HotSpot(TM) 64-Bit Server VM (9.0.1+11, mixed mode, tiered, compressed oops, g1 gc, windows-amd64)
# Problematic frame:
# C  [nvoglv64.DLL+0xafe279]
#
# No core dump will be written. Minidumps are not enabled by default on client versions of Windows
#
# If you would like to submit a bug report, please visit:
#   http://bugreport.java.com/bugreport/crash.jsp
# The crash happened outside the Java Virtual Machine in native code.
# See problematic frame for where to report the bug.
#

---------------  S U M M A R Y ------------

Command Line: -agentlib:jdwp=transport=dt_socket,server=n,address=61418 org.meteoinfo.laboratory.MeteoInfoLab

Host: Intel(R) Core(TM) i7-6700 CPU @ 3.40GHz, 8 cores, 15G,  Windows 10 , 64 bit Build 17763 (10.0.17763.475)
Time: Sun Sep 22 13:28:47 2019 ?D1¨²¡À¨º¡Á?¨º¡À?? elapsed time: 19 seconds (0d 0h 0m 19s)

---------------  T H R E A D  ---------------

Current thread (0x0000024dfdd6c000):  JavaThread "SwingWorker-pool-1-thread-1" daemon [_thread_in_native, id=302816, stack(0x0000009d4ed00000,0x0000009d4ee00000)]

Stack: [0x0000009d4ed00000,0x0000009d4ee00000],  sp=0x0000009d4edfd108,  free space=1012k
Native frames: (J=compiled Java code, j=interpreted, Vv=VM code, C=native code)
C  [nvoglv64.DLL+0xafe279]

Java frames: (J=compiled Java code, j=interpreted, Vv=VM code)
j  jogamp.opengl.gl4.GL4bcImpl.dispatch_glPushClientAttrib1(IJ)V+0
j  jogamp.opengl.gl4.GL4bcImpl.glPushClientAttrib(I)V+40
j  com.jogamp.opengl.util.GLPixelStorageModes.savePack(Lcom/jogamp/opengl/GL;)V+24
j  com.jogamp.opengl.util.GLPixelStorageModes.setPackAlignment(Lcom/jogamp/opengl/GL;I)V+2
j  com.jogamp.opengl.util.GLReadBufferUtil.readPixelsImpl(Lcom/jogamp/opengl/GLDrawable;Lcom/jogamp/opengl/GL;IIIIZ)Z+432
j  com.jogamp.opengl.util.awt.AWTGLReadBufferUtil.readPixelsToBufferedImage(Lcom/jogamp/opengl/GL;IIIIZ)Ljava/awt/image/BufferedImage;+91
j  com.jogamp.opengl.util.awt.AWTGLReadBufferUtil.readPixelsToBufferedImage(Lcom/jogamp/opengl/GL;Z)Ljava/awt/image/BufferedImage;+7
j  org.meteoinfo.chart.jogl.GLChartPanel.saveImage(Ljava/lang/String;)V+36
v  ~StubRoutines::call_stub
J 5518  jdk.internal.reflect.NativeMethodAccessorImpl.invoke0(Ljava/lang/reflect/Method;Ljava/lang/Object;[Ljava/lang/Object;)Ljava/lang/Object; java.base@9.0.1 (0 bytes) @ 0x0000024de5a200df [0x0000024de5a20060+0x000000000000007f]
J 4056 c1 jdk.internal.reflect.NativeMethodAccessorImpl.invoke(Ljava/lang/Object;[Ljava/lang/Object;)Ljava/lang/Object; java.base@9.0.1 (104 bytes) @ 0x0000024ddebb2164 [0x0000024ddebb1d40+0x0000000000000424]
J 2233 c1 jdk.internal.reflect.DelegatingMethodAccessorImpl.invoke(Ljava/lang/Object;[Ljava/lang/Object;)Ljava/lang/Object; java.base@9.0.1 (10 bytes) @ 0x0000024dde4bd3dc [0x0000024dde4bd2c0+0x000000000000011c]
J 5508 c1 org.python.core.PyReflectedFunction.__call__(Lorg/python/core/PyObject;[Lorg/python/core/PyObject;[Ljava/lang/String;)Lorg/python/core/PyObject; (239 bytes) @ 0x0000024ddef82294 [0x0000024ddef81aa0+0x00000000000007f4]
J 7102 c1 org.python.core.PyReflectedFunction.__call__([Lorg/python/core/PyObject;[Ljava/lang/String;)Lorg/python/core/PyObject; (47 bytes) @ 0x0000024ddf150a0c [0x0000024ddf150760+0x00000000000002ac]
J 5433 c1 org.python.core.PyObject.__call__(Lorg/python/core/PyObject;Lorg/python/core/PyObject;)Lorg/python/core/PyObject; (20 bytes) @ 0x0000024ddef358ec [0x0000024ddef356e0+0x000000000000020c]
J 5473 c1 org.python.core.PyObject.__call__(Lorg/python/core/ThreadState;Lorg/python/core/PyObject;Lorg/python/core/PyObject;)Lorg/python/core/PyObject; (7 bytes) @ 0x0000024de5a0379c [0x0000024de5a03740+0x000000000000005c]
J 5383 c1 org.python.core.PyMethod.__call__(Lorg/python/core/ThreadState;Lorg/python/core/PyObject;)Lorg/python/core/PyObject; (32 bytes) @ 0x0000024ddef154dc [0x0000024ddef153e0+0x00000000000000fc]
j  mipylib.plotlib.miplot$py.savefig$48(Lorg/python/core/PyFrame;Lorg/python/core/ThreadState;)Lorg/python/core/PyObject;+493
j  mipylib.plotlib.miplot$py.call_function(ILorg/python/core/PyFrame;Lorg/python/core/ThreadState;)Lorg/python/core/PyObject;+660
J 4206 c1 org.python.core.PyTableCode.call(Lorg/python/core/ThreadState;Lorg/python/core/PyFrame;Lorg/python/core/PyObject;)Lorg/python/core/PyObject; (373 bytes) @ 0x0000024ddec16f9c [0x0000024ddec16ba0+0x00000000000003fc]
J 4564 c1 org.python.core.PyBaseCode.call(Lorg/python/core/ThreadState;[Lorg/python/core/PyObject;[Ljava/lang/String;Lorg/python/core/PyObject;[Lorg/python/core/PyObject;Lorg/python/core/PyObject;)Lorg/python/core/PyObject; (794 bytes) @ 0x0000024ddece19b4 [0x0000024ddecdb380+0x0000000000006634]
J 5296 c1 org.python.core.PyBaseCode.call(Lorg/python/core/ThreadState;Lorg/python/core/PyObject;Lorg/python/core/PyObject;[Lorg/python/core/PyObject;Lorg/python/core/PyObject;)Lorg/python/core/PyObject; (98 bytes) @ 0x0000024ddeed4d3c [0x0000024ddeed4920+0x000000000000041c]
J 5295 c1 org.python.core.PyFunction.__call__(Lorg/python/core/ThreadState;Lorg/python/core/PyObject;)Lorg/python/core/PyObject; (22 bytes) @ 0x0000024ddeed455c [0x0000024ddeed44c0+0x000000000000009c]
j  org.python.pycode._pyx27.f$0(Lorg/python/core/PyFrame;Lorg/python/core/ThreadState;)Lorg/python/core/PyObject;+1647
j  org.python.pycode._pyx27.call_function(ILorg/python/core/PyFrame;Lorg/python/core/ThreadState;)Lorg/python/core/PyObject;+24
J 4206 c1 org.python.core.PyTableCode.call(Lorg/python/core/ThreadState;Lorg/python/core/PyFrame;Lorg/python/core/PyObject;)Lorg/python/core/PyObject; (373 bytes) @ 0x0000024ddec16f9c [0x0000024ddec16ba0+0x00000000000003fc]
j  org.python.core.PyCode.call(Lorg/python/core/ThreadState;Lorg/python/core/PyFrame;)Lorg/python/core/PyObject;+4
j  org.python.core.Py.runCode(Lorg/python/core/PyCode;Lorg/python/core/PyObject;Lorg/python/core/PyObject;)Lorg/python/core/PyObject;+154
j  org.python.core.__builtin__.execfile_flags(Ljava/lang/String;Lorg/python/core/PyObject;Lorg/python/core/PyObject;Lorg/python/core/CompilerFlags;)V+86
j  org.python.util.PythonInterpreter.execfile(Ljava/lang/String;)V+16
j  org.meteoinfo.laboratory.gui.PythonInteractiveInterpreter.execfile(Ljava/lang/String;)V+10
j  org.meteoinfo.laboratory.gui.ConsoleDockable$2.doInBackground()Ljava/lang/String;+78
j  org.meteoinfo.laboratory.gui.ConsoleDockable$2.doInBackground()Ljava/lang/Object;+1
j  javax.swing.SwingWorker$1.call()Ljava/lang/Object;+14 java.desktop@9.0.1
j  java.util.concurrent.FutureTask.run()V+39 java.base@9.0.1
j  javax.swing.SwingWorker.run()V+4 java.desktop@9.0.1
j  java.util.concurrent.ThreadPoolExecutor.runWorker(Ljava/util/concurrent/ThreadPoolExecutor$Worker;)V+95 java.base@9.0.1
j  java.util.concurrent.ThreadPoolExecutor$Worker.run()V+5 java.base@9.0.1
j  java.lang.Thread.run()V+11 java.base@9.0.1
v  ~StubRoutines::call_stub

siginfo: EXCEPTION_ACCESS_VIOLATION (0xc0000005), reading address 0x00000000000008f8


Register to memory mapping:

RIP=0x00000000656de279 nvoglv64.DLL
RAX=0x0000000000000000 is an unknown value
RBX={method} {0x0000024d8e1b3da8} 'dispatch_glPushClientAttrib1' '(IJ)V' in 'jogamp/opengl/gl4/GL4bcImpl'
RCX=0x0000000000000001 is an unknown value
RDX=0x0000009d4edfd1d0 is pointing into the stack for thread: 0x0000024dfdd6c000
RSP=0x0000009d4edfd108 is pointing into the stack for thread: 0x0000024dfdd6c000
RBP=0x0000009d4edfd198 is pointing into the stack for thread: 0x0000024dfdd6c000
RSI=0x00000000000001a0 is an unknown value
RDI=0x00000000000001f5 is an unknown value
R8 =0x0000000000000001 is an unknown value
R9 =0x00000000656de270 nvoglv64.DLL
R10=0x0000024ddda71b69 is at code_begin+1929 in an Interpreter codelet
method entry point (kind = native)  [0x0000024ddda713e0, 0x0000024ddda72760]  4992 bytes
R11=0x0000000000000102 is an unknown value
R12=0x0000000000000000 is an unknown value
R13={method} {0x0000024d8e1b3da8} 'dispatch_glPushClientAttrib1' '(IJ)V' in 'jogamp/opengl/gl4/GL4bcImpl'
R14=0x0000009d4edfd1d0 is pointing into the stack for thread: 0x0000024dfdd6c000
R15=0x0000024dfdd6c000 is a thread


Registers:
RAX=0x0000000000000000, RBX=0x0000024d8e1b3da0, RCX=0x0000000000000001, RDX=0x0000009d4edfd1d0
RSP=0x0000009d4edfd108, RBP=0x0000009d4edfd198, RSI=0x00000000000001a0, RDI=0x00000000000001f5
R8 =0x0000000000000001, R9 =0x00000000656de270, R10=0x0000024ddda71b69, R11=0x0000000000000102
R12=0x0000000000000000, R13=0x0000024d8e1b3da0, R14=0x0000009d4edfd1d0, R15=0x0000024dfdd6c000
RIP=0x00000000656de279, EFLAGS=0x0000000000010283

Top of Stack: (sp=0x0000009d4edfd108)
0x0000009d4edfd108:   0000024ddda71b95 0000024ddda58900
0x0000009d4edfd118:   0000024d00000000 0000024d8e462ce8
0x0000009d4edfd128:   0000024dfdd6c000 0000024d8e572a78
0x0000009d4edfd138:   00000000671e98a3 0000000000000000
0x0000009d4edfd148:   0000009d4edfd240 0000009d4edfd150
0x0000009d4edfd158:   0000000000000000 0000009d4edfd1d0
0x0000009d4edfd168:   0000024d8e2b0028 0000000000000000
0x0000009d4edfd178:   00000006c8826d30 0000024d8e1b3da0
0x0000009d4edfd188:   0000000000000000 0000009d4edfd1b8
0x0000009d4edfd198:   0000009d4edfd220 0000024ddda5b6c3
0x0000009d4edfd1a8:   0000000000000000 0000024ddda6ca98
0x0000009d4edfd1b8:   00000000656de270 0000000000000000
0x0000009d4edfd1c8:   0000000000000001 00000006c8600208
0x0000009d4edfd1d8:   0000009d4edfd1d8 0000024d8e1b3ce0
0x0000009d4edfd1e8:   0000009d4edfd248 0000024d8e2b0028
0x0000009d4edfd1f8:   0000000000000000 00000006c8826d30 

Instructions: (pc=0x00000000656de279)
0x00000000656de259:   af af af af af af af c3 cc cc cc cc cc cc cc cc
0x00000000656de269:   cc cc cc cc cc cc cc 65 48 8b 04 25 00 16 00 00
0x00000000656de279:   ff a0 f8 08 00 00 cc cc cc cc cc cc cc cc cc cc
0x00000000656de289:   cc cc cc cc cc cc cc cc cc cc cc cc cc cc cc cc 



---------------  P R O C E S S  ---------------

Java Threads: ( => current thread )
  0x0000024dfdd6f800 JavaThread "Image Fetcher 0" daemon [_thread_blocked, id=305924, stack(0x0000009d4fa30000,0x0000009d4fb30000)]
  0x0000024dfdd6d800 JavaThread "SwingWorker-pool-1-thread-1-SharedResourceRunner" daemon [_thread_blocked, id=305784, stack(0x0000009d4f530000,0x0000009d4f630000)]
=>0x0000024dfdd6c000 JavaThread "SwingWorker-pool-1-thread-1" daemon [_thread_in_native, id=302816, stack(0x0000009d4ed00000,0x0000009d4ee00000)]
  0x0000024dfdd6f000 JavaThread "D3D Screen Updater" daemon [_thread_blocked, id=303236, stack(0x0000009d4f400000,0x0000009d4f500000)]
  0x0000024dfdd6b000 JavaThread "Thread-1" [_thread_blocked, id=274712, stack(0x0000009d4f300000,0x0000009d4f400000)]
  0x0000024dfdd6c800 JavaThread "Thread-0" [_thread_blocked, id=303144, stack(0x0000009d4f200000,0x0000009d4f300000)]
  0x0000024dfed76800 JavaThread "TimerQueue" daemon [_thread_blocked, id=302972, stack(0x0000009d4ee00000,0x0000009d4ef00000)]
  0x0000024dfc673000 JavaThread "org.netbeans.modules.debugger.jpda.visual AWT Access Loop" daemon [_thread_blocked, id=303856, stack(0x0000009d4eb00000,0x0000009d4ec00000)]
  0x0000024dd169d800 JavaThread "DestroyJavaVM" [_thread_blocked, id=300372, stack(0x0000009d4c200000,0x0000009d4c300000)]
  0x0000024dfc757000 JavaThread "AWT-EventQueue-0" [_thread_blocked, id=304344, stack(0x0000009d4ea00000,0x0000009d4eb00000)]
  0x0000024dfb25f800 JavaThread "AWT-Windows" daemon [_thread_in_native, id=304768, stack(0x0000009d4e900000,0x0000009d4ea00000)]
  0x0000024dfb25d800 JavaThread "AWT-Shutdown" [_thread_blocked, id=305040, stack(0x0000009d4e800000,0x0000009d4e900000)]
  0x0000024dfb0d2000 JavaThread "Java2D Disposer" daemon [_thread_blocked, id=305788, stack(0x0000009d4e700000,0x0000009d4e800000)]
  0x0000024dfab80800 JavaThread "Service Thread" daemon [_thread_blocked, id=302952, stack(0x0000009d4e500000,0x0000009d4e600000)]
  0x0000024dfab74800 JavaThread "JDWP Command Reader" daemon [_thread_in_native, id=306168, stack(0x0000009d4e400000,0x0000009d4e500000)]
  0x0000024dfab72000 JavaThread "JDWP Event Helper Thread" daemon [_thread_blocked, id=304748, stack(0x0000009d4e300000,0x0000009d4e400000)]
  0x0000024dfab70800 JavaThread "JDWP Transport Listener: dt_socket" daemon [_thread_blocked, id=303204, stack(0x0000009d4e200000,0x0000009d4e300000)]
  0x0000024dfa9fe000 JavaThread "Common-Cleaner" daemon [_thread_blocked, id=302712, stack(0x0000009d4e100000,0x0000009d4e200000)]
  0x0000024dfa93c000 JavaThread "Sweeper thread" daemon [_thread_blocked, id=291252, stack(0x0000009d4e000000,0x0000009d4e100000)]
  0x0000024dfa927000 JavaThread "C1 CompilerThread3" daemon [_thread_blocked, id=305364, stack(0x0000009d4df00000,0x0000009d4e000000)]
  0x0000024dfa923800 JavaThread "C2 CompilerThread2" daemon [_thread_in_native, id=305380, stack(0x0000009d4de00000,0x0000009d4df00000)]
  0x0000024dfa922800 JavaThread "C2 CompilerThread1" daemon [_thread_in_native, id=292604, stack(0x0000009d4dd00000,0x0000009d4de00000)]
  0x0000024dfa921800 JavaThread "C2 CompilerThread0" daemon [_thread_in_native, id=306160, stack(0x0000009d4dc00000,0x0000009d4dd00000)]
  0x0000024dfa91f000 JavaThread "Attach Listener" daemon [_thread_blocked, id=304120, stack(0x0000009d4db00000,0x0000009d4dc00000)]
  0x0000024dfa91e000 JavaThread "Signal Dispatcher" daemon [_thread_blocked, id=304924, stack(0x0000009d4da00000,0x0000009d4db00000)]
  0x0000024dfa8bc800 JavaThread "Finalizer" daemon [_thread_blocked, id=305280, stack(0x0000009d4d900000,0x0000009d4da00000)]
  0x0000024dfa0ae800 JavaThread "Reference Handler" daemon [_thread_blocked, id=304496, stack(0x0000009d4d800000,0x0000009d4d900000)]

Other Threads:
  0x0000024dfa0ad800 VMThread "VM Thread" [stack: 0x0000009d4d700000,0x0000009d4d800000] [id=305744]
  0x0000024dfab85000 WatcherThread [stack: 0x0000009d4e600000,0x0000009d4e700000] [id=305504]
  0x0000024dd16b7000 GCTaskThread "GC Thread#0" [stack: 0x0000009d4c300000,0x0000009d4c400000] [id=302108]
  0x0000024dd16b8000 GCTaskThread "GC Thread#1" [stack: 0x0000009d4c400000,0x0000009d4c500000] [id=303212]
  0x0000024dd16ba000 GCTaskThread "GC Thread#2" [stack: 0x0000009d4c500000,0x0000009d4c600000] [id=305328]
  0x0000024dd16bd000 GCTaskThread "GC Thread#3" [stack: 0x0000009d4c600000,0x0000009d4c700000] [id=302624]
  0x0000024dd16bf000 GCTaskThread "GC Thread#4" [stack: 0x0000009d4c700000,0x0000009d4c800000] [id=304932]
  0x0000024dd16c6000 GCTaskThread "GC Thread#5" [stack: 0x0000009d4c800000,0x0000009d4c900000] [id=305860]
  0x0000024dd16c7800 GCTaskThread "GC Thread#6" [stack: 0x0000009d4c900000,0x0000009d4ca00000] [id=304984]
  0x0000024dd16cb000 GCTaskThread "GC Thread#7" [stack: 0x0000009d4ca00000,0x0000009d4cb00000] [id=304876]
  0x0000024dd173a000 ConcurrentGCThread "G1 Main Marker" [stack: 0x0000009d4d400000,0x0000009d4d500000] [id=302868]
  0x0000024dd173a800 ConcurrentGCThread "G1 Marker#0" [stack: 0x0000009d4d500000,0x0000009d4d600000] [id=301668]
  0x0000024dd173b000 ConcurrentGCThread "G1 Marker#1" [stack: 0x0000009d4d600000,0x0000009d4d700000] [id=305776]
  0x0000024dd16ec800 ConcurrentGCThread "G1 Refine#0" [stack: 0x0000009d4d200000,0x0000009d4d300000] [id=304064]
  0x0000024dd16e0000 ConcurrentGCThread "G1 Refine#1" [stack: 0x0000009d4d100000,0x0000009d4d200000] [id=306112]
  0x0000024dd16df000 ConcurrentGCThread "G1 Refine#2" [stack: 0x0000009d4d000000,0x0000009d4d100000] [id=303820]
  0x0000024dd16db800 ConcurrentGCThread "G1 Refine#3" [stack: 0x0000009d4cf00000,0x0000009d4d000000] [id=300632]
  0x0000024dd16da800 ConcurrentGCThread "G1 Refine#4" [stack: 0x0000009d4ce00000,0x0000009d4cf00000] [id=304956]
  0x0000024dd16d7800 ConcurrentGCThread "G1 Refine#5" [stack: 0x0000009d4cd00000,0x0000009d4ce00000] [id=291516]
  0x0000024dd16d2800 ConcurrentGCThread "G1 Refine#6" [stack: 0x0000009d4cc00000,0x0000009d4cd00000] [id=304084]
  0x0000024dd16d2000 ConcurrentGCThread "G1 Refine#7" [stack: 0x0000009d4cb00000,0x0000009d4cc00000] [id=304676]
  0x0000024dd16ed800 ConcurrentGCThread "G1 Young RemSet Sampling" [stack: 0x0000009d4d300000,0x0000009d4d400000] [id=305612]

Threads with active compile tasks:
C2 CompilerThread27747 %     4       org.meteoinfo.chart.jogl.mc.MarchingCubes::marchingCubes @ 97 (1642 bytes)
C2 CompilerThread17476       4       jdk.internal.loader.BuiltinClassLoader::loadClassOrNull (7 bytes)
C2 CompilerThread07457   !   4       org.python.core.PyJavaType::init (2867 bytes)

VM state:not at safepoint (normal execution)

VM Mutex/Monitor currently owned by a thread: None

Heap address: 0x00000006c1400000, size: 4076 MB, Compressed Oops mode: Zero based, Oop shift amount: 3
Narrow klass base: 0x0000000000000000, Narrow klass shift: 3
Compressed class space size: 1073741824 Address: 0x00000007c0000000

Heap:
 garbage-first heap   total 315392K, used 141828K [0x00000006c1400000, 0x00000006c15009a0, 0x00000007c0000000)
  region size 1024K, 73 young (74752K), 20 survivors (20480K)
 Metaspace       used 81563K, capacity 86400K, committed 86684K, reserved 1122304K
  class space    used 12184K, capacity 12935K, committed 12956K, reserved 1048576K
Heap Regions: E=young(eden), S=young(survivor), O=old, HS=humongous(starts), HC=humongous(continues), CS=collection set, F=free, A=archive, TS=gc time stamp, AC=allocation context, TAMS=top-at-mark-start (previous, next)
|   0|0x00000006c1400000, 0x00000006c1500000, 0x00000006c1500000|100%|HS|  |TS  0|AC  0|TAMS 0x00000006c1500000, 0x00000006c1500000|
|   1|0x00000006c1500000, 0x00000006c1600000, 0x00000006c1600000|100%|HC|  |TS  0|AC  0|TAMS 0x00000006c1600000, 0x00000006c1600000|
|   2|0x00000006c1600000, 0x00000006c1700000, 0x00000006c1700000|100%|HS|  |TS  0|AC  0|TAMS 0x00000006c1700000, 0x00000006c1700000|
|   3|0x00000006c1700000, 0x00000006c1800000, 0x00000006c1800000|100%|HC|  |TS  0|AC  0|TAMS 0x00000006c1800000, 0x00000006c1800000|
|   4|0x00000006c1800000, 0x00000006c1900000, 0x00000006c1900000|100%| O|  |TS  0|AC  0|TAMS 0x00000006c1900000, 0x00000006c1900000|
|   5|0x00000006c1900000, 0x00000006c1a00000, 0x00000006c1a00000|100%| O|  |TS  0|AC  0|TAMS 0x00000006c1a00000, 0x00000006c1a00000|
|   6|0x00000006c1a00000, 0x00000006c1b00000, 0x00000006c1b00000|100%| O|  |TS  0|AC  0|TAMS 0x00000006c1b00000, 0x00000006c1b00000|
|   7|0x00000006c1b00000, 0x00000006c1c00000, 0x00000006c1c00000|100%| O|  |TS  0|AC  0|TAMS 0x00000006c1c00000, 0x00000006c1c00000|
|   8|0x00000006c1c00000, 0x00000006c1d00000, 0x00000006c1d00000|100%| O|  |TS  0|AC  0|TAMS 0x00000006c1d00000, 0x00000006c1d00000|
|   9|0x00000006c1d00000, 0x00000006c1e00000, 0x00000006c1e00000|100%| O|  |TS  0|AC  0|TAMS 0x00000006c1e00000, 0x00000006c1e00000|
|  10|0x00000006c1e00000, 0x00000006c1f00000, 0x00000006c1f00000|100%| O|  |TS  0|AC  0|TAMS 0x00000006c1f00000, 0x00000006c1f00000|
|  11|0x00000006c1f00000, 0x00000006c2000000, 0x00000006c2000000|100%| O|  |TS  0|AC  0|TAMS 0x00000006c2000000, 0x00000006c2000000|
|  12|0x00000006c2000000, 0x00000006c2100000, 0x00000006c2100000|100%| O|  |TS  0|AC  0|TAMS 0x00000006c2100000, 0x00000006c2100000|
|  13|0x00000006c2100000, 0x00000006c2200000, 0x00000006c2200000|100%| O|  |TS  0|AC  0|TAMS 0x00000006c2200000, 0x00000006c2200000|
|  14|0x00000006c2200000, 0x00000006c2300000, 0x00000006c2300000|100%| O|  |TS  0|AC  0|TAMS 0x00000006c2300000, 0x00000006c2300000|
|  15|0x00000006c2300000, 0x00000006c2400000, 0x00000006c2400000|100%|HS|  |TS  0|AC  0|TAMS 0x00000006c2300000, 0x00000006c2300000|
|  16|0x00000006c2400000, 0x00000006c2500000, 0x00000006c2500000|100%|HS|  |TS  0|AC  0|TAMS 0x00000006c2400000, 0x00000006c2400000|
|  17|0x00000006c2500000, 0x00000006c2600000, 0x00000006c2600000|100%|HS|  |TS  0|AC  0|TAMS 0x00000006c2500000, 0x00000006c2500000|
|  18|0x00000006c2600000, 0x00000006c2700000, 0x00000006c2700000|100%| O|  |TS  0|AC  0|TAMS 0x00000006c2700000, 0x00000006c2700000|
|  19|0x00000006c2700000, 0x00000006c2800000, 0x00000006c2800000|100%| O|  |TS  0|AC  0|TAMS 0x00000006c2800000, 0x00000006c2800000|
|  20|0x00000006c2800000, 0x00000006c2900000, 0x00000006c2900000|100%| O|  |TS  0|AC  0|TAMS 0x00000006c2900000, 0x00000006c2900000|
|  21|0x00000006c2900000, 0x00000006c2a00000, 0x00000006c2a00000|100%| O|  |TS  0|AC  0|TAMS 0x00000006c2a00000, 0x00000006c2a00000|
|  22|0x00000006c2a00000, 0x00000006c2b00000, 0x00000006c2b00000|100%| O|  |TS  0|AC  0|TAMS 0x00000006c2b00000, 0x00000006c2b00000|
|  23|0x00000006c2b00000, 0x00000006c2c00000, 0x00000006c2c00000|100%| O|  |TS  0|AC  0|TAMS 0x00000006c2c00000, 0x00000006c2c00000|
|  24|0x00000006c2c00000, 0x00000006c2d00000, 0x00000006c2d00000|100%| O|  |TS  0|AC  0|TAMS 0x00000006c2d00000, 0x00000006c2d00000|
|  25|0x00000006c2d00000, 0x00000006c2e00000, 0x00000006c2e00000|100%| O|  |TS  0|AC  0|TAMS 0x00000006c2e00000, 0x00000006c2e00000|
|  26|0x00000006c2e00000, 0x00000006c2f00000, 0x00000006c2f00000|100%| O|  |TS  0|AC  0|TAMS 0x00000006c2f00000, 0x00000006c2f00000|
|  27|0x00000006c2f00000, 0x00000006c3000000, 0x00000006c3000000|100%| O|  |TS  0|AC  0|TAMS 0x00000006c3000000, 0x00000006c3000000|
|  28|0x00000006c3000000, 0x00000006c3100000, 0x00000006c3100000|100%| O|  |TS  0|AC  0|TAMS 0x00000006c3100000, 0x00000006c3100000|
|  29|0x00000006c3100000, 0x00000006c3200000, 0x00000006c3200000|100%| O|  |TS  0|AC  0|TAMS 0x00000006c3200000, 0x00000006c3200000|
|  30|0x00000006c3200000, 0x00000006c3300000, 0x00000006c3300000|100%| O|  |TS  0|AC  0|TAMS 0x00000006c3300000, 0x00000006c3300000|
|  31|0x00000006c3300000, 0x00000006c3400000, 0x00000006c3400000|100%| O|  |TS  0|AC  0|TAMS 0x00000006c3400000, 0x00000006c3400000|
|  32|0x00000006c3400000, 0x00000006c3500000, 0x00000006c3500000|100%| O|  |TS  0|AC  0|TAMS 0x00000006c3500000, 0x00000006c3500000|
|  33|0x00000006c3500000, 0x00000006c3600000, 0x00000006c3600000|100%| O|  |TS  0|AC  0|TAMS 0x00000006c3600000, 0x00000006c3600000|
|  34|0x00000006c3600000, 0x00000006c3700000, 0x00000006c3700000|100%| O|  |TS  0|AC  0|TAMS 0x00000006c3700000, 0x00000006c3700000|
|  35|0x00000006c3700000, 0x00000006c3800000, 0x00000006c3800000|100%| O|  |TS  0|AC  0|TAMS 0x00000006c3800000, 0x00000006c3800000|
|  36|0x00000006c3800000, 0x00000006c3900000, 0x00000006c3900000|100%| O|  |TS  0|AC  0|TAMS 0x00000006c3900000, 0x00000006c3900000|
|  37|0x00000006c3900000, 0x00000006c3a00000, 0x00000006c3a00000|100%| O|  |TS  0|AC  0|TAMS 0x00000006c3a00000, 0x00000006c3a00000|
|  38|0x00000006c3a00000, 0x00000006c3b00000, 0x00000006c3b00000|100%| O|  |TS  0|AC  0|TAMS 0x00000006c3b00000, 0x00000006c3b00000|
|  39|0x00000006c3b00000, 0x00000006c3c00000, 0x00000006c3c00000|100%| O|  |TS  0|AC  0|TAMS 0x00000006c3c00000, 0x00000006c3c00000|
|  40|0x00000006c3c00000, 0x00000006c3d00000, 0x00000006c3d00000|100%| O|  |TS  0|AC  0|TAMS 0x00000006c3d00000, 0x00000006c3d00000|
|  41|0x00000006c3d00000, 0x00000006c3e00000, 0x00000006c3e00000|100%| O|  |TS  0|AC  0|TAMS 0x00000006c3e00000, 0x00000006c3e00000|
|  42|0x00000006c3e00000, 0x00000006c3f00000, 0x00000006c3f00000|100%| O|  |TS  0|AC  0|TAMS 0x00000006c3f00000, 0x00000006c3f00000|
|  43|0x00000006c3f00000, 0x00000006c4000000, 0x00000006c4000000|100%| O|  |TS  0|AC  0|TAMS 0x00000006c4000000, 0x00000006c4000000|
|  44|0x00000006c4000000, 0x00000006c4100000, 0x00000006c4100000|100%| O|  |TS  7|AC  0|TAMS 0x00000006c40c0600, 0x00000006c40c0600|
|  45|0x00000006c4100000, 0x00000006c4200000, 0x00000006c4200000|100%|HS|  |TS  0|AC  0|TAMS 0x00000006c4100000, 0x00000006c4100000|
|  46|0x00000006c4200000, 0x00000006c4300000, 0x00000006c4300000|100%|HS|  |TS  0|AC  0|TAMS 0x00000006c4200000, 0x00000006c4200000|
|  47|0x00000006c4300000, 0x00000006c4400000, 0x00000006c4400000|100%|HS|  |TS  0|AC  0|TAMS 0x00000006c4300000, 0x00000006c4300000|
|  48|0x00000006c4400000, 0x00000006c4500000, 0x00000006c4500000|100%|HS|  |TS  0|AC  0|TAMS 0x00000006c4400000, 0x00000006c4400000|
|  49|0x00000006c4500000, 0x00000006c4600000, 0x00000006c4600000|100%|HS|  |TS  0|AC  0|TAMS 0x00000006c4500000, 0x00000006c4500000|
|  50|0x00000006c4600000, 0x00000006c4700000, 0x00000006c4700000|100%|HC|  |TS  0|AC  0|TAMS 0x00000006c4600000, 0x00000006c4600000|
|  51|0x00000006c4700000, 0x00000006c4800000, 0x00000006c4800000|100%|HS|  |TS  7|AC  0|TAMS 0x00000006c4700000, 0x00000006c4700000|
|  52|0x00000006c4800000, 0x00000006c4900000, 0x00000006c4900000|100%|HS|  |TS  7|AC  0|TAMS 0x00000006c4800000, 0x00000006c4800000|
|  53|0x00000006c4900000, 0x00000006c4a00000, 0x00000006c4a00000|100%|HS|  |TS  0|AC  0|TAMS 0x00000006c4900000, 0x00000006c4900000|
|  54|0x00000006c4a00000, 0x00000006c4b00000, 0x00000006c4b00000|100%| O|  |TS  7|AC  0|TAMS 0x00000006c4a00000, 0x00000006c4a00000|
|  55|0x00000006c4b00000, 0x00000006c4c00000, 0x00000006c4c00000|100%| O|  |TS  7|AC  0|TAMS 0x00000006c4b00000, 0x00000006c4b00000|
|  56|0x00000006c4c00000, 0x00000006c4d00000, 0x00000006c4d00000|100%| O|  |TS  7|AC  0|TAMS 0x00000006c4c00000, 0x00000006c4c00000|
|  57|0x00000006c4d00000, 0x00000006c4e00000, 0x00000006c4e00000|100%| O|  |TS  7|AC  0|TAMS 0x00000006c4d00000, 0x00000006c4d00000|
|  58|0x00000006c4e00000, 0x00000006c4f00000, 0x00000006c4f00000|100%| O|  |TS  7|AC  0|TAMS 0x00000006c4e00000, 0x00000006c4e00000|
|  59|0x00000006c4f00000, 0x00000006c5000000, 0x00000006c5000000|100%| O|  |TS  7|AC  0|TAMS 0x00000006c4f00000, 0x00000006c4f00000|
|  60|0x00000006c5000000, 0x00000006c5100000, 0x00000006c5100000|100%| O|  |TS  7|AC  0|TAMS 0x00000006c5000000, 0x00000006c5000000|
|  61|0x00000006c5100000, 0x00000006c5200000, 0x00000006c5200000|100%| O|  |TS  7|AC  0|TAMS 0x00000006c5100000, 0x00000006c5100000|
|  62|0x00000006c5200000, 0x00000006c5300000, 0x00000006c5300000|100%| O|  |TS  7|AC  0|TAMS 0x00000006c5200000, 0x00000006c5200000|
|  63|0x00000006c5300000, 0x00000006c5400000, 0x00000006c5400000|100%| O|  |TS  7|AC  0|TAMS 0x00000006c5300000, 0x00000006c5300000|
|  64|0x00000006c5400000, 0x00000006c5500000, 0x00000006c5500000|100%| O|  |TS  7|AC  0|TAMS 0x00000006c5400000, 0x00000006c5400000|
|  65|0x00000006c5500000, 0x00000006c5581200, 0x00000006c5600000| 50%| O|  |TS  7|AC  0|TAMS 0x00000006c5500000, 0x00000006c5500000|
|  66|0x00000006c5600000, 0x00000006c5700000, 0x00000006c5700000|100%|HS|  |TS  0|AC  0|TAMS 0x00000006c5600000, 0x00000006c5600000|
|  67|0x00000006c5700000, 0x00000006c5700000, 0x00000006c5800000|  0%| F|  |TS  0|AC  0|TAMS 0x00000006c5700000, 0x00000006c5700000|
|  68|0x00000006c5800000, 0x00000006c5800000, 0x00000006c5900000|  0%| F|  |TS  0|AC  0|TAMS 0x00000006c5800000, 0x00000006c5800000|
|  69|0x00000006c5900000, 0x00000006c5900000, 0x00000006c5a00000|  0%| F|  |TS  0|AC  0|TAMS 0x00000006c5900000, 0x00000006c5900000|
|  70|0x00000006c5a00000, 0x00000006c5a00000, 0x00000006c5b00000|  0%| F|  |TS  0|AC  0|TAMS 0x00000006c5a00000, 0x00000006c5a00000|
|  71|0x00000006c5b00000, 0x00000006c5b00000, 0x00000006c5c00000|  0%| F|  |TS  0|AC  0|TAMS 0x00000006c5b00000, 0x00000006c5b00000|
|  72|0x00000006c5c00000, 0x00000006c5c00000, 0x00000006c5d00000|  0%| F|  |TS  0|AC  0|TAMS 0x00000006c5c00000, 0x00000006c5c00000|
|  73|0x00000006c5d00000, 0x00000006c5d00000, 0x00000006c5e00000|  0%| F|  |TS  0|AC  0|TAMS 0x00000006c5d00000, 0x00000006c5d00000|
|  74|0x00000006c5e00000, 0x00000006c5e00000, 0x00000006c5f00000|  0%| F|  |TS  0|AC  0|TAMS 0x00000006c5e00000, 0x00000006c5e00000|
|  75|0x00000006c5f00000, 0x00000006c5f00000, 0x00000006c6000000|  0%| F|  |TS  0|AC  0|TAMS 0x00000006c5f00000, 0x00000006c5f00000|
|  76|0x00000006c6000000, 0x00000006c6000000, 0x00000006c6100000|  0%| F|  |TS  0|AC  0|TAMS 0x00000006c6000000, 0x00000006c6000000|
|  77|0x00000006c6100000, 0x00000006c6100000, 0x00000006c6200000|  0%| F|  |TS  0|AC  0|TAMS 0x00000006c6100000, 0x00000006c6100000|
|  78|0x00000006c6200000, 0x00000006c6200000, 0x00000006c6300000|  0%| F|  |TS  0|AC  0|TAMS 0x00000006c6200000, 0x00000006c6200000|
|  79|0x00000006c6300000, 0x00000006c6300000, 0x00000006c6400000|  0%| F|  |TS  0|AC  0|TAMS 0x00000006c6300000, 0x00000006c6300000|
|  80|0x00000006c6400000, 0x00000006c6400000, 0x00000006c6500000|  0%| F|  |TS  0|AC  0|TAMS 0x00000006c6400000, 0x00000006c6400000|
|  81|0x00000006c6500000, 0x00000006c6500000, 0x00000006c6600000|  0%| F|  |TS  0|AC  0|TAMS 0x00000006c6500000, 0x00000006c6500000|
|  82|0x00000006c6600000, 0x00000006c6600000, 0x00000006c6700000|  0%| F|  |TS  0|AC  0|TAMS 0x00000006c6600000, 0x00000006c6600000|
|  83|0x00000006c6700000, 0x00000006c6800000, 0x00000006c6800000|100%| S|CS|TS  7|AC  0|TAMS 0x00000006c6700000, 0x00000006c6700000|
|  84|0x00000006c6800000, 0x00000006c6900000, 0x00000006c6900000|100%| S|CS|TS  7|AC  0|TAMS 0x00000006c6800000, 0x00000006c6800000|
|  85|0x00000006c6900000, 0x00000006c6a00000, 0x00000006c6a00000|100%| S|CS|TS  7|AC  0|TAMS 0x00000006c6900000, 0x00000006c6900000|
|  86|0x00000006c6a00000, 0x00000006c6b00000, 0x00000006c6b00000|100%| S|CS|TS  7|AC  0|TAMS 0x00000006c6a00000, 0x00000006c6a00000|
|  87|0x00000006c6b00000, 0x00000006c6c00000, 0x00000006c6c00000|100%| S|CS|TS  7|AC  0|TAMS 0x00000006c6b00000, 0x00000006c6b00000|
|  88|0x00000006c6c00000, 0x00000006c6d00000, 0x00000006c6d00000|100%| S|CS|TS  7|AC  0|TAMS 0x00000006c6c00000, 0x00000006c6c00000|
|  89|0x00000006c6d00000, 0x00000006c6d00000, 0x00000006c6e00000|  0%| F|  |TS  7|AC  0|TAMS 0x00000006c6d00000, 0x00000006c6d00000|
|  90|0x00000006c6e00000, 0x00000006c6e00000, 0x00000006c6f00000|  0%| F|  |TS  7|AC  0|TAMS 0x00000006c6e00000, 0x00000006c6e00000|
|  91|0x00000006c6f00000, 0x00000006c6f00000, 0x00000006c7000000|  0%| F|  |TS  7|AC  0|TAMS 0x00000006c6f00000, 0x00000006c6f00000|
|  92|0x00000006c7000000, 0x00000006c7000000, 0x00000006c7100000|  0%| F|  |TS  7|AC  0|TAMS 0x00000006c7000000, 0x00000006c7000000|
|  93|0x00000006c7100000, 0x00000006c7100000, 0x00000006c7200000|  0%| F|  |TS  7|AC  0|TAMS 0x00000006c7100000, 0x00000006c7100000|
|  94|0x00000006c7200000, 0x00000006c7200000, 0x00000006c7300000|  0%| F|  |TS  7|AC  0|TAMS 0x00000006c7200000, 0x00000006c7200000|
|  95|0x00000006c7300000, 0x00000006c7300000, 0x00000006c7400000|  0%| F|  |TS  7|AC  0|TAMS 0x00000006c7300000, 0x00000006c7300000|
|  96|0x00000006c7400000, 0x00000006c7500000, 0x00000006c7500000|100%| S|CS|TS  7|AC  0|TAMS 0x00000006c7400000, 0x00000006c7400000|
|  97|0x00000006c7500000, 0x00000006c7600000, 0x00000006c7600000|100%| S|CS|TS  7|AC  0|TAMS 0x00000006c7500000, 0x00000006c7500000|
|  98|0x00000006c7600000, 0x00000006c7700000, 0x00000006c7700000|100%| S|CS|TS  7|AC  0|TAMS 0x00000006c7600000, 0x00000006c7600000|
|  99|0x00000006c7700000, 0x00000006c7800000, 0x00000006c7800000|100%| S|CS|TS  7|AC  0|TAMS 0x00000006c7700000, 0x00000006c7700000|
| 100|0x00000006c7800000, 0x00000006c7900000, 0x00000006c7900000|100%| S|CS|TS  7|AC  0|TAMS 0x00000006c7800000, 0x00000006c7800000|
| 101|0x00000006c7900000, 0x00000006c7a00000, 0x00000006c7a00000|100%| S|CS|TS  7|AC  0|TAMS 0x00000006c7900000, 0x00000006c7900000|
| 102|0x00000006c7a00000, 0x00000006c7a00000, 0x00000006c7b00000|  0%| F|  |TS  7|AC  0|TAMS 0x00000006c7a00000, 0x00000006c7a00000|
| 103|0x00000006c7b00000, 0x00000006c7b00000, 0x00000006c7c00000|  0%| F|  |TS  7|AC  0|TAMS 0x00000006c7b00000, 0x00000006c7b00000|
| 104|0x00000006c7c00000, 0x00000006c7c00000, 0x00000006c7d00000|  0%| F|  |TS  7|AC  0|TAMS 0x00000006c7c00000, 0x00000006c7c00000|
| 105|0x00000006c7d00000, 0x00000006c7d00000, 0x00000006c7e00000|  0%| F|  |TS  7|AC  0|TAMS 0x00000006c7d00000, 0x00000006c7d00000|
| 106|0x00000006c7e00000, 0x00000006c7e00000, 0x00000006c7f00000|  0%| F|  |TS  7|AC  0|TAMS 0x00000006c7e00000, 0x00000006c7e00000|
| 107|0x00000006c7f00000, 0x00000006c7f00000, 0x00000006c8000000|  0%| F|  |TS  7|AC  0|TAMS 0x00000006c7f00000, 0x00000006c7f00000|
| 108|0x00000006c8000000, 0x00000006c8000000, 0x00000006c8100000|  0%| F|  |TS  7|AC  0|TAMS 0x00000006c8000000, 0x00000006c8000000|
| 109|0x00000006c8100000, 0x00000006c8200000, 0x00000006c8200000|100%| S|CS|TS  7|AC  0|TAMS 0x00000006c8100000, 0x00000006c8100000|
| 110|0x00000006c8200000, 0x00000006c8300000, 0x00000006c8300000|100%| S|CS|TS  7|AC  0|TAMS 0x00000006c8200000, 0x00000006c8200000|
| 111|0x00000006c8300000, 0x00000006c8400000, 0x00000006c8400000|100%| S|CS|TS  7|AC  0|TAMS 0x00000006c8300000, 0x00000006c8300000|
| 112|0x00000006c8400000, 0x00000006c8500000, 0x00000006c8500000|100%| S|CS|TS  7|AC  0|TAMS 0x00000006c8400000, 0x00000006c8400000|
| 113|0x00000006c8500000, 0x00000006c8600000, 0x00000006c8600000|100%| S|CS|TS  7|AC  0|TAMS 0x00000006c8500000, 0x00000006c8500000|
| 114|0x00000006c8600000, 0x00000006c8700000, 0x00000006c8700000|100%| S|CS|TS  7|AC  0|TAMS 0x00000006c8600000, 0x00000006c8600000|
| 115|0x00000006c8700000, 0x00000006c8800000, 0x00000006c8800000|100%| S|CS|TS  7|AC  0|TAMS 0x00000006c8700000, 0x00000006c8700000|
| 116|0x00000006c8800000, 0x00000006c8900000, 0x00000006c8900000|100%| S|CS|TS  7|AC  0|TAMS 0x00000006c8800000, 0x00000006c8800000|
| 117|0x00000006c8900000, 0x00000006c8900000, 0x00000006c8a00000|  0%| F|  |TS  7|AC  0|TAMS 0x00000006c8900000, 0x00000006c8900000|
| 118|0x00000006c8a00000, 0x00000006c8a00000, 0x00000006c8b00000|  0%| F|  |TS  7|AC  0|TAMS 0x00000006c8a00000, 0x00000006c8a00000|
| 119|0x00000006c8b00000, 0x00000006c8b00000, 0x00000006c8c00000|  0%| F|  |TS  7|AC  0|TAMS 0x00000006c8b00000, 0x00000006c8b00000|
| 120|0x00000006c8c00000, 0x00000006c8c00000, 0x00000006c8d00000|  0%| F|  |TS  7|AC  0|TAMS 0x00000006c8c00000, 0x00000006c8c00000|
| 121|0x00000006c8d00000, 0x00000006c8d00000, 0x00000006c8e00000|  0%| F|  |TS  7|AC  0|TAMS 0x00000006c8d00000, 0x00000006c8d00000|
| 122|0x00000006c8e00000, 0x00000006c8e00000, 0x00000006c8f00000|  0%| F|  |TS  7|AC  0|TAMS 0x00000006c8e00000, 0x00000006c8e00000|
| 123|0x00000006c8f00000, 0x00000006c8f00000, 0x00000006c9000000|  0%| F|  |TS  7|AC  0|TAMS 0x00000006c8f00000, 0x00000006c8f00000|
| 124|0x00000006c9000000, 0x00000006c9000000, 0x00000006c9100000|  0%| F|  |TS  7|AC  0|TAMS 0x00000006c9000000, 0x00000006c9000000|
| 125|0x00000006c9100000, 0x00000006c9100000, 0x00000006c9200000|  0%| F|  |TS  7|AC  0|TAMS 0x00000006c9100000, 0x00000006c9100000|
| 126|0x00000006c9200000, 0x00000006c9200000, 0x00000006c9300000|  0%| F|  |TS  7|AC  0|TAMS 0x00000006c9200000, 0x00000006c9200000|
| 127|0x00000006c9300000, 0x00000006c9300000, 0x00000006c9400000|  0%| F|  |TS  7|AC  0|TAMS 0x00000006c9300000, 0x00000006c9300000|
| 128|0x00000006c9400000, 0x00000006c9400000, 0x00000006c9500000|  0%| F|  |TS  7|AC  0|TAMS 0x00000006c9400000, 0x00000006c9400000|
| 129|0x00000006c9500000, 0x00000006c9500000, 0x00000006c9600000|  0%| F|  |TS  7|AC  0|TAMS 0x00000006c9500000, 0x00000006c9500000|
| 130|0x00000006c9600000, 0x00000006c9600000, 0x00000006c9700000|  0%| F|  |TS  7|AC  0|TAMS 0x00000006c9600000, 0x00000006c9600000|
| 131|0x00000006c9700000, 0x00000006c9700000, 0x00000006c9800000|  0%| F|  |TS  7|AC  0|TAMS 0x00000006c9700000, 0x00000006c9700000|
| 132|0x00000006c9800000, 0x00000006c9800000, 0x00000006c9900000|  0%| F|  |TS  7|AC  0|TAMS 0x00000006c9800000, 0x00000006c9800000|
| 133|0x00000006c9900000, 0x00000006c9900000, 0x00000006c9a00000|  0%| F|  |TS  7|AC  0|TAMS 0x00000006c9900000, 0x00000006c9900000|
| 134|0x00000006c9a00000, 0x00000006c9a00000, 0x00000006c9b00000|  0%| F|  |TS  7|AC  0|TAMS 0x00000006c9a00000, 0x00000006c9a00000|
| 135|0x00000006c9b00000, 0x00000006c9b00000, 0x00000006c9c00000|  0%| F|  |TS  7|AC  0|TAMS 0x00000006c9b00000, 0x00000006c9b00000|
| 136|0x00000006c9c00000, 0x00000006c9c00000, 0x00000006c9d00000|  0%| F|  |TS  7|AC  0|TAMS 0x00000006c9c00000, 0x00000006c9c00000|
| 137|0x00000006c9d00000, 0x00000006c9d00000, 0x00000006c9e00000|  0%| F|  |TS  7|AC  0|TAMS 0x00000006c9d00000, 0x00000006c9d00000|
| 138|0x00000006c9e00000, 0x00000006c9e00000, 0x00000006c9f00000|  0%| F|  |TS  7|AC  0|TAMS 0x00000006c9e00000, 0x00000006c9e00000|
| 139|0x00000006c9f00000, 0x00000006c9f00000, 0x00000006ca000000|  0%| F|  |TS  7|AC  0|TAMS 0x00000006c9f00000, 0x00000006c9f00000|
| 140|0x00000006ca000000, 0x00000006ca000000, 0x00000006ca100000|  0%| F|  |TS  7|AC  0|TAMS 0x00000006ca000000, 0x00000006ca000000|
| 141|0x00000006ca100000, 0x00000006ca100000, 0x00000006ca200000|  0%| F|  |TS  7|AC  0|TAMS 0x00000006ca100000, 0x00000006ca100000|
| 142|0x00000006ca200000, 0x00000006ca200000, 0x00000006ca300000|  0%| F|  |TS  7|AC  0|TAMS 0x00000006ca200000, 0x00000006ca200000|
| 143|0x00000006ca300000, 0x00000006ca300000, 0x00000006ca400000|  0%| F|  |TS  7|AC  0|TAMS 0x00000006ca300000, 0x00000006ca300000|
| 144|0x00000006ca400000, 0x00000006ca400000, 0x00000006ca500000|  0%| F|  |TS  7|AC  0|TAMS 0x00000006ca400000, 0x00000006ca400000|
| 145|0x00000006ca500000, 0x00000006ca500000, 0x00000006ca600000|  0%| F|  |TS  7|AC  0|TAMS 0x00000006ca500000, 0x00000006ca500000|
| 146|0x00000006ca600000, 0x00000006ca600000, 0x00000006ca700000|  0%| F|  |TS  7|AC  0|TAMS 0x00000006ca600000, 0x00000006ca600000|
| 147|0x00000006ca700000, 0x00000006ca700000, 0x00000006ca800000|  0%| F|  |TS  7|AC  0|TAMS 0x00000006ca700000, 0x00000006ca700000|
| 148|0x00000006ca800000, 0x00000006ca800000, 0x00000006ca900000|  0%| F|  |TS  7|AC  0|TAMS 0x00000006ca800000, 0x00000006ca800000|
| 149|0x00000006ca900000, 0x00000006ca900000, 0x00000006caa00000|  0%| F|  |TS  7|AC  0|TAMS 0x00000006ca900000, 0x00000006ca900000|
| 150|0x00000006caa00000, 0x00000006caa00000, 0x00000006cab00000|  0%| F|  |TS  7|AC  0|TAMS 0x00000006caa00000, 0x00000006caa00000|
| 151|0x00000006cab00000, 0x00000006cab00000, 0x00000006cac00000|  0%| F|  |TS  7|AC  0|TAMS 0x00000006cab00000, 0x00000006cab00000|
| 152|0x00000006cac00000, 0x00000006cac00000, 0x00000006cad00000|  0%| F|  |TS  7|AC  0|TAMS 0x00000006cac00000, 0x00000006cac00000|
| 153|0x00000006cad00000, 0x00000006cad00000, 0x00000006cae00000|  0%| F|  |TS  7|AC  0|TAMS 0x00000006cad00000, 0x00000006cad00000|
| 154|0x00000006cae00000, 0x00000006cae00000, 0x00000006caf00000|  0%| F|  |TS  7|AC  0|TAMS 0x00000006cae00000, 0x00000006cae00000|
| 155|0x00000006caf00000, 0x00000006caf00000, 0x00000006cb000000|  0%| F|  |TS  7|AC  0|TAMS 0x00000006caf00000, 0x00000006caf00000|
| 156|0x00000006cb000000, 0x00000006cb000000, 0x00000006cb100000|  0%| F|  |TS  7|AC  0|TAMS 0x00000006cb000000, 0x00000006cb000000|
| 157|0x00000006cb100000, 0x00000006cb100000, 0x00000006cb200000|  0%| F|  |TS  7|AC  0|TAMS 0x00000006cb100000, 0x00000006cb100000|
| 158|0x00000006cb200000, 0x00000006cb200000, 0x00000006cb300000|  0%| F|  |TS  7|AC  0|TAMS 0x00000006cb200000, 0x00000006cb200000|
| 159|0x00000006cb300000, 0x00000006cb300000, 0x00000006cb400000|  0%| F|  |TS  7|AC  0|TAMS 0x00000006cb300000, 0x00000006cb300000|
| 160|0x00000006cb400000, 0x00000006cb400000, 0x00000006cb500000|  0%| F|  |TS  7|AC  0|TAMS 0x00000006cb400000, 0x00000006cb400000|
| 161|0x00000006cb500000, 0x00000006cb500000, 0x00000006cb600000|  0%| F|  |TS  7|AC  0|TAMS 0x00000006cb500000, 0x00000006cb500000|
| 162|0x00000006cb600000, 0x00000006cb600000, 0x00000006cb700000|  0%| F|  |TS  7|AC  0|TAMS 0x00000006cb600000, 0x00000006cb600000|
| 163|0x00000006cb700000, 0x00000006cb700000, 0x00000006cb800000|  0%| F|  |TS  7|AC  0|TAMS 0x00000006cb700000, 0x00000006cb700000|
| 164|0x00000006cb800000, 0x00000006cb800000, 0x00000006cb900000|  0%| F|  |TS  7|AC  0|TAMS 0x00000006cb800000, 0x00000006cb800000|
| 165|0x00000006cb900000, 0x00000006cb900000, 0x00000006cba00000|  0%| F|  |TS  7|AC  0|TAMS 0x00000006cb900000, 0x00000006cb900000|
| 166|0x00000006cba00000, 0x00000006cba00000, 0x00000006cbb00000|  0%| F|  |TS  7|AC  0|TAMS 0x00000006cba00000, 0x00000006cba00000|
| 167|0x00000006cbb00000, 0x00000006cbb00000, 0x00000006cbc00000|  0%| F|  |TS  7|AC  0|TAMS 0x00000006cbb00000, 0x00000006cbb00000|
| 168|0x00000006cbc00000, 0x00000006cbc00000, 0x00000006cbd00000|  0%| F|  |TS  7|AC  0|TAMS 0x00000006cbc00000, 0x00000006cbc00000|
| 169|0x00000006cbd00000, 0x00000006cbd00000, 0x00000006cbe00000|  0%| F|  |TS  7|AC  0|TAMS 0x00000006cbd00000, 0x00000006cbd00000|
| 170|0x00000006cbe00000, 0x00000006cbe00000, 0x00000006cbf00000|  0%| F|  |TS  7|AC  0|TAMS 0x00000006cbe00000, 0x00000006cbe00000|
| 171|0x00000006cbf00000, 0x00000006cbf00000, 0x00000006cc000000|  0%| F|  |TS  7|AC  0|TAMS 0x00000006cbf00000, 0x00000006cbf00000|
| 172|0x00000006cc000000, 0x00000006cc000000, 0x00000006cc100000|  0%| F|  |TS  7|AC  0|TAMS 0x00000006cc000000, 0x00000006cc000000|
| 173|0x00000006cc100000, 0x00000006cc100000, 0x00000006cc200000|  0%| F|  |TS  7|AC  0|TAMS 0x00000006cc100000, 0x00000006cc100000|
| 174|0x00000006cc200000, 0x00000006cc200000, 0x00000006cc300000|  0%| F|  |TS  7|AC  0|TAMS 0x00000006cc200000, 0x00000006cc200000|
| 175|0x00000006cc300000, 0x00000006cc300000, 0x00000006cc400000|  0%| F|  |TS  7|AC  0|TAMS 0x00000006cc300000, 0x00000006cc300000|
| 176|0x00000006cc400000, 0x00000006cc400000, 0x00000006cc500000|  0%| F|  |TS  7|AC  0|TAMS 0x00000006cc400000, 0x00000006cc400000|
| 177|0x00000006cc500000, 0x00000006cc500000, 0x00000006cc600000|  0%| F|  |TS  7|AC  0|TAMS 0x00000006cc500000, 0x00000006cc500000|
| 178|0x00000006cc600000, 0x00000006cc600000, 0x00000006cc700000|  0%| F|  |TS  7|AC  0|TAMS 0x00000006cc600000, 0x00000006cc600000|
| 179|0x00000006cc700000, 0x00000006cc700000, 0x00000006cc800000|  0%| F|  |TS  7|AC  0|TAMS 0x00000006cc700000, 0x00000006cc700000|
| 180|0x00000006cc800000, 0x00000006cc800000, 0x00000006cc900000|  0%| F|  |TS  7|AC  0|TAMS 0x00000006cc800000, 0x00000006cc800000|
| 181|0x00000006cc900000, 0x00000006cc900000, 0x00000006cca00000|  0%| F|  |TS  7|AC  0|TAMS 0x00000006cc900000, 0x00000006cc900000|
| 182|0x00000006cca00000, 0x00000006cca00000, 0x00000006ccb00000|  0%| F|  |TS  7|AC  0|TAMS 0x00000006cca00000, 0x00000006cca00000|
| 183|0x00000006ccb00000, 0x00000006ccb00000, 0x00000006ccc00000|  0%| F|  |TS  7|AC  0|TAMS 0x00000006ccb00000, 0x00000006ccb00000|
| 184|0x00000006ccc00000, 0x00000006ccc00000, 0x00000006ccd00000|  0%| F|  |TS  7|AC  0|TAMS 0x00000006ccc00000, 0x00000006ccc00000|
| 185|0x00000006ccd00000, 0x00000006ccd00000, 0x00000006cce00000|  0%| F|  |TS  7|AC  0|TAMS 0x00000006ccd00000, 0x00000006ccd00000|
| 186|0x00000006cce00000, 0x00000006cce00000, 0x00000006ccf00000|  0%| F|  |TS  7|AC  0|TAMS 0x00000006cce00000, 0x00000006cce00000|
| 187|0x00000006ccf00000, 0x00000006ccf00000, 0x00000006cd000000|  0%| F|  |TS  7|AC  0|TAMS 0x00000006ccf00000, 0x00000006ccf00000|
| 188|0x00000006cd000000, 0x00000006cd000000, 0x00000006cd100000|  0%| F|  |TS  7|AC  0|TAMS 0x00000006cd000000, 0x00000006cd000000|
| 189|0x00000006cd100000, 0x00000006cd100000, 0x00000006cd200000|  0%| F|  |TS  7|AC  0|TAMS 0x00000006cd100000, 0x00000006cd100000|
| 190|0x00000006cd200000, 0x00000006cd200000, 0x00000006cd300000|  0%| F|  |TS  7|AC  0|TAMS 0x00000006cd200000, 0x00000006cd200000|
| 191|0x00000006cd300000, 0x00000006cd300000, 0x00000006cd400000|  0%| F|  |TS  7|AC  0|TAMS 0x00000006cd300000, 0x00000006cd300000|
| 192|0x00000006cd400000, 0x00000006cd400000, 0x00000006cd500000|  0%| F|  |TS  7|AC  0|TAMS 0x00000006cd400000, 0x00000006cd400000|
| 193|0x00000006cd500000, 0x00000006cd500000, 0x00000006cd600000|  0%| F|  |TS  7|AC  0|TAMS 0x00000006cd500000, 0x00000006cd500000|
| 194|0x00000006cd600000, 0x00000006cd600000, 0x00000006cd700000|  0%| F|  |TS  7|AC  0|TAMS 0x00000006cd600000, 0x00000006cd600000|
| 195|0x00000006cd700000, 0x00000006cd700000, 0x00000006cd800000|  0%| F|  |TS  7|AC  0|TAMS 0x00000006cd700000, 0x00000006cd700000|
| 196|0x00000006cd800000, 0x00000006cd800000, 0x00000006cd900000|  0%| F|  |TS  7|AC  0|TAMS 0x00000006cd800000, 0x00000006cd800000|
| 197|0x00000006cd900000, 0x00000006cd900000, 0x00000006cda00000|  0%| F|  |TS  7|AC  0|TAMS 0x00000006cd900000, 0x00000006cd900000|
| 198|0x00000006cda00000, 0x00000006cda00000, 0x00000006cdb00000|  0%| F|  |TS  7|AC  0|TAMS 0x00000006cda00000, 0x00000006cda00000|
| 199|0x00000006cdb00000, 0x00000006cdb00000, 0x00000006cdc00000|  0%| F|  |TS  7|AC  0|TAMS 0x00000006cdb00000, 0x00000006cdb00000|
| 200|0x00000006cdc00000, 0x00000006cdc00000, 0x00000006cdd00000|  0%| F|  |TS  7|AC  0|TAMS 0x00000006cdc00000, 0x00000006cdc00000|
| 201|0x00000006cdd00000, 0x00000006cdd00000, 0x00000006cde00000|  0%| F|  |TS  7|AC  0|TAMS 0x00000006cdd00000, 0x00000006cdd00000|
| 202|0x00000006cde00000, 0x00000006cde00000, 0x00000006cdf00000|  0%| F|  |TS  7|AC  0|TAMS 0x00000006cde00000, 0x00000006cde00000|
| 203|0x00000006cdf00000, 0x00000006cdf00000, 0x00000006ce000000|  0%| F|  |TS  7|AC  0|TAMS 0x00000006cdf00000, 0x00000006cdf00000|
| 204|0x00000006ce000000, 0x00000006ce000000, 0x00000006ce100000|  0%| F|  |TS  7|AC  0|TAMS 0x00000006ce000000, 0x00000006ce000000|
| 205|0x00000006ce100000, 0x00000006ce100000, 0x00000006ce200000|  0%| F|  |TS  7|AC  0|TAMS 0x00000006ce100000, 0x00000006ce100000|
| 206|0x00000006ce200000, 0x00000006ce200000, 0x00000006ce300000|  0%| F|  |TS  7|AC  0|TAMS 0x00000006ce200000, 0x00000006ce200000|
| 207|0x00000006ce300000, 0x00000006ce300000, 0x00000006ce400000|  0%| F|  |TS  7|AC  0|TAMS 0x00000006ce300000, 0x00000006ce300000|
| 208|0x00000006ce400000, 0x00000006ce400000, 0x00000006ce500000|  0%| F|  |TS  7|AC  0|TAMS 0x00000006ce400000, 0x00000006ce400000|
| 209|0x00000006ce500000, 0x00000006ce500000, 0x00000006ce600000|  0%| F|  |TS  7|AC  0|TAMS 0x00000006ce500000, 0x00000006ce500000|
| 210|0x00000006ce600000, 0x00000006ce600000, 0x00000006ce700000|  0%| F|  |TS  7|AC  0|TAMS 0x00000006ce600000, 0x00000006ce600000|
| 211|0x00000006ce700000, 0x00000006ce700000, 0x00000006ce800000|  0%| F|  |TS  7|AC  0|TAMS 0x00000006ce700000, 0x00000006ce700000|
| 212|0x00000006ce800000, 0x00000006ce800000, 0x00000006ce900000|  0%| F|  |TS  7|AC  0|TAMS 0x00000006ce800000, 0x00000006ce800000|
| 213|0x00000006ce900000, 0x00000006ce900000, 0x00000006cea00000|  0%| F|  |TS  7|AC  0|TAMS 0x00000006ce900000, 0x00000006ce900000|
| 214|0x00000006cea00000, 0x00000006cea00000, 0x00000006ceb00000|  0%| F|  |TS  7|AC  0|TAMS 0x00000006cea00000, 0x00000006cea00000|
| 215|0x00000006ceb00000, 0x00000006ceb00000, 0x00000006cec00000|  0%| F|  |TS  7|AC  0|TAMS 0x00000006ceb00000, 0x00000006ceb00000|
| 216|0x00000006cec00000, 0x00000006cec00000, 0x00000006ced00000|  0%| F|  |TS  7|AC  0|TAMS 0x00000006cec00000, 0x00000006cec00000|
| 217|0x00000006ced00000, 0x00000006ced00000, 0x00000006cee00000|  0%| F|  |TS  7|AC  0|TAMS 0x00000006ced00000, 0x00000006ced00000|
| 218|0x00000006cee00000, 0x00000006cee00000, 0x00000006cef00000|  0%| F|  |TS  7|AC  0|TAMS 0x00000006cee00000, 0x00000006cee00000|
| 219|0x00000006cef00000, 0x00000006cef00000, 0x00000006cf000000|  0%| F|  |TS  7|AC  0|TAMS 0x00000006cef00000, 0x00000006cef00000|
| 220|0x00000006cf000000, 0x00000006cf000000, 0x00000006cf100000|  0%| F|  |TS  7|AC  0|TAMS 0x00000006cf000000, 0x00000006cf000000|
| 221|0x00000006cf100000, 0x00000006cf100000, 0x00000006cf200000|  0%| F|  |TS  7|AC  0|TAMS 0x00000006cf100000, 0x00000006cf100000|
| 222|0x00000006cf200000, 0x00000006cf200000, 0x00000006cf300000|  0%| F|  |TS  7|AC  0|TAMS 0x00000006cf200000, 0x00000006cf200000|
| 223|0x00000006cf300000, 0x00000006cf300000, 0x00000006cf400000|  0%| F|  |TS  7|AC  0|TAMS 0x00000006cf300000, 0x00000006cf300000|
| 224|0x00000006cf400000, 0x00000006cf400000, 0x00000006cf500000|  0%| F|  |TS  7|AC  0|TAMS 0x00000006cf400000, 0x00000006cf400000|
| 225|0x00000006cf500000, 0x00000006cf500000, 0x00000006cf600000|  0%| F|  |TS  7|AC  0|TAMS 0x00000006cf500000, 0x00000006cf500000|
| 226|0x00000006cf600000, 0x00000006cf600000, 0x00000006cf700000|  0%| F|  |TS  7|AC  0|TAMS 0x00000006cf600000, 0x00000006cf600000|
| 227|0x00000006cf700000, 0x00000006cf700000, 0x00000006cf800000|  0%| F|  |TS  7|AC  0|TAMS 0x00000006cf700000, 0x00000006cf700000|
| 228|0x00000006cf800000, 0x00000006cf800000, 0x00000006cf900000|  0%| F|  |TS  7|AC  0|TAMS 0x00000006cf800000, 0x00000006cf800000|
| 229|0x00000006cf900000, 0x00000006cf900000, 0x00000006cfa00000|  0%| F|  |TS  7|AC  0|TAMS 0x00000006cf900000, 0x00000006cf900000|
| 230|0x00000006cfa00000, 0x00000006cfa00000, 0x00000006cfb00000|  0%| F|  |TS  7|AC  0|TAMS 0x00000006cfa00000, 0x00000006cfa00000|
| 231|0x00000006cfb00000, 0x00000006cfb00000, 0x00000006cfc00000|  0%| F|  |TS  7|AC  0|TAMS 0x00000006cfb00000, 0x00000006cfb00000|
| 232|0x00000006cfc00000, 0x00000006cfc00000, 0x00000006cfd00000|  0%| F|  |TS  7|AC  0|TAMS 0x00000006cfc00000, 0x00000006cfc00000|
| 233|0x00000006cfd00000, 0x00000006cfd00000, 0x00000006cfe00000|  0%| F|  |TS  7|AC  0|TAMS 0x00000006cfd00000, 0x00000006cfd00000|
| 234|0x00000006cfe00000, 0x00000006cfe00000, 0x00000006cff00000|  0%| F|  |TS  7|AC  0|TAMS 0x00000006cfe00000, 0x00000006cfe00000|
| 235|0x00000006cff00000, 0x00000006cff00000, 0x00000006d0000000|  0%| F|  |TS  7|AC  0|TAMS 0x00000006cff00000, 0x00000006cff00000|
| 236|0x00000006d0000000, 0x00000006d0000000, 0x00000006d0100000|  0%| F|  |TS  7|AC  0|TAMS 0x00000006d0000000, 0x00000006d0000000|
| 237|0x00000006d0100000, 0x00000006d0100000, 0x00000006d0200000|  0%| F|  |TS  7|AC  0|TAMS 0x00000006d0100000, 0x00000006d0100000|
| 238|0x00000006d0200000, 0x00000006d0200000, 0x00000006d0300000|  0%| F|  |TS  7|AC  0|TAMS 0x00000006d0200000, 0x00000006d0200000|
| 239|0x00000006d0300000, 0x00000006d0300000, 0x00000006d0400000|  0%| F|  |TS  7|AC  0|TAMS 0x00000006d0300000, 0x00000006d0300000|
| 240|0x00000006d0400000, 0x00000006d0400000, 0x00000006d0500000|  0%| F|  |TS  7|AC  0|TAMS 0x00000006d0400000, 0x00000006d0400000|
| 241|0x00000006d0500000, 0x00000006d0500000, 0x00000006d0600000|  0%| F|  |TS  7|AC  0|TAMS 0x00000006d0500000, 0x00000006d0500000|
| 242|0x00000006d0600000, 0x00000006d0600000, 0x00000006d0700000|  0%| F|  |TS  7|AC  0|TAMS 0x00000006d0600000, 0x00000006d0600000|
| 243|0x00000006d0700000, 0x00000006d0700000, 0x00000006d0800000|  0%| F|  |TS  7|AC  0|TAMS 0x00000006d0700000, 0x00000006d0700000|
| 244|0x00000006d0800000, 0x00000006d0800000, 0x00000006d0900000|  0%| F|  |TS  7|AC  0|TAMS 0x00000006d0800000, 0x00000006d0800000|
| 245|0x00000006d0900000, 0x00000006d0900000, 0x00000006d0a00000|  0%| F|  |TS  7|AC  0|TAMS 0x00000006d0900000, 0x00000006d0900000|
| 246|0x00000006d0a00000, 0x00000006d0a00000, 0x00000006d0b00000|  0%| F|  |TS  7|AC  0|TAMS 0x00000006d0a00000, 0x00000006d0a00000|
| 247|0x00000006d0b00000, 0x00000006d0b00000, 0x00000006d0c00000|  0%| F|  |TS  7|AC  0|TAMS 0x00000006d0b00000, 0x00000006d0b00000|
| 248|0x00000006d0c00000, 0x00000006d0c00000, 0x00000006d0d00000|  0%| F|  |TS  7|AC  0|TAMS 0x00000006d0c00000, 0x00000006d0c00000|
| 249|0x00000006d0d00000, 0x00000006d0d00000, 0x00000006d0e00000|  0%| F|  |TS  7|AC  0|TAMS 0x00000006d0d00000, 0x00000006d0d00000|
| 250|0x00000006d0e00000, 0x00000006d0e00000, 0x00000006d0f00000|  0%| F|  |TS  7|AC  0|TAMS 0x00000006d0e00000, 0x00000006d0e00000|
| 251|0x00000006d0f00000, 0x00000006d0f00000, 0x00000006d1000000|  0%| F|  |TS  7|AC  0|TAMS 0x00000006d0f00000, 0x00000006d0f00000|
| 252|0x00000006d1000000, 0x00000006d1000000, 0x00000006d1100000|  0%| F|  |TS  7|AC  0|TAMS 0x00000006d1000000, 0x00000006d1000000|
| 253|0x00000006d1100000, 0x00000006d1100000, 0x00000006d1200000|  0%| F|  |TS  7|AC  0|TAMS 0x00000006d1100000, 0x00000006d1100000|
| 254|0x00000006d1200000, 0x00000006d1200000, 0x00000006d1300000|  0%| F|  |TS  7|AC  0|TAMS 0x00000006d1200000, 0x00000006d1200000|
| 255|0x00000006d1300000, 0x00000006d1400000, 0x00000006d1400000|100%| E|  |TS  7|AC  0|TAMS 0x00000006d1300000, 0x00000006d1300000|
| 256|0x00000006d1400000, 0x00000006d1500000, 0x00000006d1500000|100%| E|CS|TS  7|AC  0|TAMS 0x00000006d1400000, 0x00000006d1400000|
| 257|0x00000006d1500000, 0x00000006d1600000, 0x00000006d1600000|100%| E|CS|TS  7|AC  0|TAMS 0x00000006d1500000, 0x00000006d1500000|
| 258|0x00000006d1600000, 0x00000006d1700000, 0x00000006d1700000|100%| E|CS|TS  7|AC  0|TAMS 0x00000006d1600000, 0x00000006d1600000|
| 259|0x00000006d1700000, 0x00000006d1800000, 0x00000006d1800000|100%| E|CS|TS  7|AC  0|TAMS 0x00000006d1700000, 0x00000006d1700000|
| 260|0x00000006d1800000, 0x00000006d1900000, 0x00000006d1900000|100%| E|CS|TS  7|AC  0|TAMS 0x00000006d1800000, 0x00000006d1800000|
| 261|0x00000006d1900000, 0x00000006d1a00000, 0x00000006d1a00000|100%| E|CS|TS  7|AC  0|TAMS 0x00000006d1900000, 0x00000006d1900000|
| 262|0x00000006d1a00000, 0x00000006d1b00000, 0x00000006d1b00000|100%| E|CS|TS  7|AC  0|TAMS 0x00000006d1a00000, 0x00000006d1a00000|
| 263|0x00000006d1b00000, 0x00000006d1c00000, 0x00000006d1c00000|100%| E|CS|TS  7|AC  0|TAMS 0x00000006d1b00000, 0x00000006d1b00000|
| 264|0x00000006d1c00000, 0x00000006d1d00000, 0x00000006d1d00000|100%| E|CS|TS  7|AC  0|TAMS 0x00000006d1c00000, 0x00000006d1c00000|
| 265|0x00000006d1d00000, 0x00000006d1e00000, 0x00000006d1e00000|100%| E|CS|TS  7|AC  0|TAMS 0x00000006d1d00000, 0x00000006d1d00000|
| 266|0x00000006d1e00000, 0x00000006d1f00000, 0x00000006d1f00000|100%| E|CS|TS  7|AC  0|TAMS 0x00000006d1e00000, 0x00000006d1e00000|
| 267|0x00000006d1f00000, 0x00000006d2000000, 0x00000006d2000000|100%| E|CS|TS  7|AC  0|TAMS 0x00000006d1f00000, 0x00000006d1f00000|
| 268|0x00000006d2000000, 0x00000006d2100000, 0x00000006d2100000|100%| E|CS|TS  7|AC  0|TAMS 0x00000006d2000000, 0x00000006d2000000|
| 269|0x00000006d2100000, 0x00000006d2200000, 0x00000006d2200000|100%| E|CS|TS  7|AC  0|TAMS 0x00000006d2100000, 0x00000006d2100000|
| 270|0x00000006d2200000, 0x00000006d2300000, 0x00000006d2300000|100%| E|CS|TS  7|AC  0|TAMS 0x00000006d2200000, 0x00000006d2200000|
| 271|0x00000006d2300000, 0x00000006d2400000, 0x00000006d2400000|100%| E|CS|TS  7|AC  0|TAMS 0x00000006d2300000, 0x00000006d2300000|
| 272|0x00000006d2400000, 0x00000006d2500000, 0x00000006d2500000|100%| E|CS|TS  7|AC  0|TAMS 0x00000006d2400000, 0x00000006d2400000|
| 273|0x00000006d2500000, 0x00000006d2600000, 0x00000006d2600000|100%| E|CS|TS  7|AC  0|TAMS 0x00000006d2500000, 0x00000006d2500000|
| 274|0x00000006d2600000, 0x00000006d2700000, 0x00000006d2700000|100%| E|CS|TS  7|AC  0|TAMS 0x00000006d2600000, 0x00000006d2600000|
| 275|0x00000006d2700000, 0x00000006d2800000, 0x00000006d2800000|100%| E|CS|TS  7|AC  0|TAMS 0x00000006d2700000, 0x00000006d2700000|
| 276|0x00000006d2800000, 0x00000006d2900000, 0x00000006d2900000|100%| E|CS|TS  7|AC  0|TAMS 0x00000006d2800000, 0x00000006d2800000|
| 277|0x00000006d2900000, 0x00000006d2a00000, 0x00000006d2a00000|100%| E|CS|TS  7|AC  0|TAMS 0x00000006d2900000, 0x00000006d2900000|
| 278|0x00000006d2a00000, 0x00000006d2b00000, 0x00000006d2b00000|100%| E|CS|TS  7|AC  0|TAMS 0x00000006d2a00000, 0x00000006d2a00000|
| 279|0x00000006d2b00000, 0x00000006d2c00000, 0x00000006d2c00000|100%| E|CS|TS  7|AC  0|TAMS 0x00000006d2b00000, 0x00000006d2b00000|
| 280|0x00000006d2c00000, 0x00000006d2d00000, 0x00000006d2d00000|100%| E|CS|TS  7|AC  0|TAMS 0x00000006d2c00000, 0x00000006d2c00000|
| 281|0x00000006d2d00000, 0x00000006d2e00000, 0x00000006d2e00000|100%| E|CS|TS  7|AC  0|TAMS 0x00000006d2d00000, 0x00000006d2d00000|
| 282|0x00000006d2e00000, 0x00000006d2f00000, 0x00000006d2f00000|100%| E|CS|TS  7|AC  0|TAMS 0x00000006d2e00000, 0x00000006d2e00000|
| 283|0x00000006d2f00000, 0x00000006d3000000, 0x00000006d3000000|100%| E|CS|TS  7|AC  0|TAMS 0x00000006d2f00000, 0x00000006d2f00000|
| 284|0x00000006d3000000, 0x00000006d3100000, 0x00000006d3100000|100%| E|CS|TS  7|AC  0|TAMS 0x00000006d3000000, 0x00000006d3000000|
| 285|0x00000006d3100000, 0x00000006d3200000, 0x00000006d3200000|100%| E|CS|TS  7|AC  0|TAMS 0x00000006d3100000, 0x00000006d3100000|
| 286|0x00000006d3200000, 0x00000006d3300000, 0x00000006d3300000|100%| E|CS|TS  7|AC  0|TAMS 0x00000006d3200000, 0x00000006d3200000|
| 287|0x00000006d3300000, 0x00000006d3400000, 0x00000006d3400000|100%| E|CS|TS  7|AC  0|TAMS 0x00000006d3300000, 0x00000006d3300000|
| 288|0x00000006d3400000, 0x00000006d3500000, 0x00000006d3500000|100%| E|CS|TS  7|AC  0|TAMS 0x00000006d3400000, 0x00000006d3400000|
| 289|0x00000006d3500000, 0x00000006d3600000, 0x00000006d3600000|100%| E|CS|TS  7|AC  0|TAMS 0x00000006d3500000, 0x00000006d3500000|
| 290|0x00000006d3600000, 0x00000006d3700000, 0x00000006d3700000|100%| E|CS|TS  7|AC  0|TAMS 0x00000006d3600000, 0x00000006d3600000|
| 291|0x00000006d3700000, 0x00000006d3800000, 0x00000006d3800000|100%| E|CS|TS  7|AC  0|TAMS 0x00000006d3700000, 0x00000006d3700000|
| 292|0x00000006d3800000, 0x00000006d3900000, 0x00000006d3900000|100%| E|CS|TS  7|AC  0|TAMS 0x00000006d3800000, 0x00000006d3800000|
| 293|0x00000006d3900000, 0x00000006d3a00000, 0x00000006d3a00000|100%| E|CS|TS  7|AC  0|TAMS 0x00000006d3900000, 0x00000006d3900000|
| 294|0x00000006d3a00000, 0x00000006d3b00000, 0x00000006d3b00000|100%| E|CS|TS  7|AC  0|TAMS 0x00000006d3a00000, 0x00000006d3a00000|
| 295|0x00000006d3b00000, 0x00000006d3c00000, 0x00000006d3c00000|100%| E|CS|TS  7|AC  0|TAMS 0x00000006d3b00000, 0x00000006d3b00000|
| 296|0x00000006d3c00000, 0x00000006d3d00000, 0x00000006d3d00000|100%| E|CS|TS  7|AC  0|TAMS 0x00000006d3c00000, 0x00000006d3c00000|
| 297|0x00000006d3d00000, 0x00000006d3e00000, 0x00000006d3e00000|100%| E|CS|TS  7|AC  0|TAMS 0x00000006d3d00000, 0x00000006d3d00000|
| 298|0x00000006d3e00000, 0x00000006d3f00000, 0x00000006d3f00000|100%| E|CS|TS  7|AC  0|TAMS 0x00000006d3e00000, 0x00000006d3e00000|
| 299|0x00000006d3f00000, 0x00000006d4000000, 0x00000006d4000000|100%| E|CS|TS  7|AC  0|TAMS 0x00000006d3f00000, 0x00000006d3f00000|
| 300|0x00000006d4000000, 0x00000006d4100000, 0x00000006d4100000|100%| E|CS|TS  7|AC  0|TAMS 0x00000006d4000000, 0x00000006d4000000|
| 301|0x00000006d4100000, 0x00000006d4200000, 0x00000006d4200000|100%| E|CS|TS  7|AC  0|TAMS 0x00000006d4100000, 0x00000006d4100000|
| 302|0x00000006d4200000, 0x00000006d4300000, 0x00000006d4300000|100%| E|CS|TS  7|AC  0|TAMS 0x00000006d4200000, 0x00000006d4200000|
| 303|0x00000006d4300000, 0x00000006d4400000, 0x00000006d4400000|100%| E|CS|TS  7|AC  0|TAMS 0x00000006d4300000, 0x00000006d4300000|
| 304|0x00000006d4400000, 0x00000006d4500000, 0x00000006d4500000|100%| E|CS|TS  7|AC  0|TAMS 0x00000006d4400000, 0x00000006d4400000|
| 305|0x00000006d4500000, 0x00000006d4600000, 0x00000006d4600000|100%| E|CS|TS  7|AC  0|TAMS 0x00000006d4500000, 0x00000006d4500000|
| 306|0x00000006d4600000, 0x00000006d4700000, 0x00000006d4700000|100%| E|CS|TS  7|AC  0|TAMS 0x00000006d4600000, 0x00000006d4600000|
| 307|0x00000006d4700000, 0x00000006d4800000, 0x00000006d4800000|100%| E|CS|TS  7|AC  0|TAMS 0x00000006d4700000, 0x00000006d4700000|

Card table byte_map: [0x0000024dee4c0000,0x0000024deecc0000] byte_map_base: 0x0000024deaeb6000

Marking Bits (Prev, Next): (CMBitMap*) 0x0000024df74a8710, (CMBitMap*) 0x0000024df74a8748
 Prev Bits: [0x0000024def4c0000, 0x0000024df3470000)
 Next Bits: [0x0000024df3470000, 0x0000024df7420000)

Polling page: 0x0000024dd1630000

CodeHeap 'non-profiled nmethods': size=120000Kb used=6937Kb max_used=7068Kb free=113063Kb
 bounds [0x0000024de5520000, 0x0000024de5c10000, 0x0000024deca50000]
CodeHeap 'profiled nmethods': size=120000Kb used=19506Kb max_used=19782Kb free=100493Kb
 bounds [0x0000024dddff0000, 0x0000024ddf350000, 0x0000024de5520000]
CodeHeap 'non-nmethods': size=5760Kb used=1882Kb max_used=1924Kb free=3877Kb
 bounds [0x0000024ddda50000, 0x0000024dddcc0000, 0x0000024dddff0000]
 total_blobs=10796 nmethods=6960 adapters=1288
 compilation: enabled

Compilation events (10 events):
Event: 19.060 Thread 0x0000024dfa927000 7762       2       jdk.internal.reflect.Reflection::isCallerSensitive (31 bytes)
Event: 19.061 Thread 0x0000024dfa927000 nmethod 7762 0x0000024ddf34a790 code [0x0000024ddf34a9c0, 0x0000024ddf34af60]
Event: 19.061 Thread 0x0000024dfa927000 7763       2       org.python.core.PyObject::_iadd (90 bytes)
Event: 19.061 Thread 0x0000024dfa927000 nmethod 7763 0x0000024ddf34b310 code [0x0000024ddf34b540, 0x0000024ddf34b920]
Event: 19.061 Thread 0x0000024dfa927000 7764       1       org.python.core.PySlot::isDataDescr (2 bytes)
Event: 19.061 Thread 0x0000024dfa927000 nmethod 7764 0x0000024de5bf9710 code [0x0000024de5bf98c0, 0x0000024de5bf99d8]
Event: 19.061 Thread 0x0000024dfa927000 7765       1       org.python.core.PySlot::implementsDescrSet (2 bytes)
Event: 19.061 Thread 0x0000024dfa927000 nmethod 7765 0x0000024de5bf9a90 code [0x0000024de5bf9c40, 0x0000024de5bf9d58]
Event: 19.062 Thread 0x0000024dfa927000 7766       2       sun.nio.cs.DoubleByte$Encoder::encodeChar (21 bytes)
Event: 19.063 Thread 0x0000024dfa927000 nmethod 7766 0x0000024ddf34bb90 code [0x0000024ddf34bd40, 0x0000024ddf34bef8]

GC Heap History (10 events):
Event: 8.438 GC heap before
{Heap before GC invocations=12 (full 0):
 garbage-first heap   total 262144K, used 183736K [0x00000006c1400000, 0x00000006c1500800, 0x00000007c0000000)
  region size 1024K, 136 young (139264K), 2 survivors (2048K)
 Metaspace       used 61982K, capacity 65462K, committed 65564K, reserved 1103872K
  class space    used 9766K, capacity 10249K, committed 10268K, reserved 1048576K
}
Event: 8.444 GC heap after
{Heap after GC invocations=13 (full 0):
 garbage-first heap   total 262144K, used 49921K [0x00000006c1400000, 0x00000006c1500800, 0x00000007c0000000)
  region size 1024K, 7 young (7168K), 7 survivors (7168K)
 Metaspace       used 61982K, capacity 65462K, committed 65564K, reserved 1103872K
  class space    used 9766K, capacity 10249K, committed 10268K, reserved 1048576K
}
Event: 8.970 GC heap before
{Heap before GC invocations=14 (full 0):
 garbage-first heap   total 262144K, used 190209K [0x00000006c1400000, 0x00000006c1500800, 0x00000007c0000000)
  region size 1024K, 144 young (147456K), 7 survivors (7168K)
 Metaspace       used 64288K, capacity 67994K, committed 68124K, reserved 1105920K
  class space    used 10187K, capacity 10688K, committed 10780K, reserved 1048576K
}
Event: 8.975 GC heap after
{Heap after GC invocations=15 (full 0):
 garbage-first heap   total 262144K, used 52354K [0x00000006c1400000, 0x00000006c1500800, 0x00000007c0000000)
  region size 1024K, 10 young (10240K), 10 survivors (10240K)
 Metaspace       used 64288K, capacity 67994K, committed 68124K, reserved 1105920K
  class space    used 10187K, capacity 10688K, committed 10780K, reserved 1048576K
}
Event: 9.628 GC heap before
{Heap before GC invocations=15 (full 0):
 garbage-first heap   total 262144K, used 194690K [0x00000006c1400000, 0x00000006c1500800, 0x00000007c0000000)
  region size 1024K, 149 young (152576K), 10 survivors (10240K)
 Metaspace       used 67987K, capacity 71940K, committed 72220K, reserved 1110016K
  class space    used 10687K, capacity 11258K, committed 11292K, reserved 1048576K
}
Event: 9.634 GC heap after
{Heap after GC invocations=16 (full 0):
 garbage-first heap   total 262144K, used 53178K [0x00000006c1400000, 0x00000006c1500800, 0x00000007c0000000)
  region size 1024K, 11 young (11264K), 11 survivors (11264K)
 Metaspace       used 67987K, capacity 71940K, committed 72220K, reserved 1110016K
  class space    used 10687K, capacity 11258K, committed 11292K, reserved 1048576K
}
Event: 10.340 GC heap before
{Heap before GC invocations=16 (full 0):
 garbage-first heap   total 262144K, used 198586K [0x00000006c1400000, 0x00000006c1500800, 0x00000007c0000000)
  region size 1024K, 153 young (156672K), 11 survivors (11264K)
 Metaspace       used 70448K, capacity 74764K, committed 75036K, reserved 1112064K
  class space    used 11139K, capacity 11682K, committed 11804K, reserved 1048576K
}
Event: 10.351 GC heap after
{Heap after GC invocations=17 (full 0):
 garbage-first heap   total 262144K, used 56953K [0x00000006c1400000, 0x00000006c1500800, 0x00000007c0000000)
  region size 1024K, 14 young (14336K), 14 survivors (14336K)
 Metaspace       used 70448K, capacity 74764K, committed 75036K, reserved 1112064K
  class space    used 11139K, capacity 11682K, committed 11804K, reserved 1048576K
}
Event: 18.800 GC heap before
{Heap before GC invocations=17 (full 0):
 garbage-first heap   total 262144K, used 211577K [0x00000006c1400000, 0x00000006c1500800, 0x00000007c0000000)
  region size 1024K, 153 young (156672K), 14 survivors (14336K)
 Metaspace       used 81137K, capacity 85952K, committed 86172K, reserved 1122304K
  class space    used 12171K, capacity 12935K, committed 12956K, reserved 1048576K
}
Event: 18.820 GC heap after
{Heap after GC invocations=18 (full 0):
 garbage-first heap   total 315392K, used 85508K [0x00000006c1400000, 0x00000006c15009a0, 0x00000007c0000000)
  region size 1024K, 20 young (20480K), 20 survivors (20480K)
 Metaspace       used 81137K, capacity 85952K, committed 86172K, reserved 1122304K
  class space    used 12171K, capacity 12935K, committed 12956K, reserved 1048576K
}

Deoptimization events (10 events):
Event: 18.846 Thread 0x0000024dfdd6c000 Uncommon trap: reason=unstable_if action=reinterpret pc=0x0000024de5b9c040 method=org.meteoinfo.global.MIMath.getPointsExtent(Ljava/util/List;)Lorg/meteoinfo/global/Extent; @ 10 c2
Event: 18.878 Thread 0x0000024dfdd6c000 Uncommon trap: reason=class_check action=maybe_recompile pc=0x0000024de5ba2b88 method=org.meteoinfo.geoprocess.GeoComputation.isClockwise(Ljava/util/List;)Z @ 26 c2
Event: 18.878 Thread 0x0000024dfdd6c000 Uncommon trap: reason=class_check action=maybe_recompile pc=0x0000024de5ba2b88 method=org.meteoinfo.geoprocess.GeoComputation.isClockwise(Ljava/util/List;)Z @ 26 c2
Event: 18.878 Thread 0x0000024dfdd6c000 Uncommon trap: reason=class_check action=maybe_recompile pc=0x0000024de5ba2b88 method=org.meteoinfo.geoprocess.GeoComputation.isClockwise(Ljava/util/List;)Z @ 26 c2
Event: 18.878 Thread 0x0000024dfdd6c000 Uncommon trap: reason=class_check action=maybe_recompile pc=0x0000024de5ba2b88 method=org.meteoinfo.geoprocess.GeoComputation.isClockwise(Ljava/util/List;)Z @ 26 c2
Event: 18.879 Thread 0x0000024dfdd6c000 Uncommon trap: reason=class_check action=maybe_recompile pc=0x0000024de5beb704 method=org.meteoinfo.global.MIMath.getPointsExtent(Ljava/util/List;)Lorg/meteoinfo/global/Extent; @ 25 c2
Event: 18.879 Thread 0x0000024dfdd6c000 Uncommon trap: reason=class_check action=maybe_recompile pc=0x0000024de5beb704 method=org.meteoinfo.global.MIMath.getPointsExtent(Ljava/util/List;)Lorg/meteoinfo/global/Extent; @ 25 c2
Event: 18.880 Thread 0x0000024dfdd6c000 Uncommon trap: reason=class_check action=maybe_recompile pc=0x0000024de5beb704 method=org.meteoinfo.global.MIMath.getPointsExtent(Ljava/util/List;)Lorg/meteoinfo/global/Extent; @ 25 c2
Event: 18.880 Thread 0x0000024dfdd6c000 Uncommon trap: reason=class_check action=maybe_recompile pc=0x0000024de5beb704 method=org.meteoinfo.global.MIMath.getPointsExtent(Ljava/util/List;)Lorg/meteoinfo/global/Extent; @ 25 c2
Event: 18.915 Thread 0x0000024dfdd6c000 Uncommon trap: reason=unstable_if action=reinterpret pc=0x0000024de5908880 method=java.lang.StringCoding.decode(Ljava/lang/String;[BII)Ljava/lang/StringCoding$Result; @ 51 c2

Classes redefined (0 events):
No events

Internal exceptions (10 events):
Event: 10.769 Thread 0x0000024dfc757000 Exception <a 'java/io/FileNotFoundException'{0x00000006ce41e080}> (0x00000006ce41e080) thrown at [t:/workspace/hotspot/src/share/vm/prims/jni.cpp, line 604]
Event: 10.770 Thread 0x0000024dfc757000 Exception <a 'java/io/FileNotFoundException'{0x00000006ce420390}> (0x00000006ce420390) thrown at [t:/workspace/hotspot/src/share/vm/prims/jni.cpp, line 604]
Event: 10.770 Thread 0x0000024dfc757000 Exception <a 'java/io/FileNotFoundException'{0x00000006ce4224d8}> (0x00000006ce4224d8) thrown at [t:/workspace/hotspot/src/share/vm/prims/jni.cpp, line 604]
Event: 10.770 Thread 0x0000024dfc757000 Exception <a 'java/io/FileNotFoundException'{0x00000006ce424188}> (0x00000006ce424188) thrown at [t:/workspace/hotspot/src/share/vm/prims/jni.cpp, line 604]
Event: 10.770 Thread 0x0000024dfc757000 Exception <a 'java/io/FileNotFoundException'{0x00000006ce425ef0}> (0x00000006ce425ef0) thrown at [t:/workspace/hotspot/src/share/vm/prims/jni.cpp, line 604]
Event: 10.770 Thread 0x0000024dfc757000 Exception <a 'java/io/FileNotFoundException'{0x00000006ce427f70}> (0x00000006ce427f70) thrown at [t:/workspace/hotspot/src/share/vm/prims/jni.cpp, line 604]
Event: 10.771 Thread 0x0000024dfc757000 Exception <a 'java/io/FileNotFoundException'{0x00000006ce42a080}> (0x00000006ce42a080) thrown at [t:/workspace/hotspot/src/share/vm/prims/jni.cpp, line 604]
Event: 10.771 Thread 0x0000024dfc757000 Exception <a 'java/io/FileNotFoundException'{0x00000006ce42c170}> (0x00000006ce42c170) thrown at [t:/workspace/hotspot/src/share/vm/prims/jni.cpp, line 604]
Event: 16.941 Thread 0x0000024dfdd6c000 Exception <a 'sun/nio/fs/WindowsException'{0x00000006cc49fbc8}> (0x00000006cc49fbc8) thrown at [t:/workspace/hotspot/src/share/vm/prims/jni.cpp, line 604]
Event: 17.034 Thread 0x0000024dfdd6c000 Exception <a 'sun/nio/fs/WindowsException'{0x00000006cb90a5f8}> (0x00000006cb90a5f8) thrown at [t:/workspace/hotspot/src/share/vm/prims/jni.cpp, line 604]

Events (10 events):
Event: 19.061 loading class com/jogamp/opengl/util/awt/AWTGLReadBufferUtil
Event: 19.061 loading class com/jogamp/opengl/util/awt/AWTGLReadBufferUtil done
Event: 19.061 loading class com/jogamp/opengl/util/GLReadBufferUtil
Event: 19.061 loading class com/jogamp/opengl/util/GLReadBufferUtil done
Event: 19.063 loading class com/jogamp/nativewindow/util/PixelFormatUtil
Event: 19.063 loading class com/jogamp/nativewindow/util/PixelFormatUtil done
Event: 19.063 loading class com/jogamp/nativewindow/util/PixelRectangle
Event: 19.063 loading class com/jogamp/nativewindow/util/PixelRectangle done
Event: 19.064 loading class com/jogamp/common/util/Bitstream$ByteStream
Event: 19.064 loading class com/jogamp/common/util/Bitstream$ByteStream done


Dynamic libraries:
0x00007ff687e10000 - 0x00007ff687e4e000 	C:\Program Files\Java\jdk-9.0.1\bin\java.exe
0x00007ffdc18b0000 - 0x00007ffdc1a9d000 	C:\WINDOWS\SYSTEM32\ntdll.dll
0x00007ffdc1620000 - 0x00007ffdc16d3000 	C:\WINDOWS\System32\KERNEL32.DLL
0x00007ffdbda30000 - 0x00007ffdbdcc3000 	C:\WINDOWS\System32\KERNELBASE.dll
0x00007ffdc13d0000 - 0x00007ffdc1473000 	C:\WINDOWS\System32\ADVAPI32.dll
0x00007ffdbf010000 - 0x00007ffdbf0ae000 	C:\WINDOWS\System32\msvcrt.dll
0x00007ffdbf0d0000 - 0x00007ffdbf16e000 	C:\WINDOWS\System32\sechost.dll
0x00007ffdbf9d0000 - 0x00007ffdbfaf2000 	C:\WINDOWS\System32\RPCRT4.dll
0x00007ffdc1480000 - 0x00007ffdc1617000 	C:\WINDOWS\System32\USER32.dll
0x00007ffdbda10000 - 0x00007ffdbda30000 	C:\WINDOWS\System32\win32u.dll
0x00007ffdbf8f0000 - 0x00007ffdbf919000 	C:\WINDOWS\System32\GDI32.dll
0x00007ffdbe4d0000 - 0x00007ffdbe669000 	C:\WINDOWS\System32\gdi32full.dll
0x00007ffdbe670000 - 0x00007ffdbe710000 	C:\WINDOWS\System32\msvcp_win.dll
0x00007ffdbe7c0000 - 0x00007ffdbe8ba000 	C:\WINDOWS\System32\ucrtbase.dll
0x00007ffdb4620000 - 0x00007ffdb4899000 	C:\WINDOWS\WinSxS\amd64_microsoft.windows.common-controls_6595b64144ccf1df_6.0.17763.737_none_05b6437c071e554b\COMCTL32.dll
0x00007ffdbece0000 - 0x00007ffdbf00c000 	C:\WINDOWS\System32\combase.dll
0x00007ffdb8450000 - 0x00007ffdb845a000 	C:\WINDOWS\SYSTEM32\VERSION.dll
0x00007ffdbd940000 - 0x00007ffdbd9be000 	C:\WINDOWS\System32\bcryptPrimitives.dll
0x00007ffdbf1d0000 - 0x00007ffdbf1fe000 	C:\WINDOWS\System32\IMM32.DLL
0x00007ffdacf30000 - 0x00007ffdad01f000 	C:\Program Files\Java\jdk-9.0.1\bin\msvcr120.dll
0x00007ffdaa5f0000 - 0x00007ffdaa696000 	C:\Program Files\Java\jdk-9.0.1\bin\msvcp120.dll
0x0000000066eb0000 - 0x00000000678d4000 	C:\Program Files\Java\jdk-9.0.1\bin\server\jvm.dll
0x00007ffdbf2b0000 - 0x00007ffdbf2b8000 	C:\WINDOWS\System32\PSAPI.DLL
0x00007ffdae690000 - 0x00007ffdae6b4000 	C:\WINDOWS\SYSTEM32\WINMM.dll
0x00007ffdb99f0000 - 0x00007ffdb99f9000 	C:\WINDOWS\SYSTEM32\WSOCK32.dll
0x00007ffdbfbe0000 - 0x00007ffdbfc4d000 	C:\WINDOWS\System32\WS2_32.dll
0x00007ffdae660000 - 0x00007ffdae68d000 	C:\WINDOWS\SYSTEM32\winmmbase.dll
0x00007ffdbdcd0000 - 0x00007ffdbdd1a000 	C:\WINDOWS\System32\cfgmgr32.dll
0x00007ffdb9310000 - 0x00007ffdb931f000 	C:\Program Files\Java\jdk-9.0.1\bin\verify.dll
0x00007ffdb6650000 - 0x00007ffdb6677000 	C:\Program Files\Java\jdk-9.0.1\bin\java.dll
0x00007ffdad0b0000 - 0x00007ffdad0e6000 	C:\Program Files\Java\jdk-9.0.1\bin\jdwp.dll
0x00007ffdb76b0000 - 0x00007ffdb76c6000 	C:\Program Files\Java\jdk-9.0.1\bin\zip.dll
0x00007ffdb7630000 - 0x00007ffdb763a000 	C:\Program Files\Java\jdk-9.0.1\bin\jimage.dll
0x00007ffdbfed0000 - 0x00007ffdc13c2000 	C:\WINDOWS\System32\SHELL32.dll
0x00007ffdbf920000 - 0x00007ffdbf9c8000 	C:\WINDOWS\System32\shcore.dll
0x00007ffdbdd20000 - 0x00007ffdbe46a000 	C:\WINDOWS\System32\windows.storage.dll
0x00007ffdbd8f0000 - 0x00007ffdbd914000 	C:\WINDOWS\System32\profapi.dll
0x00007ffdbd870000 - 0x00007ffdbd8cd000 	C:\WINDOWS\System32\powrprof.dll
0x00007ffdbf170000 - 0x00007ffdbf1c2000 	C:\WINDOWS\System32\shlwapi.dll
0x00007ffdbd8d0000 - 0x00007ffdbd8e1000 	C:\WINDOWS\System32\kernel.appcore.dll
0x00007ffdbd9f0000 - 0x00007ffdbda07000 	C:\WINDOWS\System32\cryptsp.dll
0x00007ffdb71b0000 - 0x00007ffdb71ca000 	C:\Program Files\Java\jdk-9.0.1\bin\net.dll
0x00007ffdb6c50000 - 0x00007ffdb6d42000 	C:\WINDOWS\SYSTEM32\WINHTTP.dll
0x00007ffdbd0b0000 - 0x00007ffdbd117000 	C:\WINDOWS\system32\mswsock.dll
0x00007ffdb6630000 - 0x00007ffdb6641000 	C:\Program Files\Java\jdk-9.0.1\bin\nio.dll
0x00007ffdb3330000 - 0x00007ffdb333a000 	C:\Program Files\Java\jdk-9.0.1\bin\dt_socket.dll
0x00007ffdbce10000 - 0x00007ffdbced6000 	C:\WINDOWS\SYSTEM32\DNSAPI.dll
0x00007ffdbecd0000 - 0x00007ffdbecd8000 	C:\WINDOWS\System32\NSI.dll
0x00007ffdbcdd0000 - 0x00007ffdbce0d000 	C:\WINDOWS\SYSTEM32\IPHLPAPI.DLL
0x00007ffdb58b0000 - 0x00007ffdb5929000 	C:\WINDOWS\System32\fwpuclnt.dll
0x00007ffdbd9c0000 - 0x00007ffdbd9e6000 	C:\WINDOWS\System32\bcrypt.dll
0x00007ffdb57f0000 - 0x00007ffdb57fa000 	C:\Windows\System32\rasadhlp.dll
0x00007ffd9b2a0000 - 0x00007ffd9b439000 	C:\Program Files\Java\jdk-9.0.1\bin\awt.dll
0x00007ffdbfe00000 - 0x00007ffdbfec4000 	C:\WINDOWS\System32\OLEAUT32.dll
0x00007ffdba7c0000 - 0x00007ffdbad7e000 	C:\WINDOWS\SYSTEM32\d2d1.dll
0x00007ffdbbd60000 - 0x00007ffdbbdec000 	C:\WINDOWS\SYSTEM32\apphelp.dll
0x00007ffdbbe30000 - 0x00007ffdbbecc000 	C:\WINDOWS\system32\uxtheme.dll
0x00007ffdc16e0000 - 0x00007ffdc184b000 	C:\WINDOWS\System32\MSCTF.dll
0x00007ffdbc140000 - 0x00007ffdbc16e000 	C:\WINDOWS\system32\dwmapi.dll
0x00007ffdbe8c0000 - 0x00007ffdbea9b000 	C:\WINDOWS\System32\CRYPT32.dll
0x00007ffdbd920000 - 0x00007ffdbd932000 	C:\WINDOWS\System32\MSASN1.dll
0x00007ffdbeb10000 - 0x00007ffdbec65000 	C:\WINDOWS\System32\ole32.dll
0x00007ffdb5e40000 - 0x00007ffdb5e49000 	C:\Program Files\Java\jdk-9.0.1\bin\management.dll
0x00007ffdb48d0000 - 0x00007ffdb48da000 	C:\Program Files\Java\jdk-9.0.1\bin\management_ext.dll
0x00007ffdbcc30000 - 0x00007ffdbcc63000 	C:\WINDOWS\system32\rsaenh.dll
0x00007ffdbd7a0000 - 0x00007ffdbd7c8000 	C:\WINDOWS\SYSTEM32\USERENV.dll
0x00007ffdbd280000 - 0x00007ffdbd28c000 	C:\WINDOWS\SYSTEM32\CRYPTBASE.dll
0x00007ffdb9120000 - 0x00007ffdb9136000 	C:\WINDOWS\SYSTEM32\dhcpcsvc6.DLL
0x00007ffdb9090000 - 0x00007ffdb90ac000 	C:\WINDOWS\SYSTEM32\dhcpcsvc.DLL
0x00007ffda8e60000 - 0x00007ffda8efd000 	C:\Program Files\Java\jdk-9.0.1\bin\fontmanager.dll
0x00007ffd8fd90000 - 0x00007ffd8feb7000 	C:\WINDOWS\system32\opengl32.dll
0x00007ffd90be0000 - 0x00007ffd90c0c000 	C:\WINDOWS\SYSTEM32\GLU32.dll
0x00007ffd9a2f0000 - 0x00007ffd9a48e000 	C:\WINDOWS\system32\d3d9.dll
0x00007ffdad560000 - 0x00007ffdad64a000 	C:\WINDOWS\System32\DriverStore\FileRepository\nv_desktop_ref4wu.inf_amd64_0109a19b5125cb43\nvldumdx.dll
0x00007ffdbe470000 - 0x00007ffdbe4c9000 	C:\WINDOWS\System32\WINTRUST.DLL
0x00007ffdbf0b0000 - 0x00007ffdbf0cd000 	C:\WINDOWS\System32\imagehlp.dll
0x00007ffd8d150000 - 0x00007ffd8e326000 	C:\WINDOWS\System32\DriverStore\FileRepository\nv_desktop_ref4wu.inf_amd64_0109a19b5125cb43\nvd3dumx.dll
0x00007ffdab230000 - 0x00007ffdab31b000 	C:\Program Files (x86)\NVIDIA Corporation\3D Vision\nvSCPAPI64.dll
0x00007ffdbf2c0000 - 0x00007ffdbf736000 	C:\WINDOWS\System32\SETUPAPI.dll
0x00007ffdb65e0000 - 0x00007ffdb6622000 	C:\Program Files\Java\jdk-9.0.1\bin\t2k.dll
0x00007ffdbf200000 - 0x00007ffdbf2a2000 	C:\WINDOWS\System32\clbcatq.dll
0x00007ffdadb50000 - 0x00007ffdadd08000 	C:\WINDOWS\SYSTEM32\WindowsCodecs.dll
0x00007ffda8a80000 - 0x00007ffda8ad6000 	C:\WINDOWS\system32\dataexchange.dll
0x00007ffdbad80000 - 0x00007ffdbaffe000 	C:\WINDOWS\system32\d3d11.dll
0x00007ffdbb7c0000 - 0x00007ffdbb983000 	C:\WINDOWS\system32\dcomp.dll
0x00007ffdbc640000 - 0x00007ffdbc702000 	C:\WINDOWS\system32\dxgi.dll
0x00007ffdbbf00000 - 0x00007ffdbc10d000 	C:\WINDOWS\system32\twinapi.appcore.dll
0x00007ffdbc110000 - 0x00007ffdbc138000 	C:\WINDOWS\system32\RMCLIENT.dll
0x000000006e4c0000 - 0x000000006e4df000 	C:\Users\wyq\AppData\Local\Temp\jffi16022626320550440723.dll
0x00007ffdaaed0000 - 0x00007ffdaaef3000 	C:\Program Files\Java\jdk-9.0.1\bin\sunec.dll
0x00007ffdb48c0000 - 0x00007ffdb48cb000 	C:\Program Files\Java\jdk-9.0.1\bin\sunmscapi.dll
0x00007ffdb3490000 - 0x00007ffdb3525000 	C:\WINDOWS\System32\TextInputFramework.dll
0x00007ffdaddb0000 - 0x00007ffdae0d2000 	C:\WINDOWS\System32\CoreUIComponents.dll
0x00007ffdbb9c0000 - 0x00007ffdbbaa2000 	C:\WINDOWS\System32\CoreMessaging.dll
0x00007ffdbc8b0000 - 0x00007ffdbc8e1000 	C:\WINDOWS\SYSTEM32\ntmarta.dll
0x00007ffdb9ae0000 - 0x00007ffdb9c33000 	C:\WINDOWS\SYSTEM32\wintypes.dll
0x00000000637c0000 - 0x00000000637cd000 	C:\Users\wyq\AppData\Local\Temp\jogamp_0000\file_cache\jln17269003153019007533\jln7546256636956673292\natives\windows-amd64\gluegen-rt.dll
0x00007ffdb1350000 - 0x00007ffdb1357000 	C:\Program Files\Java\jdk-9.0.1\bin\jawt.dll
0x000000006a440000 - 0x000000006a44d000 	C:\Users\wyq\AppData\Local\Temp\jogamp_0000\file_cache\jln17269003153019007533\jln7546256636956673292\natives\windows-amd64\nativewindow_awt.dll
0x000000006c100000 - 0x000000006c10f000 	C:\Users\wyq\AppData\Local\Temp\jogamp_0000\file_cache\jln17269003153019007533\jln7546256636956673292\natives\windows-amd64\nativewindow_win32.dll
0x0000000064500000 - 0x00000000645b1000 	C:\Users\wyq\AppData\Local\Temp\jogamp_0000\file_cache\jln17269003153019007533\jln7546256636956673292\natives\windows-amd64\jogl_desktop.dll
0x00007ffd98660000 - 0x00007ffd98852000 	C:\Users\wyq\Anaconda3\Library\bin\libGLESv2.dll
0x00007ffdad090000 - 0x00007ffdad0a6000 	C:\Program Files\Java\jdk-9.0.1\bin\VCRUNTIME140.dll
0x00007ffd99ac0000 - 0x00007ffd99b5c000 	C:\Program Files\Java\jdk-9.0.1\bin\MSVCP140.dll
0x00007ffdb0400000 - 0x00007ffdb040a000 	C:\Users\wyq\Anaconda3\Library\bin\libEGL.dll
0x0000000064340000 - 0x00000000643a2000 	C:\Users\wyq\AppData\Local\Temp\jogamp_0000\file_cache\jln17269003153019007533\jln7546256636956673292\natives\windows-amd64\jogl_mobile.dll
0x0000000064be0000 - 0x0000000066ea7000 	C:\WINDOWS\SYSTEM32\nvoglv64.DLL
0x00007ffdb9890000 - 0x00007ffdb98a3000 	C:\WINDOWS\SYSTEM32\WTSAPI32.dll
0x00007ffdbd660000 - 0x00007ffdbd689000 	C:\WINDOWS\SYSTEM32\DEVOBJ.dll
0x00007ffdbc920000 - 0x00007ffdbc978000 	C:\WINDOWS\SYSTEM32\WINSTA.dll
0x00007ffdb7ad0000 - 0x00007ffdb7cbd000 	C:\WINDOWS\SYSTEM32\dbghelp.dll

VM Arguments:
jvm_args: -agentlib:jdwp=transport=dt_socket,server=n,address=61418 
java_command: org.meteoinfo.laboratory.MeteoInfoLab
java_class_path (initial): D:\MyProgram\java\MeteoInfoDev\MeteoInfo\MeteoInfoLab\target\classes;C:\Users\wyq\.m2\repository\org\meteothink\MeteoInfoLib\2.0-SNAPSHOT\MeteoInfoLib-2.0-SNAPSHOT.jar;C:\Users\wyq\.m2\repository\com\l2fprod\l2fprod-common-all\0.1\l2fprod-common-all-0.1.jar;C:\Users\wyq\.m2\repository\edu\ucar\netcdfAll\4.6.11\netcdfAll-4.6.11.jar;C:\Users\wyq\.m2\repository\joda-time\joda-time\2.10\joda-time-2.10.jar;C:\Users\wyq\.m2\repository\org\freehep\freehep-graphics2d\2.4\freehep-graphics2d-2.4.jar;C:\Users\wyq\.m2\repository\org\freehep\freehep-graphicsbase\2.4\freehep-graphicsbase-2.4.jar;C:\Users\wyq\.m2\repository\org\freehep\freehep-io\2.2.2\freehep-io-2.2.2.jar;C:\Users\wyq\.m2\repository\junit\junit\4.10\junit-4.10.jar;C:\Users\wyq\.m2\repository\org\hamcrest\hamcrest-core\1.1\hamcrest-core-1.1.jar;C:\Users\wyq\.m2\repository\org\freehep\freehep-graphicsio-ps\2.4\freehep-graphicsio-ps-2.4.jar;C:\Users\wyq\.m2\repository\org\freehep\freehep-graphicsio\2.4\freehep-graphicsio-2.4.jar;C:\Users\wyq\.m2\repository\org\freehep\freehep-graphicsio-tests\2.4\freehep-graphicsio-tests-2.4.jar;C:\Users\wyq\.m2\repository\org\scilab\forge\jlatexmath\1.0.7\jlatexmath-1.0.7.jar;C:\Users\wyq\.m2\repository\org\scilab\forge\jlatexmath-font-greek\1.0.7\jlatexmath-font-greek-1.0.7.jar;C:\Users\wyq\.m2\repository\org\scilab\forge\jlatexmath-font-cyrillic\1.0.7\jlatexmath-font-cyrillic-1.0.7.jar;C:\Users\wyq\.m2\repository\org\python\jython-standalone\2.7.1\jython-standalone-2.7.1.jar;C:\Users\wyq\.m2\repository\org\freehep\freehep-graphicsio-emf\2.4\freehep-graphicsio-emf-2.4.jar;C:\Users\wyq\.m2\repository\org\freehep\freehep-graphicsio-pdf\2.4\freehep-graphicsio-pdf-2.4.jar;C:\Users\wyq\.m2\repository\org\apache\commons\commons-imaging\1.0-alpha1\commons-imaging-1.0-alpha1.jar;C:\Users\wyq\.m2\repository\com\toedter\jcalendar\1.4\jcalendar-1.4.jar;C:\Users\wyq\.m2\repository\org\ejml\ejml-experimental\0.32\ejml-experimental-0.32.jar;C:\Users\wyq\.m2\reposito
Launcher Type: SUN_STANDARD

Logging:
Log output configuration:
#0: stdout all=warning uptime,level,tags
#1: stderr all=off uptime,level,tags

Environment Variables:
JAVA_HOME=C:\Program Files\Java\jdk-9.0.1
PATH=C:\Program Files (x86)\Common Files\NetSarang;C:\Program Files\Java\jdk-9.0.1\bin;C:\WINDOWS\system32;C:\WINDOWS;C:\WINDOWS\System32\Wbem;C:\WINDOWS\System32\WindowsPowerShell\v1.0\;C:\WINDOWS\System32\OpenSSH\;C:\Program Files\PuTTY\;C:\OpenGrADS\Contents\Cygwin\Versions\2.0.2.oga.2\i686;C:\Program Files\Git\cmd;E:\software\apache-maven-3.6.0\bin;C:\Program Files (x86)\Gpg4win\..\GnuPG\bin;C:\Users\wyq\Anaconda3;C:\Users\wyq\Anaconda3\Library\bin;C:\Users\wyq\Anaconda3\Scripts;C:\Program Files\dotnet\;C:\Tcl\bin;C:\Users\wyq\AppData\Local\Microsoft\WindowsApps;D:\MyProgram\Distribution\Java\MeteoInfo\MeteoInfo;C:\Program Files (x86)\Common Files\NetSarang;C:\Program Files\Java\jdk-9.0.1\bin;C:\WINDOWS\system32;C:\WINDOWS;C:\WINDOWS\System32\Wbem;C:\WINDOWS\System32\WindowsPowerShell\v1.0\;C:\WINDOWS\System32\OpenSSH\;C:\Program Files\PuTTY\;C:\OpenGrADS\Contents\Cygwin\Versions\2.0.2.oga.2\i686;C:\Program Files\Git\cmd;E:\software\apache-maven-3.6.0\bin;C:\Program Files (x86)\Gpg4win\..\GnuPG\bin;C:\Users\wyq\Anaconda3;C:\Users\wyq\Anaconda3\Library\bin;C:\Users\wyq\Anaconda3\Scripts;C:\Program Files\dotnet\;C:\Program Files\JetBrains\IntelliJ IDEA Community Edition 2018.3.4\bin;;D:\MyProgram\Distribution\Java\JythonLab\bin;C:\Users\wyq\Anaconda3;;C:\Users\wyq\AppData\Local\Programs\Microsoft VS Code\bin
USERNAME=wyq
OS=Windows_NT
PROCESSOR_IDENTIFIER=Intel64 Family 6 Model 94 Stepping 3, GenuineIntel



---------------  S Y S T E M  ---------------

OS: Windows 10 , 64 bit Build 17763 (10.0.17763.475)

CPU:total 8 (initial active 8) (4 cores per cpu, 2 threads per core) family 6 model 94 stepping 3, cmov, cx8, fxsr, mmx, sse, sse2, sse3, ssse3, sse4.1, sse4.2, popcnt, avx, avx2, aes, clmul, erms, rtm, 3dnowpref, lzcnt, ht, tsc, tscinvbit, bmi1, bmi2, adx, fma

Memory: 4k page, physical 16694104k(9180564k free), swap 19184472k(9761476k free)

vm_info: Java HotSpot(TM) 64-Bit Server VM (9.0.1+11) for windows-amd64 JRE (9.0.1+11), built on Sep 28 2017 04:54:03 by "mach5one" with MS VC++ 12.0 (VS2013)

END.
