#
# A fatal error has been detected by the Java Runtime Environment:
#
#  EXCEPTION_ACCESS_VIOLATION (0xc0000005) at pc=0x00000000656de279, pid=291036, tid=301772
#
# JRE version: Java(TM) SE Runtime Environment (9.0+11) (build 9.0.1+11)
# Java VM: Java HotSpot(TM) 64-Bit Server VM (9.0.1+11, mixed mode, tiered, compressed oops, g1 gc, windows-amd64)
# Problematic frame:
# C  [nvoglv64.DLL+0xafe279]
#
# No core dump will be written. Minidumps are not enabled by default on client versions of Windows
#
# If you would like to submit a bug report, please visit:
#   http://bugreport.java.com/bugreport/crash.jsp
# The crash happened outside the Java Virtual Machine in native code.
# See problematic frame for where to report the bug.
#

---------------  S U M M A R Y ------------

Command Line: -agentlib:jdwp=transport=dt_socket,server=n,address=61332 org.meteoinfo.laboratory.MeteoInfoLab

Host: Intel(R) Core(TM) i7-6700 CPU @ 3.40GHz, 8 cores, 15G,  Windows 10 , 64 bit Build 17763 (10.0.17763.475)
Time: Sun Sep 22 13:20:12 2019 ?D1¨²¡À¨º¡Á?¨º¡À?? elapsed time: 57 seconds (0d 0h 0m 57s)

---------------  T H R E A D  ---------------

Current thread (0x000002b881e6f000):  JavaThread "Thread-1" [_thread_in_native, id=301772, stack(0x000000bff3600000,0x000000bff3700000)]

Stack: [0x000000bff3600000,0x000000bff3700000],  sp=0x000000bff36fd668,  free space=1013k
Native frames: (J=compiled Java code, j=interpreted, Vv=VM code, C=native code)
C  [nvoglv64.DLL+0xafe279]

Java frames: (J=compiled Java code, j=interpreted, Vv=VM code)
J 8447  jogamp.opengl.gl4.GL4bcImpl.dispatch_glPushClientAttrib1(IJ)V (0 bytes) @ 0x000002b8e783399b [0x000002b8e7833960+0x000000000000003b]
J 8446 c1 jogamp.opengl.gl4.GL4bcImpl.glPushClientAttrib(I)V (59 bytes) @ 0x000002b8e120379c [0x000002b8e1202e60+0x000000000000093c]
j  com.jogamp.opengl.util.GLPixelStorageModes.savePack(Lcom/jogamp/opengl/GL;)V+24
j  com.jogamp.opengl.util.GLPixelStorageModes.setPackAlignment(Lcom/jogamp/opengl/GL;I)V+2
j  com.jogamp.opengl.util.GLReadBufferUtil.readPixelsImpl(Lcom/jogamp/opengl/GLDrawable;Lcom/jogamp/opengl/GL;IIIIZ)Z+432
j  com.jogamp.opengl.util.awt.AWTGLReadBufferUtil.readPixelsToBufferedImage(Lcom/jogamp/opengl/GL;IIIIZ)Ljava/awt/image/BufferedImage;+91
j  com.jogamp.opengl.util.awt.AWTGLReadBufferUtil.readPixelsToBufferedImage(Lcom/jogamp/opengl/GL;Z)Ljava/awt/image/BufferedImage;+7
j  org.meteoinfo.chart.jogl.GLChartPanel.saveImage(Ljava/lang/String;)V+23
v  ~StubRoutines::call_stub
J 5594  jdk.internal.reflect.NativeMethodAccessorImpl.invoke0(Ljava/lang/reflect/Method;Ljava/lang/Object;[Ljava/lang/Object;)Ljava/lang/Object; java.base@9.0.1 (0 bytes) @ 0x000002b8e75e0c5f [0x000002b8e75e0be0+0x000000000000007f]
J 5593 c1 jdk.internal.reflect.NativeMethodAccessorImpl.invoke(Ljava/lang/Object;[Ljava/lang/Object;)Ljava/lang/Object; java.base@9.0.1 (104 bytes) @ 0x000002b8e0b8640c [0x000002b8e0b852c0+0x000000000000114c]
J 2226 c1 jdk.internal.reflect.DelegatingMethodAccessorImpl.invoke(Ljava/lang/Object;[Ljava/lang/Object;)Ljava/lang/Object; java.base@9.0.1 (10 bytes) @ 0x000002b8e006435c [0x000002b8e0064240+0x000000000000011c]
J 5577 c1 org.python.core.PyReflectedFunction.__call__(Lorg/python/core/PyObject;[Lorg/python/core/PyObject;[Ljava/lang/String;)Lorg/python/core/PyObject; (239 bytes) @ 0x000002b8e0b705a4 [0x000002b8e0b6eaa0+0x0000000000001b04]
J 7252 c1 org.python.core.PyReflectedFunction.__call__([Lorg/python/core/PyObject;[Ljava/lang/String;)Lorg/python/core/PyObject; (47 bytes) @ 0x000002b8e0ee858c [0x000002b8e0ee82e0+0x00000000000002ac]
J 5505 c1 org.python.core.PyObject.__call__(Lorg/python/core/PyObject;Lorg/python/core/PyObject;)Lorg/python/core/PyObject; (20 bytes) @ 0x000002b8e0b30a6c [0x000002b8e0b30860+0x000000000000020c]
J 5541 c1 org.python.core.PyObject.__call__(Lorg/python/core/ThreadState;Lorg/python/core/PyObject;Lorg/python/core/PyObject;)Lorg/python/core/PyObject; (7 bytes) @ 0x000002b8e759ed1c [0x000002b8e759ecc0+0x000000000000005c]
J 5459 c1 org.python.core.PyMethod.__call__(Lorg/python/core/ThreadState;Lorg/python/core/PyObject;)Lorg/python/core/PyObject; (32 bytes) @ 0x000002b8e0b1f25c [0x000002b8e0b1f160+0x00000000000000fc]
j  mipylib.plotlib.miplot$py.savefig$48(Lorg/python/core/PyFrame;Lorg/python/core/ThreadState;)Lorg/python/core/PyObject;+493
j  mipylib.plotlib.miplot$py.call_function(ILorg/python/core/PyFrame;Lorg/python/core/ThreadState;)Lorg/python/core/PyObject;+660
J 4242 c1 org.python.core.PyTableCode.call(Lorg/python/core/ThreadState;Lorg/python/core/PyFrame;Lorg/python/core/PyObject;)Lorg/python/core/PyObject; (373 bytes) @ 0x000002b8e079e21c [0x000002b8e079de20+0x00000000000003fc]
J 4614 c1 org.python.core.PyBaseCode.call(Lorg/python/core/ThreadState;[Lorg/python/core/PyObject;[Ljava/lang/String;Lorg/python/core/PyObject;[Lorg/python/core/PyObject;Lorg/python/core/PyObject;)Lorg/python/core/PyObject; (794 bytes) @ 0x000002b8e08815b4 [0x000002b8e087af80+0x0000000000006634]
J 5356 c1 org.python.core.PyBaseCode.call(Lorg/python/core/ThreadState;Lorg/python/core/PyObject;Lorg/python/core/PyObject;[Lorg/python/core/PyObject;Lorg/python/core/PyObject;)Lorg/python/core/PyObject; (98 bytes) @ 0x000002b8e0ac3d8c [0x000002b8e0ac34e0+0x00000000000008ac]
J 5355 c1 org.python.core.PyFunction.__call__(Lorg/python/core/ThreadState;Lorg/python/core/PyObject;)Lorg/python/core/PyObject; (22 bytes) @ 0x000002b8e0ac3074 [0x000002b8e0ac2f40+0x0000000000000134]
j  org.python.pycode._pyx34.f$0(Lorg/python/core/PyFrame;Lorg/python/core/ThreadState;)Lorg/python/core/PyObject;+17
j  org.python.pycode._pyx34.call_function(ILorg/python/core/PyFrame;Lorg/python/core/ThreadState;)Lorg/python/core/PyObject;+24
J 4242 c1 org.python.core.PyTableCode.call(Lorg/python/core/ThreadState;Lorg/python/core/PyFrame;Lorg/python/core/PyObject;)Lorg/python/core/PyObject; (373 bytes) @ 0x000002b8e079e21c [0x000002b8e079de20+0x00000000000003fc]
j  org.python.core.PyCode.call(Lorg/python/core/ThreadState;Lorg/python/core/PyFrame;)Lorg/python/core/PyObject;+4
j  org.python.core.Py.runCode(Lorg/python/core/PyCode;Lorg/python/core/PyObject;Lorg/python/core/PyObject;)Lorg/python/core/PyObject;+154
j  org.python.core.Py.exec(Lorg/python/core/PyObject;Lorg/python/core/PyObject;Lorg/python/core/PyObject;)V+226
j  org.python.util.PythonInterpreter.exec(Lorg/python/core/PyObject;)V+10
j  org.python.util.InteractiveInterpreter.runcode(Lorg/python/core/PyObject;)V+2
j  org.python.util.InteractiveInterpreter.runsource(Ljava/lang/String;Ljava/lang/String;Lorg/python/core/CompileMode;)Z+83
j  org.python.util.InteractiveInterpreter.runsource(Ljava/lang/String;Ljava/lang/String;)Z+6
j  org.python.util.InteractiveConsole.push(Ljava/lang/String;)Z+41
j  org.meteoinfo.laboratory.gui.PythonInteractiveInterpreter.run()V+178
j  java.lang.Thread.run()V+11 java.base@9.0.1
v  ~StubRoutines::call_stub

siginfo: EXCEPTION_ACCESS_VIOLATION (0xc0000005), reading address 0x00000000000008f8


Register to memory mapping:

RIP=0x00000000656de279 nvoglv64.DLL
RAX=0x0000000000000000 is an unknown value
RBX={method} {0x000002b891e54110} 'glPushClientAttrib' '(I)V' in 'jogamp/opengl/gl4/GL4bcImpl'
RCX=0x0000000000000001 is an unknown value
RDX=0x000000bff36fd690 is pointing into the stack for thread: 0x000002b881e6f000
RSP=0x000000bff36fd668 is pointing into the stack for thread: 0x000002b881e6f000
RBP=0x000000bff36fd6d0 is pointing into the stack for thread: 0x000002b881e6f000
RSI=0x00000006d1ec6c50 is an oop
jogamp.opengl.gl4.GL4bcImpl 
{0x00000006d1ec6c50} - klass: 'jogamp/opengl/gl4/GL4bcImpl'
RDI=0x0000000000000138 is an unknown value
R8 =0x0000000000000001 is an unknown value
R9 =0x00000000656de270 nvoglv64.DLL
R10=0x0000000064516dc0 jogl_desktop.dll
R11=0x000002b8e1202e80 is at entry_point+32 in (nmethod*)0x000002b8e1202b90
R12=0x0000000000000000 is an unknown value
R13=0x000000bff36fd800 is pointing into the stack for thread: 0x000002b881e6f000
R14=0x000000bff36fd870 is pointing into the stack for thread: 0x000002b881e6f000
R15=0x000002b881e6f000 is a thread


Registers:
RAX=0x0000000000000000, RBX=0x000002b891e54108, RCX=0x0000000000000001, RDX=0x000000bff36fd690
RSP=0x000000bff36fd668, RBP=0x000000bff36fd6d0, RSI=0x00000006d1ec6c50, RDI=0x0000000000000138
R8 =0x0000000000000001, R9 =0x00000000656de270, R10=0x0000000064516dc0, R11=0x000002b8e1202e80
R12=0x0000000000000000, R13=0x000000bff36fd800, R14=0x000000bff36fd870, R15=0x000002b881e6f000
RIP=0x00000000656de279, EFLAGS=0x0000000000010246

Top of Stack: (sp=0x000000bff36fd668)
0x000000bff36fd668:   000002b8e7833a38 0000000000000000
0x000000bff36fd678:   000002b881e6f000 000002b8943c52c8
0x000000bff36fd688:   000002b8886a2d90 00000006d1ec6c50
0x000000bff36fd698:   0000000000000000 000002b8fcf15100
0x000000bff36fd6a8:   00000000670cc594 0000000000000000
0x000000bff36fd6b8:   000000bff36fd820 000002b8943c52c8
0x000000bff36fd6c8:   00000000000000b6 000000bff36fd858
0x000000bff36fd6d8:   000002b8e120379c 000002b893bf4298
0x000000bff36fd6e8:   000002b881e6f000 000002b8943c52c8
0x000000bff36fd6f8:   00000000671e98a3 0000000000000000
0x000000bff36fd708:   000000bff36fd800 000002b881e6f000
0x000000bff36fd718:   000000bff36fd810 000002b8000000b6
0x000000bff36fd728:   000002b881e6f000 000002b893bf4298
0x000000bff36fd738:   000002b881e6f000 000002b8943c3150
0x000000bff36fd748:   000002b881e6f000 000002b8943c4a30
0x000000bff36fd758:   000002b881e6f000 00000007c0c92008 

Instructions: (pc=0x00000000656de279)
0x00000000656de259:   af af af af af af af c3 cc cc cc cc cc cc cc cc
0x00000000656de269:   cc cc cc cc cc cc cc 65 48 8b 04 25 00 16 00 00
0x00000000656de279:   ff a0 f8 08 00 00 cc cc cc cc cc cc cc cc cc cc
0x00000000656de289:   cc cc cc cc cc cc cc cc cc cc cc cc cc cc cc cc 



---------------  P R O C E S S  ---------------

Java Threads: ( => current thread )
  0x000002b881e75800 JavaThread "SwingWorker-pool-1-thread-1-SharedResourceRunner" daemon [_thread_blocked, id=304336, stack(0x000000bff3950000,0x000000bff3a50000)]
  0x000002b881e70000 JavaThread "SwingWorker-pool-1-thread-1" daemon [_thread_blocked, id=301960, stack(0x000000bff3850000,0x000000bff3950000)]
  0x000002b881e72800 JavaThread "D3D Screen Updater" daemon [_thread_blocked, id=304408, stack(0x000000bff3700000,0x000000bff3800000)]
=>0x000002b881e6f000 JavaThread "Thread-1" [_thread_in_native, id=301772, stack(0x000000bff3600000,0x000000bff3700000)]
  0x000002b881e70800 JavaThread "Thread-0" [_thread_blocked, id=304696, stack(0x000000bff3500000,0x000000bff3600000)]
  0x000002b881404800 JavaThread "TimerQueue" daemon [_thread_blocked, id=304700, stack(0x000000bff3100000,0x000000bff3200000)]
  0x000002b8fe1c3800 JavaThread "org.netbeans.modules.debugger.jpda.visual AWT Access Loop" daemon [_thread_blocked, id=302608, stack(0x000000bff2e00000,0x000000bff2f00000)]
  0x000002b8d32af800 JavaThread "DestroyJavaVM" [_thread_blocked, id=304916, stack(0x000000bff0500000,0x000000bff0600000)]
  0x000002b8fe025000 JavaThread "AWT-EventQueue-0" [_thread_blocked, id=304768, stack(0x000000bff2d00000,0x000000bff2e00000)]
  0x000002b8fccab800 JavaThread "AWT-Windows" daemon [_thread_in_native, id=304392, stack(0x000000bff2c00000,0x000000bff2d00000)]
  0x000002b8fcf00800 JavaThread "AWT-Shutdown" [_thread_blocked, id=304476, stack(0x000000bff2b00000,0x000000bff2c00000)]
  0x000002b8fceff800 JavaThread "Java2D Disposer" daemon [_thread_blocked, id=304488, stack(0x000000bff2a00000,0x000000bff2b00000)]
  0x000002b8fc720000 JavaThread "Service Thread" daemon [_thread_blocked, id=304480, stack(0x000000bff2800000,0x000000bff2900000)]
  0x000002b8fc712800 JavaThread "JDWP Command Reader" daemon [_thread_in_native, id=304496, stack(0x000000bff2700000,0x000000bff2800000)]
  0x000002b8fc711800 JavaThread "JDWP Event Helper Thread" daemon [_thread_blocked, id=304616, stack(0x000000bff2600000,0x000000bff2700000)]
  0x000002b8fc708800 JavaThread "JDWP Transport Listener: dt_socket" daemon [_thread_blocked, id=304664, stack(0x000000bff2500000,0x000000bff2600000)]
  0x000002b8fc5b8000 JavaThread "Common-Cleaner" daemon [_thread_blocked, id=304648, stack(0x000000bff2400000,0x000000bff2500000)]
  0x000002b8fc520000 JavaThread "Sweeper thread" daemon [_thread_blocked, id=304644, stack(0x000000bff2300000,0x000000bff2400000)]
  0x000002b8fc4f7800 JavaThread "C1 CompilerThread3" daemon [_thread_blocked, id=304640, stack(0x000000bff2200000,0x000000bff2300000)]
  0x000002b8fc4ec800 JavaThread "C2 CompilerThread2" daemon [_thread_blocked, id=304636, stack(0x000000bff2100000,0x000000bff2200000)]
  0x000002b8fc4e7800 JavaThread "C2 CompilerThread1" daemon [_thread_blocked, id=304632, stack(0x000000bff2000000,0x000000bff2100000)]
  0x000002b8fc4e7000 JavaThread "C2 CompilerThread0" daemon [_thread_blocked, id=304628, stack(0x000000bff1f00000,0x000000bff2000000)]
  0x000002b8fc4de000 JavaThread "Attach Listener" daemon [_thread_blocked, id=304624, stack(0x000000bff1e00000,0x000000bff1f00000)]
  0x000002b8fc4d9000 JavaThread "Signal Dispatcher" daemon [_thread_blocked, id=304620, stack(0x000000bff1d00000,0x000000bff1e00000)]
  0x000002b8fc477800 JavaThread "Finalizer" daemon [_thread_blocked, id=304612, stack(0x000000bff1c00000,0x000000bff1d00000)]
  0x000002b8fc466800 JavaThread "Reference Handler" daemon [_thread_blocked, id=304608, stack(0x000000bff1b00000,0x000000bff1c00000)]

Other Threads:
  0x000002b8fc462000 VMThread "VM Thread" [stack: 0x000000bff1a00000,0x000000bff1b00000] [id=304604]
  0x000002b8fc724800 WatcherThread [stack: 0x000000bff2900000,0x000000bff2a00000] [id=304472]
  0x000002b8d32c8800 GCTaskThread "GC Thread#0" [stack: 0x000000bff0600000,0x000000bff0700000] [id=304528]
  0x000002b8d32ca000 GCTaskThread "GC Thread#1" [stack: 0x000000bff0700000,0x000000bff0800000] [id=304524]
  0x000002b8d32cb800 GCTaskThread "GC Thread#2" [stack: 0x000000bff0800000,0x000000bff0900000] [id=304520]
  0x000002b8d32cf000 GCTaskThread "GC Thread#3" [stack: 0x000000bff0900000,0x000000bff0a00000] [id=304536]
  0x000002b8d32d1000 GCTaskThread "GC Thread#4" [stack: 0x000000bff0a00000,0x000000bff0b00000] [id=304540]
  0x000002b8d32d5800 GCTaskThread "GC Thread#5" [stack: 0x000000bff0b00000,0x000000bff0c00000] [id=304544]
  0x000002b8d32d7800 GCTaskThread "GC Thread#6" [stack: 0x000000bff0c00000,0x000000bff0d00000] [id=304548]
  0x000002b8d32dd000 GCTaskThread "GC Thread#7" [stack: 0x000000bff0d00000,0x000000bff0e00000] [id=304552]
  0x000002b8d334d000 ConcurrentGCThread "G1 Main Marker" [stack: 0x000000bff1700000,0x000000bff1800000] [id=304592]
  0x000002b8d32dd800 ConcurrentGCThread "G1 Marker#0" [stack: 0x000000bff1800000,0x000000bff1900000] [id=304596]
  0x000002b8d32dc800 ConcurrentGCThread "G1 Marker#1" [stack: 0x000000bff1900000,0x000000bff1a00000] [id=304600]
  0x000002b8d32f4000 ConcurrentGCThread "G1 Refine#0" [stack: 0x000000bff1500000,0x000000bff1600000] [id=304584]
  0x000002b8d32f8000 ConcurrentGCThread "G1 Refine#1" [stack: 0x000000bff1400000,0x000000bff1500000] [id=304580]
  0x000002b8d32f2000 ConcurrentGCThread "G1 Refine#2" [stack: 0x000000bff1300000,0x000000bff1400000] [id=304576]
  0x000002b8d32f7000 ConcurrentGCThread "G1 Refine#3" [stack: 0x000000bff1200000,0x000000bff1300000] [id=304572]
  0x000002b8d32f6000 ConcurrentGCThread "G1 Refine#4" [stack: 0x000000bff1100000,0x000000bff1200000] [id=304568]
  0x000002b8d32f3000 ConcurrentGCThread "G1 Refine#5" [stack: 0x000000bff1000000,0x000000bff1100000] [id=304564]
  0x000002b8d32ed000 ConcurrentGCThread "G1 Refine#6" [stack: 0x000000bff0f00000,0x000000bff1000000] [id=304560]
  0x000002b8d32e4000 ConcurrentGCThread "G1 Refine#7" [stack: 0x000000bff0e00000,0x000000bff0f00000] [id=304556]
  0x000002b8d3301000 ConcurrentGCThread "G1 Young RemSet Sampling" [stack: 0x000000bff1600000,0x000000bff1700000] [id=304588]

Threads with active compile tasks:

VM state:not at safepoint (normal execution)

VM Mutex/Monitor currently owned by a thread: None

Heap address: 0x00000006c1400000, size: 4076 MB, Compressed Oops mode: Zero based, Oop shift amount: 3
Narrow klass base: 0x0000000000000000, Narrow klass shift: 3
Compressed class space size: 1073741824 Address: 0x00000007c0000000

Heap:
 garbage-first heap   total 315392K, used 243294K [0x00000006c1400000, 0x00000006c15009a0, 0x00000007c0000000)
  region size 1024K, 183 young (187392K), 22 survivors (22528K)
 Metaspace       used 83110K, capacity 87942K, committed 88220K, reserved 1124352K
  class space    used 12339K, capacity 13105K, committed 13212K, reserved 1048576K
Heap Regions: E=young(eden), S=young(survivor), O=old, HS=humongous(starts), HC=humongous(continues), CS=collection set, F=free, A=archive, TS=gc time stamp, AC=allocation context, TAMS=top-at-mark-start (previous, next)
|   0|0x00000006c1400000, 0x00000006c1500000, 0x00000006c1500000|100%|HS|  |TS  0|AC  0|TAMS 0x00000006c1500000, 0x00000006c1500000|
|   1|0x00000006c1500000, 0x00000006c1600000, 0x00000006c1600000|100%|HC|  |TS  0|AC  0|TAMS 0x00000006c1600000, 0x00000006c1600000|
|   2|0x00000006c1600000, 0x00000006c1700000, 0x00000006c1700000|100%|HS|  |TS  0|AC  0|TAMS 0x00000006c1700000, 0x00000006c1700000|
|   3|0x00000006c1700000, 0x00000006c1800000, 0x00000006c1800000|100%|HC|  |TS  0|AC  0|TAMS 0x00000006c1800000, 0x00000006c1800000|
|   4|0x00000006c1800000, 0x00000006c1900000, 0x00000006c1900000|100%| O|  |TS  0|AC  0|TAMS 0x00000006c1900000, 0x00000006c1900000|
|   5|0x00000006c1900000, 0x00000006c1a00000, 0x00000006c1a00000|100%| O|  |TS  0|AC  0|TAMS 0x00000006c1a00000, 0x00000006c1a00000|
|   6|0x00000006c1a00000, 0x00000006c1b00000, 0x00000006c1b00000|100%| O|  |TS  0|AC  0|TAMS 0x00000006c1b00000, 0x00000006c1b00000|
|   7|0x00000006c1b00000, 0x00000006c1c00000, 0x00000006c1c00000|100%| O|  |TS  0|AC  0|TAMS 0x00000006c1c00000, 0x00000006c1c00000|
|   8|0x00000006c1c00000, 0x00000006c1d00000, 0x00000006c1d00000|100%| O|  |TS  0|AC  0|TAMS 0x00000006c1d00000, 0x00000006c1d00000|
|   9|0x00000006c1d00000, 0x00000006c1e00000, 0x00000006c1e00000|100%| O|  |TS  0|AC  0|TAMS 0x00000006c1e00000, 0x00000006c1e00000|
|  10|0x00000006c1e00000, 0x00000006c1f00000, 0x00000006c1f00000|100%| O|  |TS  0|AC  0|TAMS 0x00000006c1f00000, 0x00000006c1f00000|
|  11|0x00000006c1f00000, 0x00000006c2000000, 0x00000006c2000000|100%| O|  |TS  0|AC  0|TAMS 0x00000006c2000000, 0x00000006c2000000|
|  12|0x00000006c2000000, 0x00000006c2100000, 0x00000006c2100000|100%| O|  |TS  0|AC  0|TAMS 0x00000006c2100000, 0x00000006c2100000|
|  13|0x00000006c2100000, 0x00000006c2200000, 0x00000006c2200000|100%| O|  |TS  0|AC  0|TAMS 0x00000006c2200000, 0x00000006c2200000|
|  14|0x00000006c2200000, 0x00000006c2300000, 0x00000006c2300000|100%| O|  |TS  0|AC  0|TAMS 0x00000006c2300000, 0x00000006c2300000|
|  15|0x00000006c2300000, 0x00000006c2400000, 0x00000006c2400000|100%|HS|  |TS  0|AC  0|TAMS 0x00000006c2300000, 0x00000006c2300000|
|  16|0x00000006c2400000, 0x00000006c2500000, 0x00000006c2500000|100%|HS|  |TS  0|AC  0|TAMS 0x00000006c2400000, 0x00000006c2400000|
|  17|0x00000006c2500000, 0x00000006c2600000, 0x00000006c2600000|100%|HS|  |TS  0|AC  0|TAMS 0x00000006c2500000, 0x00000006c2500000|
|  18|0x00000006c2600000, 0x00000006c2700000, 0x00000006c2700000|100%| O|  |TS  0|AC  0|TAMS 0x00000006c2700000, 0x00000006c2700000|
|  19|0x00000006c2700000, 0x00000006c2800000, 0x00000006c2800000|100%| O|  |TS  0|AC  0|TAMS 0x00000006c2800000, 0x00000006c2800000|
|  20|0x00000006c2800000, 0x00000006c2900000, 0x00000006c2900000|100%| O|  |TS  0|AC  0|TAMS 0x00000006c2900000, 0x00000006c2900000|
|  21|0x00000006c2900000, 0x00000006c2a00000, 0x00000006c2a00000|100%| O|  |TS  0|AC  0|TAMS 0x00000006c2a00000, 0x00000006c2a00000|
|  22|0x00000006c2a00000, 0x00000006c2b00000, 0x00000006c2b00000|100%| O|  |TS  0|AC  0|TAMS 0x00000006c2b00000, 0x00000006c2b00000|
|  23|0x00000006c2b00000, 0x00000006c2c00000, 0x00000006c2c00000|100%| O|  |TS  0|AC  0|TAMS 0x00000006c2c00000, 0x00000006c2c00000|
|  24|0x00000006c2c00000, 0x00000006c2d00000, 0x00000006c2d00000|100%| O|  |TS  0|AC  0|TAMS 0x00000006c2d00000, 0x00000006c2d00000|
|  25|0x00000006c2d00000, 0x00000006c2e00000, 0x00000006c2e00000|100%| O|  |TS  0|AC  0|TAMS 0x00000006c2e00000, 0x00000006c2e00000|
|  26|0x00000006c2e00000, 0x00000006c2f00000, 0x00000006c2f00000|100%| O|  |TS  0|AC  0|TAMS 0x00000006c2f00000, 0x00000006c2f00000|
|  27|0x00000006c2f00000, 0x00000006c3000000, 0x00000006c3000000|100%| O|  |TS  0|AC  0|TAMS 0x00000006c3000000, 0x00000006c3000000|
|  28|0x00000006c3000000, 0x00000006c3100000, 0x00000006c3100000|100%| O|  |TS  0|AC  0|TAMS 0x00000006c3100000, 0x00000006c3100000|
|  29|0x00000006c3100000, 0x00000006c3200000, 0x00000006c3200000|100%| O|  |TS  0|AC  0|TAMS 0x00000006c3200000, 0x00000006c3200000|
|  30|0x00000006c3200000, 0x00000006c3300000, 0x00000006c3300000|100%| O|  |TS  0|AC  0|TAMS 0x00000006c3300000, 0x00000006c3300000|
|  31|0x00000006c3300000, 0x00000006c3400000, 0x00000006c3400000|100%| O|  |TS  0|AC  0|TAMS 0x00000006c3400000, 0x00000006c3400000|
|  32|0x00000006c3400000, 0x00000006c3500000, 0x00000006c3500000|100%| O|  |TS  0|AC  0|TAMS 0x00000006c3500000, 0x00000006c3500000|
|  33|0x00000006c3500000, 0x00000006c3600000, 0x00000006c3600000|100%| O|  |TS  0|AC  0|TAMS 0x00000006c3600000, 0x00000006c3600000|
|  34|0x00000006c3600000, 0x00000006c3700000, 0x00000006c3700000|100%| O|  |TS  0|AC  0|TAMS 0x00000006c3700000, 0x00000006c3700000|
|  35|0x00000006c3700000, 0x00000006c3800000, 0x00000006c3800000|100%| O|  |TS  0|AC  0|TAMS 0x00000006c3800000, 0x00000006c3800000|
|  36|0x00000006c3800000, 0x00000006c3900000, 0x00000006c3900000|100%| O|  |TS  0|AC  0|TAMS 0x00000006c3900000, 0x00000006c3900000|
|  37|0x00000006c3900000, 0x00000006c3a00000, 0x00000006c3a00000|100%| O|  |TS  0|AC  0|TAMS 0x00000006c3a00000, 0x00000006c3a00000|
|  38|0x00000006c3a00000, 0x00000006c3b00000, 0x00000006c3b00000|100%| O|  |TS  0|AC  0|TAMS 0x00000006c3b00000, 0x00000006c3b00000|
|  39|0x00000006c3b00000, 0x00000006c3c00000, 0x00000006c3c00000|100%| O|  |TS  0|AC  0|TAMS 0x00000006c3c00000, 0x00000006c3c00000|
|  40|0x00000006c3c00000, 0x00000006c3d00000, 0x00000006c3d00000|100%| O|  |TS  0|AC  0|TAMS 0x00000006c3d00000, 0x00000006c3d00000|
|  41|0x00000006c3d00000, 0x00000006c3e00000, 0x00000006c3e00000|100%| O|  |TS  0|AC  0|TAMS 0x00000006c3e00000, 0x00000006c3e00000|
|  42|0x00000006c3e00000, 0x00000006c3f00000, 0x00000006c3f00000|100%| O|  |TS  0|AC  0|TAMS 0x00000006c3f00000, 0x00000006c3f00000|
|  43|0x00000006c3f00000, 0x00000006c3f5e000, 0x00000006c4000000| 36%| O|  |TS  5|AC  0|TAMS 0x00000006c3f5e000, 0x00000006c3f5e000|
|  44|0x00000006c4000000, 0x00000006c4100000, 0x00000006c4100000|100%|HS|  |TS  0|AC  0|TAMS 0x00000006c4000000, 0x00000006c4000000|
|  45|0x00000006c4100000, 0x00000006c4200000, 0x00000006c4200000|100%|HS|  |TS  0|AC  0|TAMS 0x00000006c4100000, 0x00000006c4100000|
|  46|0x00000006c4200000, 0x00000006c4300000, 0x00000006c4300000|100%|HS|  |TS  0|AC  0|TAMS 0x00000006c4200000, 0x00000006c4200000|
|  47|0x00000006c4300000, 0x00000006c4400000, 0x00000006c4400000|100%|HS|  |TS  0|AC  0|TAMS 0x00000006c4300000, 0x00000006c4300000|
|  48|0x00000006c4400000, 0x00000006c4500000, 0x00000006c4500000|100%|HS|  |TS  0|AC  0|TAMS 0x00000006c4400000, 0x00000006c4400000|
|  49|0x00000006c4500000, 0x00000006c4600000, 0x00000006c4600000|100%|HC|  |TS  0|AC  0|TAMS 0x00000006c4500000, 0x00000006c4500000|
|  50|0x00000006c4600000, 0x00000006c4700000, 0x00000006c4700000|100%|HS|  |TS  0|AC  0|TAMS 0x00000006c4600000, 0x00000006c4600000|
|  51|0x00000006c4700000, 0x00000006c4800000, 0x00000006c4800000|100%|HS|  |TS  0|AC  0|TAMS 0x00000006c4700000, 0x00000006c4700000|
|  52|0x00000006c4800000, 0x00000006c4900000, 0x00000006c4900000|100%|HS|  |TS  0|AC  0|TAMS 0x00000006c4800000, 0x00000006c4800000|
|  53|0x00000006c4900000, 0x00000006c4a00000, 0x00000006c4a00000|100%|HS|  |TS  0|AC  0|TAMS 0x00000006c4900000, 0x00000006c4900000|
|  54|0x00000006c4a00000, 0x00000006c4b00000, 0x00000006c4b00000|100%|HS|  |TS  0|AC  0|TAMS 0x00000006c4a00000, 0x00000006c4a00000|
|  55|0x00000006c4b00000, 0x00000006c4c00000, 0x00000006c4c00000|100%|HS|  |TS  0|AC  0|TAMS 0x00000006c4b00000, 0x00000006c4b00000|
|  56|0x00000006c4c00000, 0x00000006c4d00000, 0x00000006c4d00000|100%|HS|  |TS  0|AC  0|TAMS 0x00000006c4c00000, 0x00000006c4c00000|
|  57|0x00000006c4d00000, 0x00000006c4d00000, 0x00000006c4e00000|  0%| F|  |TS  0|AC  0|TAMS 0x00000006c4d00000, 0x00000006c4d00000|
|  58|0x00000006c4e00000, 0x00000006c4e00000, 0x00000006c4f00000|  0%| F|  |TS  0|AC  0|TAMS 0x00000006c4e00000, 0x00000006c4e00000|
|  59|0x00000006c4f00000, 0x00000006c4f00000, 0x00000006c5000000|  0%| F|  |TS  0|AC  0|TAMS 0x00000006c4f00000, 0x00000006c4f00000|
|  60|0x00000006c5000000, 0x00000006c5000000, 0x00000006c5100000|  0%| F|  |TS  0|AC  0|TAMS 0x00000006c5000000, 0x00000006c5000000|
|  61|0x00000006c5100000, 0x00000006c5100000, 0x00000006c5200000|  0%| F|  |TS  0|AC  0|TAMS 0x00000006c5100000, 0x00000006c5100000|
|  62|0x00000006c5200000, 0x00000006c5200000, 0x00000006c5300000|  0%| F|  |TS  0|AC  0|TAMS 0x00000006c5200000, 0x00000006c5200000|
|  63|0x00000006c5300000, 0x00000006c5300000, 0x00000006c5400000|  0%| F|  |TS  0|AC  0|TAMS 0x00000006c5300000, 0x00000006c5300000|
|  64|0x00000006c5400000, 0x00000006c5400000, 0x00000006c5500000|  0%| F|  |TS  0|AC  0|TAMS 0x00000006c5400000, 0x00000006c5400000|
|  65|0x00000006c5500000, 0x00000006c5500000, 0x00000006c5600000|  0%| F|  |TS  0|AC  0|TAMS 0x00000006c5500000, 0x00000006c5500000|
|  66|0x00000006c5600000, 0x00000006c5600000, 0x00000006c5700000|  0%| F|  |TS  0|AC  0|TAMS 0x00000006c5600000, 0x00000006c5600000|
|  67|0x00000006c5700000, 0x00000006c5700000, 0x00000006c5800000|  0%| F|  |TS  0|AC  0|TAMS 0x00000006c5700000, 0x00000006c5700000|
|  68|0x00000006c5800000, 0x00000006c5800000, 0x00000006c5900000|  0%| F|  |TS  0|AC  0|TAMS 0x00000006c5800000, 0x00000006c5800000|
|  69|0x00000006c5900000, 0x00000006c5900000, 0x00000006c5a00000|  0%| F|  |TS  0|AC  0|TAMS 0x00000006c5900000, 0x00000006c5900000|
|  70|0x00000006c5a00000, 0x00000006c5a00000, 0x00000006c5b00000|  0%| F|  |TS  0|AC  0|TAMS 0x00000006c5a00000, 0x00000006c5a00000|
|  71|0x00000006c5b00000, 0x00000006c5b00000, 0x00000006c5c00000|  0%| F|  |TS  0|AC  0|TAMS 0x00000006c5b00000, 0x00000006c5b00000|
|  72|0x00000006c5c00000, 0x00000006c5c00000, 0x00000006c5d00000|  0%| F|  |TS  0|AC  0|TAMS 0x00000006c5c00000, 0x00000006c5c00000|
|  73|0x00000006c5d00000, 0x00000006c5d00000, 0x00000006c5e00000|  0%| F|  |TS  0|AC  0|TAMS 0x00000006c5d00000, 0x00000006c5d00000|
|  74|0x00000006c5e00000, 0x00000006c5e00000, 0x00000006c5f00000|  0%| F|  |TS  0|AC  0|TAMS 0x00000006c5e00000, 0x00000006c5e00000|
|  75|0x00000006c5f00000, 0x00000006c5f00000, 0x00000006c6000000|  0%| F|  |TS  0|AC  0|TAMS 0x00000006c5f00000, 0x00000006c5f00000|
|  76|0x00000006c6000000, 0x00000006c6000000, 0x00000006c6100000|  0%| F|  |TS  0|AC  0|TAMS 0x00000006c6000000, 0x00000006c6000000|
|  77|0x00000006c6100000, 0x00000006c6100000, 0x00000006c6200000|  0%| F|  |TS  0|AC  0|TAMS 0x00000006c6100000, 0x00000006c6100000|
|  78|0x00000006c6200000, 0x00000006c6200000, 0x00000006c6300000|  0%| F|  |TS  0|AC  0|TAMS 0x00000006c6200000, 0x00000006c6200000|
|  79|0x00000006c6300000, 0x00000006c6300000, 0x00000006c6400000|  0%| F|  |TS  0|AC  0|TAMS 0x00000006c6300000, 0x00000006c6300000|
|  80|0x00000006c6400000, 0x00000006c6400000, 0x00000006c6500000|  0%| F|  |TS  0|AC  0|TAMS 0x00000006c6400000, 0x00000006c6400000|
|  81|0x00000006c6500000, 0x00000006c6500000, 0x00000006c6600000|  0%| F|  |TS  0|AC  0|TAMS 0x00000006c6500000, 0x00000006c6500000|
|  82|0x00000006c6600000, 0x00000006c6600000, 0x00000006c6700000|  0%| F|  |TS  0|AC  0|TAMS 0x00000006c6600000, 0x00000006c6600000|
|  83|0x00000006c6700000, 0x00000006c6700000, 0x00000006c6800000|  0%| F|  |TS  0|AC  0|TAMS 0x00000006c6700000, 0x00000006c6700000|
|  84|0x00000006c6800000, 0x00000006c6800000, 0x00000006c6900000|  0%| F|  |TS  0|AC  0|TAMS 0x00000006c6800000, 0x00000006c6800000|
|  85|0x00000006c6900000, 0x00000006c6900000, 0x00000006c6a00000|  0%| F|  |TS  0|AC  0|TAMS 0x00000006c6900000, 0x00000006c6900000|
|  86|0x00000006c6a00000, 0x00000006c6a00000, 0x00000006c6b00000|  0%| F|  |TS  0|AC  0|TAMS 0x00000006c6a00000, 0x00000006c6a00000|
|  87|0x00000006c6b00000, 0x00000006c6b00000, 0x00000006c6c00000|  0%| F|  |TS  0|AC  0|TAMS 0x00000006c6b00000, 0x00000006c6b00000|
|  88|0x00000006c6c00000, 0x00000006c6c00000, 0x00000006c6d00000|  0%| F|  |TS  0|AC  0|TAMS 0x00000006c6c00000, 0x00000006c6c00000|
|  89|0x00000006c6d00000, 0x00000006c6d00000, 0x00000006c6e00000|  0%| F|  |TS  0|AC  0|TAMS 0x00000006c6d00000, 0x00000006c6d00000|
|  90|0x00000006c6e00000, 0x00000006c6e00000, 0x00000006c6f00000|  0%| F|  |TS  0|AC  0|TAMS 0x00000006c6e00000, 0x00000006c6e00000|
|  91|0x00000006c6f00000, 0x00000006c6f00000, 0x00000006c7000000|  0%| F|  |TS  0|AC  0|TAMS 0x00000006c6f00000, 0x00000006c6f00000|
|  92|0x00000006c7000000, 0x00000006c7000000, 0x00000006c7100000|  0%| F|  |TS  0|AC  0|TAMS 0x00000006c7000000, 0x00000006c7000000|
|  93|0x00000006c7100000, 0x00000006c7100000, 0x00000006c7200000|  0%| F|  |TS  0|AC  0|TAMS 0x00000006c7100000, 0x00000006c7100000|
|  94|0x00000006c7200000, 0x00000006c7200000, 0x00000006c7300000|  0%| F|  |TS  0|AC  0|TAMS 0x00000006c7200000, 0x00000006c7200000|
|  95|0x00000006c7300000, 0x00000006c7300000, 0x00000006c7400000|  0%| F|  |TS  0|AC  0|TAMS 0x00000006c7300000, 0x00000006c7300000|
|  96|0x00000006c7400000, 0x00000006c7400000, 0x00000006c7500000|  0%| F|  |TS  0|AC  0|TAMS 0x00000006c7400000, 0x00000006c7400000|
|  97|0x00000006c7500000, 0x00000006c7500000, 0x00000006c7600000|  0%| F|  |TS  0|AC  0|TAMS 0x00000006c7500000, 0x00000006c7500000|
|  98|0x00000006c7600000, 0x00000006c7600000, 0x00000006c7700000|  0%| F|  |TS  0|AC  0|TAMS 0x00000006c7600000, 0x00000006c7600000|
|  99|0x00000006c7700000, 0x00000006c7700000, 0x00000006c7800000|  0%| F|  |TS  0|AC  0|TAMS 0x00000006c7700000, 0x00000006c7700000|
| 100|0x00000006c7800000, 0x00000006c7800000, 0x00000006c7900000|  0%| F|  |TS  0|AC  0|TAMS 0x00000006c7800000, 0x00000006c7800000|
| 101|0x00000006c7900000, 0x00000006c7900000, 0x00000006c7a00000|  0%| F|  |TS  0|AC  0|TAMS 0x00000006c7900000, 0x00000006c7900000|
| 102|0x00000006c7a00000, 0x00000006c7a39a90, 0x00000006c7b00000| 22%| S|CS|TS  5|AC  0|TAMS 0x00000006c7a00000, 0x00000006c7a00000|
| 103|0x00000006c7b00000, 0x00000006c7c00000, 0x00000006c7c00000|100%| S|CS|TS  5|AC  0|TAMS 0x00000006c7b00000, 0x00000006c7b00000|
| 104|0x00000006c7c00000, 0x00000006c7d00000, 0x00000006c7d00000|100%| S|CS|TS  5|AC  0|TAMS 0x00000006c7c00000, 0x00000006c7c00000|
| 105|0x00000006c7d00000, 0x00000006c7e00000, 0x00000006c7e00000|100%| S|CS|TS  5|AC  0|TAMS 0x00000006c7d00000, 0x00000006c7d00000|
| 106|0x00000006c7e00000, 0x00000006c7f00000, 0x00000006c7f00000|100%| S|CS|TS  5|AC  0|TAMS 0x00000006c7e00000, 0x00000006c7e00000|
| 107|0x00000006c7f00000, 0x00000006c8000000, 0x00000006c8000000|100%| S|CS|TS  5|AC  0|TAMS 0x00000006c7f00000, 0x00000006c7f00000|
| 108|0x00000006c8000000, 0x00000006c8100000, 0x00000006c8100000|100%| S|CS|TS  5|AC  0|TAMS 0x00000006c8000000, 0x00000006c8000000|
| 109|0x00000006c8100000, 0x00000006c8200000, 0x00000006c8200000|100%| S|CS|TS  5|AC  0|TAMS 0x00000006c8100000, 0x00000006c8100000|
| 110|0x00000006c8200000, 0x00000006c8300000, 0x00000006c8300000|100%| S|CS|TS  5|AC  0|TAMS 0x00000006c8200000, 0x00000006c8200000|
| 111|0x00000006c8300000, 0x00000006c8400000, 0x00000006c8400000|100%| S|CS|TS  5|AC  0|TAMS 0x00000006c8300000, 0x00000006c8300000|
| 112|0x00000006c8400000, 0x00000006c8400000, 0x00000006c8500000|  0%| F|  |TS  5|AC  0|TAMS 0x00000006c8400000, 0x00000006c8400000|
| 113|0x00000006c8500000, 0x00000006c8500000, 0x00000006c8600000|  0%| F|  |TS  5|AC  0|TAMS 0x00000006c8500000, 0x00000006c8500000|
| 114|0x00000006c8600000, 0x00000006c8600000, 0x00000006c8700000|  0%| F|  |TS  5|AC  0|TAMS 0x00000006c8600000, 0x00000006c8600000|
| 115|0x00000006c8700000, 0x00000006c8700000, 0x00000006c8800000|  0%| F|  |TS  5|AC  0|TAMS 0x00000006c8700000, 0x00000006c8700000|
| 116|0x00000006c8800000, 0x00000006c8800000, 0x00000006c8900000|  0%| F|  |TS  5|AC  0|TAMS 0x00000006c8800000, 0x00000006c8800000|
| 117|0x00000006c8900000, 0x00000006c8900000, 0x00000006c8a00000|  0%| F|  |TS  5|AC  0|TAMS 0x00000006c8900000, 0x00000006c8900000|
| 118|0x00000006c8a00000, 0x00000006c8a00000, 0x00000006c8b00000|  0%| F|  |TS  5|AC  0|TAMS 0x00000006c8a00000, 0x00000006c8a00000|
| 119|0x00000006c8b00000, 0x00000006c8b00000, 0x00000006c8c00000|  0%| F|  |TS  5|AC  0|TAMS 0x00000006c8b00000, 0x00000006c8b00000|
| 120|0x00000006c8c00000, 0x00000006c8c00000, 0x00000006c8d00000|  0%| F|  |TS  5|AC  0|TAMS 0x00000006c8c00000, 0x00000006c8c00000|
| 121|0x00000006c8d00000, 0x00000006c8d00000, 0x00000006c8e00000|  0%| F|  |TS  5|AC  0|TAMS 0x00000006c8d00000, 0x00000006c8d00000|
| 122|0x00000006c8e00000, 0x00000006c8e00000, 0x00000006c8f00000|  0%| F|  |TS  5|AC  0|TAMS 0x00000006c8e00000, 0x00000006c8e00000|
| 123|0x00000006c8f00000, 0x00000006c8f00000, 0x00000006c9000000|  0%| F|  |TS  5|AC  0|TAMS 0x00000006c8f00000, 0x00000006c8f00000|
| 124|0x00000006c9000000, 0x00000006c9100000, 0x00000006c9100000|100%| S|CS|TS  5|AC  0|TAMS 0x00000006c9000000, 0x00000006c9000000|
| 125|0x00000006c9100000, 0x00000006c9200000, 0x00000006c9200000|100%| S|CS|TS  5|AC  0|TAMS 0x00000006c9100000, 0x00000006c9100000|
| 126|0x00000006c9200000, 0x00000006c9300000, 0x00000006c9300000|100%| S|CS|TS  5|AC  0|TAMS 0x00000006c9200000, 0x00000006c9200000|
| 127|0x00000006c9300000, 0x00000006c9400000, 0x00000006c9400000|100%| S|CS|TS  5|AC  0|TAMS 0x00000006c9300000, 0x00000006c9300000|
| 128|0x00000006c9400000, 0x00000006c9500000, 0x00000006c9500000|100%| S|CS|TS  5|AC  0|TAMS 0x00000006c9400000, 0x00000006c9400000|
| 129|0x00000006c9500000, 0x00000006c9600000, 0x00000006c9600000|100%| S|CS|TS  5|AC  0|TAMS 0x00000006c9500000, 0x00000006c9500000|
| 130|0x00000006c9600000, 0x00000006c9700000, 0x00000006c9700000|100%| S|CS|TS  5|AC  0|TAMS 0x00000006c9600000, 0x00000006c9600000|
| 131|0x00000006c9700000, 0x00000006c9800000, 0x00000006c9800000|100%| S|CS|TS  5|AC  0|TAMS 0x00000006c9700000, 0x00000006c9700000|
| 132|0x00000006c9800000, 0x00000006c9900000, 0x00000006c9900000|100%| S|CS|TS  5|AC  0|TAMS 0x00000006c9800000, 0x00000006c9800000|
| 133|0x00000006c9900000, 0x00000006c9a00000, 0x00000006c9a00000|100%| S|CS|TS  5|AC  0|TAMS 0x00000006c9900000, 0x00000006c9900000|
| 134|0x00000006c9a00000, 0x00000006c9b00000, 0x00000006c9b00000|100%| S|CS|TS  5|AC  0|TAMS 0x00000006c9a00000, 0x00000006c9a00000|
| 135|0x00000006c9b00000, 0x00000006c9c00000, 0x00000006c9c00000|100%| S|CS|TS  5|AC  0|TAMS 0x00000006c9b00000, 0x00000006c9b00000|
| 136|0x00000006c9c00000, 0x00000006c9c00000, 0x00000006c9d00000|  0%| F|  |TS  5|AC  0|TAMS 0x00000006c9c00000, 0x00000006c9c00000|
| 137|0x00000006c9d00000, 0x00000006c9d00000, 0x00000006c9e00000|  0%| F|  |TS  5|AC  0|TAMS 0x00000006c9d00000, 0x00000006c9d00000|
| 138|0x00000006c9e00000, 0x00000006c9e00000, 0x00000006c9f00000|  0%| F|  |TS  5|AC  0|TAMS 0x00000006c9e00000, 0x00000006c9e00000|
| 139|0x00000006c9f00000, 0x00000006c9f00000, 0x00000006ca000000|  0%| F|  |TS  5|AC  0|TAMS 0x00000006c9f00000, 0x00000006c9f00000|
| 140|0x00000006ca000000, 0x00000006ca000000, 0x00000006ca100000|  0%| F|  |TS  5|AC  0|TAMS 0x00000006ca000000, 0x00000006ca000000|
| 141|0x00000006ca100000, 0x00000006ca100000, 0x00000006ca200000|  0%| F|  |TS  5|AC  0|TAMS 0x00000006ca100000, 0x00000006ca100000|
| 142|0x00000006ca200000, 0x00000006ca200000, 0x00000006ca300000|  0%| F|  |TS  5|AC  0|TAMS 0x00000006ca200000, 0x00000006ca200000|
| 143|0x00000006ca300000, 0x00000006ca300000, 0x00000006ca400000|  0%| F|  |TS  5|AC  0|TAMS 0x00000006ca300000, 0x00000006ca300000|
| 144|0x00000006ca400000, 0x00000006ca400000, 0x00000006ca500000|  0%| F|  |TS  5|AC  0|TAMS 0x00000006ca400000, 0x00000006ca400000|
| 145|0x00000006ca500000, 0x00000006ca500000, 0x00000006ca600000|  0%| F|  |TS  5|AC  0|TAMS 0x00000006ca500000, 0x00000006ca500000|
| 146|0x00000006ca600000, 0x00000006ca600000, 0x00000006ca700000|  0%| F|  |TS  5|AC  0|TAMS 0x00000006ca600000, 0x00000006ca600000|
| 147|0x00000006ca700000, 0x00000006ca7fd698, 0x00000006ca800000| 98%| E|  |TS  5|AC  0|TAMS 0x00000006ca700000, 0x00000006ca700000|
| 148|0x00000006ca800000, 0x00000006ca900000, 0x00000006ca900000|100%| E|CS|TS  5|AC  0|TAMS 0x00000006ca800000, 0x00000006ca800000|
| 149|0x00000006ca900000, 0x00000006caa00000, 0x00000006caa00000|100%| E|CS|TS  5|AC  0|TAMS 0x00000006ca900000, 0x00000006ca900000|
| 150|0x00000006caa00000, 0x00000006cab00000, 0x00000006cab00000|100%| E|CS|TS  5|AC  0|TAMS 0x00000006caa00000, 0x00000006caa00000|
| 151|0x00000006cab00000, 0x00000006cac00000, 0x00000006cac00000|100%| E|CS|TS  5|AC  0|TAMS 0x00000006cab00000, 0x00000006cab00000|
| 152|0x00000006cac00000, 0x00000006cad00000, 0x00000006cad00000|100%| E|CS|TS  5|AC  0|TAMS 0x00000006cac00000, 0x00000006cac00000|
| 153|0x00000006cad00000, 0x00000006cae00000, 0x00000006cae00000|100%| E|CS|TS  5|AC  0|TAMS 0x00000006cad00000, 0x00000006cad00000|
| 154|0x00000006cae00000, 0x00000006caf00000, 0x00000006caf00000|100%| E|CS|TS  5|AC  0|TAMS 0x00000006cae00000, 0x00000006cae00000|
| 155|0x00000006caf00000, 0x00000006cb000000, 0x00000006cb000000|100%| E|CS|TS  5|AC  0|TAMS 0x00000006caf00000, 0x00000006caf00000|
| 156|0x00000006cb000000, 0x00000006cb100000, 0x00000006cb100000|100%| E|CS|TS  5|AC  0|TAMS 0x00000006cb000000, 0x00000006cb000000|
| 157|0x00000006cb100000, 0x00000006cb200000, 0x00000006cb200000|100%| E|CS|TS  5|AC  0|TAMS 0x00000006cb100000, 0x00000006cb100000|
| 158|0x00000006cb200000, 0x00000006cb300000, 0x00000006cb300000|100%| E|CS|TS  5|AC  0|TAMS 0x00000006cb200000, 0x00000006cb200000|
| 159|0x00000006cb300000, 0x00000006cb400000, 0x00000006cb400000|100%| E|CS|TS  5|AC  0|TAMS 0x00000006cb300000, 0x00000006cb300000|
| 160|0x00000006cb400000, 0x00000006cb500000, 0x00000006cb500000|100%| E|CS|TS  5|AC  0|TAMS 0x00000006cb400000, 0x00000006cb400000|
| 161|0x00000006cb500000, 0x00000006cb600000, 0x00000006cb600000|100%| E|CS|TS  5|AC  0|TAMS 0x00000006cb500000, 0x00000006cb500000|
| 162|0x00000006cb600000, 0x00000006cb700000, 0x00000006cb700000|100%| E|CS|TS  5|AC  0|TAMS 0x00000006cb600000, 0x00000006cb600000|
| 163|0x00000006cb700000, 0x00000006cb800000, 0x00000006cb800000|100%| E|CS|TS  5|AC  0|TAMS 0x00000006cb700000, 0x00000006cb700000|
| 164|0x00000006cb800000, 0x00000006cb900000, 0x00000006cb900000|100%| E|CS|TS  5|AC  0|TAMS 0x00000006cb800000, 0x00000006cb800000|
| 165|0x00000006cb900000, 0x00000006cba00000, 0x00000006cba00000|100%| E|CS|TS  5|AC  0|TAMS 0x00000006cb900000, 0x00000006cb900000|
| 166|0x00000006cba00000, 0x00000006cbb00000, 0x00000006cbb00000|100%| E|CS|TS  5|AC  0|TAMS 0x00000006cba00000, 0x00000006cba00000|
| 167|0x00000006cbb00000, 0x00000006cbc00000, 0x00000006cbc00000|100%| E|CS|TS  5|AC  0|TAMS 0x00000006cbb00000, 0x00000006cbb00000|
| 168|0x00000006cbc00000, 0x00000006cbd00000, 0x00000006cbd00000|100%| E|CS|TS  5|AC  0|TAMS 0x00000006cbc00000, 0x00000006cbc00000|
| 169|0x00000006cbd00000, 0x00000006cbe00000, 0x00000006cbe00000|100%| E|CS|TS  5|AC  0|TAMS 0x00000006cbd00000, 0x00000006cbd00000|
| 170|0x00000006cbe00000, 0x00000006cbf00000, 0x00000006cbf00000|100%| E|CS|TS  5|AC  0|TAMS 0x00000006cbe00000, 0x00000006cbe00000|
| 171|0x00000006cbf00000, 0x00000006cc000000, 0x00000006cc000000|100%| E|CS|TS  5|AC  0|TAMS 0x00000006cbf00000, 0x00000006cbf00000|
| 172|0x00000006cc000000, 0x00000006cc100000, 0x00000006cc100000|100%| E|CS|TS  5|AC  0|TAMS 0x00000006cc000000, 0x00000006cc000000|
| 173|0x00000006cc100000, 0x00000006cc200000, 0x00000006cc200000|100%| E|CS|TS  5|AC  0|TAMS 0x00000006cc100000, 0x00000006cc100000|
| 174|0x00000006cc200000, 0x00000006cc300000, 0x00000006cc300000|100%| E|CS|TS  5|AC  0|TAMS 0x00000006cc200000, 0x00000006cc200000|
| 175|0x00000006cc300000, 0x00000006cc400000, 0x00000006cc400000|100%| E|CS|TS  5|AC  0|TAMS 0x00000006cc300000, 0x00000006cc300000|
| 176|0x00000006cc400000, 0x00000006cc500000, 0x00000006cc500000|100%| E|CS|TS  5|AC  0|TAMS 0x00000006cc400000, 0x00000006cc400000|
| 177|0x00000006cc500000, 0x00000006cc600000, 0x00000006cc600000|100%| E|CS|TS  5|AC  0|TAMS 0x00000006cc500000, 0x00000006cc500000|
| 178|0x00000006cc600000, 0x00000006cc700000, 0x00000006cc700000|100%| E|CS|TS  5|AC  0|TAMS 0x00000006cc600000, 0x00000006cc600000|
| 179|0x00000006cc700000, 0x00000006cc800000, 0x00000006cc800000|100%| E|CS|TS  5|AC  0|TAMS 0x00000006cc700000, 0x00000006cc700000|
| 180|0x00000006cc800000, 0x00000006cc900000, 0x00000006cc900000|100%| E|CS|TS  5|AC  0|TAMS 0x00000006cc800000, 0x00000006cc800000|
| 181|0x00000006cc900000, 0x00000006cca00000, 0x00000006cca00000|100%| E|CS|TS  5|AC  0|TAMS 0x00000006cc900000, 0x00000006cc900000|
| 182|0x00000006cca00000, 0x00000006ccb00000, 0x00000006ccb00000|100%| E|CS|TS  5|AC  0|TAMS 0x00000006cca00000, 0x00000006cca00000|
| 183|0x00000006ccb00000, 0x00000006ccc00000, 0x00000006ccc00000|100%| E|CS|TS  5|AC  0|TAMS 0x00000006ccb00000, 0x00000006ccb00000|
| 184|0x00000006ccc00000, 0x00000006ccd00000, 0x00000006ccd00000|100%| E|CS|TS  5|AC  0|TAMS 0x00000006ccc00000, 0x00000006ccc00000|
| 185|0x00000006ccd00000, 0x00000006cce00000, 0x00000006cce00000|100%| E|CS|TS  5|AC  0|TAMS 0x00000006ccd00000, 0x00000006ccd00000|
| 186|0x00000006cce00000, 0x00000006ccf00000, 0x00000006ccf00000|100%| E|CS|TS  5|AC  0|TAMS 0x00000006cce00000, 0x00000006cce00000|
| 187|0x00000006ccf00000, 0x00000006cd000000, 0x00000006cd000000|100%| E|CS|TS  5|AC  0|TAMS 0x00000006ccf00000, 0x00000006ccf00000|
| 188|0x00000006cd000000, 0x00000006cd100000, 0x00000006cd100000|100%| E|CS|TS  5|AC  0|TAMS 0x00000006cd000000, 0x00000006cd000000|
| 189|0x00000006cd100000, 0x00000006cd200000, 0x00000006cd200000|100%| E|CS|TS  5|AC  0|TAMS 0x00000006cd100000, 0x00000006cd100000|
| 190|0x00000006cd200000, 0x00000006cd300000, 0x00000006cd300000|100%| E|CS|TS  5|AC  0|TAMS 0x00000006cd200000, 0x00000006cd200000|
| 191|0x00000006cd300000, 0x00000006cd400000, 0x00000006cd400000|100%| E|CS|TS  5|AC  0|TAMS 0x00000006cd300000, 0x00000006cd300000|
| 192|0x00000006cd400000, 0x00000006cd500000, 0x00000006cd500000|100%| E|CS|TS  5|AC  0|TAMS 0x00000006cd400000, 0x00000006cd400000|
| 193|0x00000006cd500000, 0x00000006cd600000, 0x00000006cd600000|100%| E|CS|TS  5|AC  0|TAMS 0x00000006cd500000, 0x00000006cd500000|
| 194|0x00000006cd600000, 0x00000006cd700000, 0x00000006cd700000|100%| E|CS|TS  5|AC  0|TAMS 0x00000006cd600000, 0x00000006cd600000|
| 195|0x00000006cd700000, 0x00000006cd800000, 0x00000006cd800000|100%| E|CS|TS  5|AC  0|TAMS 0x00000006cd700000, 0x00000006cd700000|
| 196|0x00000006cd800000, 0x00000006cd900000, 0x00000006cd900000|100%| E|CS|TS  5|AC  0|TAMS 0x00000006cd800000, 0x00000006cd800000|
| 197|0x00000006cd900000, 0x00000006cda00000, 0x00000006cda00000|100%| E|CS|TS  5|AC  0|TAMS 0x00000006cd900000, 0x00000006cd900000|
| 198|0x00000006cda00000, 0x00000006cdb00000, 0x00000006cdb00000|100%| E|CS|TS  5|AC  0|TAMS 0x00000006cda00000, 0x00000006cda00000|
| 199|0x00000006cdb00000, 0x00000006cdc00000, 0x00000006cdc00000|100%| E|CS|TS  5|AC  0|TAMS 0x00000006cdb00000, 0x00000006cdb00000|
| 200|0x00000006cdc00000, 0x00000006cdd00000, 0x00000006cdd00000|100%| E|CS|TS  5|AC  0|TAMS 0x00000006cdc00000, 0x00000006cdc00000|
| 201|0x00000006cdd00000, 0x00000006cde00000, 0x00000006cde00000|100%| E|CS|TS  5|AC  0|TAMS 0x00000006cdd00000, 0x00000006cdd00000|
| 202|0x00000006cde00000, 0x00000006cdf00000, 0x00000006cdf00000|100%| E|CS|TS  5|AC  0|TAMS 0x00000006cde00000, 0x00000006cde00000|
| 203|0x00000006cdf00000, 0x00000006ce000000, 0x00000006ce000000|100%| E|CS|TS  5|AC  0|TAMS 0x00000006cdf00000, 0x00000006cdf00000|
| 204|0x00000006ce000000, 0x00000006ce100000, 0x00000006ce100000|100%| E|CS|TS  5|AC  0|TAMS 0x00000006ce000000, 0x00000006ce000000|
| 205|0x00000006ce100000, 0x00000006ce200000, 0x00000006ce200000|100%| E|CS|TS  5|AC  0|TAMS 0x00000006ce100000, 0x00000006ce100000|
| 206|0x00000006ce200000, 0x00000006ce300000, 0x00000006ce300000|100%| E|CS|TS  5|AC  0|TAMS 0x00000006ce200000, 0x00000006ce200000|
| 207|0x00000006ce300000, 0x00000006ce400000, 0x00000006ce400000|100%| E|CS|TS  5|AC  0|TAMS 0x00000006ce300000, 0x00000006ce300000|
| 208|0x00000006ce400000, 0x00000006ce500000, 0x00000006ce500000|100%| E|CS|TS  5|AC  0|TAMS 0x00000006ce400000, 0x00000006ce400000|
| 209|0x00000006ce500000, 0x00000006ce600000, 0x00000006ce600000|100%| E|CS|TS  5|AC  0|TAMS 0x00000006ce500000, 0x00000006ce500000|
| 210|0x00000006ce600000, 0x00000006ce700000, 0x00000006ce700000|100%| E|CS|TS  5|AC  0|TAMS 0x00000006ce600000, 0x00000006ce600000|
| 211|0x00000006ce700000, 0x00000006ce800000, 0x00000006ce800000|100%| E|CS|TS  5|AC  0|TAMS 0x00000006ce700000, 0x00000006ce700000|
| 212|0x00000006ce800000, 0x00000006ce900000, 0x00000006ce900000|100%| E|CS|TS  5|AC  0|TAMS 0x00000006ce800000, 0x00000006ce800000|
| 213|0x00000006ce900000, 0x00000006cea00000, 0x00000006cea00000|100%| E|CS|TS  5|AC  0|TAMS 0x00000006ce900000, 0x00000006ce900000|
| 214|0x00000006cea00000, 0x00000006ceb00000, 0x00000006ceb00000|100%| E|CS|TS  5|AC  0|TAMS 0x00000006cea00000, 0x00000006cea00000|
| 215|0x00000006ceb00000, 0x00000006cec00000, 0x00000006cec00000|100%| E|CS|TS  5|AC  0|TAMS 0x00000006ceb00000, 0x00000006ceb00000|
| 216|0x00000006cec00000, 0x00000006ced00000, 0x00000006ced00000|100%| E|CS|TS  5|AC  0|TAMS 0x00000006cec00000, 0x00000006cec00000|
| 217|0x00000006ced00000, 0x00000006cee00000, 0x00000006cee00000|100%| E|CS|TS  5|AC  0|TAMS 0x00000006ced00000, 0x00000006ced00000|
| 218|0x00000006cee00000, 0x00000006cef00000, 0x00000006cef00000|100%| E|CS|TS  5|AC  0|TAMS 0x00000006cee00000, 0x00000006cee00000|
| 219|0x00000006cef00000, 0x00000006cf000000, 0x00000006cf000000|100%| E|CS|TS  5|AC  0|TAMS 0x00000006cef00000, 0x00000006cef00000|
| 220|0x00000006cf000000, 0x00000006cf100000, 0x00000006cf100000|100%| E|CS|TS  5|AC  0|TAMS 0x00000006cf000000, 0x00000006cf000000|
| 221|0x00000006cf100000, 0x00000006cf200000, 0x00000006cf200000|100%| E|CS|TS  5|AC  0|TAMS 0x00000006cf100000, 0x00000006cf100000|
| 222|0x00000006cf200000, 0x00000006cf300000, 0x00000006cf300000|100%| E|CS|TS  5|AC  0|TAMS 0x00000006cf200000, 0x00000006cf200000|
| 223|0x00000006cf300000, 0x00000006cf400000, 0x00000006cf400000|100%| E|CS|TS  5|AC  0|TAMS 0x00000006cf300000, 0x00000006cf300000|
| 224|0x00000006cf400000, 0x00000006cf500000, 0x00000006cf500000|100%| E|CS|TS  5|AC  0|TAMS 0x00000006cf400000, 0x00000006cf400000|
| 225|0x00000006cf500000, 0x00000006cf600000, 0x00000006cf600000|100%| E|CS|TS  5|AC  0|TAMS 0x00000006cf500000, 0x00000006cf500000|
| 226|0x00000006cf600000, 0x00000006cf700000, 0x00000006cf700000|100%| E|CS|TS  5|AC  0|TAMS 0x00000006cf600000, 0x00000006cf600000|
| 227|0x00000006cf700000, 0x00000006cf800000, 0x00000006cf800000|100%| E|CS|TS  5|AC  0|TAMS 0x00000006cf700000, 0x00000006cf700000|
| 228|0x00000006cf800000, 0x00000006cf900000, 0x00000006cf900000|100%| E|CS|TS  5|AC  0|TAMS 0x00000006cf800000, 0x00000006cf800000|
| 229|0x00000006cf900000, 0x00000006cfa00000, 0x00000006cfa00000|100%| E|CS|TS  5|AC  0|TAMS 0x00000006cf900000, 0x00000006cf900000|
| 230|0x00000006cfa00000, 0x00000006cfb00000, 0x00000006cfb00000|100%| E|CS|TS  5|AC  0|TAMS 0x00000006cfa00000, 0x00000006cfa00000|
| 231|0x00000006cfb00000, 0x00000006cfc00000, 0x00000006cfc00000|100%| E|CS|TS  5|AC  0|TAMS 0x00000006cfb00000, 0x00000006cfb00000|
| 232|0x00000006cfc00000, 0x00000006cfd00000, 0x00000006cfd00000|100%| E|CS|TS  5|AC  0|TAMS 0x00000006cfc00000, 0x00000006cfc00000|
| 233|0x00000006cfd00000, 0x00000006cfe00000, 0x00000006cfe00000|100%| E|CS|TS  5|AC  0|TAMS 0x00000006cfd00000, 0x00000006cfd00000|
| 234|0x00000006cfe00000, 0x00000006cff00000, 0x00000006cff00000|100%| E|CS|TS  5|AC  0|TAMS 0x00000006cfe00000, 0x00000006cfe00000|
| 235|0x00000006cff00000, 0x00000006d0000000, 0x00000006d0000000|100%| E|CS|TS  5|AC  0|TAMS 0x00000006cff00000, 0x00000006cff00000|
| 236|0x00000006d0000000, 0x00000006d0100000, 0x00000006d0100000|100%| E|CS|TS  5|AC  0|TAMS 0x00000006d0000000, 0x00000006d0000000|
| 237|0x00000006d0100000, 0x00000006d0200000, 0x00000006d0200000|100%| E|CS|TS  5|AC  0|TAMS 0x00000006d0100000, 0x00000006d0100000|
| 238|0x00000006d0200000, 0x00000006d0300000, 0x00000006d0300000|100%| E|CS|TS  5|AC  0|TAMS 0x00000006d0200000, 0x00000006d0200000|
| 239|0x00000006d0300000, 0x00000006d0400000, 0x00000006d0400000|100%| E|CS|TS  5|AC  0|TAMS 0x00000006d0300000, 0x00000006d0300000|
| 240|0x00000006d0400000, 0x00000006d0500000, 0x00000006d0500000|100%| E|CS|TS  5|AC  0|TAMS 0x00000006d0400000, 0x00000006d0400000|
| 241|0x00000006d0500000, 0x00000006d0600000, 0x00000006d0600000|100%| E|CS|TS  5|AC  0|TAMS 0x00000006d0500000, 0x00000006d0500000|
| 242|0x00000006d0600000, 0x00000006d0700000, 0x00000006d0700000|100%| E|CS|TS  5|AC  0|TAMS 0x00000006d0600000, 0x00000006d0600000|
| 243|0x00000006d0700000, 0x00000006d0800000, 0x00000006d0800000|100%| E|CS|TS  5|AC  0|TAMS 0x00000006d0700000, 0x00000006d0700000|
| 244|0x00000006d0800000, 0x00000006d0900000, 0x00000006d0900000|100%| E|CS|TS  5|AC  0|TAMS 0x00000006d0800000, 0x00000006d0800000|
| 245|0x00000006d0900000, 0x00000006d0a00000, 0x00000006d0a00000|100%| E|CS|TS  5|AC  0|TAMS 0x00000006d0900000, 0x00000006d0900000|
| 246|0x00000006d0a00000, 0x00000006d0b00000, 0x00000006d0b00000|100%| E|CS|TS  5|AC  0|TAMS 0x00000006d0a00000, 0x00000006d0a00000|
| 247|0x00000006d0b00000, 0x00000006d0c00000, 0x00000006d0c00000|100%| E|CS|TS  5|AC  0|TAMS 0x00000006d0b00000, 0x00000006d0b00000|
| 248|0x00000006d0c00000, 0x00000006d0d00000, 0x00000006d0d00000|100%| E|CS|TS  5|AC  0|TAMS 0x00000006d0c00000, 0x00000006d0c00000|
| 249|0x00000006d0d00000, 0x00000006d0e00000, 0x00000006d0e00000|100%| E|CS|TS  5|AC  0|TAMS 0x00000006d0d00000, 0x00000006d0d00000|
| 250|0x00000006d0e00000, 0x00000006d0f00000, 0x00000006d0f00000|100%| E|CS|TS  5|AC  0|TAMS 0x00000006d0e00000, 0x00000006d0e00000|
| 251|0x00000006d0f00000, 0x00000006d1000000, 0x00000006d1000000|100%| E|CS|TS  5|AC  0|TAMS 0x00000006d0f00000, 0x00000006d0f00000|
| 252|0x00000006d1000000, 0x00000006d1100000, 0x00000006d1100000|100%| E|CS|TS  5|AC  0|TAMS 0x00000006d1000000, 0x00000006d1000000|
| 253|0x00000006d1100000, 0x00000006d1200000, 0x00000006d1200000|100%| E|CS|TS  5|AC  0|TAMS 0x00000006d1100000, 0x00000006d1100000|
| 254|0x00000006d1200000, 0x00000006d1300000, 0x00000006d1300000|100%| E|CS|TS  5|AC  0|TAMS 0x00000006d1200000, 0x00000006d1200000|
| 255|0x00000006d1300000, 0x00000006d1400000, 0x00000006d1400000|100%| E|CS|TS  5|AC  0|TAMS 0x00000006d1300000, 0x00000006d1300000|
| 256|0x00000006d1400000, 0x00000006d1500000, 0x00000006d1500000|100%| E|CS|TS  5|AC  0|TAMS 0x00000006d1400000, 0x00000006d1400000|
| 257|0x00000006d1500000, 0x00000006d1600000, 0x00000006d1600000|100%| E|CS|TS  5|AC  0|TAMS 0x00000006d1500000, 0x00000006d1500000|
| 258|0x00000006d1600000, 0x00000006d1700000, 0x00000006d1700000|100%| E|CS|TS  5|AC  0|TAMS 0x00000006d1600000, 0x00000006d1600000|
| 259|0x00000006d1700000, 0x00000006d1800000, 0x00000006d1800000|100%| E|CS|TS  5|AC  0|TAMS 0x00000006d1700000, 0x00000006d1700000|
| 260|0x00000006d1800000, 0x00000006d1900000, 0x00000006d1900000|100%| E|CS|TS  5|AC  0|TAMS 0x00000006d1800000, 0x00000006d1800000|
| 261|0x00000006d1900000, 0x00000006d1a00000, 0x00000006d1a00000|100%| E|CS|TS  5|AC  0|TAMS 0x00000006d1900000, 0x00000006d1900000|
| 262|0x00000006d1a00000, 0x00000006d1b00000, 0x00000006d1b00000|100%| E|CS|TS  5|AC  0|TAMS 0x00000006d1a00000, 0x00000006d1a00000|
| 263|0x00000006d1b00000, 0x00000006d1c00000, 0x00000006d1c00000|100%| E|CS|TS  5|AC  0|TAMS 0x00000006d1b00000, 0x00000006d1b00000|
| 264|0x00000006d1c00000, 0x00000006d1d00000, 0x00000006d1d00000|100%| E|CS|TS  5|AC  0|TAMS 0x00000006d1c00000, 0x00000006d1c00000|
| 265|0x00000006d1d00000, 0x00000006d1e00000, 0x00000006d1e00000|100%| E|CS|TS  5|AC  0|TAMS 0x00000006d1d00000, 0x00000006d1d00000|
| 266|0x00000006d1e00000, 0x00000006d1f00000, 0x00000006d1f00000|100%| E|CS|TS  5|AC  0|TAMS 0x00000006d1e00000, 0x00000006d1e00000|
| 267|0x00000006d1f00000, 0x00000006d2000000, 0x00000006d2000000|100%| E|CS|TS  5|AC  0|TAMS 0x00000006d1f00000, 0x00000006d1f00000|
| 268|0x00000006d2000000, 0x00000006d2100000, 0x00000006d2100000|100%| E|CS|TS  5|AC  0|TAMS 0x00000006d2000000, 0x00000006d2000000|
| 269|0x00000006d2100000, 0x00000006d2200000, 0x00000006d2200000|100%| E|CS|TS  5|AC  0|TAMS 0x00000006d2100000, 0x00000006d2100000|
| 270|0x00000006d2200000, 0x00000006d2300000, 0x00000006d2300000|100%| E|CS|TS  5|AC  0|TAMS 0x00000006d2200000, 0x00000006d2200000|
| 271|0x00000006d2300000, 0x00000006d2400000, 0x00000006d2400000|100%| E|CS|TS  5|AC  0|TAMS 0x00000006d2300000, 0x00000006d2300000|
| 272|0x00000006d2400000, 0x00000006d2500000, 0x00000006d2500000|100%| E|CS|TS  5|AC  0|TAMS 0x00000006d2400000, 0x00000006d2400000|
| 273|0x00000006d2500000, 0x00000006d2600000, 0x00000006d2600000|100%| E|CS|TS  5|AC  0|TAMS 0x00000006d2500000, 0x00000006d2500000|
| 274|0x00000006d2600000, 0x00000006d2700000, 0x00000006d2700000|100%| E|CS|TS  5|AC  0|TAMS 0x00000006d2600000, 0x00000006d2600000|
| 275|0x00000006d2700000, 0x00000006d2800000, 0x00000006d2800000|100%| E|CS|TS  5|AC  0|TAMS 0x00000006d2700000, 0x00000006d2700000|
| 276|0x00000006d2800000, 0x00000006d2900000, 0x00000006d2900000|100%| E|CS|TS  5|AC  0|TAMS 0x00000006d2800000, 0x00000006d2800000|
| 277|0x00000006d2900000, 0x00000006d2a00000, 0x00000006d2a00000|100%| E|CS|TS  5|AC  0|TAMS 0x00000006d2900000, 0x00000006d2900000|
| 278|0x00000006d2a00000, 0x00000006d2b00000, 0x00000006d2b00000|100%| E|CS|TS  5|AC  0|TAMS 0x00000006d2a00000, 0x00000006d2a00000|
| 279|0x00000006d2b00000, 0x00000006d2c00000, 0x00000006d2c00000|100%| E|CS|TS  5|AC  0|TAMS 0x00000006d2b00000, 0x00000006d2b00000|
| 280|0x00000006d2c00000, 0x00000006d2d00000, 0x00000006d2d00000|100%| E|CS|TS  5|AC  0|TAMS 0x00000006d2c00000, 0x00000006d2c00000|
| 281|0x00000006d2d00000, 0x00000006d2e00000, 0x00000006d2e00000|100%| E|CS|TS  5|AC  0|TAMS 0x00000006d2d00000, 0x00000006d2d00000|
| 282|0x00000006d2e00000, 0x00000006d2f00000, 0x00000006d2f00000|100%| E|CS|TS  5|AC  0|TAMS 0x00000006d2e00000, 0x00000006d2e00000|
| 283|0x00000006d2f00000, 0x00000006d3000000, 0x00000006d3000000|100%| E|CS|TS  5|AC  0|TAMS 0x00000006d2f00000, 0x00000006d2f00000|
| 284|0x00000006d3000000, 0x00000006d3100000, 0x00000006d3100000|100%| E|CS|TS  5|AC  0|TAMS 0x00000006d3000000, 0x00000006d3000000|
| 285|0x00000006d3100000, 0x00000006d3200000, 0x00000006d3200000|100%| E|CS|TS  5|AC  0|TAMS 0x00000006d3100000, 0x00000006d3100000|
| 286|0x00000006d3200000, 0x00000006d3300000, 0x00000006d3300000|100%| E|CS|TS  5|AC  0|TAMS 0x00000006d3200000, 0x00000006d3200000|
| 287|0x00000006d3300000, 0x00000006d3400000, 0x00000006d3400000|100%| E|CS|TS  5|AC  0|TAMS 0x00000006d3300000, 0x00000006d3300000|
| 288|0x00000006d3400000, 0x00000006d3500000, 0x00000006d3500000|100%| E|CS|TS  5|AC  0|TAMS 0x00000006d3400000, 0x00000006d3400000|
| 289|0x00000006d3500000, 0x00000006d3600000, 0x00000006d3600000|100%| E|CS|TS  5|AC  0|TAMS 0x00000006d3500000, 0x00000006d3500000|
| 290|0x00000006d3600000, 0x00000006d3700000, 0x00000006d3700000|100%| E|CS|TS  5|AC  0|TAMS 0x00000006d3600000, 0x00000006d3600000|
| 291|0x00000006d3700000, 0x00000006d3800000, 0x00000006d3800000|100%| E|CS|TS  5|AC  0|TAMS 0x00000006d3700000, 0x00000006d3700000|
| 292|0x00000006d3800000, 0x00000006d3900000, 0x00000006d3900000|100%| E|CS|TS  5|AC  0|TAMS 0x00000006d3800000, 0x00000006d3800000|
| 293|0x00000006d3900000, 0x00000006d3a00000, 0x00000006d3a00000|100%| E|CS|TS  5|AC  0|TAMS 0x00000006d3900000, 0x00000006d3900000|
| 294|0x00000006d3a00000, 0x00000006d3b00000, 0x00000006d3b00000|100%| E|CS|TS  5|AC  0|TAMS 0x00000006d3a00000, 0x00000006d3a00000|
| 295|0x00000006d3b00000, 0x00000006d3c00000, 0x00000006d3c00000|100%| E|CS|TS  5|AC  0|TAMS 0x00000006d3b00000, 0x00000006d3b00000|
| 296|0x00000006d3c00000, 0x00000006d3d00000, 0x00000006d3d00000|100%| E|CS|TS  5|AC  0|TAMS 0x00000006d3c00000, 0x00000006d3c00000|
| 297|0x00000006d3d00000, 0x00000006d3e00000, 0x00000006d3e00000|100%| E|CS|TS  5|AC  0|TAMS 0x00000006d3d00000, 0x00000006d3d00000|
| 298|0x00000006d3e00000, 0x00000006d3f00000, 0x00000006d3f00000|100%| E|CS|TS  5|AC  0|TAMS 0x00000006d3e00000, 0x00000006d3e00000|
| 299|0x00000006d3f00000, 0x00000006d4000000, 0x00000006d4000000|100%| E|CS|TS  5|AC  0|TAMS 0x00000006d3f00000, 0x00000006d3f00000|
| 300|0x00000006d4000000, 0x00000006d4100000, 0x00000006d4100000|100%| E|CS|TS  5|AC  0|TAMS 0x00000006d4000000, 0x00000006d4000000|
| 301|0x00000006d4100000, 0x00000006d4200000, 0x00000006d4200000|100%| E|CS|TS  5|AC  0|TAMS 0x00000006d4100000, 0x00000006d4100000|
| 302|0x00000006d4200000, 0x00000006d4300000, 0x00000006d4300000|100%| E|CS|TS  5|AC  0|TAMS 0x00000006d4200000, 0x00000006d4200000|
| 303|0x00000006d4300000, 0x00000006d4400000, 0x00000006d4400000|100%| E|CS|TS  5|AC  0|TAMS 0x00000006d4300000, 0x00000006d4300000|
| 304|0x00000006d4400000, 0x00000006d4500000, 0x00000006d4500000|100%| E|CS|TS  5|AC  0|TAMS 0x00000006d4400000, 0x00000006d4400000|
| 305|0x00000006d4500000, 0x00000006d4600000, 0x00000006d4600000|100%| E|CS|TS  5|AC  0|TAMS 0x00000006d4500000, 0x00000006d4500000|
| 306|0x00000006d4600000, 0x00000006d4700000, 0x00000006d4700000|100%| E|CS|TS  5|AC  0|TAMS 0x00000006d4600000, 0x00000006d4600000|
| 307|0x00000006d4700000, 0x00000006d4800000, 0x00000006d4800000|100%| E|CS|TS  5|AC  0|TAMS 0x00000006d4700000, 0x00000006d4700000|

Card table byte_map: [0x000002b8f0070000,0x000002b8f0870000] byte_map_base: 0x000002b8eca66000

Marking Bits (Prev, Next): (CMBitMap*) 0x000002b8f9058780, (CMBitMap*) 0x000002b8f90587b8
 Prev Bits: [0x000002b8f1070000, 0x000002b8f5020000)
 Next Bits: [0x000002b8f5020000, 0x000002b8f8fd0000)

Polling page: 0x000002b8d3430000

CodeHeap 'non-profiled nmethods': size=120000Kb used=8165Kb max_used=8165Kb free=111834Kb
 bounds [0x000002b8e70c0000, 0x000002b8e78c0000, 0x000002b8ee5f0000]
CodeHeap 'profiled nmethods': size=120000Kb used=24256Kb max_used=24256Kb free=95743Kb
 bounds [0x000002b8dfb90000, 0x000002b8e1350000, 0x000002b8e70c0000]
CodeHeap 'non-nmethods': size=5760Kb used=1886Kb max_used=1972Kb free=3873Kb
 bounds [0x000002b8df5f0000, 0x000002b8df860000, 0x000002b8dfb90000]
 total_blobs=12530 nmethods=8099 adapters=1292
 compilation: enabled

Compilation events (10 events):
Event: 57.057 Thread 0x000002b8fc4f7800 8975       3       javax.swing.text.BoxView::preferenceChanged (66 bytes)
Event: 57.057 Thread 0x000002b8fc4f7800 nmethod 8975 0x000002b8e133e990 code [0x000002b8e133eb60, 0x000002b8e133f010]
Event: 57.058 Thread 0x000002b8fc4f7800 8976       3       javax.swing.JEditorPane::getScrollableTracksViewportWidth (66 bytes)
Event: 57.058 Thread 0x000002b8fc4f7800 nmethod 8976 0x000002b8e133f190 code [0x000002b8e133f3c0, 0x000002b8e1340090]
Event: 57.058 Thread 0x000002b8fc4f7800 8978   !   3       org.python.antlr.PythonParser::and_test (933 bytes)
Event: 57.062 Thread 0x000002b8fc4f7800 nmethod 8978 0x000002b8e1340410 code [0x000002b8e1340ba0, 0x000002b8e1346640]
Event: 57.062 Thread 0x000002b8fc4f7800 8977       3       javax.swing.JEditorPane::getScrollableTracksViewportHeight (66 bytes)
Event: 57.062 Thread 0x000002b8fc4f7800 nmethod 8977 0x000002b8e1348710 code [0x000002b8e1348940, 0x000002b8e13495f0]
Event: 57.064 Thread 0x000002b8fc4f7800 8979       3       sun.nio.cs.DoubleByte$Encoder::encodeChar (21 bytes)
Event: 57.064 Thread 0x000002b8fc4f7800 nmethod 8979 0x000002b8e1349990 code [0x000002b8e1349b40, 0x000002b8e1349cf8]

GC Heap History (10 events):
Event: 7.709 GC heap before
{Heap before GC invocations=10 (full 0):
 garbage-first heap   total 262144K, used 111565K [0x00000006c1400000, 0x00000006c1500800, 0x00000007c0000000)
  region size 1024K, 72 young (73728K), 11 survivors (11264K)
 Metaspace       used 57372K, capacity 60245K, committed 60420K, reserved 1099776K
  class space    used 9294K, capacity 9672K, committed 9756K, reserved 1048576K
}
Event: 7.717 GC heap after
{Heap after GC invocations=11 (full 0):
 garbage-first heap   total 262144K, used 47685K [0x00000006c1400000, 0x00000006c1500800, 0x00000007c0000000)
  region size 1024K, 4 young (4096K), 4 survivors (4096K)
 Metaspace       used 57372K, capacity 60245K, committed 60420K, reserved 1099776K
  class space    used 9294K, capacity 9672K, committed 9756K, reserved 1048576K
}
Event: 8.880 GC heap before
{Heap before GC invocations=12 (full 0):
 garbage-first heap   total 262144K, used 179781K [0x00000006c1400000, 0x00000006c1500800, 0x00000007c0000000)
  region size 1024K, 134 young (137216K), 4 survivors (4096K)
 Metaspace       used 62019K, capacity 65526K, committed 65564K, reserved 1103872K
  class space    used 9769K, capacity 10249K, committed 10268K, reserved 1048576K
}
Event: 8.890 GC heap after
{Heap after GC invocations=13 (full 0):
 garbage-first heap   total 315392K, used 49240K [0x00000006c1400000, 0x00000006c15009a0, 0x00000007c0000000)
  region size 1024K, 8 young (8192K), 8 survivors (8192K)
 Metaspace       used 62019K, capacity 65526K, committed 65564K, reserved 1103872K
  class space    used 9769K, capacity 10249K, committed 10268K, reserved 1048576K
}
Event: 9.546 GC heap before
{Heap before GC invocations=14 (full 0):
 garbage-first heap   total 315392K, used 221272K [0x00000006c1400000, 0x00000006c15009a0, 0x00000007c0000000)
  region size 1024K, 176 young (180224K), 8 survivors (8192K)
 Metaspace       used 64649K, capacity 68498K, committed 68764K, reserved 1107968K
  class space    used 10209K, capacity 10788K, committed 10908K, reserved 1048576K
}
Event: 9.552 GC heap after
{Heap after GC invocations=15 (full 0):
 garbage-first heap   total 315392K, used 50182K [0x00000006c1400000, 0x00000006c15009a0, 0x00000007c0000000)
  region size 1024K, 9 young (9216K), 9 survivors (9216K)
 Metaspace       used 64649K, capacity 68498K, committed 68764K, reserved 1107968K
  class space    used 10209K, capacity 10788K, committed 10908K, reserved 1048576K
}
Event: 10.438 GC heap before
{Heap before GC invocations=15 (full 0):
 garbage-first heap   total 315392K, used 229382K [0x00000006c1400000, 0x00000006c15009a0, 0x00000007c0000000)
  region size 1024K, 184 young (188416K), 9 survivors (9216K)
 Metaspace       used 69176K, capacity 73352K, committed 73500K, reserved 1112064K
  class space    used 10925K, capacity 11494K, committed 11548K, reserved 1048576K
}
Event: 10.445 GC heap after
{Heap after GC invocations=16 (full 0):
 garbage-first heap   total 315392K, used 52792K [0x00000006c1400000, 0x00000006c15009a0, 0x00000007c0000000)
  region size 1024K, 12 young (12288K), 12 survivors (12288K)
 Metaspace       used 69176K, capacity 73352K, committed 73500K, reserved 1112064K
  class space    used 10925K, capacity 11494K, committed 11548K, reserved 1048576K
}
Event: 15.015 GC heap before
{Heap before GC invocations=16 (full 0):
 garbage-first heap   total 315392K, used 238136K [0x00000006c1400000, 0x00000006c15009a0, 0x00000007c0000000)
  region size 1024K, 184 young (188416K), 12 survivors (12288K)
 Metaspace       used 76207K, capacity 81022K, committed 81308K, reserved 1118208K
  class space    used 11827K, capacity 12579K, committed 12700K, reserved 1048576K
}
Event: 15.032 GC heap after
{Heap after GC invocations=17 (full 0):
 garbage-first heap   total 315392K, used 72286K [0x00000006c1400000, 0x00000006c15009a0, 0x00000007c0000000)
  region size 1024K, 22 young (22528K), 22 survivors (22528K)
 Metaspace       used 76207K, capacity 81022K, committed 81308K, reserved 1118208K
  class space    used 11827K, capacity 12579K, committed 12700K, reserved 1048576K
}

Deoptimization events (10 events):
Event: 52.786 Thread 0x000002b8fe025000 Uncommon trap: reason=unstable_if action=reinterpret pc=0x000002b8e7502384 method=org.python.antlr.PythonParser.and_expr()Lorg/python/antlr/PythonParser$and_expr_return; @ 106 c2
Event: 52.786 Thread 0x000002b8fe025000 Uncommon trap: reason=unstable_if action=reinterpret pc=0x000002b8e752f504 method=org.python.antlr.PythonParser.xor_expr()Lorg/python/antlr/PythonParser$xor_expr_return; @ 106 c2
Event: 52.786 Thread 0x000002b8fe025000 Uncommon trap: reason=unstable_if action=reinterpret pc=0x000002b8e750bf78 method=org.python.antlr.PythonParser.expr(Lorg/python/antlr/ast/expr_contextType;)Lorg/python/antlr/PythonParser$expr_return; @ 136 c2
Event: 52.786 Thread 0x000002b8fe025000 Uncommon trap: reason=unstable_if action=reinterpret pc=0x000002b8e74ec718 method=org.python.antlr.PythonParser.comparison(Lorg/python/antlr/ast/expr_contextType;)Lorg/python/antlr/PythonParser$comparison_return; @ 114 c2
Event: 52.786 Thread 0x000002b8fe025000 Uncommon trap: reason=unstable_if action=reinterpret pc=0x000002b8e7536dd0 method=org.python.antlr.PythonParser.not_test(Lorg/python/antlr/ast/expr_contextType;)Lorg/python/antlr/PythonParser$not_test_return; @ 492 c2
Event: 52.786 Thread 0x000002b8fe025000 Uncommon trap: reason=unstable_if action=reinterpret pc=0x000002b8e7517098 method=org.python.antlr.PythonParser.and_test(Lorg/python/antlr/ast/expr_contextType;)Lorg/python/antlr/PythonParser$and_test_return; @ 108 c2
Event: 52.786 Thread 0x000002b8fe025000 Uncommon trap: reason=unstable_if action=reinterpret pc=0x000002b8e74f7040 method=org.python.antlr.PythonParser.or_test(Lorg/python/antlr/ast/expr_contextType;)Lorg/python/antlr/PythonParser$or_test_return; @ 108 c2
Event: 52.786 Thread 0x000002b8fe025000 Uncommon trap: reason=unstable_if action=reinterpret pc=0x000002b8e7549d00 method=org.python.antlr.PythonParser.test(Lorg/python/antlr/ast/expr_contextType;)Lorg/python/antlr/PythonParser$test_return; @ 362 c2
Event: 57.058 Thread 0x000002b881e6f000 Uncommon trap: reason=unstable_if action=reinterpret pc=0x000002b8e73ff9ec method=org.python.antlr.PythonTokenSource.enqueueHiddens(Lorg/python/antlr/runtime/Token;)Ljava/util/List; @ 12 c2
Event: 57.058 Thread 0x000002b881e6f000 Uncommon trap: reason=unstable_if action=reinterpret pc=0x000002b8e75d769c method=org.python.antlr.PythonTokenSource.insertImaginaryIndentDedentTokens()V @ 337 c2

Classes redefined (0 events):
No events

Internal exceptions (10 events):
Event: 11.429 Thread 0x000002b8fe025000 Exception <a 'java/io/FileNotFoundException'{0x00000006cc901d10}> (0x00000006cc901d10) thrown at [t:/workspace/hotspot/src/share/vm/prims/jni.cpp, line 604]
Event: 11.429 Thread 0x000002b8fe025000 Exception <a 'java/io/FileNotFoundException'{0x00000006cc9039c0}> (0x00000006cc9039c0) thrown at [t:/workspace/hotspot/src/share/vm/prims/jni.cpp, line 604]
Event: 11.429 Thread 0x000002b8fe025000 Exception <a 'java/io/FileNotFoundException'{0x00000006cc905728}> (0x00000006cc905728) thrown at [t:/workspace/hotspot/src/share/vm/prims/jni.cpp, line 604]
Event: 11.429 Thread 0x000002b8fe025000 Exception <a 'java/io/FileNotFoundException'{0x00000006cc9077a8}> (0x00000006cc9077a8) thrown at [t:/workspace/hotspot/src/share/vm/prims/jni.cpp, line 604]
Event: 11.430 Thread 0x000002b8fe025000 Exception <a 'java/io/FileNotFoundException'{0x00000006cc9098b8}> (0x00000006cc9098b8) thrown at [t:/workspace/hotspot/src/share/vm/prims/jni.cpp, line 604]
Event: 11.430 Thread 0x000002b8fe025000 Exception <a 'java/io/FileNotFoundException'{0x00000006cc90b9a8}> (0x00000006cc90b9a8) thrown at [t:/workspace/hotspot/src/share/vm/prims/jni.cpp, line 604]
Event: 11.453 Thread 0x000002b881e74000 Implicit null exception at 0x000002b8e7111881 to 0x000002b8e7111df1
Event: 14.678 Thread 0x000002b881e70000 Implicit null exception at 0x000002b8e753c314 to 0x000002b8e753c4d0
Event: 14.891 Thread 0x000002b881e70000 Exception <a 'sun/nio/fs/WindowsException'{0x00000006ca9972a8}> (0x00000006ca9972a8) thrown at [t:/workspace/hotspot/src/share/vm/prims/jni.cpp, line 604]
Event: 14.978 Thread 0x000002b881e70000 Exception <a 'sun/nio/fs/WindowsException'{0x00000006c9e035e0}> (0x00000006c9e035e0) thrown at [t:/workspace/hotspot/src/share/vm/prims/jni.cpp, line 604]

Events (10 events):
Event: 57.063 loading class com/jogamp/opengl/util/awt/AWTGLReadBufferUtil
Event: 57.063 loading class com/jogamp/opengl/util/awt/AWTGLReadBufferUtil done
Event: 57.063 loading class com/jogamp/opengl/util/GLReadBufferUtil
Event: 57.063 loading class com/jogamp/opengl/util/GLReadBufferUtil done
Event: 57.064 loading class com/jogamp/nativewindow/util/PixelFormatUtil
Event: 57.064 loading class com/jogamp/nativewindow/util/PixelFormatUtil done
Event: 57.071 loading class com/jogamp/common/util/Bitstream$ByteStream
Event: 57.071 loading class com/jogamp/common/util/Bitstream$ByteStream done
Event: 57.071 loading class com/jogamp/nativewindow/util/PixelRectangle
Event: 57.071 loading class com/jogamp/nativewindow/util/PixelRectangle done


Dynamic libraries:
0x00007ff687e10000 - 0x00007ff687e4e000 	C:\Program Files\Java\jdk-9.0.1\bin\java.exe
0x00007ffdc18b0000 - 0x00007ffdc1a9d000 	C:\WINDOWS\SYSTEM32\ntdll.dll
0x00007ffdc1620000 - 0x00007ffdc16d3000 	C:\WINDOWS\System32\KERNEL32.DLL
0x00007ffdbda30000 - 0x00007ffdbdcc3000 	C:\WINDOWS\System32\KERNELBASE.dll
0x00007ffdc13d0000 - 0x00007ffdc1473000 	C:\WINDOWS\System32\ADVAPI32.dll
0x00007ffdbf010000 - 0x00007ffdbf0ae000 	C:\WINDOWS\System32\msvcrt.dll
0x00007ffdbf0d0000 - 0x00007ffdbf16e000 	C:\WINDOWS\System32\sechost.dll
0x00007ffdbf9d0000 - 0x00007ffdbfaf2000 	C:\WINDOWS\System32\RPCRT4.dll
0x00007ffdc1480000 - 0x00007ffdc1617000 	C:\WINDOWS\System32\USER32.dll
0x00007ffdbda10000 - 0x00007ffdbda30000 	C:\WINDOWS\System32\win32u.dll
0x00007ffdbf8f0000 - 0x00007ffdbf919000 	C:\WINDOWS\System32\GDI32.dll
0x00007ffdbe4d0000 - 0x00007ffdbe669000 	C:\WINDOWS\System32\gdi32full.dll
0x00007ffdbe670000 - 0x00007ffdbe710000 	C:\WINDOWS\System32\msvcp_win.dll
0x00007ffdbe7c0000 - 0x00007ffdbe8ba000 	C:\WINDOWS\System32\ucrtbase.dll
0x00007ffdb4620000 - 0x00007ffdb4899000 	C:\WINDOWS\WinSxS\amd64_microsoft.windows.common-controls_6595b64144ccf1df_6.0.17763.737_none_05b6437c071e554b\COMCTL32.dll
0x00007ffdbece0000 - 0x00007ffdbf00c000 	C:\WINDOWS\System32\combase.dll
0x00007ffdb8450000 - 0x00007ffdb845a000 	C:\WINDOWS\SYSTEM32\VERSION.dll
0x00007ffdbd940000 - 0x00007ffdbd9be000 	C:\WINDOWS\System32\bcryptPrimitives.dll
0x00007ffdbf1d0000 - 0x00007ffdbf1fe000 	C:\WINDOWS\System32\IMM32.DLL
0x00007ffdacf30000 - 0x00007ffdad01f000 	C:\Program Files\Java\jdk-9.0.1\bin\msvcr120.dll
0x00007ffdaa5f0000 - 0x00007ffdaa696000 	C:\Program Files\Java\jdk-9.0.1\bin\msvcp120.dll
0x0000000066eb0000 - 0x00000000678d4000 	C:\Program Files\Java\jdk-9.0.1\bin\server\jvm.dll
0x00007ffdbf2b0000 - 0x00007ffdbf2b8000 	C:\WINDOWS\System32\PSAPI.DLL
0x00007ffdb99f0000 - 0x00007ffdb99f9000 	C:\WINDOWS\SYSTEM32\WSOCK32.dll
0x00007ffdae690000 - 0x00007ffdae6b4000 	C:\WINDOWS\SYSTEM32\WINMM.dll
0x00007ffdbfbe0000 - 0x00007ffdbfc4d000 	C:\WINDOWS\System32\WS2_32.dll
0x00007ffdae660000 - 0x00007ffdae68d000 	C:\WINDOWS\SYSTEM32\winmmbase.dll
0x00007ffdbdcd0000 - 0x00007ffdbdd1a000 	C:\WINDOWS\System32\cfgmgr32.dll
0x00007ffdb9310000 - 0x00007ffdb931f000 	C:\Program Files\Java\jdk-9.0.1\bin\verify.dll
0x00007ffdb6650000 - 0x00007ffdb6677000 	C:\Program Files\Java\jdk-9.0.1\bin\java.dll
0x00007ffdaae30000 - 0x00007ffdaae66000 	C:\Program Files\Java\jdk-9.0.1\bin\jdwp.dll
0x00007ffdb76b0000 - 0x00007ffdb76c6000 	C:\Program Files\Java\jdk-9.0.1\bin\zip.dll
0x00007ffdb7630000 - 0x00007ffdb763a000 	C:\Program Files\Java\jdk-9.0.1\bin\jimage.dll
0x00007ffdbfed0000 - 0x00007ffdc13c2000 	C:\WINDOWS\System32\SHELL32.dll
0x00007ffdbf920000 - 0x00007ffdbf9c8000 	C:\WINDOWS\System32\shcore.dll
0x00007ffdbdd20000 - 0x00007ffdbe46a000 	C:\WINDOWS\System32\windows.storage.dll
0x00007ffdbd8f0000 - 0x00007ffdbd914000 	C:\WINDOWS\System32\profapi.dll
0x00007ffdbd870000 - 0x00007ffdbd8cd000 	C:\WINDOWS\System32\powrprof.dll
0x00007ffdbf170000 - 0x00007ffdbf1c2000 	C:\WINDOWS\System32\shlwapi.dll
0x00007ffdbd8d0000 - 0x00007ffdbd8e1000 	C:\WINDOWS\System32\kernel.appcore.dll
0x00007ffdbd9f0000 - 0x00007ffdbda07000 	C:\WINDOWS\System32\cryptsp.dll
0x00007ffdb71b0000 - 0x00007ffdb71ca000 	C:\Program Files\Java\jdk-9.0.1\bin\net.dll
0x00007ffdb6c50000 - 0x00007ffdb6d42000 	C:\WINDOWS\SYSTEM32\WINHTTP.dll
0x00007ffdbd0b0000 - 0x00007ffdbd117000 	C:\WINDOWS\system32\mswsock.dll
0x00007ffdb6630000 - 0x00007ffdb6641000 	C:\Program Files\Java\jdk-9.0.1\bin\nio.dll
0x00007ffdb3330000 - 0x00007ffdb333a000 	C:\Program Files\Java\jdk-9.0.1\bin\dt_socket.dll
0x00007ffdbce10000 - 0x00007ffdbced6000 	C:\WINDOWS\SYSTEM32\DNSAPI.dll
0x00007ffdbecd0000 - 0x00007ffdbecd8000 	C:\WINDOWS\System32\NSI.dll
0x00007ffdbcdd0000 - 0x00007ffdbce0d000 	C:\WINDOWS\SYSTEM32\IPHLPAPI.DLL
0x00007ffdb58b0000 - 0x00007ffdb5929000 	C:\WINDOWS\System32\fwpuclnt.dll
0x00007ffdbd9c0000 - 0x00007ffdbd9e6000 	C:\WINDOWS\System32\bcrypt.dll
0x00007ffdb57f0000 - 0x00007ffdb57fa000 	C:\Windows\System32\rasadhlp.dll
0x00007ffd9b2a0000 - 0x00007ffd9b439000 	C:\Program Files\Java\jdk-9.0.1\bin\awt.dll
0x00007ffdbfe00000 - 0x00007ffdbfec4000 	C:\WINDOWS\System32\OLEAUT32.dll
0x00007ffdba7c0000 - 0x00007ffdbad7e000 	C:\WINDOWS\SYSTEM32\d2d1.dll
0x00007ffdbbd60000 - 0x00007ffdbbdec000 	C:\WINDOWS\SYSTEM32\apphelp.dll
0x00007ffdbbe30000 - 0x00007ffdbbecc000 	C:\WINDOWS\system32\uxtheme.dll
0x00007ffdc16e0000 - 0x00007ffdc184b000 	C:\WINDOWS\System32\MSCTF.dll
0x00007ffdbc140000 - 0x00007ffdbc16e000 	C:\WINDOWS\system32\dwmapi.dll
0x00007ffdbe8c0000 - 0x00007ffdbea9b000 	C:\WINDOWS\System32\CRYPT32.dll
0x00007ffdbd920000 - 0x00007ffdbd932000 	C:\WINDOWS\System32\MSASN1.dll
0x00007ffdbeb10000 - 0x00007ffdbec65000 	C:\WINDOWS\System32\ole32.dll
0x00007ffdb5e40000 - 0x00007ffdb5e49000 	C:\Program Files\Java\jdk-9.0.1\bin\management.dll
0x00007ffdb48d0000 - 0x00007ffdb48da000 	C:\Program Files\Java\jdk-9.0.1\bin\management_ext.dll
0x00007ffdbcc30000 - 0x00007ffdbcc63000 	C:\WINDOWS\system32\rsaenh.dll
0x00007ffdbd7a0000 - 0x00007ffdbd7c8000 	C:\WINDOWS\SYSTEM32\USERENV.dll
0x00007ffdbd280000 - 0x00007ffdbd28c000 	C:\WINDOWS\SYSTEM32\CRYPTBASE.dll
0x00007ffdb9120000 - 0x00007ffdb9136000 	C:\WINDOWS\SYSTEM32\dhcpcsvc6.DLL
0x00007ffdb9090000 - 0x00007ffdb90ac000 	C:\WINDOWS\SYSTEM32\dhcpcsvc.DLL
0x00007ffda8e60000 - 0x00007ffda8efd000 	C:\Program Files\Java\jdk-9.0.1\bin\fontmanager.dll
0x00007ffd8fd90000 - 0x00007ffd8feb7000 	C:\WINDOWS\system32\opengl32.dll
0x00007ffd90be0000 - 0x00007ffd90c0c000 	C:\WINDOWS\SYSTEM32\GLU32.dll
0x00007ffd930a0000 - 0x00007ffd9323e000 	C:\WINDOWS\system32\d3d9.dll
0x00007ffdad560000 - 0x00007ffdad64a000 	C:\WINDOWS\System32\DriverStore\FileRepository\nv_desktop_ref4wu.inf_amd64_0109a19b5125cb43\nvldumdx.dll
0x00007ffdbe470000 - 0x00007ffdbe4c9000 	C:\WINDOWS\System32\WINTRUST.DLL
0x00007ffdbf0b0000 - 0x00007ffdbf0cd000 	C:\WINDOWS\System32\imagehlp.dll
0x00007ffd8d150000 - 0x00007ffd8e326000 	C:\WINDOWS\System32\DriverStore\FileRepository\nv_desktop_ref4wu.inf_amd64_0109a19b5125cb43\nvd3dumx.dll
0x00007ffdab230000 - 0x00007ffdab31b000 	C:\Program Files (x86)\NVIDIA Corporation\3D Vision\nvSCPAPI64.dll
0x00007ffdbf2c0000 - 0x00007ffdbf736000 	C:\WINDOWS\System32\SETUPAPI.dll
0x00007ffdb65e0000 - 0x00007ffdb6622000 	C:\Program Files\Java\jdk-9.0.1\bin\t2k.dll
0x00007ffdbf200000 - 0x00007ffdbf2a2000 	C:\WINDOWS\System32\clbcatq.dll
0x00007ffdadb50000 - 0x00007ffdadd08000 	C:\WINDOWS\SYSTEM32\WindowsCodecs.dll
0x00007ffda8a80000 - 0x00007ffda8ad6000 	C:\WINDOWS\system32\dataexchange.dll
0x00007ffdbb7c0000 - 0x00007ffdbb983000 	C:\WINDOWS\system32\dcomp.dll
0x00007ffdbad80000 - 0x00007ffdbaffe000 	C:\WINDOWS\system32\d3d11.dll
0x00007ffdbc640000 - 0x00007ffdbc702000 	C:\WINDOWS\system32\dxgi.dll
0x00007ffdbbf00000 - 0x00007ffdbc10d000 	C:\WINDOWS\system32\twinapi.appcore.dll
0x00007ffdbc110000 - 0x00007ffdbc138000 	C:\WINDOWS\system32\RMCLIENT.dll
0x000000006e4c0000 - 0x000000006e4df000 	C:\Users\wyq\AppData\Local\Temp\jffi7836899466091246753.dll
0x00007ffdb48c0000 - 0x00007ffdb48cb000 	C:\Program Files\Java\jdk-9.0.1\bin\sunmscapi.dll
0x00007ffdaaed0000 - 0x00007ffdaaef3000 	C:\Program Files\Java\jdk-9.0.1\bin\sunec.dll
0x00007ffdb3490000 - 0x00007ffdb3525000 	C:\WINDOWS\System32\TextInputFramework.dll
0x00007ffdbb9c0000 - 0x00007ffdbbaa2000 	C:\WINDOWS\System32\CoreMessaging.dll
0x00007ffdaddb0000 - 0x00007ffdae0d2000 	C:\WINDOWS\System32\CoreUIComponents.dll
0x00007ffdbc8b0000 - 0x00007ffdbc8e1000 	C:\WINDOWS\SYSTEM32\ntmarta.dll
0x00007ffdb9ae0000 - 0x00007ffdb9c33000 	C:\WINDOWS\SYSTEM32\wintypes.dll
0x00000000637c0000 - 0x00000000637cd000 	C:\Users\wyq\AppData\Local\Temp\jogamp_0000\file_cache\jln36465779905520252\jln8855325499928886763\natives\windows-amd64\gluegen-rt.dll
0x00007ffdb1350000 - 0x00007ffdb1357000 	C:\Program Files\Java\jdk-9.0.1\bin\jawt.dll
0x000000006a440000 - 0x000000006a44d000 	C:\Users\wyq\AppData\Local\Temp\jogamp_0000\file_cache\jln36465779905520252\jln8855325499928886763\natives\windows-amd64\nativewindow_awt.dll
0x000000006c100000 - 0x000000006c10f000 	C:\Users\wyq\AppData\Local\Temp\jogamp_0000\file_cache\jln36465779905520252\jln8855325499928886763\natives\windows-amd64\nativewindow_win32.dll
0x0000000064500000 - 0x00000000645b1000 	C:\Users\wyq\AppData\Local\Temp\jogamp_0000\file_cache\jln36465779905520252\jln8855325499928886763\natives\windows-amd64\jogl_desktop.dll
0x00007ffd91be0000 - 0x00007ffd91dd2000 	C:\Users\wyq\Anaconda3\Library\bin\libGLESv2.dll
0x00007ffdaad30000 - 0x00007ffdaad46000 	C:\Program Files\Java\jdk-9.0.1\bin\VCRUNTIME140.dll
0x00007ffd99570000 - 0x00007ffd9960c000 	C:\Program Files\Java\jdk-9.0.1\bin\MSVCP140.dll
0x00007ffdb0400000 - 0x00007ffdb040a000 	C:\Users\wyq\Anaconda3\Library\bin\libEGL.dll
0x0000000064340000 - 0x00000000643a2000 	C:\Users\wyq\AppData\Local\Temp\jogamp_0000\file_cache\jln36465779905520252\jln8855325499928886763\natives\windows-amd64\jogl_mobile.dll
0x0000000064be0000 - 0x0000000066ea7000 	C:\WINDOWS\SYSTEM32\nvoglv64.DLL
0x00007ffdb9890000 - 0x00007ffdb98a3000 	C:\WINDOWS\SYSTEM32\WTSAPI32.dll
0x00007ffdbd660000 - 0x00007ffdbd689000 	C:\WINDOWS\SYSTEM32\DEVOBJ.dll
0x00007ffdbc920000 - 0x00007ffdbc978000 	C:\WINDOWS\SYSTEM32\WINSTA.dll
0x00007ffdb7ad0000 - 0x00007ffdb7cbd000 	C:\WINDOWS\SYSTEM32\dbghelp.dll

VM Arguments:
jvm_args: -agentlib:jdwp=transport=dt_socket,server=n,address=61332 
java_command: org.meteoinfo.laboratory.MeteoInfoLab
java_class_path (initial): D:\MyProgram\java\MeteoInfoDev\MeteoInfo\MeteoInfoLab\target\classes;C:\Users\wyq\.m2\repository\org\meteothink\MeteoInfoLib\2.0-SNAPSHOT\MeteoInfoLib-2.0-SNAPSHOT.jar;C:\Users\wyq\.m2\repository\com\l2fprod\l2fprod-common-all\0.1\l2fprod-common-all-0.1.jar;C:\Users\wyq\.m2\repository\edu\ucar\netcdfAll\4.6.11\netcdfAll-4.6.11.jar;C:\Users\wyq\.m2\repository\joda-time\joda-time\2.10\joda-time-2.10.jar;C:\Users\wyq\.m2\repository\org\freehep\freehep-graphics2d\2.4\freehep-graphics2d-2.4.jar;C:\Users\wyq\.m2\repository\org\freehep\freehep-graphicsbase\2.4\freehep-graphicsbase-2.4.jar;C:\Users\wyq\.m2\repository\org\freehep\freehep-io\2.2.2\freehep-io-2.2.2.jar;C:\Users\wyq\.m2\repository\junit\junit\4.10\junit-4.10.jar;C:\Users\wyq\.m2\repository\org\hamcrest\hamcrest-core\1.1\hamcrest-core-1.1.jar;C:\Users\wyq\.m2\repository\org\freehep\freehep-graphicsio-ps\2.4\freehep-graphicsio-ps-2.4.jar;C:\Users\wyq\.m2\repository\org\freehep\freehep-graphicsio\2.4\freehep-graphicsio-2.4.jar;C:\Users\wyq\.m2\repository\org\freehep\freehep-graphicsio-tests\2.4\freehep-graphicsio-tests-2.4.jar;C:\Users\wyq\.m2\repository\org\scilab\forge\jlatexmath\1.0.7\jlatexmath-1.0.7.jar;C:\Users\wyq\.m2\repository\org\scilab\forge\jlatexmath-font-greek\1.0.7\jlatexmath-font-greek-1.0.7.jar;C:\Users\wyq\.m2\repository\org\scilab\forge\jlatexmath-font-cyrillic\1.0.7\jlatexmath-font-cyrillic-1.0.7.jar;C:\Users\wyq\.m2\repository\org\python\jython-standalone\2.7.1\jython-standalone-2.7.1.jar;C:\Users\wyq\.m2\repository\org\freehep\freehep-graphicsio-emf\2.4\freehep-graphicsio-emf-2.4.jar;C:\Users\wyq\.m2\repository\org\freehep\freehep-graphicsio-pdf\2.4\freehep-graphicsio-pdf-2.4.jar;C:\Users\wyq\.m2\repository\org\apache\commons\commons-imaging\1.0-alpha1\commons-imaging-1.0-alpha1.jar;C:\Users\wyq\.m2\repository\com\toedter\jcalendar\1.4\jcalendar-1.4.jar;C:\Users\wyq\.m2\repository\org\ejml\ejml-experimental\0.32\ejml-experimental-0.32.jar;C:\Users\wyq\.m2\reposito
Launcher Type: SUN_STANDARD

Logging:
Log output configuration:
#0: stdout all=warning uptime,level,tags
#1: stderr all=off uptime,level,tags

Environment Variables:
JAVA_HOME=C:\Program Files\Java\jdk-9.0.1
PATH=C:\Program Files (x86)\Common Files\NetSarang;C:\Program Files\Java\jdk-9.0.1\bin;C:\WINDOWS\system32;C:\WINDOWS;C:\WINDOWS\System32\Wbem;C:\WINDOWS\System32\WindowsPowerShell\v1.0\;C:\WINDOWS\System32\OpenSSH\;C:\Program Files\PuTTY\;C:\OpenGrADS\Contents\Cygwin\Versions\2.0.2.oga.2\i686;C:\Program Files\Git\cmd;E:\software\apache-maven-3.6.0\bin;C:\Program Files (x86)\Gpg4win\..\GnuPG\bin;C:\Users\wyq\Anaconda3;C:\Users\wyq\Anaconda3\Library\bin;C:\Users\wyq\Anaconda3\Scripts;C:\Program Files\dotnet\;C:\Tcl\bin;C:\Users\wyq\AppData\Local\Microsoft\WindowsApps;D:\MyProgram\Distribution\Java\MeteoInfo\MeteoInfo;C:\Program Files (x86)\Common Files\NetSarang;C:\Program Files\Java\jdk-9.0.1\bin;C:\WINDOWS\system32;C:\WINDOWS;C:\WINDOWS\System32\Wbem;C:\WINDOWS\System32\WindowsPowerShell\v1.0\;C:\WINDOWS\System32\OpenSSH\;C:\Program Files\PuTTY\;C:\OpenGrADS\Contents\Cygwin\Versions\2.0.2.oga.2\i686;C:\Program Files\Git\cmd;E:\software\apache-maven-3.6.0\bin;C:\Program Files (x86)\Gpg4win\..\GnuPG\bin;C:\Users\wyq\Anaconda3;C:\Users\wyq\Anaconda3\Library\bin;C:\Users\wyq\Anaconda3\Scripts;C:\Program Files\dotnet\;C:\Program Files\JetBrains\IntelliJ IDEA Community Edition 2018.3.4\bin;;D:\MyProgram\Distribution\Java\JythonLab\bin;C:\Users\wyq\Anaconda3;;C:\Users\wyq\AppData\Local\Programs\Microsoft VS Code\bin
USERNAME=wyq
OS=Windows_NT
PROCESSOR_IDENTIFIER=Intel64 Family 6 Model 94 Stepping 3, GenuineIntel



---------------  S Y S T E M  ---------------

OS: Windows 10 , 64 bit Build 17763 (10.0.17763.475)

CPU:total 8 (initial active 8) (4 cores per cpu, 2 threads per core) family 6 model 94 stepping 3, cmov, cx8, fxsr, mmx, sse, sse2, sse3, ssse3, sse4.1, sse4.2, popcnt, avx, avx2, aes, clmul, erms, rtm, 3dnowpref, lzcnt, ht, tsc, tscinvbit, bmi1, bmi2, adx, fma

Memory: 4k page, physical 16694104k(9373084k free), swap 19184472k(9896900k free)

vm_info: Java HotSpot(TM) 64-Bit Server VM (9.0.1+11) for windows-amd64 JRE (9.0.1+11), built on Sep 28 2017 04:54:03 by "mach5one" with MS VC++ 12.0 (VS2013)

END.
