#
# A fatal error has been detected by the Java Runtime Environment:
#
#  EXCEPTION_ACCESS_VIOLATION (0xc0000005) at pc=0x00000000656de279, pid=304956, tid=305940
#
# JRE version: Java(TM) SE Runtime Environment (9.0+11) (build 9.0.1+11)
# Java VM: Java HotSpot(TM) 64-Bit Server VM (9.0.1+11, mixed mode, tiered, compressed oops, g1 gc, windows-amd64)
# Problematic frame:
# C  [nvoglv64.DLL+0xafe279]
#
# No core dump will be written. Minidumps are not enabled by default on client versions of Windows
#
# If you would like to submit a bug report, please visit:
#   http://bugreport.java.com/bugreport/crash.jsp
# The crash happened outside the Java Virtual Machine in native code.
# See problematic frame for where to report the bug.
#

---------------  S U M M A R Y ------------

Command Line: -agentlib:jdwp=transport=dt_socket,server=n,address=61368 org.meteoinfo.laboratory.MeteoInfoLab

Host: Intel(R) Core(TM) i7-6700 CPU @ 3.40GHz, 8 cores, 15G,  Windows 10 , 64 bit Build 17763 (10.0.17763.475)
Time: Sun Sep 22 13:23:43 2019 ?D1¨²¡À¨º¡Á?¨º¡À?? elapsed time: 134 seconds (0d 0h 2m 14s)

---------------  T H R E A D  ---------------

Current thread (0x000001bf9e452000):  JavaThread "SwingWorker-pool-1-thread-1" daemon [_thread_in_native, id=305940, stack(0x0000004831d00000,0x0000004831e00000)]

Stack: [0x0000004831d00000,0x0000004831e00000],  sp=0x0000004831dfcff8,  free space=1011k
Native frames: (J=compiled Java code, j=interpreted, Vv=VM code, C=native code)
C  [nvoglv64.DLL+0xafe279]

Java frames: (J=compiled Java code, j=interpreted, Vv=VM code)
j  jogamp.opengl.gl4.GL4bcImpl.dispatch_glPushClientAttrib1(IJ)V+0
j  jogamp.opengl.gl4.GL4bcImpl.glPushClientAttrib(I)V+40
j  com.jogamp.opengl.util.GLPixelStorageModes.savePack(Lcom/jogamp/opengl/GL;)V+24
j  com.jogamp.opengl.util.GLPixelStorageModes.setPackAlignment(Lcom/jogamp/opengl/GL;I)V+2
j  com.jogamp.opengl.util.GLReadBufferUtil.readPixelsImpl(Lcom/jogamp/opengl/GLDrawable;Lcom/jogamp/opengl/GL;IIIIZ)Z+432
j  com.jogamp.opengl.util.awt.AWTGLReadBufferUtil.readPixelsToBufferedImage(Lcom/jogamp/opengl/GL;IIIIZ)Ljava/awt/image/BufferedImage;+91
j  com.jogamp.opengl.util.awt.AWTGLReadBufferUtil.readPixelsToBufferedImage(Lcom/jogamp/opengl/GL;Z)Ljava/awt/image/BufferedImage;+7
j  org.meteoinfo.chart.jogl.GLChartPanel.saveImage(Ljava/lang/String;)V+23
v  ~StubRoutines::call_stub
J 5555  jdk.internal.reflect.NativeMethodAccessorImpl.invoke0(Ljava/lang/reflect/Method;Ljava/lang/Object;[Ljava/lang/Object;)Ljava/lang/Object; java.base@9.0.1 (0 bytes) @ 0x000001bf87f29c5f [0x000001bf87f29be0+0x000000000000007f]
J 5554 c1 jdk.internal.reflect.NativeMethodAccessorImpl.invoke(Ljava/lang/Object;[Ljava/lang/Object;)Ljava/lang/Object; java.base@9.0.1 (104 bytes) @ 0x000001bf81561e64 [0x000001bf81561a40+0x0000000000000424]
J 2242 c1 jdk.internal.reflect.DelegatingMethodAccessorImpl.invoke(Ljava/lang/Object;[Ljava/lang/Object;)Ljava/lang/Object; java.base@9.0.1 (10 bytes) @ 0x000001bf80a6cd5c [0x000001bf80a6cc40+0x000000000000011c]
J 5545 c1 org.python.core.PyReflectedFunction.__call__(Lorg/python/core/PyObject;[Lorg/python/core/PyObject;[Ljava/lang/String;)Lorg/python/core/PyObject; (239 bytes) @ 0x000001bf8155e394 [0x000001bf8155dba0+0x00000000000007f4]
J 7271 c1 org.python.core.PyReflectedFunction.__call__([Lorg/python/core/PyObject;[Ljava/lang/String;)Lorg/python/core/PyObject; (47 bytes) @ 0x000001bf8184a08c [0x000001bf81849de0+0x00000000000002ac]
J 5470 c1 org.python.core.PyObject.__call__(Lorg/python/core/PyObject;Lorg/python/core/PyObject;)Lorg/python/core/PyObject; (20 bytes) @ 0x000001bf81522dec [0x000001bf81522be0+0x000000000000020c]
J 5513 c1 org.python.core.PyObject.__call__(Lorg/python/core/ThreadState;Lorg/python/core/PyObject;Lorg/python/core/PyObject;)Lorg/python/core/PyObject; (7 bytes) @ 0x000001bf87f0709c [0x000001bf87f07040+0x000000000000005c]
J 5477 c1 org.python.core.PyMethod.__call__(Lorg/python/core/ThreadState;Lorg/python/core/PyObject;)Lorg/python/core/PyObject; (32 bytes) @ 0x000001bf81525ddc [0x000001bf81525ce0+0x00000000000000fc]
j  mipylib.plotlib.miplot$py.savefig$48(Lorg/python/core/PyFrame;Lorg/python/core/ThreadState;)Lorg/python/core/PyObject;+493
j  mipylib.plotlib.miplot$py.call_function(ILorg/python/core/PyFrame;Lorg/python/core/ThreadState;)Lorg/python/core/PyObject;+660
J 5952 c1 org.python.core.PyTableCode.call(Lorg/python/core/ThreadState;Lorg/python/core/PyFrame;Lorg/python/core/PyObject;)Lorg/python/core/PyObject; (373 bytes) @ 0x000001bf8060cc7c [0x000001bf8060c080+0x0000000000000bfc]
J 4631 c1 org.python.core.PyBaseCode.call(Lorg/python/core/ThreadState;[Lorg/python/core/PyObject;[Ljava/lang/String;Lorg/python/core/PyObject;[Lorg/python/core/PyObject;Lorg/python/core/PyObject;)Lorg/python/core/PyObject; (794 bytes) @ 0x000001bf812d1cb4 [0x000001bf812cb680+0x0000000000006634]
J 5334 c1 org.python.core.PyBaseCode.call(Lorg/python/core/ThreadState;Lorg/python/core/PyObject;Lorg/python/core/PyObject;[Lorg/python/core/PyObject;Lorg/python/core/PyObject;)Lorg/python/core/PyObject; (98 bytes) @ 0x000001bf814c3ebc [0x000001bf814c3aa0+0x000000000000041c]
J 5333 c1 org.python.core.PyFunction.__call__(Lorg/python/core/ThreadState;Lorg/python/core/PyObject;)Lorg/python/core/PyObject; (22 bytes) @ 0x000001bf814c36dc [0x000001bf814c3640+0x000000000000009c]
j  org.python.pycode._pyx30.f$0(Lorg/python/core/PyFrame;Lorg/python/core/ThreadState;)Lorg/python/core/PyObject;+1647
j  org.python.pycode._pyx30.call_function(ILorg/python/core/PyFrame;Lorg/python/core/ThreadState;)Lorg/python/core/PyObject;+24
J 5952 c1 org.python.core.PyTableCode.call(Lorg/python/core/ThreadState;Lorg/python/core/PyFrame;Lorg/python/core/PyObject;)Lorg/python/core/PyObject; (373 bytes) @ 0x000001bf8060cc7c [0x000001bf8060c080+0x0000000000000bfc]
j  org.python.core.PyCode.call(Lorg/python/core/ThreadState;Lorg/python/core/PyFrame;)Lorg/python/core/PyObject;+4
j  org.python.core.Py.runCode(Lorg/python/core/PyCode;Lorg/python/core/PyObject;Lorg/python/core/PyObject;)Lorg/python/core/PyObject;+154
j  org.python.core.__builtin__.execfile_flags(Ljava/lang/String;Lorg/python/core/PyObject;Lorg/python/core/PyObject;Lorg/python/core/CompilerFlags;)V+86
j  org.python.util.PythonInterpreter.execfile(Ljava/lang/String;)V+16
j  org.meteoinfo.laboratory.gui.PythonInteractiveInterpreter.execfile(Ljava/lang/String;)V+10
j  org.meteoinfo.laboratory.gui.ConsoleDockable$2.doInBackground()Ljava/lang/String;+78
j  org.meteoinfo.laboratory.gui.ConsoleDockable$2.doInBackground()Ljava/lang/Object;+1
j  javax.swing.SwingWorker$1.call()Ljava/lang/Object;+14 java.desktop@9.0.1
j  java.util.concurrent.FutureTask.run()V+39 java.base@9.0.1
j  javax.swing.SwingWorker.run()V+4 java.desktop@9.0.1
j  java.util.concurrent.ThreadPoolExecutor.runWorker(Ljava/util/concurrent/ThreadPoolExecutor$Worker;)V+95 java.base@9.0.1
j  java.util.concurrent.ThreadPoolExecutor$Worker.run()V+5 java.base@9.0.1
j  java.lang.Thread.run()V+11 java.base@9.0.1
v  ~StubRoutines::call_stub

siginfo: EXCEPTION_ACCESS_VIOLATION (0xc0000005), reading address 0x00000000000008f8


Register to memory mapping:

RIP=0x00000000656de279 nvoglv64.DLL
RAX=0x0000000000000000 is an unknown value
RBX={method} {0x000001bfa7bfa738} 'dispatch_glPushClientAttrib1' '(IJ)V' in 'jogamp/opengl/gl4/GL4bcImpl'
RCX=0x0000000000000001 is an unknown value
RDX=0x0000004831dfd0c0 is pointing into the stack for thread: 0x000001bf9e452000
RSP=0x0000004831dfcff8 is pointing into the stack for thread: 0x000001bf9e452000
RBP=0x0000004831dfd088 is pointing into the stack for thread: 0x000001bf9e452000
RSI=0x0000000000000000 is an unknown value
RDI=0x0000000001000021 is an unknown value
R8 =0x0000000000000001 is an unknown value
R9 =0x00000000656de270 nvoglv64.DLL
R10=0x000001bf80021b69 is at code_begin+1929 in an Interpreter codelet
method entry point (kind = native)  [0x000001bf800213e0, 0x000001bf80022760]  4992 bytes
R11=0x0000000000000102 is an unknown value
R12=0x0000000000000000 is an unknown value
R13={method} {0x000001bfa7bfa738} 'dispatch_glPushClientAttrib1' '(IJ)V' in 'jogamp/opengl/gl4/GL4bcImpl'
R14=0x0000004831dfd0c0 is pointing into the stack for thread: 0x000001bf9e452000
R15=0x000001bf9e452000 is a thread


Registers:
RAX=0x0000000000000000, RBX=0x000001bfa7bfa730, RCX=0x0000000000000001, RDX=0x0000004831dfd0c0
RSP=0x0000004831dfcff8, RBP=0x0000004831dfd088, RSI=0x0000000000000000, RDI=0x0000000001000021
R8 =0x0000000000000001, R9 =0x00000000656de270, R10=0x000001bf80021b69, R11=0x0000000000000102
R12=0x0000000000000000, R13=0x000001bfa7bfa730, R14=0x0000004831dfd0c0, R15=0x000001bf9e452000
RIP=0x00000000656de279, EFLAGS=0x0000000000010283

Top of Stack: (sp=0x0000004831dfcff8)
0x0000004831dfcff8:   000001bf80021b95 0000000001000021
0x0000004831dfd008:   000001bf80021680 000001bf9e452000
0x0000004831dfd018:   000001bfa7bfa730 0000000000000000
0x0000004831dfd028:   0000004800000000 0000004831dfd0c8
0x0000004831dfd038:   000001bf80021640 0000004831dfd040
0x0000004831dfd048:   000001bfa7bfa730 0000004831dfd0c0
0x0000004831dfd058:   000001bfa7d01c28 0000000000000000
0x0000004831dfd068:   00000006d36ae8b8 000001bfa7bfa730
0x0000004831dfd078:   0000000000000000 0000004831dfd0a8
0x0000004831dfd088:   0000004831dfd110 000001bf8000b6c3
0x0000004831dfd098:   0000000000000000 000001bf8001ca98
0x0000004831dfd0a8:   00000000656de270 0000000000000000
0x0000004831dfd0b8:   0000000000000001 00000006d234f2b8
0x0000004831dfd0c8:   0000004831dfd0c8 000001bfa7bfa670
0x0000004831dfd0d8:   0000004831dfd138 000001bfa7d01c28
0x0000004831dfd0e8:   0000000000000000 00000006d36ae8b8 

Instructions: (pc=0x00000000656de279)
0x00000000656de259:   af af af af af af af c3 cc cc cc cc cc cc cc cc
0x00000000656de269:   cc cc cc cc cc cc cc 65 48 8b 04 25 f8 15 00 00
0x00000000656de279:   ff a0 f8 08 00 00 cc cc cc cc cc cc cc cc cc cc
0x00000000656de289:   cc cc cc cc cc cc cc cc cc cc cc cc cc cc cc cc 



---------------  P R O C E S S  ---------------

Java Threads: ( => current thread )
  0x000001bf9e453000 JavaThread "SwingWorker-pool-1-thread-1-SharedResourceRunner" daemon [_thread_blocked, id=306012, stack(0x0000004831e00000,0x0000004831f00000)]
=>0x000001bf9e452000 JavaThread "SwingWorker-pool-1-thread-1" daemon [_thread_in_native, id=305940, stack(0x0000004831d00000,0x0000004831e00000)]
  0x000001bf92b3c000 JavaThread "D3D Screen Updater" daemon [_thread_blocked, id=305356, stack(0x0000004832500000,0x0000004832600000)]
  0x000001bf92b3e000 JavaThread "Thread-1" [_thread_blocked, id=305308, stack(0x0000004832400000,0x0000004832500000)]
  0x000001bf92b3c800 JavaThread "Thread-0" [_thread_blocked, id=305232, stack(0x0000004832300000,0x0000004832400000)]
  0x000001bf93f2b800 JavaThread "TimerQueue" daemon [_thread_blocked, id=305212, stack(0x0000004831f00000,0x0000004832000000)]
  0x000001bf91390800 JavaThread "org.netbeans.modules.debugger.jpda.visual AWT Access Loop" daemon [_thread_blocked, id=303000, stack(0x0000004831c00000,0x0000004831d00000)]
  0x000001bfe67be000 JavaThread "DestroyJavaVM" [_thread_blocked, id=304136, stack(0x000000482f300000,0x000000482f400000)]
  0x000001bf90fae800 JavaThread "AWT-EventQueue-0" [_thread_blocked, id=303448, stack(0x0000004831b00000,0x0000004831c00000)]
  0x000001bf90137800 JavaThread "AWT-Windows" daemon [_thread_in_native, id=303428, stack(0x0000004831a00000,0x0000004831b00000)]
  0x000001bf9009e000 JavaThread "AWT-Shutdown" [_thread_blocked, id=304088, stack(0x0000004831900000,0x0000004831a00000)]
  0x000001bf9009c800 JavaThread "Java2D Disposer" daemon [_thread_blocked, id=297044, stack(0x0000004831800000,0x0000004831900000)]
  0x000001bf8fd02800 JavaThread "Service Thread" daemon [_thread_blocked, id=303928, stack(0x0000004831600000,0x0000004831700000)]
  0x000001bf8fcf4000 JavaThread "JDWP Command Reader" daemon [_thread_in_native, id=303172, stack(0x0000004831500000,0x0000004831600000)]
  0x000001bf8fcf3000 JavaThread "JDWP Event Helper Thread" daemon [_thread_blocked, id=303924, stack(0x0000004831400000,0x0000004831500000)]
  0x000001bf8fcf2000 JavaThread "JDWP Transport Listener: dt_socket" daemon [_thread_blocked, id=303760, stack(0x0000004831300000,0x0000004831400000)]
  0x000001bf8fb5f800 JavaThread "Common-Cleaner" daemon [_thread_blocked, id=300176, stack(0x0000004831200000,0x0000004831300000)]
  0x000001bf8faa1000 JavaThread "Sweeper thread" daemon [_thread_blocked, id=303204, stack(0x0000004831100000,0x0000004831200000)]
  0x000001bf8fa8b000 JavaThread "C1 CompilerThread3" daemon [_thread_blocked, id=300768, stack(0x0000004831000000,0x0000004831100000)]
  0x000001bf8fa7d800 JavaThread "C2 CompilerThread2" daemon [_thread_blocked, id=302712, stack(0x0000004830f00000,0x0000004831000000)]
  0x000001bf8fa73000 JavaThread "C2 CompilerThread1" daemon [_thread_blocked, id=300568, stack(0x0000004830e00000,0x0000004830f00000)]
  0x000001bf8f1fe000 JavaThread "C2 CompilerThread0" daemon [_thread_blocked, id=303784, stack(0x0000004830d00000,0x0000004830e00000)]
  0x000001bf8fa72000 JavaThread "Attach Listener" daemon [_thread_blocked, id=301016, stack(0x0000004830c00000,0x0000004830d00000)]
  0x000001bf8f1f9000 JavaThread "Signal Dispatcher" daemon [_thread_blocked, id=301084, stack(0x0000004830b00000,0x0000004830c00000)]
  0x000001bf8fa10000 JavaThread "Finalizer" daemon [_thread_blocked, id=298476, stack(0x0000004830a00000,0x0000004830b00000)]
  0x000001bf8fa07800 JavaThread "Reference Handler" daemon [_thread_blocked, id=304472, stack(0x0000004830900000,0x0000004830a00000)]

Other Threads:
  0x000001bf8f1f7800 VMThread "VM Thread" [stack: 0x0000004830800000,0x0000004830900000] [id=297816]
  0x000001bf8fd07000 WatcherThread [stack: 0x0000004831700000,0x0000004831800000] [id=305056]
  0x000001bfe67d8000 GCTaskThread "GC Thread#0" [stack: 0x000000482f400000,0x000000482f500000] [id=303720]
  0x000001bfe67d9000 GCTaskThread "GC Thread#1" [stack: 0x000000482f500000,0x000000482f600000] [id=304272]
  0x000001bfe67db000 GCTaskThread "GC Thread#2" [stack: 0x000000482f600000,0x000000482f700000] [id=300268]
  0x000001bfe67de000 GCTaskThread "GC Thread#3" [stack: 0x000000482f700000,0x000000482f800000] [id=304748]
  0x000001bfe67e5000 GCTaskThread "GC Thread#4" [stack: 0x000000482f800000,0x000000482f900000] [id=283308]
  0x000001bfe67e6800 GCTaskThread "GC Thread#5" [stack: 0x000000482f900000,0x000000482fa00000] [id=304364]
  0x000001bfe67e9000 GCTaskThread "GC Thread#6" [stack: 0x000000482fa00000,0x000000482fb00000] [id=291096]
  0x000001bfe67e9800 GCTaskThread "GC Thread#7" [stack: 0x000000482fb00000,0x000000482fc00000] [id=304172]
  0x000001bfe685f000 ConcurrentGCThread "G1 Main Marker" [stack: 0x0000004830500000,0x0000004830600000] [id=301580]
  0x000001bfe67e5800 ConcurrentGCThread "G1 Marker#0" [stack: 0x0000004830600000,0x0000004830700000] [id=303496]
  0x000001bfe67ea000 ConcurrentGCThread "G1 Marker#1" [stack: 0x0000004830700000,0x0000004830800000] [id=304672]
  0x000001bfe6818800 ConcurrentGCThread "G1 Refine#0" [stack: 0x0000004830300000,0x0000004830400000] [id=304816]
  0x000001bfe6803800 ConcurrentGCThread "G1 Refine#1" [stack: 0x0000004830200000,0x0000004830300000] [id=304264]
  0x000001bfe6800800 ConcurrentGCThread "G1 Refine#2" [stack: 0x0000004830100000,0x0000004830200000] [id=299756]
  0x000001bfe67fe000 ConcurrentGCThread "G1 Refine#3" [stack: 0x0000004830000000,0x0000004830100000] [id=294444]
  0x000001bfe67fd000 ConcurrentGCThread "G1 Refine#4" [stack: 0x000000482ff00000,0x0000004830000000] [id=301380]
  0x000001bfe67f9800 ConcurrentGCThread "G1 Refine#5" [stack: 0x000000482fe00000,0x000000482ff00000] [id=303368]
  0x000001bfe67f8000 ConcurrentGCThread "G1 Refine#6" [stack: 0x000000482fd00000,0x000000482fe00000] [id=301968]
  0x000001bfe67f3000 ConcurrentGCThread "G1 Refine#7" [stack: 0x000000482fc00000,0x000000482fd00000] [id=304680]
  0x000001bfe681a800 ConcurrentGCThread "G1 Young RemSet Sampling" [stack: 0x0000004830400000,0x0000004830500000] [id=305012]

Threads with active compile tasks:

VM state:not at safepoint (normal execution)

VM Mutex/Monitor currently owned by a thread: None

Heap address: 0x00000006c1400000, size: 4076 MB, Compressed Oops mode: Zero based, Oop shift amount: 3
Narrow klass base: 0x0000000000000000, Narrow klass shift: 3
Compressed class space size: 1073741824 Address: 0x00000007c0000000

Heap:
 garbage-first heap   total 315392K, used 175305K [0x00000006c1400000, 0x00000006c15009a0, 0x00000007c0000000)
  region size 1024K, 117 young (119808K), 23 survivors (23552K)
 Metaspace       used 82543K, capacity 87386K, committed 87580K, reserved 1124352K
  class space    used 12308K, capacity 13069K, committed 13084K, reserved 1048576K
Heap Regions: E=young(eden), S=young(survivor), O=old, HS=humongous(starts), HC=humongous(continues), CS=collection set, F=free, A=archive, TS=gc time stamp, AC=allocation context, TAMS=top-at-mark-start (previous, next)
|   0|0x00000006c1400000, 0x00000006c1500000, 0x00000006c1500000|100%|HS|  |TS  0|AC  0|TAMS 0x00000006c1500000, 0x00000006c1500000|
|   1|0x00000006c1500000, 0x00000006c1600000, 0x00000006c1600000|100%|HC|  |TS  0|AC  0|TAMS 0x00000006c1600000, 0x00000006c1600000|
|   2|0x00000006c1600000, 0x00000006c1700000, 0x00000006c1700000|100%|HS|  |TS  0|AC  0|TAMS 0x00000006c1700000, 0x00000006c1700000|
|   3|0x00000006c1700000, 0x00000006c1800000, 0x00000006c1800000|100%|HC|  |TS  0|AC  0|TAMS 0x00000006c1800000, 0x00000006c1800000|
|   4|0x00000006c1800000, 0x00000006c1900000, 0x00000006c1900000|100%| O|  |TS  0|AC  0|TAMS 0x00000006c1900000, 0x00000006c1900000|
|   5|0x00000006c1900000, 0x00000006c1a00000, 0x00000006c1a00000|100%| O|  |TS  0|AC  0|TAMS 0x00000006c1a00000, 0x00000006c1a00000|
|   6|0x00000006c1a00000, 0x00000006c1b00000, 0x00000006c1b00000|100%| O|  |TS  0|AC  0|TAMS 0x00000006c1b00000, 0x00000006c1b00000|
|   7|0x00000006c1b00000, 0x00000006c1c00000, 0x00000006c1c00000|100%| O|  |TS  0|AC  0|TAMS 0x00000006c1c00000, 0x00000006c1c00000|
|   8|0x00000006c1c00000, 0x00000006c1d00000, 0x00000006c1d00000|100%| O|  |TS  0|AC  0|TAMS 0x00000006c1d00000, 0x00000006c1d00000|
|   9|0x00000006c1d00000, 0x00000006c1e00000, 0x00000006c1e00000|100%| O|  |TS  0|AC  0|TAMS 0x00000006c1e00000, 0x00000006c1e00000|
|  10|0x00000006c1e00000, 0x00000006c1f00000, 0x00000006c1f00000|100%| O|  |TS  0|AC  0|TAMS 0x00000006c1f00000, 0x00000006c1f00000|
|  11|0x00000006c1f00000, 0x00000006c2000000, 0x00000006c2000000|100%| O|  |TS  0|AC  0|TAMS 0x00000006c2000000, 0x00000006c2000000|
|  12|0x00000006c2000000, 0x00000006c2100000, 0x00000006c2100000|100%| O|  |TS  0|AC  0|TAMS 0x00000006c2100000, 0x00000006c2100000|
|  13|0x00000006c2100000, 0x00000006c2200000, 0x00000006c2200000|100%| O|  |TS  0|AC  0|TAMS 0x00000006c2200000, 0x00000006c2200000|
|  14|0x00000006c2200000, 0x00000006c2300000, 0x00000006c2300000|100%| O|  |TS  5|AC  0|TAMS 0x00000006c22be800, 0x00000006c22be800|
|  15|0x00000006c2300000, 0x00000006c2400000, 0x00000006c2400000|100%|HS|  |TS  0|AC  0|TAMS 0x00000006c2300000, 0x00000006c2300000|
|  16|0x00000006c2400000, 0x00000006c2500000, 0x00000006c2500000|100%|HS|  |TS  0|AC  0|TAMS 0x00000006c2400000, 0x00000006c2400000|
|  17|0x00000006c2500000, 0x00000006c2600000, 0x00000006c2600000|100%|HS|  |TS  0|AC  0|TAMS 0x00000006c2500000, 0x00000006c2500000|
|  18|0x00000006c2600000, 0x00000006c2700000, 0x00000006c2700000|100%| O|  |TS  0|AC  0|TAMS 0x00000006c2700000, 0x00000006c2700000|
|  19|0x00000006c2700000, 0x00000006c2800000, 0x00000006c2800000|100%| O|  |TS  0|AC  0|TAMS 0x00000006c2800000, 0x00000006c2800000|
|  20|0x00000006c2800000, 0x00000006c2900000, 0x00000006c2900000|100%| O|  |TS  0|AC  0|TAMS 0x00000006c2900000, 0x00000006c2900000|
|  21|0x00000006c2900000, 0x00000006c2a00000, 0x00000006c2a00000|100%| O|  |TS  0|AC  0|TAMS 0x00000006c2a00000, 0x00000006c2a00000|
|  22|0x00000006c2a00000, 0x00000006c2b00000, 0x00000006c2b00000|100%| O|  |TS  0|AC  0|TAMS 0x00000006c2b00000, 0x00000006c2b00000|
|  23|0x00000006c2b00000, 0x00000006c2c00000, 0x00000006c2c00000|100%| O|  |TS  0|AC  0|TAMS 0x00000006c2c00000, 0x00000006c2c00000|
|  24|0x00000006c2c00000, 0x00000006c2d00000, 0x00000006c2d00000|100%| O|  |TS  0|AC  0|TAMS 0x00000006c2d00000, 0x00000006c2d00000|
|  25|0x00000006c2d00000, 0x00000006c2e00000, 0x00000006c2e00000|100%| O|  |TS  0|AC  0|TAMS 0x00000006c2e00000, 0x00000006c2e00000|
|  26|0x00000006c2e00000, 0x00000006c2f00000, 0x00000006c2f00000|100%| O|  |TS  0|AC  0|TAMS 0x00000006c2f00000, 0x00000006c2f00000|
|  27|0x00000006c2f00000, 0x00000006c3000000, 0x00000006c3000000|100%| O|  |TS  0|AC  0|TAMS 0x00000006c3000000, 0x00000006c3000000|
|  28|0x00000006c3000000, 0x00000006c3100000, 0x00000006c3100000|100%| O|  |TS  0|AC  0|TAMS 0x00000006c3100000, 0x00000006c3100000|
|  29|0x00000006c3100000, 0x00000006c3200000, 0x00000006c3200000|100%| O|  |TS  0|AC  0|TAMS 0x00000006c3200000, 0x00000006c3200000|
|  30|0x00000006c3200000, 0x00000006c3300000, 0x00000006c3300000|100%| O|  |TS  0|AC  0|TAMS 0x00000006c3300000, 0x00000006c3300000|
|  31|0x00000006c3300000, 0x00000006c3400000, 0x00000006c3400000|100%| O|  |TS  0|AC  0|TAMS 0x00000006c3400000, 0x00000006c3400000|
|  32|0x00000006c3400000, 0x00000006c3500000, 0x00000006c3500000|100%| O|  |TS  0|AC  0|TAMS 0x00000006c3500000, 0x00000006c3500000|
|  33|0x00000006c3500000, 0x00000006c3600000, 0x00000006c3600000|100%| O|  |TS  0|AC  0|TAMS 0x00000006c3600000, 0x00000006c3600000|
|  34|0x00000006c3600000, 0x00000006c3700000, 0x00000006c3700000|100%| O|  |TS  0|AC  0|TAMS 0x00000006c3700000, 0x00000006c3700000|
|  35|0x00000006c3700000, 0x00000006c3800000, 0x00000006c3800000|100%| O|  |TS  0|AC  0|TAMS 0x00000006c3800000, 0x00000006c3800000|
|  36|0x00000006c3800000, 0x00000006c3900000, 0x00000006c3900000|100%| O|  |TS  0|AC  0|TAMS 0x00000006c3900000, 0x00000006c3900000|
|  37|0x00000006c3900000, 0x00000006c3a00000, 0x00000006c3a00000|100%| O|  |TS  0|AC  0|TAMS 0x00000006c3a00000, 0x00000006c3a00000|
|  38|0x00000006c3a00000, 0x00000006c3b00000, 0x00000006c3b00000|100%| O|  |TS  0|AC  0|TAMS 0x00000006c3b00000, 0x00000006c3b00000|
|  39|0x00000006c3b00000, 0x00000006c3c00000, 0x00000006c3c00000|100%|HS|  |TS  0|AC  0|TAMS 0x00000006c3b00000, 0x00000006c3b00000|
|  40|0x00000006c3c00000, 0x00000006c3d00000, 0x00000006c3d00000|100%|HS|  |TS  0|AC  0|TAMS 0x00000006c3c00000, 0x00000006c3c00000|
|  41|0x00000006c3d00000, 0x00000006c3e00000, 0x00000006c3e00000|100%|HS|  |TS  0|AC  0|TAMS 0x00000006c3d00000, 0x00000006c3d00000|
|  42|0x00000006c3e00000, 0x00000006c3f00000, 0x00000006c3f00000|100%|HS|  |TS  0|AC  0|TAMS 0x00000006c3e00000, 0x00000006c3e00000|
|  43|0x00000006c3f00000, 0x00000006c4000000, 0x00000006c4000000|100%|HS|  |TS  0|AC  0|TAMS 0x00000006c3f00000, 0x00000006c3f00000|
|  44|0x00000006c4000000, 0x00000006c4100000, 0x00000006c4100000|100%|HC|  |TS  0|AC  0|TAMS 0x00000006c4000000, 0x00000006c4000000|
|  45|0x00000006c4100000, 0x00000006c4200000, 0x00000006c4200000|100%|HS|  |TS  5|AC  0|TAMS 0x00000006c4100000, 0x00000006c4100000|
|  46|0x00000006c4200000, 0x00000006c4300000, 0x00000006c4300000|100%| O|  |TS  5|AC  0|TAMS 0x00000006c4200000, 0x00000006c4200000|
|  47|0x00000006c4300000, 0x00000006c4400000, 0x00000006c4400000|100%| O|  |TS  5|AC  0|TAMS 0x00000006c4300000, 0x00000006c4300000|
|  48|0x00000006c4400000, 0x00000006c4500000, 0x00000006c4500000|100%| O|  |TS  5|AC  0|TAMS 0x00000006c4400000, 0x00000006c4400000|
|  49|0x00000006c4500000, 0x00000006c4600000, 0x00000006c4600000|100%| O|  |TS  5|AC  0|TAMS 0x00000006c4500000, 0x00000006c4500000|
|  50|0x00000006c4600000, 0x00000006c4700000, 0x00000006c4700000|100%| O|  |TS  5|AC  0|TAMS 0x00000006c4600000, 0x00000006c4600000|
|  51|0x00000006c4700000, 0x00000006c4732400, 0x00000006c4800000| 19%| O|  |TS  5|AC  0|TAMS 0x00000006c4700000, 0x00000006c4700000|
|  52|0x00000006c4800000, 0x00000006c4900000, 0x00000006c4900000|100%|HS|  |TS  0|AC  0|TAMS 0x00000006c4800000, 0x00000006c4800000|
|  53|0x00000006c4900000, 0x00000006c4a00000, 0x00000006c4a00000|100%|HS|  |TS  0|AC  0|TAMS 0x00000006c4900000, 0x00000006c4900000|
|  54|0x00000006c4a00000, 0x00000006c4b00000, 0x00000006c4b00000|100%|HS|  |TS  0|AC  0|TAMS 0x00000006c4a00000, 0x00000006c4a00000|
|  55|0x00000006c4b00000, 0x00000006c4c00000, 0x00000006c4c00000|100%|HS|  |TS  0|AC  0|TAMS 0x00000006c4b00000, 0x00000006c4b00000|
|  56|0x00000006c4c00000, 0x00000006c4c00000, 0x00000006c4d00000|  0%| F|  |TS  0|AC  0|TAMS 0x00000006c4c00000, 0x00000006c4c00000|
|  57|0x00000006c4d00000, 0x00000006c4d00000, 0x00000006c4e00000|  0%| F|  |TS  0|AC  0|TAMS 0x00000006c4d00000, 0x00000006c4d00000|
|  58|0x00000006c4e00000, 0x00000006c4e00000, 0x00000006c4f00000|  0%| F|  |TS  0|AC  0|TAMS 0x00000006c4e00000, 0x00000006c4e00000|
|  59|0x00000006c4f00000, 0x00000006c4f00000, 0x00000006c5000000|  0%| F|  |TS  0|AC  0|TAMS 0x00000006c4f00000, 0x00000006c4f00000|
|  60|0x00000006c5000000, 0x00000006c5000000, 0x00000006c5100000|  0%| F|  |TS  0|AC  0|TAMS 0x00000006c5000000, 0x00000006c5000000|
|  61|0x00000006c5100000, 0x00000006c5100000, 0x00000006c5200000|  0%| F|  |TS  0|AC  0|TAMS 0x00000006c5100000, 0x00000006c5100000|
|  62|0x00000006c5200000, 0x00000006c5200000, 0x00000006c5300000|  0%| F|  |TS  0|AC  0|TAMS 0x00000006c5200000, 0x00000006c5200000|
|  63|0x00000006c5300000, 0x00000006c5300000, 0x00000006c5400000|  0%| F|  |TS  0|AC  0|TAMS 0x00000006c5300000, 0x00000006c5300000|
|  64|0x00000006c5400000, 0x00000006c5400000, 0x00000006c5500000|  0%| F|  |TS  0|AC  0|TAMS 0x00000006c5400000, 0x00000006c5400000|
|  65|0x00000006c5500000, 0x00000006c5500000, 0x00000006c5600000|  0%| F|  |TS  0|AC  0|TAMS 0x00000006c5500000, 0x00000006c5500000|
|  66|0x00000006c5600000, 0x00000006c5600000, 0x00000006c5700000|  0%| F|  |TS  0|AC  0|TAMS 0x00000006c5600000, 0x00000006c5600000|
|  67|0x00000006c5700000, 0x00000006c5700000, 0x00000006c5800000|  0%| F|  |TS  0|AC  0|TAMS 0x00000006c5700000, 0x00000006c5700000|
|  68|0x00000006c5800000, 0x00000006c5800000, 0x00000006c5900000|  0%| F|  |TS  0|AC  0|TAMS 0x00000006c5800000, 0x00000006c5800000|
|  69|0x00000006c5900000, 0x00000006c5900000, 0x00000006c5a00000|  0%| F|  |TS  0|AC  0|TAMS 0x00000006c5900000, 0x00000006c5900000|
|  70|0x00000006c5a00000, 0x00000006c5a00000, 0x00000006c5b00000|  0%| F|  |TS  0|AC  0|TAMS 0x00000006c5a00000, 0x00000006c5a00000|
|  71|0x00000006c5b00000, 0x00000006c5b00000, 0x00000006c5c00000|  0%| F|  |TS  0|AC  0|TAMS 0x00000006c5b00000, 0x00000006c5b00000|
|  72|0x00000006c5c00000, 0x00000006c5c00000, 0x00000006c5d00000|  0%| F|  |TS  0|AC  0|TAMS 0x00000006c5c00000, 0x00000006c5c00000|
|  73|0x00000006c5d00000, 0x00000006c5d00000, 0x00000006c5e00000|  0%| F|  |TS  0|AC  0|TAMS 0x00000006c5d00000, 0x00000006c5d00000|
|  74|0x00000006c5e00000, 0x00000006c5e00000, 0x00000006c5f00000|  0%| F|  |TS  0|AC  0|TAMS 0x00000006c5e00000, 0x00000006c5e00000|
|  75|0x00000006c5f00000, 0x00000006c5f00000, 0x00000006c6000000|  0%| F|  |TS  0|AC  0|TAMS 0x00000006c5f00000, 0x00000006c5f00000|
|  76|0x00000006c6000000, 0x00000006c6000000, 0x00000006c6100000|  0%| F|  |TS  0|AC  0|TAMS 0x00000006c6000000, 0x00000006c6000000|
|  77|0x00000006c6100000, 0x00000006c6100000, 0x00000006c6200000|  0%| F|  |TS  0|AC  0|TAMS 0x00000006c6100000, 0x00000006c6100000|
|  78|0x00000006c6200000, 0x00000006c6200000, 0x00000006c6300000|  0%| F|  |TS  0|AC  0|TAMS 0x00000006c6200000, 0x00000006c6200000|
|  79|0x00000006c6300000, 0x00000006c6300000, 0x00000006c6400000|  0%| F|  |TS  0|AC  0|TAMS 0x00000006c6300000, 0x00000006c6300000|
|  80|0x00000006c6400000, 0x00000006c6400000, 0x00000006c6500000|  0%| F|  |TS  0|AC  0|TAMS 0x00000006c6400000, 0x00000006c6400000|
|  81|0x00000006c6500000, 0x00000006c6500000, 0x00000006c6600000|  0%| F|  |TS  0|AC  0|TAMS 0x00000006c6500000, 0x00000006c6500000|
|  82|0x00000006c6600000, 0x00000006c6600000, 0x00000006c6700000|  0%| F|  |TS  0|AC  0|TAMS 0x00000006c6600000, 0x00000006c6600000|
|  83|0x00000006c6700000, 0x00000006c6700000, 0x00000006c6800000|  0%| F|  |TS  0|AC  0|TAMS 0x00000006c6700000, 0x00000006c6700000|
|  84|0x00000006c6800000, 0x00000006c6800000, 0x00000006c6900000|  0%| F|  |TS  0|AC  0|TAMS 0x00000006c6800000, 0x00000006c6800000|
|  85|0x00000006c6900000, 0x00000006c6900000, 0x00000006c6a00000|  0%| F|  |TS  0|AC  0|TAMS 0x00000006c6900000, 0x00000006c6900000|
|  86|0x00000006c6a00000, 0x00000006c6a00000, 0x00000006c6b00000|  0%| F|  |TS  0|AC  0|TAMS 0x00000006c6a00000, 0x00000006c6a00000|
|  87|0x00000006c6b00000, 0x00000006c6b00000, 0x00000006c6c00000|  0%| F|  |TS  0|AC  0|TAMS 0x00000006c6b00000, 0x00000006c6b00000|
|  88|0x00000006c6c00000, 0x00000006c6c00000, 0x00000006c6d00000|  0%| F|  |TS  0|AC  0|TAMS 0x00000006c6c00000, 0x00000006c6c00000|
|  89|0x00000006c6d00000, 0x00000006c6d00000, 0x00000006c6e00000|  0%| F|  |TS  0|AC  0|TAMS 0x00000006c6d00000, 0x00000006c6d00000|
|  90|0x00000006c6e00000, 0x00000006c6e00000, 0x00000006c6f00000|  0%| F|  |TS  0|AC  0|TAMS 0x00000006c6e00000, 0x00000006c6e00000|
|  91|0x00000006c6f00000, 0x00000006c6f00000, 0x00000006c7000000|  0%| F|  |TS  0|AC  0|TAMS 0x00000006c6f00000, 0x00000006c6f00000|
|  92|0x00000006c7000000, 0x00000006c7000000, 0x00000006c7100000|  0%| F|  |TS  0|AC  0|TAMS 0x00000006c7000000, 0x00000006c7000000|
|  93|0x00000006c7100000, 0x00000006c7100000, 0x00000006c7200000|  0%| F|  |TS  0|AC  0|TAMS 0x00000006c7100000, 0x00000006c7100000|
|  94|0x00000006c7200000, 0x00000006c7200000, 0x00000006c7300000|  0%| F|  |TS  0|AC  0|TAMS 0x00000006c7200000, 0x00000006c7200000|
|  95|0x00000006c7300000, 0x00000006c7300000, 0x00000006c7400000|  0%| F|  |TS  0|AC  0|TAMS 0x00000006c7300000, 0x00000006c7300000|
|  96|0x00000006c7400000, 0x00000006c7400000, 0x00000006c7500000|  0%| F|  |TS  0|AC  0|TAMS 0x00000006c7400000, 0x00000006c7400000|
|  97|0x00000006c7500000, 0x00000006c7500000, 0x00000006c7600000|  0%| F|  |TS  0|AC  0|TAMS 0x00000006c7500000, 0x00000006c7500000|
|  98|0x00000006c7600000, 0x00000006c7600000, 0x00000006c7700000|  0%| F|  |TS  0|AC  0|TAMS 0x00000006c7600000, 0x00000006c7600000|
|  99|0x00000006c7700000, 0x00000006c7700000, 0x00000006c7800000|  0%| F|  |TS  0|AC  0|TAMS 0x00000006c7700000, 0x00000006c7700000|
| 100|0x00000006c7800000, 0x00000006c7800000, 0x00000006c7900000|  0%| F|  |TS  0|AC  0|TAMS 0x00000006c7800000, 0x00000006c7800000|
| 101|0x00000006c7900000, 0x00000006c7a00000, 0x00000006c7a00000|100%| S|CS|TS  5|AC  0|TAMS 0x00000006c7900000, 0x00000006c7900000|
| 102|0x00000006c7a00000, 0x00000006c7b00000, 0x00000006c7b00000|100%| S|CS|TS  5|AC  0|TAMS 0x00000006c7a00000, 0x00000006c7a00000|
| 103|0x00000006c7b00000, 0x00000006c7c00000, 0x00000006c7c00000|100%| S|CS|TS  5|AC  0|TAMS 0x00000006c7b00000, 0x00000006c7b00000|
| 104|0x00000006c7c00000, 0x00000006c7d00000, 0x00000006c7d00000|100%| S|CS|TS  5|AC  0|TAMS 0x00000006c7c00000, 0x00000006c7c00000|
| 105|0x00000006c7d00000, 0x00000006c7e00000, 0x00000006c7e00000|100%| S|CS|TS  5|AC  0|TAMS 0x00000006c7d00000, 0x00000006c7d00000|
| 106|0x00000006c7e00000, 0x00000006c7e00000, 0x00000006c7f00000|  0%| F|  |TS  5|AC  0|TAMS 0x00000006c7e00000, 0x00000006c7e00000|
| 107|0x00000006c7f00000, 0x00000006c7f00000, 0x00000006c8000000|  0%| F|  |TS  5|AC  0|TAMS 0x00000006c7f00000, 0x00000006c7f00000|
| 108|0x00000006c8000000, 0x00000006c8000000, 0x00000006c8100000|  0%| F|  |TS  5|AC  0|TAMS 0x00000006c8000000, 0x00000006c8000000|
| 109|0x00000006c8100000, 0x00000006c8100000, 0x00000006c8200000|  0%| F|  |TS  5|AC  0|TAMS 0x00000006c8100000, 0x00000006c8100000|
| 110|0x00000006c8200000, 0x00000006c8200000, 0x00000006c8300000|  0%| F|  |TS  5|AC  0|TAMS 0x00000006c8200000, 0x00000006c8200000|
| 111|0x00000006c8300000, 0x00000006c8300000, 0x00000006c8400000|  0%| F|  |TS  5|AC  0|TAMS 0x00000006c8300000, 0x00000006c8300000|
| 112|0x00000006c8400000, 0x00000006c8400000, 0x00000006c8500000|  0%| F|  |TS  5|AC  0|TAMS 0x00000006c8400000, 0x00000006c8400000|
| 113|0x00000006c8500000, 0x00000006c8500000, 0x00000006c8600000|  0%| F|  |TS  5|AC  0|TAMS 0x00000006c8500000, 0x00000006c8500000|
| 114|0x00000006c8600000, 0x00000006c8600000, 0x00000006c8700000|  0%| F|  |TS  5|AC  0|TAMS 0x00000006c8600000, 0x00000006c8600000|
| 115|0x00000006c8700000, 0x00000006c8800000, 0x00000006c8800000|100%| S|CS|TS  5|AC  0|TAMS 0x00000006c8700000, 0x00000006c8700000|
| 116|0x00000006c8800000, 0x00000006c8900000, 0x00000006c8900000|100%| S|CS|TS  5|AC  0|TAMS 0x00000006c8800000, 0x00000006c8800000|
| 117|0x00000006c8900000, 0x00000006c8a00000, 0x00000006c8a00000|100%| S|CS|TS  5|AC  0|TAMS 0x00000006c8900000, 0x00000006c8900000|
| 118|0x00000006c8a00000, 0x00000006c8b00000, 0x00000006c8b00000|100%| S|CS|TS  5|AC  0|TAMS 0x00000006c8a00000, 0x00000006c8a00000|
| 119|0x00000006c8b00000, 0x00000006c8c00000, 0x00000006c8c00000|100%| S|CS|TS  5|AC  0|TAMS 0x00000006c8b00000, 0x00000006c8b00000|
| 120|0x00000006c8c00000, 0x00000006c8d00000, 0x00000006c8d00000|100%| S|CS|TS  5|AC  0|TAMS 0x00000006c8c00000, 0x00000006c8c00000|
| 121|0x00000006c8d00000, 0x00000006c8e00000, 0x00000006c8e00000|100%| S|CS|TS  5|AC  0|TAMS 0x00000006c8d00000, 0x00000006c8d00000|
| 122|0x00000006c8e00000, 0x00000006c8f00000, 0x00000006c8f00000|100%| S|CS|TS  5|AC  0|TAMS 0x00000006c8e00000, 0x00000006c8e00000|
| 123|0x00000006c8f00000, 0x00000006c9000000, 0x00000006c9000000|100%| S|CS|TS  5|AC  0|TAMS 0x00000006c8f00000, 0x00000006c8f00000|
| 124|0x00000006c9000000, 0x00000006c9100000, 0x00000006c9100000|100%| S|CS|TS  5|AC  0|TAMS 0x00000006c9000000, 0x00000006c9000000|
| 125|0x00000006c9100000, 0x00000006c9200000, 0x00000006c9200000|100%| S|CS|TS  5|AC  0|TAMS 0x00000006c9100000, 0x00000006c9100000|
| 126|0x00000006c9200000, 0x00000006c9300000, 0x00000006c9300000|100%| S|CS|TS  5|AC  0|TAMS 0x00000006c9200000, 0x00000006c9200000|
| 127|0x00000006c9300000, 0x00000006c9300000, 0x00000006c9400000|  0%| F|  |TS  5|AC  0|TAMS 0x00000006c9300000, 0x00000006c9300000|
| 128|0x00000006c9400000, 0x00000006c9400000, 0x00000006c9500000|  0%| F|  |TS  5|AC  0|TAMS 0x00000006c9400000, 0x00000006c9400000|
| 129|0x00000006c9500000, 0x00000006c9500000, 0x00000006c9600000|  0%| F|  |TS  5|AC  0|TAMS 0x00000006c9500000, 0x00000006c9500000|
| 130|0x00000006c9600000, 0x00000006c9600000, 0x00000006c9700000|  0%| F|  |TS  5|AC  0|TAMS 0x00000006c9600000, 0x00000006c9600000|
| 131|0x00000006c9700000, 0x00000006c9700000, 0x00000006c9800000|  0%| F|  |TS  5|AC  0|TAMS 0x00000006c9700000, 0x00000006c9700000|
| 132|0x00000006c9800000, 0x00000006c9800000, 0x00000006c9900000|  0%| F|  |TS  5|AC  0|TAMS 0x00000006c9800000, 0x00000006c9800000|
| 133|0x00000006c9900000, 0x00000006c9900000, 0x00000006c9a00000|  0%| F|  |TS  5|AC  0|TAMS 0x00000006c9900000, 0x00000006c9900000|
| 134|0x00000006c9a00000, 0x00000006c9a00000, 0x00000006c9b00000|  0%| F|  |TS  5|AC  0|TAMS 0x00000006c9a00000, 0x00000006c9a00000|
| 135|0x00000006c9b00000, 0x00000006c9b00000, 0x00000006c9c00000|  0%| F|  |TS  5|AC  0|TAMS 0x00000006c9b00000, 0x00000006c9b00000|
| 136|0x00000006c9c00000, 0x00000006c9d00000, 0x00000006c9d00000|100%| S|CS|TS  5|AC  0|TAMS 0x00000006c9c00000, 0x00000006c9c00000|
| 137|0x00000006c9d00000, 0x00000006c9e00000, 0x00000006c9e00000|100%| S|CS|TS  5|AC  0|TAMS 0x00000006c9d00000, 0x00000006c9d00000|
| 138|0x00000006c9e00000, 0x00000006c9f00000, 0x00000006c9f00000|100%| S|CS|TS  5|AC  0|TAMS 0x00000006c9e00000, 0x00000006c9e00000|
| 139|0x00000006c9f00000, 0x00000006ca000000, 0x00000006ca000000|100%| S|CS|TS  5|AC  0|TAMS 0x00000006c9f00000, 0x00000006c9f00000|
| 140|0x00000006ca000000, 0x00000006ca100000, 0x00000006ca100000|100%| S|CS|TS  5|AC  0|TAMS 0x00000006ca000000, 0x00000006ca000000|
| 141|0x00000006ca100000, 0x00000006ca200000, 0x00000006ca200000|100%| S|CS|TS  5|AC  0|TAMS 0x00000006ca100000, 0x00000006ca100000|
| 142|0x00000006ca200000, 0x00000006ca200000, 0x00000006ca300000|  0%| F|  |TS  5|AC  0|TAMS 0x00000006ca200000, 0x00000006ca200000|
| 143|0x00000006ca300000, 0x00000006ca300000, 0x00000006ca400000|  0%| F|  |TS  5|AC  0|TAMS 0x00000006ca300000, 0x00000006ca300000|
| 144|0x00000006ca400000, 0x00000006ca400000, 0x00000006ca500000|  0%| F|  |TS  5|AC  0|TAMS 0x00000006ca400000, 0x00000006ca400000|
| 145|0x00000006ca500000, 0x00000006ca500000, 0x00000006ca600000|  0%| F|  |TS  5|AC  0|TAMS 0x00000006ca500000, 0x00000006ca500000|
| 146|0x00000006ca600000, 0x00000006ca600000, 0x00000006ca700000|  0%| F|  |TS  5|AC  0|TAMS 0x00000006ca600000, 0x00000006ca600000|
| 147|0x00000006ca700000, 0x00000006ca700000, 0x00000006ca800000|  0%| F|  |TS  5|AC  0|TAMS 0x00000006ca700000, 0x00000006ca700000|
| 148|0x00000006ca800000, 0x00000006ca800000, 0x00000006ca900000|  0%| F|  |TS  5|AC  0|TAMS 0x00000006ca800000, 0x00000006ca800000|
| 149|0x00000006ca900000, 0x00000006ca900000, 0x00000006caa00000|  0%| F|  |TS  5|AC  0|TAMS 0x00000006ca900000, 0x00000006ca900000|
| 150|0x00000006caa00000, 0x00000006caa00000, 0x00000006cab00000|  0%| F|  |TS  5|AC  0|TAMS 0x00000006caa00000, 0x00000006caa00000|
| 151|0x00000006cab00000, 0x00000006cab00000, 0x00000006cac00000|  0%| F|  |TS  5|AC  0|TAMS 0x00000006cab00000, 0x00000006cab00000|
| 152|0x00000006cac00000, 0x00000006cac00000, 0x00000006cad00000|  0%| F|  |TS  5|AC  0|TAMS 0x00000006cac00000, 0x00000006cac00000|
| 153|0x00000006cad00000, 0x00000006cad00000, 0x00000006cae00000|  0%| F|  |TS  5|AC  0|TAMS 0x00000006cad00000, 0x00000006cad00000|
| 154|0x00000006cae00000, 0x00000006cae00000, 0x00000006caf00000|  0%| F|  |TS  5|AC  0|TAMS 0x00000006cae00000, 0x00000006cae00000|
| 155|0x00000006caf00000, 0x00000006caf00000, 0x00000006cb000000|  0%| F|  |TS  5|AC  0|TAMS 0x00000006caf00000, 0x00000006caf00000|
| 156|0x00000006cb000000, 0x00000006cb000000, 0x00000006cb100000|  0%| F|  |TS  5|AC  0|TAMS 0x00000006cb000000, 0x00000006cb000000|
| 157|0x00000006cb100000, 0x00000006cb100000, 0x00000006cb200000|  0%| F|  |TS  5|AC  0|TAMS 0x00000006cb100000, 0x00000006cb100000|
| 158|0x00000006cb200000, 0x00000006cb200000, 0x00000006cb300000|  0%| F|  |TS  5|AC  0|TAMS 0x00000006cb200000, 0x00000006cb200000|
| 159|0x00000006cb300000, 0x00000006cb300000, 0x00000006cb400000|  0%| F|  |TS  5|AC  0|TAMS 0x00000006cb300000, 0x00000006cb300000|
| 160|0x00000006cb400000, 0x00000006cb400000, 0x00000006cb500000|  0%| F|  |TS  5|AC  0|TAMS 0x00000006cb400000, 0x00000006cb400000|
| 161|0x00000006cb500000, 0x00000006cb500000, 0x00000006cb600000|  0%| F|  |TS  5|AC  0|TAMS 0x00000006cb500000, 0x00000006cb500000|
| 162|0x00000006cb600000, 0x00000006cb600000, 0x00000006cb700000|  0%| F|  |TS  5|AC  0|TAMS 0x00000006cb600000, 0x00000006cb600000|
| 163|0x00000006cb700000, 0x00000006cb700000, 0x00000006cb800000|  0%| F|  |TS  5|AC  0|TAMS 0x00000006cb700000, 0x00000006cb700000|
| 164|0x00000006cb800000, 0x00000006cb800000, 0x00000006cb900000|  0%| F|  |TS  5|AC  0|TAMS 0x00000006cb800000, 0x00000006cb800000|
| 165|0x00000006cb900000, 0x00000006cb900000, 0x00000006cba00000|  0%| F|  |TS  5|AC  0|TAMS 0x00000006cb900000, 0x00000006cb900000|
| 166|0x00000006cba00000, 0x00000006cba00000, 0x00000006cbb00000|  0%| F|  |TS  5|AC  0|TAMS 0x00000006cba00000, 0x00000006cba00000|
| 167|0x00000006cbb00000, 0x00000006cbb00000, 0x00000006cbc00000|  0%| F|  |TS  5|AC  0|TAMS 0x00000006cbb00000, 0x00000006cbb00000|
| 168|0x00000006cbc00000, 0x00000006cbc00000, 0x00000006cbd00000|  0%| F|  |TS  5|AC  0|TAMS 0x00000006cbc00000, 0x00000006cbc00000|
| 169|0x00000006cbd00000, 0x00000006cbd00000, 0x00000006cbe00000|  0%| F|  |TS  5|AC  0|TAMS 0x00000006cbd00000, 0x00000006cbd00000|
| 170|0x00000006cbe00000, 0x00000006cbe00000, 0x00000006cbf00000|  0%| F|  |TS  5|AC  0|TAMS 0x00000006cbe00000, 0x00000006cbe00000|
| 171|0x00000006cbf00000, 0x00000006cbf00000, 0x00000006cc000000|  0%| F|  |TS  5|AC  0|TAMS 0x00000006cbf00000, 0x00000006cbf00000|
| 172|0x00000006cc000000, 0x00000006cc000000, 0x00000006cc100000|  0%| F|  |TS  5|AC  0|TAMS 0x00000006cc000000, 0x00000006cc000000|
| 173|0x00000006cc100000, 0x00000006cc100000, 0x00000006cc200000|  0%| F|  |TS  5|AC  0|TAMS 0x00000006cc100000, 0x00000006cc100000|
| 174|0x00000006cc200000, 0x00000006cc200000, 0x00000006cc300000|  0%| F|  |TS  5|AC  0|TAMS 0x00000006cc200000, 0x00000006cc200000|
| 175|0x00000006cc300000, 0x00000006cc300000, 0x00000006cc400000|  0%| F|  |TS  5|AC  0|TAMS 0x00000006cc300000, 0x00000006cc300000|
| 176|0x00000006cc400000, 0x00000006cc400000, 0x00000006cc500000|  0%| F|  |TS  5|AC  0|TAMS 0x00000006cc400000, 0x00000006cc400000|
| 177|0x00000006cc500000, 0x00000006cc500000, 0x00000006cc600000|  0%| F|  |TS  5|AC  0|TAMS 0x00000006cc500000, 0x00000006cc500000|
| 178|0x00000006cc600000, 0x00000006cc600000, 0x00000006cc700000|  0%| F|  |TS  5|AC  0|TAMS 0x00000006cc600000, 0x00000006cc600000|
| 179|0x00000006cc700000, 0x00000006cc700000, 0x00000006cc800000|  0%| F|  |TS  5|AC  0|TAMS 0x00000006cc700000, 0x00000006cc700000|
| 180|0x00000006cc800000, 0x00000006cc800000, 0x00000006cc900000|  0%| F|  |TS  5|AC  0|TAMS 0x00000006cc800000, 0x00000006cc800000|
| 181|0x00000006cc900000, 0x00000006cc900000, 0x00000006cca00000|  0%| F|  |TS  5|AC  0|TAMS 0x00000006cc900000, 0x00000006cc900000|
| 182|0x00000006cca00000, 0x00000006cca00000, 0x00000006ccb00000|  0%| F|  |TS  5|AC  0|TAMS 0x00000006cca00000, 0x00000006cca00000|
| 183|0x00000006ccb00000, 0x00000006ccb00000, 0x00000006ccc00000|  0%| F|  |TS  5|AC  0|TAMS 0x00000006ccb00000, 0x00000006ccb00000|
| 184|0x00000006ccc00000, 0x00000006ccc00000, 0x00000006ccd00000|  0%| F|  |TS  5|AC  0|TAMS 0x00000006ccc00000, 0x00000006ccc00000|
| 185|0x00000006ccd00000, 0x00000006ccd00000, 0x00000006cce00000|  0%| F|  |TS  5|AC  0|TAMS 0x00000006ccd00000, 0x00000006ccd00000|
| 186|0x00000006cce00000, 0x00000006cce00000, 0x00000006ccf00000|  0%| F|  |TS  5|AC  0|TAMS 0x00000006cce00000, 0x00000006cce00000|
| 187|0x00000006ccf00000, 0x00000006ccf00000, 0x00000006cd000000|  0%| F|  |TS  5|AC  0|TAMS 0x00000006ccf00000, 0x00000006ccf00000|
| 188|0x00000006cd000000, 0x00000006cd000000, 0x00000006cd100000|  0%| F|  |TS  5|AC  0|TAMS 0x00000006cd000000, 0x00000006cd000000|
| 189|0x00000006cd100000, 0x00000006cd100000, 0x00000006cd200000|  0%| F|  |TS  5|AC  0|TAMS 0x00000006cd100000, 0x00000006cd100000|
| 190|0x00000006cd200000, 0x00000006cd200000, 0x00000006cd300000|  0%| F|  |TS  5|AC  0|TAMS 0x00000006cd200000, 0x00000006cd200000|
| 191|0x00000006cd300000, 0x00000006cd300000, 0x00000006cd400000|  0%| F|  |TS  5|AC  0|TAMS 0x00000006cd300000, 0x00000006cd300000|
| 192|0x00000006cd400000, 0x00000006cd400000, 0x00000006cd500000|  0%| F|  |TS  5|AC  0|TAMS 0x00000006cd400000, 0x00000006cd400000|
| 193|0x00000006cd500000, 0x00000006cd500000, 0x00000006cd600000|  0%| F|  |TS  5|AC  0|TAMS 0x00000006cd500000, 0x00000006cd500000|
| 194|0x00000006cd600000, 0x00000006cd600000, 0x00000006cd700000|  0%| F|  |TS  5|AC  0|TAMS 0x00000006cd600000, 0x00000006cd600000|
| 195|0x00000006cd700000, 0x00000006cd700000, 0x00000006cd800000|  0%| F|  |TS  5|AC  0|TAMS 0x00000006cd700000, 0x00000006cd700000|
| 196|0x00000006cd800000, 0x00000006cd800000, 0x00000006cd900000|  0%| F|  |TS  5|AC  0|TAMS 0x00000006cd800000, 0x00000006cd800000|
| 197|0x00000006cd900000, 0x00000006cd900000, 0x00000006cda00000|  0%| F|  |TS  5|AC  0|TAMS 0x00000006cd900000, 0x00000006cd900000|
| 198|0x00000006cda00000, 0x00000006cda00000, 0x00000006cdb00000|  0%| F|  |TS  5|AC  0|TAMS 0x00000006cda00000, 0x00000006cda00000|
| 199|0x00000006cdb00000, 0x00000006cdb00000, 0x00000006cdc00000|  0%| F|  |TS  5|AC  0|TAMS 0x00000006cdb00000, 0x00000006cdb00000|
| 200|0x00000006cdc00000, 0x00000006cdc00000, 0x00000006cdd00000|  0%| F|  |TS  5|AC  0|TAMS 0x00000006cdc00000, 0x00000006cdc00000|
| 201|0x00000006cdd00000, 0x00000006cdd00000, 0x00000006cde00000|  0%| F|  |TS  5|AC  0|TAMS 0x00000006cdd00000, 0x00000006cdd00000|
| 202|0x00000006cde00000, 0x00000006cde00000, 0x00000006cdf00000|  0%| F|  |TS  5|AC  0|TAMS 0x00000006cde00000, 0x00000006cde00000|
| 203|0x00000006cdf00000, 0x00000006cdf00000, 0x00000006ce000000|  0%| F|  |TS  5|AC  0|TAMS 0x00000006cdf00000, 0x00000006cdf00000|
| 204|0x00000006ce000000, 0x00000006ce000000, 0x00000006ce100000|  0%| F|  |TS  5|AC  0|TAMS 0x00000006ce000000, 0x00000006ce000000|
| 205|0x00000006ce100000, 0x00000006ce100000, 0x00000006ce200000|  0%| F|  |TS  5|AC  0|TAMS 0x00000006ce100000, 0x00000006ce100000|
| 206|0x00000006ce200000, 0x00000006ce200000, 0x00000006ce300000|  0%| F|  |TS  5|AC  0|TAMS 0x00000006ce200000, 0x00000006ce200000|
| 207|0x00000006ce300000, 0x00000006ce300000, 0x00000006ce400000|  0%| F|  |TS  5|AC  0|TAMS 0x00000006ce300000, 0x00000006ce300000|
| 208|0x00000006ce400000, 0x00000006ce400000, 0x00000006ce500000|  0%| F|  |TS  5|AC  0|TAMS 0x00000006ce400000, 0x00000006ce400000|
| 209|0x00000006ce500000, 0x00000006ce500000, 0x00000006ce600000|  0%| F|  |TS  5|AC  0|TAMS 0x00000006ce500000, 0x00000006ce500000|
| 210|0x00000006ce600000, 0x00000006ce600000, 0x00000006ce700000|  0%| F|  |TS  5|AC  0|TAMS 0x00000006ce600000, 0x00000006ce600000|
| 211|0x00000006ce700000, 0x00000006ce700000, 0x00000006ce800000|  0%| F|  |TS  5|AC  0|TAMS 0x00000006ce700000, 0x00000006ce700000|
| 212|0x00000006ce800000, 0x00000006ce800000, 0x00000006ce900000|  0%| F|  |TS  5|AC  0|TAMS 0x00000006ce800000, 0x00000006ce800000|
| 213|0x00000006ce900000, 0x00000006ce900000, 0x00000006cea00000|  0%| F|  |TS  5|AC  0|TAMS 0x00000006ce900000, 0x00000006ce900000|
| 214|0x00000006cea00000, 0x00000006ceb00000, 0x00000006ceb00000|100%| E|  |TS  5|AC  0|TAMS 0x00000006cea00000, 0x00000006cea00000|
| 215|0x00000006ceb00000, 0x00000006cec00000, 0x00000006cec00000|100%| E|CS|TS  5|AC  0|TAMS 0x00000006ceb00000, 0x00000006ceb00000|
| 216|0x00000006cec00000, 0x00000006ced00000, 0x00000006ced00000|100%| E|CS|TS  5|AC  0|TAMS 0x00000006cec00000, 0x00000006cec00000|
| 217|0x00000006ced00000, 0x00000006cee00000, 0x00000006cee00000|100%| E|CS|TS  5|AC  0|TAMS 0x00000006ced00000, 0x00000006ced00000|
| 218|0x00000006cee00000, 0x00000006cef00000, 0x00000006cef00000|100%| E|CS|TS  5|AC  0|TAMS 0x00000006cee00000, 0x00000006cee00000|
| 219|0x00000006cef00000, 0x00000006cf000000, 0x00000006cf000000|100%| E|CS|TS  5|AC  0|TAMS 0x00000006cef00000, 0x00000006cef00000|
| 220|0x00000006cf000000, 0x00000006cf100000, 0x00000006cf100000|100%| E|CS|TS  5|AC  0|TAMS 0x00000006cf000000, 0x00000006cf000000|
| 221|0x00000006cf100000, 0x00000006cf200000, 0x00000006cf200000|100%| E|CS|TS  5|AC  0|TAMS 0x00000006cf100000, 0x00000006cf100000|
| 222|0x00000006cf200000, 0x00000006cf300000, 0x00000006cf300000|100%| E|CS|TS  5|AC  0|TAMS 0x00000006cf200000, 0x00000006cf200000|
| 223|0x00000006cf300000, 0x00000006cf400000, 0x00000006cf400000|100%| E|CS|TS  5|AC  0|TAMS 0x00000006cf300000, 0x00000006cf300000|
| 224|0x00000006cf400000, 0x00000006cf500000, 0x00000006cf500000|100%| E|CS|TS  5|AC  0|TAMS 0x00000006cf400000, 0x00000006cf400000|
| 225|0x00000006cf500000, 0x00000006cf600000, 0x00000006cf600000|100%| E|CS|TS  5|AC  0|TAMS 0x00000006cf500000, 0x00000006cf500000|
| 226|0x00000006cf600000, 0x00000006cf700000, 0x00000006cf700000|100%| E|CS|TS  5|AC  0|TAMS 0x00000006cf600000, 0x00000006cf600000|
| 227|0x00000006cf700000, 0x00000006cf800000, 0x00000006cf800000|100%| E|CS|TS  5|AC  0|TAMS 0x00000006cf700000, 0x00000006cf700000|
| 228|0x00000006cf800000, 0x00000006cf900000, 0x00000006cf900000|100%| E|CS|TS  5|AC  0|TAMS 0x00000006cf800000, 0x00000006cf800000|
| 229|0x00000006cf900000, 0x00000006cfa00000, 0x00000006cfa00000|100%| E|CS|TS  5|AC  0|TAMS 0x00000006cf900000, 0x00000006cf900000|
| 230|0x00000006cfa00000, 0x00000006cfb00000, 0x00000006cfb00000|100%| E|CS|TS  5|AC  0|TAMS 0x00000006cfa00000, 0x00000006cfa00000|
| 231|0x00000006cfb00000, 0x00000006cfc00000, 0x00000006cfc00000|100%| E|CS|TS  5|AC  0|TAMS 0x00000006cfb00000, 0x00000006cfb00000|
| 232|0x00000006cfc00000, 0x00000006cfd00000, 0x00000006cfd00000|100%| E|CS|TS  5|AC  0|TAMS 0x00000006cfc00000, 0x00000006cfc00000|
| 233|0x00000006cfd00000, 0x00000006cfe00000, 0x00000006cfe00000|100%| E|CS|TS  5|AC  0|TAMS 0x00000006cfd00000, 0x00000006cfd00000|
| 234|0x00000006cfe00000, 0x00000006cff00000, 0x00000006cff00000|100%| E|CS|TS  5|AC  0|TAMS 0x00000006cfe00000, 0x00000006cfe00000|
| 235|0x00000006cff00000, 0x00000006d0000000, 0x00000006d0000000|100%| E|CS|TS  5|AC  0|TAMS 0x00000006cff00000, 0x00000006cff00000|
| 236|0x00000006d0000000, 0x00000006d0100000, 0x00000006d0100000|100%| E|CS|TS  5|AC  0|TAMS 0x00000006d0000000, 0x00000006d0000000|
| 237|0x00000006d0100000, 0x00000006d0200000, 0x00000006d0200000|100%| E|CS|TS  5|AC  0|TAMS 0x00000006d0100000, 0x00000006d0100000|
| 238|0x00000006d0200000, 0x00000006d0300000, 0x00000006d0300000|100%| E|CS|TS  5|AC  0|TAMS 0x00000006d0200000, 0x00000006d0200000|
| 239|0x00000006d0300000, 0x00000006d0400000, 0x00000006d0400000|100%| E|CS|TS  5|AC  0|TAMS 0x00000006d0300000, 0x00000006d0300000|
| 240|0x00000006d0400000, 0x00000006d0500000, 0x00000006d0500000|100%| E|CS|TS  5|AC  0|TAMS 0x00000006d0400000, 0x00000006d0400000|
| 241|0x00000006d0500000, 0x00000006d0600000, 0x00000006d0600000|100%| E|CS|TS  5|AC  0|TAMS 0x00000006d0500000, 0x00000006d0500000|
| 242|0x00000006d0600000, 0x00000006d0700000, 0x00000006d0700000|100%| E|CS|TS  5|AC  0|TAMS 0x00000006d0600000, 0x00000006d0600000|
| 243|0x00000006d0700000, 0x00000006d0800000, 0x00000006d0800000|100%| E|CS|TS  5|AC  0|TAMS 0x00000006d0700000, 0x00000006d0700000|
| 244|0x00000006d0800000, 0x00000006d0900000, 0x00000006d0900000|100%| E|CS|TS  5|AC  0|TAMS 0x00000006d0800000, 0x00000006d0800000|
| 245|0x00000006d0900000, 0x00000006d0a00000, 0x00000006d0a00000|100%| E|CS|TS  5|AC  0|TAMS 0x00000006d0900000, 0x00000006d0900000|
| 246|0x00000006d0a00000, 0x00000006d0b00000, 0x00000006d0b00000|100%| E|CS|TS  5|AC  0|TAMS 0x00000006d0a00000, 0x00000006d0a00000|
| 247|0x00000006d0b00000, 0x00000006d0c00000, 0x00000006d0c00000|100%| E|CS|TS  5|AC  0|TAMS 0x00000006d0b00000, 0x00000006d0b00000|
| 248|0x00000006d0c00000, 0x00000006d0d00000, 0x00000006d0d00000|100%| E|CS|TS  5|AC  0|TAMS 0x00000006d0c00000, 0x00000006d0c00000|
| 249|0x00000006d0d00000, 0x00000006d0e00000, 0x00000006d0e00000|100%| E|CS|TS  5|AC  0|TAMS 0x00000006d0d00000, 0x00000006d0d00000|
| 250|0x00000006d0e00000, 0x00000006d0f00000, 0x00000006d0f00000|100%| E|CS|TS  5|AC  0|TAMS 0x00000006d0e00000, 0x00000006d0e00000|
| 251|0x00000006d0f00000, 0x00000006d1000000, 0x00000006d1000000|100%| E|CS|TS  5|AC  0|TAMS 0x00000006d0f00000, 0x00000006d0f00000|
| 252|0x00000006d1000000, 0x00000006d1100000, 0x00000006d1100000|100%| E|CS|TS  5|AC  0|TAMS 0x00000006d1000000, 0x00000006d1000000|
| 253|0x00000006d1100000, 0x00000006d1200000, 0x00000006d1200000|100%| E|CS|TS  5|AC  0|TAMS 0x00000006d1100000, 0x00000006d1100000|
| 254|0x00000006d1200000, 0x00000006d1300000, 0x00000006d1300000|100%| E|CS|TS  5|AC  0|TAMS 0x00000006d1200000, 0x00000006d1200000|
| 255|0x00000006d1300000, 0x00000006d1400000, 0x00000006d1400000|100%| E|CS|TS  5|AC  0|TAMS 0x00000006d1300000, 0x00000006d1300000|
| 256|0x00000006d1400000, 0x00000006d1500000, 0x00000006d1500000|100%| E|CS|TS  5|AC  0|TAMS 0x00000006d1400000, 0x00000006d1400000|
| 257|0x00000006d1500000, 0x00000006d1600000, 0x00000006d1600000|100%| E|CS|TS  5|AC  0|TAMS 0x00000006d1500000, 0x00000006d1500000|
| 258|0x00000006d1600000, 0x00000006d1700000, 0x00000006d1700000|100%| E|CS|TS  5|AC  0|TAMS 0x00000006d1600000, 0x00000006d1600000|
| 259|0x00000006d1700000, 0x00000006d1800000, 0x00000006d1800000|100%| E|CS|TS  5|AC  0|TAMS 0x00000006d1700000, 0x00000006d1700000|
| 260|0x00000006d1800000, 0x00000006d1900000, 0x00000006d1900000|100%| E|CS|TS  5|AC  0|TAMS 0x00000006d1800000, 0x00000006d1800000|
| 261|0x00000006d1900000, 0x00000006d1a00000, 0x00000006d1a00000|100%| E|CS|TS  5|AC  0|TAMS 0x00000006d1900000, 0x00000006d1900000|
| 262|0x00000006d1a00000, 0x00000006d1b00000, 0x00000006d1b00000|100%| E|CS|TS  5|AC  0|TAMS 0x00000006d1a00000, 0x00000006d1a00000|
| 263|0x00000006d1b00000, 0x00000006d1c00000, 0x00000006d1c00000|100%| E|CS|TS  5|AC  0|TAMS 0x00000006d1b00000, 0x00000006d1b00000|
| 264|0x00000006d1c00000, 0x00000006d1d00000, 0x00000006d1d00000|100%| E|CS|TS  5|AC  0|TAMS 0x00000006d1c00000, 0x00000006d1c00000|
| 265|0x00000006d1d00000, 0x00000006d1e00000, 0x00000006d1e00000|100%| E|CS|TS  5|AC  0|TAMS 0x00000006d1d00000, 0x00000006d1d00000|
| 266|0x00000006d1e00000, 0x00000006d1f00000, 0x00000006d1f00000|100%| E|CS|TS  5|AC  0|TAMS 0x00000006d1e00000, 0x00000006d1e00000|
| 267|0x00000006d1f00000, 0x00000006d2000000, 0x00000006d2000000|100%| E|CS|TS  5|AC  0|TAMS 0x00000006d1f00000, 0x00000006d1f00000|
| 268|0x00000006d2000000, 0x00000006d2100000, 0x00000006d2100000|100%| E|CS|TS  5|AC  0|TAMS 0x00000006d2000000, 0x00000006d2000000|
| 269|0x00000006d2100000, 0x00000006d2200000, 0x00000006d2200000|100%| E|CS|TS  5|AC  0|TAMS 0x00000006d2100000, 0x00000006d2100000|
| 270|0x00000006d2200000, 0x00000006d2300000, 0x00000006d2300000|100%| E|CS|TS  5|AC  0|TAMS 0x00000006d2200000, 0x00000006d2200000|
| 271|0x00000006d2300000, 0x00000006d2400000, 0x00000006d2400000|100%| E|CS|TS  5|AC  0|TAMS 0x00000006d2300000, 0x00000006d2300000|
| 272|0x00000006d2400000, 0x00000006d2500000, 0x00000006d2500000|100%| E|CS|TS  5|AC  0|TAMS 0x00000006d2400000, 0x00000006d2400000|
| 273|0x00000006d2500000, 0x00000006d2600000, 0x00000006d2600000|100%| E|CS|TS  5|AC  0|TAMS 0x00000006d2500000, 0x00000006d2500000|
| 274|0x00000006d2600000, 0x00000006d2700000, 0x00000006d2700000|100%| E|CS|TS  5|AC  0|TAMS 0x00000006d2600000, 0x00000006d2600000|
| 275|0x00000006d2700000, 0x00000006d2800000, 0x00000006d2800000|100%| E|CS|TS  5|AC  0|TAMS 0x00000006d2700000, 0x00000006d2700000|
| 276|0x00000006d2800000, 0x00000006d2900000, 0x00000006d2900000|100%| E|CS|TS  5|AC  0|TAMS 0x00000006d2800000, 0x00000006d2800000|
| 277|0x00000006d2900000, 0x00000006d2a00000, 0x00000006d2a00000|100%| E|CS|TS  5|AC  0|TAMS 0x00000006d2900000, 0x00000006d2900000|
| 278|0x00000006d2a00000, 0x00000006d2b00000, 0x00000006d2b00000|100%| E|CS|TS  5|AC  0|TAMS 0x00000006d2a00000, 0x00000006d2a00000|
| 279|0x00000006d2b00000, 0x00000006d2c00000, 0x00000006d2c00000|100%| E|CS|TS  5|AC  0|TAMS 0x00000006d2b00000, 0x00000006d2b00000|
| 280|0x00000006d2c00000, 0x00000006d2d00000, 0x00000006d2d00000|100%| E|CS|TS  5|AC  0|TAMS 0x00000006d2c00000, 0x00000006d2c00000|
| 281|0x00000006d2d00000, 0x00000006d2e00000, 0x00000006d2e00000|100%| E|CS|TS  5|AC  0|TAMS 0x00000006d2d00000, 0x00000006d2d00000|
| 282|0x00000006d2e00000, 0x00000006d2f00000, 0x00000006d2f00000|100%| E|CS|TS  5|AC  0|TAMS 0x00000006d2e00000, 0x00000006d2e00000|
| 283|0x00000006d2f00000, 0x00000006d3000000, 0x00000006d3000000|100%| E|CS|TS  5|AC  0|TAMS 0x00000006d2f00000, 0x00000006d2f00000|
| 284|0x00000006d3000000, 0x00000006d3100000, 0x00000006d3100000|100%| E|CS|TS  5|AC  0|TAMS 0x00000006d3000000, 0x00000006d3000000|
| 285|0x00000006d3100000, 0x00000006d3200000, 0x00000006d3200000|100%| E|CS|TS  5|AC  0|TAMS 0x00000006d3100000, 0x00000006d3100000|
| 286|0x00000006d3200000, 0x00000006d3300000, 0x00000006d3300000|100%| E|CS|TS  5|AC  0|TAMS 0x00000006d3200000, 0x00000006d3200000|
| 287|0x00000006d3300000, 0x00000006d3400000, 0x00000006d3400000|100%| E|CS|TS  5|AC  0|TAMS 0x00000006d3300000, 0x00000006d3300000|
| 288|0x00000006d3400000, 0x00000006d3500000, 0x00000006d3500000|100%| E|CS|TS  5|AC  0|TAMS 0x00000006d3400000, 0x00000006d3400000|
| 289|0x00000006d3500000, 0x00000006d3600000, 0x00000006d3600000|100%| E|CS|TS  5|AC  0|TAMS 0x00000006d3500000, 0x00000006d3500000|
| 290|0x00000006d3600000, 0x00000006d3700000, 0x00000006d3700000|100%| E|CS|TS  5|AC  0|TAMS 0x00000006d3600000, 0x00000006d3600000|
| 291|0x00000006d3700000, 0x00000006d3800000, 0x00000006d3800000|100%| E|CS|TS  5|AC  0|TAMS 0x00000006d3700000, 0x00000006d3700000|
| 292|0x00000006d3800000, 0x00000006d3900000, 0x00000006d3900000|100%| E|CS|TS  5|AC  0|TAMS 0x00000006d3800000, 0x00000006d3800000|
| 293|0x00000006d3900000, 0x00000006d3a00000, 0x00000006d3a00000|100%| E|CS|TS  5|AC  0|TAMS 0x00000006d3900000, 0x00000006d3900000|
| 294|0x00000006d3a00000, 0x00000006d3b00000, 0x00000006d3b00000|100%| E|CS|TS  5|AC  0|TAMS 0x00000006d3a00000, 0x00000006d3a00000|
| 295|0x00000006d3b00000, 0x00000006d3c00000, 0x00000006d3c00000|100%| E|CS|TS  5|AC  0|TAMS 0x00000006d3b00000, 0x00000006d3b00000|
| 296|0x00000006d3c00000, 0x00000006d3d00000, 0x00000006d3d00000|100%| E|CS|TS  5|AC  0|TAMS 0x00000006d3c00000, 0x00000006d3c00000|
| 297|0x00000006d3d00000, 0x00000006d3e00000, 0x00000006d3e00000|100%| E|CS|TS  5|AC  0|TAMS 0x00000006d3d00000, 0x00000006d3d00000|
| 298|0x00000006d3e00000, 0x00000006d3f00000, 0x00000006d3f00000|100%| E|CS|TS  5|AC  0|TAMS 0x00000006d3e00000, 0x00000006d3e00000|
| 299|0x00000006d3f00000, 0x00000006d4000000, 0x00000006d4000000|100%| E|CS|TS  5|AC  0|TAMS 0x00000006d3f00000, 0x00000006d3f00000|
| 300|0x00000006d4000000, 0x00000006d4100000, 0x00000006d4100000|100%| E|CS|TS  5|AC  0|TAMS 0x00000006d4000000, 0x00000006d4000000|
| 301|0x00000006d4100000, 0x00000006d4200000, 0x00000006d4200000|100%| E|CS|TS  5|AC  0|TAMS 0x00000006d4100000, 0x00000006d4100000|
| 302|0x00000006d4200000, 0x00000006d4300000, 0x00000006d4300000|100%| E|CS|TS  5|AC  0|TAMS 0x00000006d4200000, 0x00000006d4200000|
| 303|0x00000006d4300000, 0x00000006d4400000, 0x00000006d4400000|100%| E|CS|TS  5|AC  0|TAMS 0x00000006d4300000, 0x00000006d4300000|
| 304|0x00000006d4400000, 0x00000006d4500000, 0x00000006d4500000|100%| E|CS|TS  5|AC  0|TAMS 0x00000006d4400000, 0x00000006d4400000|
| 305|0x00000006d4500000, 0x00000006d4600000, 0x00000006d4600000|100%| E|CS|TS  5|AC  0|TAMS 0x00000006d4500000, 0x00000006d4500000|
| 306|0x00000006d4600000, 0x00000006d4700000, 0x00000006d4700000|100%| E|CS|TS  5|AC  0|TAMS 0x00000006d4600000, 0x00000006d4600000|
| 307|0x00000006d4700000, 0x00000006d4800000, 0x00000006d4800000|100%| E|CS|TS  5|AC  0|TAMS 0x00000006d4700000, 0x00000006d4700000|

Card table byte_map: [0x000001bff4480000,0x000001bff4c80000] byte_map_base: 0x000001bff0e76000

Marking Bits (Prev, Next): (CMBitMap*) 0x000001bffd468780, (CMBitMap*) 0x000001bffd4687b8
 Prev Bits: [0x000001bff5480000, 0x000001bff9430000)
 Next Bits: [0x000001bff9430000, 0x000001bffd3e0000)

Polling page: 0x000001bfe6720000

CodeHeap 'non-profiled nmethods': size=120000Kb used=6086Kb max_used=7099Kb free=113914Kb
 bounds [0x000001bf87ad0000, 0x000001bf881f0000, 0x000001bf8f000000]
CodeHeap 'profiled nmethods': size=120000Kb used=20010Kb max_used=22141Kb free=99989Kb
 bounds [0x000001bf805a0000, 0x000001bf81b50000, 0x000001bf87ad0000]
CodeHeap 'non-nmethods': size=5760Kb used=1883Kb max_used=1972Kb free=3877Kb
 bounds [0x000001bf80000000, 0x000001bf80270000, 0x000001bf805a0000]
 total_blobs=11593 nmethods=7009 adapters=1292
 compilation: enabled

Compilation events (10 events):
Event: 117.283 Thread 0x000001bf8fa7d800 8199       4       java.lang.Math::min (45 bytes)
Event: 117.284 Thread 0x000001bf8fa7d800 nmethod 8199 0x000001bf881b1d10 code [0x000001bf881b1ec0, 0x000001bf881b1f98]
Event: 117.284 Thread 0x000001bf8fa7d800 8213       4       org.python.core.Py::getThreadState (5 bytes)
Event: 117.285 Thread 0x000001bf8fa7d800 nmethod 8213 0x000001bf881b2090 code [0x000001bf881b2220, 0x000001bf881b2288]
Event: 117.785 Thread 0x000001bf8f1fe000 nmethod 7930 0x000001bf881b2390 code [0x000001bf881b3320, 0x000001bf881c6560]
Event: 117.899 Thread 0x000001bf8fa73000 nmethod 8198% 0x000001bf881d1590 code [0x000001bf881d1ae0, 0x000001bf881e7598]
Event: 129.697 Thread 0x000001bf8fa8b000 8221       1       org.netbeans.modules.debugger.jpda.visual.remote.RemoteAWTService::access$000 (4 bytes)
Event: 129.697 Thread 0x000001bf8fa8b000 nmethod 8221 0x000001bf87ce9590 code [0x000001bf87ce9740, 0x000001bf87ce9858]
Event: 129.698 Thread 0x000001bf8fa8b000 8222       1       org.netbeans.modules.debugger.jpda.visual.remote.RemoteAWTService::access$100 (4 bytes)
Event: 129.698 Thread 0x000001bf8fa8b000 nmethod 8222 0x000001bf87ce9210 code [0x000001bf87ce93c0, 0x000001bf87ce94d8]

GC Heap History (10 events):
Event: 7.609 GC heap before
{Heap before GC invocations=9 (full 0):
 garbage-first heap   total 315392K, used 167971K [0x00000006c1400000, 0x00000006c15009a0, 0x00000007c0000000)
  region size 1024K, 127 young (130048K), 6 survivors (6144K)
 Metaspace       used 57447K, capacity 60305K, committed 60420K, reserved 1099776K
  class space    used 9302K, capacity 9672K, committed 9756K, reserved 1048576K
}
Event: 7.618 GC heap after
{Heap after GC invocations=10 (full 0):
 garbage-first heap   total 315392K, used 51439K [0x00000006c1400000, 0x00000006c15009a0, 0x00000007c0000000)
  region size 1024K, 12 young (12288K), 12 survivors (12288K)
 Metaspace       used 57447K, capacity 60305K, committed 60420K, reserved 1099776K
  class space    used 9302K, capacity 9672K, committed 9756K, reserved 1048576K
}
Event: 8.915 GC heap before
{Heap before GC invocations=11 (full 0):
 garbage-first heap   total 315392K, used 205039K [0x00000006c1400000, 0x00000006c15009a0, 0x00000007c0000000)
  region size 1024K, 164 young (167936K), 12 survivors (12288K)
 Metaspace       used 62794K, capacity 66324K, committed 66588K, reserved 1105920K
  class space    used 9972K, capacity 10447K, committed 10524K, reserved 1048576K
}
Event: 8.927 GC heap after
{Heap after GC invocations=12 (full 0):
 garbage-first heap   total 315392K, used 48562K [0x00000006c1400000, 0x00000006c15009a0, 0x00000007c0000000)
  region size 1024K, 12 young (12288K), 12 survivors (12288K)
 Metaspace       used 62794K, capacity 66324K, committed 66588K, reserved 1105920K
  class space    used 9972K, capacity 10447K, committed 10524K, reserved 1048576K
}
Event: 9.521 GC heap before
{Heap before GC invocations=13 (full 0):
 garbage-first heap   total 315392K, used 221618K [0x00000006c1400000, 0x00000006c15009a0, 0x00000007c0000000)
  region size 1024K, 181 young (185344K), 12 survivors (12288K)
 Metaspace       used 64870K, capacity 68714K, committed 69020K, reserved 1107968K
  class space    used 10237K, capacity 10792K, committed 10908K, reserved 1048576K
}
Event: 9.530 GC heap after
{Heap after GC invocations=14 (full 0):
 garbage-first heap   total 315392K, used 48133K [0x00000006c1400000, 0x00000006c15009a0, 0x00000007c0000000)
  region size 1024K, 12 young (12288K), 12 survivors (12288K)
 Metaspace       used 64870K, capacity 68714K, committed 69020K, reserved 1107968K
  class space    used 10237K, capacity 10792K, committed 10908K, reserved 1048576K
}
Event: 10.716 GC heap before
{Heap before GC invocations=14 (full 0):
 garbage-first heap   total 315392K, used 224261K [0x00000006c1400000, 0x00000006c15009a0, 0x00000007c0000000)
  region size 1024K, 184 young (188416K), 12 survivors (12288K)
 Metaspace       used 70388K, capacity 74626K, committed 74652K, reserved 1112064K
  class space    used 11139K, capacity 11672K, committed 11676K, reserved 1048576K
}
Event: 10.728 GC heap after
{Heap after GC invocations=15 (full 0):
 garbage-first heap   total 315392K, used 54274K [0x00000006c1400000, 0x00000006c15009a0, 0x00000007c0000000)
  region size 1024K, 18 young (18432K), 18 survivors (18432K)
 Metaspace       used 70388K, capacity 74626K, committed 74652K, reserved 1112064K
  class space    used 11139K, capacity 11672K, committed 11676K, reserved 1048576K
}
Event: 115.220 GC heap before
{Heap before GC invocations=15 (full 0):
 garbage-first heap   total 315392K, used 234498K [0x00000006c1400000, 0x00000006c15009a0, 0x00000007c0000000)
  region size 1024K, 184 young (188416K), 18 survivors (18432K)
 Metaspace       used 77052K, capacity 81880K, committed 82204K, reserved 1118208K
  class space    used 11949K, capacity 12713K, committed 12828K, reserved 1048576K
}
Event: 115.237 GC heap after
{Heap after GC invocations=16 (full 0):
 garbage-first heap   total 315392K, used 74953K [0x00000006c1400000, 0x00000006c15009a0, 0x00000007c0000000)
  region size 1024K, 23 young (23552K), 23 survivors (23552K)
 Metaspace       used 77052K, capacity 81880K, committed 82204K, reserved 1118208K
  class space    used 11949K, capacity 12713K, committed 12828K, reserved 1048576K
}

Deoptimization events (10 events):
Event: 117.030 Thread 0x000001bf9e452000 Uncommon trap: reason=unstable_if action=reinterpret pc=0x000001bf8814112c method=org.meteoinfo.global.MIMath.getPointsExtent(Ljava/util/List;)Lorg/meteoinfo/global/Extent; @ 10 c2
Event: 117.058 Thread 0x000001bf9e452000 Uncommon trap: reason=class_check action=maybe_recompile pc=0x000001bf881530f8 method=org.meteoinfo.geoprocess.GeoComputation.isClockwise(Ljava/util/List;)Z @ 26 c2
Event: 117.058 Thread 0x000001bf9e452000 Uncommon trap: reason=class_check action=maybe_recompile pc=0x000001bf881530f8 method=org.meteoinfo.geoprocess.GeoComputation.isClockwise(Ljava/util/List;)Z @ 26 c2
Event: 117.058 Thread 0x000001bf9e452000 Uncommon trap: reason=class_check action=maybe_recompile pc=0x000001bf881530f8 method=org.meteoinfo.geoprocess.GeoComputation.isClockwise(Ljava/util/List;)Z @ 26 c2
Event: 117.058 Thread 0x000001bf9e452000 Uncommon trap: reason=class_check action=maybe_recompile pc=0x000001bf881530f8 method=org.meteoinfo.geoprocess.GeoComputation.isClockwise(Ljava/util/List;)Z @ 26 c2
Event: 117.059 Thread 0x000001bf9e452000 Uncommon trap: reason=class_check action=maybe_recompile pc=0x000001bf881857e0 method=org.meteoinfo.global.MIMath.getPointsExtent(Ljava/util/List;)Lorg/meteoinfo/global/Extent; @ 25 c2
Event: 117.059 Thread 0x000001bf9e452000 Uncommon trap: reason=class_check action=maybe_recompile pc=0x000001bf881857e0 method=org.meteoinfo.global.MIMath.getPointsExtent(Ljava/util/List;)Lorg/meteoinfo/global/Extent; @ 25 c2
Event: 117.059 Thread 0x000001bf9e452000 Uncommon trap: reason=class_check action=maybe_recompile pc=0x000001bf881857e0 method=org.meteoinfo.global.MIMath.getPointsExtent(Ljava/util/List;)Lorg/meteoinfo/global/Extent; @ 25 c2
Event: 117.059 Thread 0x000001bf9e452000 Uncommon trap: reason=class_check action=maybe_recompile pc=0x000001bf881857e0 method=org.meteoinfo.global.MIMath.getPointsExtent(Ljava/util/List;)Lorg/meteoinfo/global/Extent; @ 25 c2
Event: 117.104 Thread 0x000001bf9e452000 Uncommon trap: reason=unstable_if action=reinterpret pc=0x000001bf87e78204 method=java.lang.StringCoding.decode(Ljava/lang/String;[BII)Ljava/lang/StringCoding$Result; @ 51 c2

Classes redefined (0 events):
No events

Internal exceptions (10 events):
Event: 11.272 Thread 0x000001bf90fae800 Exception <a 'java/io/FileNotFoundException'{0x00000006cdd07258}> (0x00000006cdd07258) thrown at [t:/workspace/hotspot/src/share/vm/prims/jni.cpp, line 604]
Event: 11.272 Thread 0x000001bf90fae800 Exception <a 'java/io/FileNotFoundException'{0x00000006cdd093a0}> (0x00000006cdd093a0) thrown at [t:/workspace/hotspot/src/share/vm/prims/jni.cpp, line 604]
Event: 11.272 Thread 0x000001bf90fae800 Exception <a 'java/io/FileNotFoundException'{0x00000006cdd0b050}> (0x00000006cdd0b050) thrown at [t:/workspace/hotspot/src/share/vm/prims/jni.cpp, line 604]
Event: 11.272 Thread 0x000001bf90fae800 Exception <a 'java/io/FileNotFoundException'{0x00000006cdd0cdb8}> (0x00000006cdd0cdb8) thrown at [t:/workspace/hotspot/src/share/vm/prims/jni.cpp, line 604]
Event: 11.272 Thread 0x000001bf90fae800 Exception <a 'java/io/FileNotFoundException'{0x00000006cdd0ee38}> (0x00000006cdd0ee38) thrown at [t:/workspace/hotspot/src/share/vm/prims/jni.cpp, line 604]
Event: 11.273 Thread 0x000001bf90fae800 Exception <a 'java/io/FileNotFoundException'{0x00000006cdd10f48}> (0x00000006cdd10f48) thrown at [t:/workspace/hotspot/src/share/vm/prims/jni.cpp, line 604]
Event: 11.273 Thread 0x000001bf90fae800 Exception <a 'java/io/FileNotFoundException'{0x00000006cdd13038}> (0x00000006cdd13038) thrown at [t:/workspace/hotspot/src/share/vm/prims/jni.cpp, line 604]
Event: 115.095 Thread 0x000001bf9e452000 Exception <a 'sun/nio/fs/WindowsException'{0x00000006cb41f650}> (0x00000006cb41f650) thrown at [t:/workspace/hotspot/src/share/vm/prims/jni.cpp, line 604]
Event: 115.176 Thread 0x000001bf9e452000 Exception <a 'sun/nio/fs/WindowsException'{0x00000006caa8b6a8}> (0x00000006caa8b6a8) thrown at [t:/workspace/hotspot/src/share/vm/prims/jni.cpp, line 604]
Event: 115.597 Thread 0x000001bf9e452000 Implicit null exception at 0x000001bf880f96c1 to 0x000001bf880f9af5

Events (10 events):
Event: 134.882 Thread 0x000001bf8faa1000 flushing nmethod 0x000001bf87c34210
Event: 134.882 Thread 0x000001bf8faa1000 flushing nmethod 0x000001bf87c35c10
Event: 134.882 Thread 0x000001bf8faa1000 flushing nmethod 0x000001bf87c36090
Event: 134.882 Thread 0x000001bf8faa1000 flushing nmethod 0x000001bf87c39e10
Event: 134.882 Thread 0x000001bf8faa1000 flushing nmethod 0x000001bf87c3a510
Event: 134.882 Thread 0x000001bf8faa1000 flushing nmethod 0x000001bf87c3b610
Event: 134.882 Thread 0x000001bf8faa1000 flushing nmethod 0x000001bf87c3d990
Event: 134.882 Thread 0x000001bf8faa1000 flushing nmethod 0x000001bf87c61f90
Event: 134.882 Thread 0x000001bf8faa1000 flushing nmethod 0x000001bf87ca0190
Event: 134.882 Thread 0x000001bf8faa1000 flushing nmethod 0x000001bf87cab990


Dynamic libraries:
0x00007ff687e10000 - 0x00007ff687e4e000 	C:\Program Files\Java\jdk-9.0.1\bin\java.exe
0x00007ffdc18b0000 - 0x00007ffdc1a9d000 	C:\WINDOWS\SYSTEM32\ntdll.dll
0x00007ffdc1620000 - 0x00007ffdc16d3000 	C:\WINDOWS\System32\KERNEL32.DLL
0x00007ffdbda30000 - 0x00007ffdbdcc3000 	C:\WINDOWS\System32\KERNELBASE.dll
0x00007ffdc13d0000 - 0x00007ffdc1473000 	C:\WINDOWS\System32\ADVAPI32.dll
0x00007ffdbf010000 - 0x00007ffdbf0ae000 	C:\WINDOWS\System32\msvcrt.dll
0x00007ffdbf0d0000 - 0x00007ffdbf16e000 	C:\WINDOWS\System32\sechost.dll
0x00007ffdbf9d0000 - 0x00007ffdbfaf2000 	C:\WINDOWS\System32\RPCRT4.dll
0x00007ffdc1480000 - 0x00007ffdc1617000 	C:\WINDOWS\System32\USER32.dll
0x00007ffdbda10000 - 0x00007ffdbda30000 	C:\WINDOWS\System32\win32u.dll
0x00007ffdbf8f0000 - 0x00007ffdbf919000 	C:\WINDOWS\System32\GDI32.dll
0x00007ffdbe4d0000 - 0x00007ffdbe669000 	C:\WINDOWS\System32\gdi32full.dll
0x00007ffdbe670000 - 0x00007ffdbe710000 	C:\WINDOWS\System32\msvcp_win.dll
0x00007ffdbe7c0000 - 0x00007ffdbe8ba000 	C:\WINDOWS\System32\ucrtbase.dll
0x00007ffdb4620000 - 0x00007ffdb4899000 	C:\WINDOWS\WinSxS\amd64_microsoft.windows.common-controls_6595b64144ccf1df_6.0.17763.737_none_05b6437c071e554b\COMCTL32.dll
0x00007ffdbece0000 - 0x00007ffdbf00c000 	C:\WINDOWS\System32\combase.dll
0x00007ffdbd940000 - 0x00007ffdbd9be000 	C:\WINDOWS\System32\bcryptPrimitives.dll
0x00007ffdb8450000 - 0x00007ffdb845a000 	C:\WINDOWS\SYSTEM32\VERSION.dll
0x00007ffdbf1d0000 - 0x00007ffdbf1fe000 	C:\WINDOWS\System32\IMM32.DLL
0x00007ffdacf30000 - 0x00007ffdad01f000 	C:\Program Files\Java\jdk-9.0.1\bin\msvcr120.dll
0x00007ffdaa5f0000 - 0x00007ffdaa696000 	C:\Program Files\Java\jdk-9.0.1\bin\msvcp120.dll
0x0000000066eb0000 - 0x00000000678d4000 	C:\Program Files\Java\jdk-9.0.1\bin\server\jvm.dll
0x00007ffdbf2b0000 - 0x00007ffdbf2b8000 	C:\WINDOWS\System32\PSAPI.DLL
0x00007ffdb99f0000 - 0x00007ffdb99f9000 	C:\WINDOWS\SYSTEM32\WSOCK32.dll
0x00007ffdae690000 - 0x00007ffdae6b4000 	C:\WINDOWS\SYSTEM32\WINMM.dll
0x00007ffdbfbe0000 - 0x00007ffdbfc4d000 	C:\WINDOWS\System32\WS2_32.dll
0x00007ffdae660000 - 0x00007ffdae68d000 	C:\WINDOWS\SYSTEM32\winmmbase.dll
0x00007ffdbdcd0000 - 0x00007ffdbdd1a000 	C:\WINDOWS\System32\cfgmgr32.dll
0x00007ffdb9310000 - 0x00007ffdb931f000 	C:\Program Files\Java\jdk-9.0.1\bin\verify.dll
0x00007ffdb6650000 - 0x00007ffdb6677000 	C:\Program Files\Java\jdk-9.0.1\bin\java.dll
0x00007ffdad1c0000 - 0x00007ffdad1f6000 	C:\Program Files\Java\jdk-9.0.1\bin\jdwp.dll
0x00007ffdb76b0000 - 0x00007ffdb76c6000 	C:\Program Files\Java\jdk-9.0.1\bin\zip.dll
0x00007ffdb7630000 - 0x00007ffdb763a000 	C:\Program Files\Java\jdk-9.0.1\bin\jimage.dll
0x00007ffdbfed0000 - 0x00007ffdc13c2000 	C:\WINDOWS\System32\SHELL32.dll
0x00007ffdbf920000 - 0x00007ffdbf9c8000 	C:\WINDOWS\System32\shcore.dll
0x00007ffdbdd20000 - 0x00007ffdbe46a000 	C:\WINDOWS\System32\windows.storage.dll
0x00007ffdbd8f0000 - 0x00007ffdbd914000 	C:\WINDOWS\System32\profapi.dll
0x00007ffdbd870000 - 0x00007ffdbd8cd000 	C:\WINDOWS\System32\powrprof.dll
0x00007ffdbf170000 - 0x00007ffdbf1c2000 	C:\WINDOWS\System32\shlwapi.dll
0x00007ffdbd8d0000 - 0x00007ffdbd8e1000 	C:\WINDOWS\System32\kernel.appcore.dll
0x00007ffdbd9f0000 - 0x00007ffdbda07000 	C:\WINDOWS\System32\cryptsp.dll
0x00007ffdb71b0000 - 0x00007ffdb71ca000 	C:\Program Files\Java\jdk-9.0.1\bin\net.dll
0x00007ffdb6c50000 - 0x00007ffdb6d42000 	C:\WINDOWS\SYSTEM32\WINHTTP.dll
0x00007ffdbd0b0000 - 0x00007ffdbd117000 	C:\WINDOWS\system32\mswsock.dll
0x00007ffdb6630000 - 0x00007ffdb6641000 	C:\Program Files\Java\jdk-9.0.1\bin\nio.dll
0x00007ffdb3330000 - 0x00007ffdb333a000 	C:\Program Files\Java\jdk-9.0.1\bin\dt_socket.dll
0x00007ffdbce10000 - 0x00007ffdbced6000 	C:\WINDOWS\SYSTEM32\DNSAPI.dll
0x00007ffdbecd0000 - 0x00007ffdbecd8000 	C:\WINDOWS\System32\NSI.dll
0x00007ffdbcdd0000 - 0x00007ffdbce0d000 	C:\WINDOWS\SYSTEM32\IPHLPAPI.DLL
0x00007ffdb58b0000 - 0x00007ffdb5929000 	C:\WINDOWS\System32\fwpuclnt.dll
0x00007ffdbd9c0000 - 0x00007ffdbd9e6000 	C:\WINDOWS\System32\bcrypt.dll
0x00007ffdb57f0000 - 0x00007ffdb57fa000 	C:\Windows\System32\rasadhlp.dll
0x00007ffd9b2a0000 - 0x00007ffd9b439000 	C:\Program Files\Java\jdk-9.0.1\bin\awt.dll
0x00007ffdbfe00000 - 0x00007ffdbfec4000 	C:\WINDOWS\System32\OLEAUT32.dll
0x00007ffdba7c0000 - 0x00007ffdbad7e000 	C:\WINDOWS\SYSTEM32\d2d1.dll
0x00007ffdbbd60000 - 0x00007ffdbbdec000 	C:\WINDOWS\SYSTEM32\apphelp.dll
0x00007ffdbbe30000 - 0x00007ffdbbecc000 	C:\WINDOWS\system32\uxtheme.dll
0x00007ffdc16e0000 - 0x00007ffdc184b000 	C:\WINDOWS\System32\MSCTF.dll
0x00007ffdbc140000 - 0x00007ffdbc16e000 	C:\WINDOWS\system32\dwmapi.dll
0x00007ffdbe8c0000 - 0x00007ffdbea9b000 	C:\WINDOWS\System32\CRYPT32.dll
0x00007ffdbd920000 - 0x00007ffdbd932000 	C:\WINDOWS\System32\MSASN1.dll
0x00007ffdbeb10000 - 0x00007ffdbec65000 	C:\WINDOWS\System32\ole32.dll
0x00007ffdb5e40000 - 0x00007ffdb5e49000 	C:\Program Files\Java\jdk-9.0.1\bin\management.dll
0x00007ffdb48d0000 - 0x00007ffdb48da000 	C:\Program Files\Java\jdk-9.0.1\bin\management_ext.dll
0x00007ffdbcc30000 - 0x00007ffdbcc63000 	C:\WINDOWS\system32\rsaenh.dll
0x00007ffdbd7a0000 - 0x00007ffdbd7c8000 	C:\WINDOWS\SYSTEM32\USERENV.dll
0x00007ffdbd280000 - 0x00007ffdbd28c000 	C:\WINDOWS\SYSTEM32\CRYPTBASE.dll
0x00007ffdb9120000 - 0x00007ffdb9136000 	C:\WINDOWS\SYSTEM32\dhcpcsvc6.DLL
0x00007ffdb9090000 - 0x00007ffdb90ac000 	C:\WINDOWS\SYSTEM32\dhcpcsvc.DLL
0x00007ffda8e60000 - 0x00007ffda8efd000 	C:\Program Files\Java\jdk-9.0.1\bin\fontmanager.dll
0x00007ffd8fd90000 - 0x00007ffd8feb7000 	C:\WINDOWS\system32\opengl32.dll
0x00007ffd90be0000 - 0x00007ffd90c0c000 	C:\WINDOWS\SYSTEM32\GLU32.dll
0x00007ffd97cb0000 - 0x00007ffd97e4e000 	C:\WINDOWS\system32\d3d9.dll
0x00007ffdad560000 - 0x00007ffdad64a000 	C:\WINDOWS\System32\DriverStore\FileRepository\nv_desktop_ref4wu.inf_amd64_0109a19b5125cb43\nvldumdx.dll
0x00007ffd8d150000 - 0x00007ffd8e326000 	C:\WINDOWS\System32\DriverStore\FileRepository\nv_desktop_ref4wu.inf_amd64_0109a19b5125cb43\nvd3dumx.dll
0x00007ffdab230000 - 0x00007ffdab31b000 	C:\Program Files (x86)\NVIDIA Corporation\3D Vision\nvSCPAPI64.dll
0x00007ffdbf2c0000 - 0x00007ffdbf736000 	C:\WINDOWS\System32\SETUPAPI.dll
0x00007ffdb65e0000 - 0x00007ffdb6622000 	C:\Program Files\Java\jdk-9.0.1\bin\t2k.dll
0x00007ffdbf200000 - 0x00007ffdbf2a2000 	C:\WINDOWS\System32\clbcatq.dll
0x00007ffdadb50000 - 0x00007ffdadd08000 	C:\WINDOWS\SYSTEM32\WindowsCodecs.dll
0x00007ffda8a80000 - 0x00007ffda8ad6000 	C:\WINDOWS\system32\dataexchange.dll
0x00007ffdbad80000 - 0x00007ffdbaffe000 	C:\WINDOWS\system32\d3d11.dll
0x00007ffdbb7c0000 - 0x00007ffdbb983000 	C:\WINDOWS\system32\dcomp.dll
0x00007ffdbc640000 - 0x00007ffdbc702000 	C:\WINDOWS\system32\dxgi.dll
0x00007ffdbbf00000 - 0x00007ffdbc10d000 	C:\WINDOWS\system32\twinapi.appcore.dll
0x00007ffdbc110000 - 0x00007ffdbc138000 	C:\WINDOWS\system32\RMCLIENT.dll
0x000000006e4c0000 - 0x000000006e4df000 	C:\Users\wyq\AppData\Local\Temp\jffi2411935880946892183.dll
0x00007ffdb48c0000 - 0x00007ffdb48cb000 	C:\Program Files\Java\jdk-9.0.1\bin\sunmscapi.dll
0x00007ffdaaed0000 - 0x00007ffdaaef3000 	C:\Program Files\Java\jdk-9.0.1\bin\sunec.dll
0x00007ffdb3490000 - 0x00007ffdb3525000 	C:\WINDOWS\System32\TextInputFramework.dll
0x00007ffdaddb0000 - 0x00007ffdae0d2000 	C:\WINDOWS\System32\CoreUIComponents.dll
0x00007ffdbb9c0000 - 0x00007ffdbbaa2000 	C:\WINDOWS\System32\CoreMessaging.dll
0x00007ffdbc8b0000 - 0x00007ffdbc8e1000 	C:\WINDOWS\SYSTEM32\ntmarta.dll
0x00007ffdb9ae0000 - 0x00007ffdb9c33000 	C:\WINDOWS\SYSTEM32\wintypes.dll
0x00000000637c0000 - 0x00000000637cd000 	C:\Users\wyq\AppData\Local\Temp\jogamp_0000\file_cache\jln3774518356213972689\jln11590422218312597047\natives\windows-amd64\gluegen-rt.dll
0x00007ffdb1350000 - 0x00007ffdb1357000 	C:\Program Files\Java\jdk-9.0.1\bin\jawt.dll
0x000000006a440000 - 0x000000006a44d000 	C:\Users\wyq\AppData\Local\Temp\jogamp_0000\file_cache\jln3774518356213972689\jln11590422218312597047\natives\windows-amd64\nativewindow_awt.dll
0x000000006c100000 - 0x000000006c10f000 	C:\Users\wyq\AppData\Local\Temp\jogamp_0000\file_cache\jln3774518356213972689\jln11590422218312597047\natives\windows-amd64\nativewindow_win32.dll
0x0000000064500000 - 0x00000000645b1000 	C:\Users\wyq\AppData\Local\Temp\jogamp_0000\file_cache\jln3774518356213972689\jln11590422218312597047\natives\windows-amd64\jogl_desktop.dll
0x00007ffd98660000 - 0x00007ffd98852000 	C:\Users\wyq\Anaconda3\Library\bin\libGLESv2.dll
0x00007ffdad0f0000 - 0x00007ffdad106000 	C:\Program Files\Java\jdk-9.0.1\bin\VCRUNTIME140.dll
0x00007ffd9a3f0000 - 0x00007ffd9a48c000 	C:\Program Files\Java\jdk-9.0.1\bin\MSVCP140.dll
0x00007ffdb0400000 - 0x00007ffdb040a000 	C:\Users\wyq\Anaconda3\Library\bin\libEGL.dll
0x0000000064340000 - 0x00000000643a2000 	C:\Users\wyq\AppData\Local\Temp\jogamp_0000\file_cache\jln3774518356213972689\jln11590422218312597047\natives\windows-amd64\jogl_mobile.dll
0x0000000064be0000 - 0x0000000066ea7000 	C:\WINDOWS\SYSTEM32\nvoglv64.DLL
0x00007ffdb9890000 - 0x00007ffdb98a3000 	C:\WINDOWS\SYSTEM32\WTSAPI32.dll
0x00007ffdbd660000 - 0x00007ffdbd689000 	C:\WINDOWS\SYSTEM32\DEVOBJ.dll
0x00007ffdbe470000 - 0x00007ffdbe4c9000 	C:\WINDOWS\System32\WINTRUST.dll
0x00007ffdbc920000 - 0x00007ffdbc978000 	C:\WINDOWS\SYSTEM32\WINSTA.dll
0x00007ffdb7ad0000 - 0x00007ffdb7cbd000 	C:\WINDOWS\SYSTEM32\dbghelp.dll

VM Arguments:
jvm_args: -agentlib:jdwp=transport=dt_socket,server=n,address=61368 
java_command: org.meteoinfo.laboratory.MeteoInfoLab
java_class_path (initial): D:\MyProgram\java\MeteoInfoDev\MeteoInfo\MeteoInfoLab\target\classes;C:\Users\wyq\.m2\repository\org\meteothink\MeteoInfoLib\2.0-SNAPSHOT\MeteoInfoLib-2.0-SNAPSHOT.jar;C:\Users\wyq\.m2\repository\com\l2fprod\l2fprod-common-all\0.1\l2fprod-common-all-0.1.jar;C:\Users\wyq\.m2\repository\edu\ucar\netcdfAll\4.6.11\netcdfAll-4.6.11.jar;C:\Users\wyq\.m2\repository\joda-time\joda-time\2.10\joda-time-2.10.jar;C:\Users\wyq\.m2\repository\org\freehep\freehep-graphics2d\2.4\freehep-graphics2d-2.4.jar;C:\Users\wyq\.m2\repository\org\freehep\freehep-graphicsbase\2.4\freehep-graphicsbase-2.4.jar;C:\Users\wyq\.m2\repository\org\freehep\freehep-io\2.2.2\freehep-io-2.2.2.jar;C:\Users\wyq\.m2\repository\junit\junit\4.10\junit-4.10.jar;C:\Users\wyq\.m2\repository\org\hamcrest\hamcrest-core\1.1\hamcrest-core-1.1.jar;C:\Users\wyq\.m2\repository\org\freehep\freehep-graphicsio-ps\2.4\freehep-graphicsio-ps-2.4.jar;C:\Users\wyq\.m2\repository\org\freehep\freehep-graphicsio\2.4\freehep-graphicsio-2.4.jar;C:\Users\wyq\.m2\repository\org\freehep\freehep-graphicsio-tests\2.4\freehep-graphicsio-tests-2.4.jar;C:\Users\wyq\.m2\repository\org\scilab\forge\jlatexmath\1.0.7\jlatexmath-1.0.7.jar;C:\Users\wyq\.m2\repository\org\scilab\forge\jlatexmath-font-greek\1.0.7\jlatexmath-font-greek-1.0.7.jar;C:\Users\wyq\.m2\repository\org\scilab\forge\jlatexmath-font-cyrillic\1.0.7\jlatexmath-font-cyrillic-1.0.7.jar;C:\Users\wyq\.m2\repository\org\python\jython-standalone\2.7.1\jython-standalone-2.7.1.jar;C:\Users\wyq\.m2\repository\org\freehep\freehep-graphicsio-emf\2.4\freehep-graphicsio-emf-2.4.jar;C:\Users\wyq\.m2\repository\org\freehep\freehep-graphicsio-pdf\2.4\freehep-graphicsio-pdf-2.4.jar;C:\Users\wyq\.m2\repository\org\apache\commons\commons-imaging\1.0-alpha1\commons-imaging-1.0-alpha1.jar;C:\Users\wyq\.m2\repository\com\toedter\jcalendar\1.4\jcalendar-1.4.jar;C:\Users\wyq\.m2\repository\org\ejml\ejml-experimental\0.32\ejml-experimental-0.32.jar;C:\Users\wyq\.m2\reposito
Launcher Type: SUN_STANDARD

Logging:
Log output configuration:
#0: stdout all=warning uptime,level,tags
#1: stderr all=off uptime,level,tags

Environment Variables:
JAVA_HOME=C:\Program Files\Java\jdk-9.0.1
PATH=C:\Program Files (x86)\Common Files\NetSarang;C:\Program Files\Java\jdk-9.0.1\bin;C:\WINDOWS\system32;C:\WINDOWS;C:\WINDOWS\System32\Wbem;C:\WINDOWS\System32\WindowsPowerShell\v1.0\;C:\WINDOWS\System32\OpenSSH\;C:\Program Files\PuTTY\;C:\OpenGrADS\Contents\Cygwin\Versions\2.0.2.oga.2\i686;C:\Program Files\Git\cmd;E:\software\apache-maven-3.6.0\bin;C:\Program Files (x86)\Gpg4win\..\GnuPG\bin;C:\Users\wyq\Anaconda3;C:\Users\wyq\Anaconda3\Library\bin;C:\Users\wyq\Anaconda3\Scripts;C:\Program Files\dotnet\;C:\Tcl\bin;C:\Users\wyq\AppData\Local\Microsoft\WindowsApps;D:\MyProgram\Distribution\Java\MeteoInfo\MeteoInfo;C:\Program Files (x86)\Common Files\NetSarang;C:\Program Files\Java\jdk-9.0.1\bin;C:\WINDOWS\system32;C:\WINDOWS;C:\WINDOWS\System32\Wbem;C:\WINDOWS\System32\WindowsPowerShell\v1.0\;C:\WINDOWS\System32\OpenSSH\;C:\Program Files\PuTTY\;C:\OpenGrADS\Contents\Cygwin\Versions\2.0.2.oga.2\i686;C:\Program Files\Git\cmd;E:\software\apache-maven-3.6.0\bin;C:\Program Files (x86)\Gpg4win\..\GnuPG\bin;C:\Users\wyq\Anaconda3;C:\Users\wyq\Anaconda3\Library\bin;C:\Users\wyq\Anaconda3\Scripts;C:\Program Files\dotnet\;C:\Program Files\JetBrains\IntelliJ IDEA Community Edition 2018.3.4\bin;;D:\MyProgram\Distribution\Java\JythonLab\bin;C:\Users\wyq\Anaconda3;;C:\Users\wyq\AppData\Local\Programs\Microsoft VS Code\bin
USERNAME=wyq
OS=Windows_NT
PROCESSOR_IDENTIFIER=Intel64 Family 6 Model 94 Stepping 3, GenuineIntel



---------------  S Y S T E M  ---------------

OS: Windows 10 , 64 bit Build 17763 (10.0.17763.475)

CPU:total 8 (initial active 8) (4 cores per cpu, 2 threads per core) family 6 model 94 stepping 3, cmov, cx8, fxsr, mmx, sse, sse2, sse3, ssse3, sse4.1, sse4.2, popcnt, avx, avx2, aes, clmul, erms, rtm, 3dnowpref, lzcnt, ht, tsc, tscinvbit, bmi1, bmi2, adx, fma

Memory: 4k page, physical 16694104k(9354792k free), swap 19184472k(9948692k free)

vm_info: Java HotSpot(TM) 64-Bit Server VM (9.0.1+11) for windows-amd64 JRE (9.0.1+11), built on Sep 28 2017 04:54:03 by "mach5one" with MS VC++ 12.0 (VS2013)

END.
