#
# A fatal error has been detected by the Java Runtime Environment:
#
#  EXCEPTION_ACCESS_VIOLATION (0xc0000005) at pc=0x00000000656de279, pid=308244, tid=308828
#
# JRE version: Java(TM) SE Runtime Environment (9.0+11) (build 9.0.1+11)
# Java VM: Java HotSpot(TM) 64-Bit Server VM (9.0.1+11, mixed mode, tiered, compressed oops, g1 gc, windows-amd64)
# Problematic frame:
# C  [nvoglv64.DLL+0xafe279]
#
# No core dump will be written. Minidumps are not enabled by default on client versions of Windows
#
# If you would like to submit a bug report, please visit:
#   http://bugreport.java.com/bugreport/crash.jsp
# The crash happened outside the Java Virtual Machine in native code.
# See problematic frame for where to report the bug.
#

---------------  S U M M A R Y ------------

Command Line: -agentlib:jdwp=transport=dt_socket,server=n,address=61759 org.meteoinfo.laboratory.MeteoInfoLab

Host: Intel(R) Core(TM) i7-6700 CPU @ 3.40GHz, 8 cores, 15G,  Windows 10 , 64 bit Build 17763 (10.0.17763.475)
Time: Sun Sep 22 13:48:44 2019 ?D1¨²¡À¨º¡Á?¨º¡À?? elapsed time: 16 seconds (0d 0h 0m 16s)

---------------  T H R E A D  ---------------

Current thread (0x000001e75668e800):  JavaThread "SwingWorker-pool-1-thread-1" daemon [_thread_in_native, id=308828, stack(0x00000046fbc40000,0x00000046fbd40000)]

Stack: [0x00000046fbc40000,0x00000046fbd40000],  sp=0x00000046fbd3d588,  free space=1013k
Native frames: (J=compiled Java code, j=interpreted, Vv=VM code, C=native code)
C  [nvoglv64.DLL+0xafe279]

Java frames: (J=compiled Java code, j=interpreted, Vv=VM code)
j  jogamp.opengl.gl4.GL4bcImpl.dispatch_glPushClientAttrib1(IJ)V+0
j  jogamp.opengl.gl4.GL4bcImpl.glPushClientAttrib(I)V+40
j  com.jogamp.opengl.util.GLPixelStorageModes.savePack(Lcom/jogamp/opengl/GL;)V+24
j  com.jogamp.opengl.util.GLPixelStorageModes.setPackAlignment(Lcom/jogamp/opengl/GL;I)V+2
j  com.jogamp.opengl.util.GLReadBufferUtil.readPixelsImpl(Lcom/jogamp/opengl/GLDrawable;Lcom/jogamp/opengl/GL;IIIIZ)Z+432
j  com.jogamp.opengl.util.awt.AWTGLReadBufferUtil.readPixelsToBufferedImage(Lcom/jogamp/opengl/GL;IIIIZ)Ljava/awt/image/BufferedImage;+91
j  com.jogamp.opengl.util.awt.AWTGLReadBufferUtil.readPixelsToBufferedImage(Lcom/jogamp/opengl/GL;Z)Ljava/awt/image/BufferedImage;+7
j  org.meteoinfo.chart.jogl.GLChartPanel.saveImage(Ljava/lang/String;)V+31
v  ~StubRoutines::call_stub
J 5493  jdk.internal.reflect.NativeMethodAccessorImpl.invoke0(Ljava/lang/reflect/Method;Ljava/lang/Object;[Ljava/lang/Object;)Ljava/lang/Object; java.base@9.0.1 (0 bytes) @ 0x000001e73501885f [0x000001e7350187e0+0x000000000000007f]
J 5492 c1 jdk.internal.reflect.NativeMethodAccessorImpl.invoke(Ljava/lang/Object;[Ljava/lang/Object;)Ljava/lang/Object; java.base@9.0.1 (104 bytes) @ 0x000001e72e5ce364 [0x000001e72e5cdf40+0x0000000000000424]
J 2235 c1 jdk.internal.reflect.DelegatingMethodAccessorImpl.invoke(Ljava/lang/Object;[Ljava/lang/Object;)Ljava/lang/Object; java.base@9.0.1 (10 bytes) @ 0x000001e72db5d15c [0x000001e72db5d040+0x000000000000011c]
J 5480 c1 org.python.core.PyReflectedFunction.__call__(Lorg/python/core/PyObject;[Lorg/python/core/PyObject;[Ljava/lang/String;)Lorg/python/core/PyObject; (239 bytes) @ 0x000001e72e5c9694 [0x000001e72e5c8ea0+0x00000000000007f4]
J 7097 c1 org.python.core.PyReflectedFunction.__call__([Lorg/python/core/PyObject;[Ljava/lang/String;)Lorg/python/core/PyObject; (47 bytes) @ 0x000001e72e80c50c [0x000001e72e80c260+0x00000000000002ac]
J 5398 c1 org.python.core.PyObject.__call__(Lorg/python/core/PyObject;Lorg/python/core/PyObject;)Lorg/python/core/PyObject; (20 bytes) @ 0x000001e72e592fec [0x000001e72e592de0+0x000000000000020c]
J 5435 c1 org.python.core.PyObject.__call__(Lorg/python/core/ThreadState;Lorg/python/core/PyObject;Lorg/python/core/PyObject;)Lorg/python/core/PyObject; (7 bytes) @ 0x000001e73500ba9c [0x000001e73500ba40+0x000000000000005c]
J 5345 c1 org.python.core.PyMethod.__call__(Lorg/python/core/ThreadState;Lorg/python/core/PyObject;)Lorg/python/core/PyObject; (32 bytes) @ 0x000001e72e56fddc [0x000001e72e56fce0+0x00000000000000fc]
j  mipylib.plotlib.miplot$py.savefig$48(Lorg/python/core/PyFrame;Lorg/python/core/ThreadState;)Lorg/python/core/PyObject;+493
j  mipylib.plotlib.miplot$py.call_function(ILorg/python/core/PyFrame;Lorg/python/core/ThreadState;)Lorg/python/core/PyObject;+660
J 4198 c1 org.python.core.PyTableCode.call(Lorg/python/core/ThreadState;Lorg/python/core/PyFrame;Lorg/python/core/PyObject;)Lorg/python/core/PyObject; (373 bytes) @ 0x000001e72e28961c [0x000001e72e289220+0x00000000000003fc]
J 4585 c1 org.python.core.PyBaseCode.call(Lorg/python/core/ThreadState;[Lorg/python/core/PyObject;[Ljava/lang/String;Lorg/python/core/PyObject;[Lorg/python/core/PyObject;Lorg/python/core/PyObject;)Lorg/python/core/PyObject; (794 bytes) @ 0x000001e72e374c34 [0x000001e72e36e600+0x0000000000006634]
J 5256 c1 org.python.core.PyBaseCode.call(Lorg/python/core/ThreadState;Lorg/python/core/PyObject;Lorg/python/core/PyObject;[Lorg/python/core/PyObject;Lorg/python/core/PyObject;)Lorg/python/core/PyObject; (98 bytes) @ 0x000001e72e538f3c [0x000001e72e538b20+0x000000000000041c]
J 5254 c1 org.python.core.PyFunction.__call__(Lorg/python/core/ThreadState;Lorg/python/core/PyObject;)Lorg/python/core/PyObject; (22 bytes) @ 0x000001e72e53875c [0x000001e72e5386c0+0x000000000000009c]
j  org.python.pycode._pyx27.f$0(Lorg/python/core/PyFrame;Lorg/python/core/ThreadState;)Lorg/python/core/PyObject;+1647
j  org.python.pycode._pyx27.call_function(ILorg/python/core/PyFrame;Lorg/python/core/ThreadState;)Lorg/python/core/PyObject;+24
J 4198 c1 org.python.core.PyTableCode.call(Lorg/python/core/ThreadState;Lorg/python/core/PyFrame;Lorg/python/core/PyObject;)Lorg/python/core/PyObject; (373 bytes) @ 0x000001e72e28961c [0x000001e72e289220+0x00000000000003fc]
j  org.python.core.PyCode.call(Lorg/python/core/ThreadState;Lorg/python/core/PyFrame;)Lorg/python/core/PyObject;+4
j  org.python.core.Py.runCode(Lorg/python/core/PyCode;Lorg/python/core/PyObject;Lorg/python/core/PyObject;)Lorg/python/core/PyObject;+154
j  org.python.core.__builtin__.execfile_flags(Ljava/lang/String;Lorg/python/core/PyObject;Lorg/python/core/PyObject;Lorg/python/core/CompilerFlags;)V+86
j  org.python.util.PythonInterpreter.execfile(Ljava/lang/String;)V+16
j  org.meteoinfo.laboratory.gui.PythonInteractiveInterpreter.execfile(Ljava/lang/String;)V+10
j  org.meteoinfo.laboratory.gui.ConsoleDockable$2.doInBackground()Ljava/lang/String;+78
j  org.meteoinfo.laboratory.gui.ConsoleDockable$2.doInBackground()Ljava/lang/Object;+1
j  javax.swing.SwingWorker$1.call()Ljava/lang/Object;+14 java.desktop@9.0.1
j  java.util.concurrent.FutureTask.run()V+39 java.base@9.0.1
j  javax.swing.SwingWorker.run()V+4 java.desktop@9.0.1
j  java.util.concurrent.ThreadPoolExecutor.runWorker(Ljava/util/concurrent/ThreadPoolExecutor$Worker;)V+95 java.base@9.0.1
j  java.util.concurrent.ThreadPoolExecutor$Worker.run()V+5 java.base@9.0.1
j  java.lang.Thread.run()V+11 java.base@9.0.1
v  ~StubRoutines::call_stub

siginfo: EXCEPTION_ACCESS_VIOLATION (0xc0000005), reading address 0x00000000000008f8


Register to memory mapping:

RIP=0x00000000656de279 nvoglv64.DLL
RAX=0x0000000000000000 is an unknown value
RBX={method} {0x000001e75d353ca8} 'dispatch_glPushClientAttrib1' '(IJ)V' in 'jogamp/opengl/gl4/GL4bcImpl'
RCX=0x0000000000000001 is an unknown value
RDX=0x00000046fbd3d650 is pointing into the stack for thread: 0x000001e75668e800
RSP=0x00000046fbd3d588 is pointing into the stack for thread: 0x000001e75668e800
RBP=0x00000046fbd3d618 is pointing into the stack for thread: 0x000001e75668e800
RSI=0x00000000000001a0 is an unknown value
RDI=0x000000000000020a is an unknown value
R8 =0x0000000000000001 is an unknown value
R9 =0x00000000656de270 nvoglv64.DLL
R10=0x000001e72d111b69 is at code_begin+1929 in an Interpreter codelet
method entry point (kind = native)  [0x000001e72d1113e0, 0x000001e72d112760]  4992 bytes
R11=0x0000000000000102 is an unknown value
R12=0x0000000000000000 is an unknown value
R13={method} {0x000001e75d353ca8} 'dispatch_glPushClientAttrib1' '(IJ)V' in 'jogamp/opengl/gl4/GL4bcImpl'
R14=0x00000046fbd3d650 is pointing into the stack for thread: 0x000001e75668e800
R15=0x000001e75668e800 is a thread


Registers:
RAX=0x0000000000000000, RBX=0x000001e75d353ca0, RCX=0x0000000000000001, RDX=0x00000046fbd3d650
RSP=0x00000046fbd3d588, RBP=0x00000046fbd3d618, RSI=0x00000000000001a0, RDI=0x000000000000020a
R8 =0x0000000000000001, R9 =0x00000000656de270, R10=0x000001e72d111b69, R11=0x0000000000000102
R12=0x0000000000000000, R13=0x000001e75d353ca0, R14=0x00000046fbd3d650, R15=0x000001e75668e800
RIP=0x00000000656de279, EFLAGS=0x0000000000010283

Top of Stack: (sp=0x00000046fbd3d588)
0x00000046fbd3d588:   000001e72d111b95 000001e72d0f8900
0x00000046fbd3d598:   000001e700000000 000001e763842970
0x00000046fbd3d5a8:   000001e75668e800 000001e7639518a0
0x00000046fbd3d5b8:   00000000671e98a3 0000000000000000
0x00000046fbd3d5c8:   00000046fbd3d6c0 00000046fbd3d5d0
0x00000046fbd3d5d8:   0000000000000000 00000046fbd3d650
0x00000046fbd3d5e8:   000001e75d450028 0000000000000000
0x00000046fbd3d5f8:   00000006cf6b10a0 000001e75d353ca0
0x00000046fbd3d608:   0000000000000000 00000046fbd3d638
0x00000046fbd3d618:   00000046fbd3d6a0 000001e72d0fb6c3
0x00000046fbd3d628:   0000000000000000 000001e72d10ca98
0x00000046fbd3d638:   00000000656de270 0000000000000000
0x00000046fbd3d648:   0000000000000001 00000006ce443cf8
0x00000046fbd3d658:   00000046fbd3d658 000001e75d353be0
0x00000046fbd3d668:   00000046fbd3d6c8 000001e75d450028
0x00000046fbd3d678:   0000000000000000 00000006cf6b10a0 

Instructions: (pc=0x00000000656de279)
0x00000000656de259:   af af af af af af af c3 cc cc cc cc cc cc cc cc
0x00000000656de269:   cc cc cc cc cc cc cc 65 48 8b 04 25 00 16 00 00
0x00000000656de279:   ff a0 f8 08 00 00 cc cc cc cc cc cc cc cc cc cc
0x00000000656de289:   cc cc cc cc cc cc cc cc cc cc cc cc cc cc cc cc 



---------------  P R O C E S S  ---------------

Java Threads: ( => current thread )
  0x000001e75991a000 JavaThread "SwingWorker-pool-1-thread-1-SharedResourceRunner" daemon [_thread_blocked, id=308900, stack(0x00000046fbd40000,0x00000046fbe40000)]
=>0x000001e75668e800 JavaThread "SwingWorker-pool-1-thread-1" daemon [_thread_in_native, id=308828, stack(0x00000046fbc40000,0x00000046fbd40000)]
  0x000001e756690800 JavaThread "D3D Screen Updater" daemon [_thread_blocked, id=308752, stack(0x00000046fbb00000,0x00000046fbc00000)]
  0x000001e756690000 JavaThread "Image Fetcher 0" daemon [_thread_blocked, id=308748, stack(0x00000046fb400000,0x00000046fb500000)]
  0x000001e75a98e800 JavaThread "Thread-1" [_thread_blocked, id=308688, stack(0x00000046fba00000,0x00000046fbb00000)]
  0x000001e74d4c5000 JavaThread "Thread-0" [_thread_blocked, id=308560, stack(0x00000046fb900000,0x00000046fba00000)]
  0x000001e74dfa6800 JavaThread "TimerQueue" daemon [_thread_blocked, id=308548, stack(0x00000046fb600000,0x00000046fb700000)]
  0x000001e74b98e000 JavaThread "org.netbeans.modules.debugger.jpda.visual AWT Access Loop" daemon [_thread_blocked, id=308496, stack(0x00000046fb200000,0x00000046fb300000)]
  0x000001e720dee800 JavaThread "DestroyJavaVM" [_thread_blocked, id=308312, stack(0x00000046f8900000,0x00000046f8a00000)]
  0x000001e74b118800 JavaThread "AWT-EventQueue-0" [_thread_blocked, id=308492, stack(0x00000046fb100000,0x00000046fb200000)]
  0x000001e74a9e6000 JavaThread "AWT-Windows" daemon [_thread_in_native, id=308488, stack(0x00000046fb000000,0x00000046fb100000)]
  0x000001e74aa4c800 JavaThread "AWT-Shutdown" [_thread_blocked, id=308484, stack(0x00000046faf00000,0x00000046fb000000)]
  0x000001e74aa4c000 JavaThread "Java2D Disposer" daemon [_thread_blocked, id=308480, stack(0x00000046fae00000,0x00000046faf00000)]
  0x000001e74a252000 JavaThread "Service Thread" daemon [_thread_blocked, id=308472, stack(0x00000046fac00000,0x00000046fad00000)]
  0x000001e74a246800 JavaThread "JDWP Command Reader" daemon [_thread_in_native, id=308464, stack(0x00000046fab00000,0x00000046fac00000)]
  0x000001e74a243800 JavaThread "JDWP Event Helper Thread" daemon [_thread_blocked, id=308456, stack(0x00000046faa00000,0x00000046fab00000)]
  0x000001e74a242800 JavaThread "JDWP Transport Listener: dt_socket" daemon [_thread_blocked, id=308448, stack(0x00000046fa900000,0x00000046faa00000)]
  0x000001e74a0b8800 JavaThread "Common-Cleaner" daemon [_thread_blocked, id=308436, stack(0x00000046fa800000,0x00000046fa900000)]
  0x000001e749fe8000 JavaThread "Sweeper thread" daemon [_thread_blocked, id=308432, stack(0x00000046fa700000,0x00000046fa800000)]
  0x000001e749fd6800 JavaThread "C1 CompilerThread3" daemon [_thread_blocked, id=308428, stack(0x00000046fa600000,0x00000046fa700000)]
  0x000001e749fd2000 JavaThread "C2 CompilerThread2" daemon [_thread_blocked, id=308424, stack(0x00000046fa500000,0x00000046fa600000)]
  0x000001e749fd0000 JavaThread "C2 CompilerThread1" daemon [_thread_in_native, id=308420, stack(0x00000046fa400000,0x00000046fa500000)]
  0x000001e74975e000 JavaThread "C2 CompilerThread0" daemon [_thread_in_native, id=308416, stack(0x00000046fa300000,0x00000046fa400000)]
  0x000001e749f6d800 JavaThread "Attach Listener" daemon [_thread_blocked, id=308412, stack(0x00000046fa200000,0x00000046fa300000)]
  0x000001e749f6d000 JavaThread "Signal Dispatcher" daemon [_thread_blocked, id=308408, stack(0x00000046fa100000,0x00000046fa200000)]
  0x000001e749f67000 JavaThread "Finalizer" daemon [_thread_blocked, id=308404, stack(0x00000046fa000000,0x00000046fa100000)]
  0x000001e749f64000 JavaThread "Reference Handler" daemon [_thread_blocked, id=308400, stack(0x00000046f9f00000,0x00000046fa000000)]

Other Threads:
  0x000001e749f61800 VMThread "VM Thread" [stack: 0x00000046f9e00000,0x00000046f9f00000] [id=308396]
  0x000001e74a253800 WatcherThread [stack: 0x00000046fad00000,0x00000046fae00000] [id=308476]
  0x000001e720e07800 GCTaskThread "GC Thread#0" [stack: 0x00000046f8a00000,0x00000046f8b00000] [id=308316]
  0x000001e720e09000 GCTaskThread "GC Thread#1" [stack: 0x00000046f8b00000,0x00000046f8c00000] [id=308320]
  0x000001e720e0a800 GCTaskThread "GC Thread#2" [stack: 0x00000046f8c00000,0x00000046f8d00000] [id=308324]
  0x000001e720e0d000 GCTaskThread "GC Thread#3" [stack: 0x00000046f8d00000,0x00000046f8e00000] [id=308328]
  0x000001e720e0f800 GCTaskThread "GC Thread#4" [stack: 0x00000046f8e00000,0x00000046f8f00000] [id=308332]
  0x000001e720e1b000 GCTaskThread "GC Thread#5" [stack: 0x00000046f8f00000,0x00000046f9000000] [id=308336]
  0x000001e720e1c000 GCTaskThread "GC Thread#6" [stack: 0x00000046f9000000,0x00000046f9100000] [id=308340]
  0x000001e720e1d000 GCTaskThread "GC Thread#7" [stack: 0x00000046f9100000,0x00000046f9200000] [id=308344]
  0x000001e720e8c800 ConcurrentGCThread "G1 Main Marker" [stack: 0x00000046f9b00000,0x00000046f9c00000] [id=308384]
  0x000001e720e92000 ConcurrentGCThread "G1 Marker#0" [stack: 0x00000046f9c00000,0x00000046f9d00000] [id=308388]
  0x000001e720e92800 ConcurrentGCThread "G1 Marker#1" [stack: 0x00000046f9d00000,0x00000046f9e00000] [id=308392]
  0x000001e720e30000 ConcurrentGCThread "G1 Refine#0" [stack: 0x00000046f9900000,0x00000046f9a00000] [id=308376]
  0x000001e720e2f800 ConcurrentGCThread "G1 Refine#1" [stack: 0x00000046f9800000,0x00000046f9900000] [id=308372]
  0x000001e720e2c800 ConcurrentGCThread "G1 Refine#2" [stack: 0x00000046f9700000,0x00000046f9800000] [id=308368]
  0x000001e720e2b000 ConcurrentGCThread "G1 Refine#3" [stack: 0x00000046f9600000,0x00000046f9700000] [id=308364]
  0x000001e720e2a000 ConcurrentGCThread "G1 Refine#4" [stack: 0x00000046f9500000,0x00000046f9600000] [id=308360]
  0x000001e720e27000 ConcurrentGCThread "G1 Refine#5" [stack: 0x00000046f9400000,0x00000046f9500000] [id=308356]
  0x000001e720e24000 ConcurrentGCThread "G1 Refine#6" [stack: 0x00000046f9300000,0x00000046f9400000] [id=308352]
  0x000001e720e1f800 ConcurrentGCThread "G1 Refine#7" [stack: 0x00000046f9200000,0x00000046f9300000] [id=308348]
  0x000001e720e38800 ConcurrentGCThread "G1 Young RemSet Sampling" [stack: 0x00000046f9a00000,0x00000046f9b00000] [id=308380]

Threads with active compile tasks:
C2 CompilerThread17738 %     4       org.meteoinfo.chart.jogl.mc.MarchingCubes::marchingCubes @ 97 (1642 bytes)
C2 CompilerThread07470   !   4       org.python.core.PyJavaType::init (2867 bytes)

VM state:not at safepoint (normal execution)

VM Mutex/Monitor currently owned by a thread: None

Heap address: 0x00000006c1400000, size: 4076 MB, Compressed Oops mode: Zero based, Oop shift amount: 3
Narrow klass base: 0x0000000000000000, Narrow klass shift: 3
Compressed class space size: 1073741824 Address: 0x00000007c0000000

Heap:
 garbage-first heap   total 315392K, used 226937K [0x00000006c1400000, 0x00000006c15009a0, 0x00000007c0000000)
  region size 1024K, 169 young (173056K), 13 survivors (13312K)
 Metaspace       used 81577K, capacity 86400K, committed 86704K, reserved 1122304K
  class space    used 12183K, capacity 12935K, committed 13008K, reserved 1048576K
Heap Regions: E=young(eden), S=young(survivor), O=old, HS=humongous(starts), HC=humongous(continues), CS=collection set, F=free, A=archive, TS=gc time stamp, AC=allocation context, TAMS=top-at-mark-start (previous, next)
|   0|0x00000006c1400000, 0x00000006c1500000, 0x00000006c1500000|100%|HS|  |TS  0|AC  0|TAMS 0x00000006c1500000, 0x00000006c1500000|
|   1|0x00000006c1500000, 0x00000006c1600000, 0x00000006c1600000|100%|HC|  |TS  0|AC  0|TAMS 0x00000006c1600000, 0x00000006c1600000|
|   2|0x00000006c1600000, 0x00000006c1700000, 0x00000006c1700000|100%|HS|  |TS  0|AC  0|TAMS 0x00000006c1700000, 0x00000006c1700000|
|   3|0x00000006c1700000, 0x00000006c1800000, 0x00000006c1800000|100%|HC|  |TS  0|AC  0|TAMS 0x00000006c1800000, 0x00000006c1800000|
|   4|0x00000006c1800000, 0x00000006c1900000, 0x00000006c1900000|100%| O|  |TS  0|AC  0|TAMS 0x00000006c1900000, 0x00000006c1900000|
|   5|0x00000006c1900000, 0x00000006c1a00000, 0x00000006c1a00000|100%| O|  |TS  0|AC  0|TAMS 0x00000006c1a00000, 0x00000006c1a00000|
|   6|0x00000006c1a00000, 0x00000006c1b00000, 0x00000006c1b00000|100%| O|  |TS  0|AC  0|TAMS 0x00000006c1b00000, 0x00000006c1b00000|
|   7|0x00000006c1b00000, 0x00000006c1c00000, 0x00000006c1c00000|100%| O|  |TS  0|AC  0|TAMS 0x00000006c1c00000, 0x00000006c1c00000|
|   8|0x00000006c1c00000, 0x00000006c1d00000, 0x00000006c1d00000|100%| O|  |TS  0|AC  0|TAMS 0x00000006c1d00000, 0x00000006c1d00000|
|   9|0x00000006c1d00000, 0x00000006c1e00000, 0x00000006c1e00000|100%| O|  |TS  0|AC  0|TAMS 0x00000006c1e00000, 0x00000006c1e00000|
|  10|0x00000006c1e00000, 0x00000006c1f00000, 0x00000006c1f00000|100%| O|  |TS  0|AC  0|TAMS 0x00000006c1f00000, 0x00000006c1f00000|
|  11|0x00000006c1f00000, 0x00000006c2000000, 0x00000006c2000000|100%| O|  |TS  0|AC  0|TAMS 0x00000006c2000000, 0x00000006c2000000|
|  12|0x00000006c2000000, 0x00000006c2100000, 0x00000006c2100000|100%| O|  |TS  0|AC  0|TAMS 0x00000006c2100000, 0x00000006c2100000|
|  13|0x00000006c2100000, 0x00000006c2200000, 0x00000006c2200000|100%| O|  |TS  0|AC  0|TAMS 0x00000006c2200000, 0x00000006c2200000|
|  14|0x00000006c2200000, 0x00000006c2300000, 0x00000006c2300000|100%| O|  |TS  3|AC  0|TAMS 0x00000006c2200000, 0x00000006c2200000|
|  15|0x00000006c2300000, 0x00000006c2400000, 0x00000006c2400000|100%| O|  |TS  3|AC  0|TAMS 0x00000006c2300000, 0x00000006c2300000|
|  16|0x00000006c2400000, 0x00000006c2500000, 0x00000006c2500000|100%| O|  |TS  3|AC  0|TAMS 0x00000006c2400000, 0x00000006c2400000|
|  17|0x00000006c2500000, 0x00000006c255da00, 0x00000006c2600000| 36%| O|  |TS  7|AC  0|TAMS 0x00000006c2500000, 0x00000006c2500000|
|  18|0x00000006c2600000, 0x00000006c2700000, 0x00000006c2700000|100%| O|  |TS  0|AC  0|TAMS 0x00000006c2700000, 0x00000006c2700000|
|  19|0x00000006c2700000, 0x00000006c2800000, 0x00000006c2800000|100%| O|  |TS  0|AC  0|TAMS 0x00000006c2800000, 0x00000006c2800000|
|  20|0x00000006c2800000, 0x00000006c2900000, 0x00000006c2900000|100%| O|  |TS  0|AC  0|TAMS 0x00000006c2900000, 0x00000006c2900000|
|  21|0x00000006c2900000, 0x00000006c2a00000, 0x00000006c2a00000|100%| O|  |TS  0|AC  0|TAMS 0x00000006c2a00000, 0x00000006c2a00000|
|  22|0x00000006c2a00000, 0x00000006c2b00000, 0x00000006c2b00000|100%| O|  |TS  0|AC  0|TAMS 0x00000006c2b00000, 0x00000006c2b00000|
|  23|0x00000006c2b00000, 0x00000006c2c00000, 0x00000006c2c00000|100%| O|  |TS  0|AC  0|TAMS 0x00000006c2c00000, 0x00000006c2c00000|
|  24|0x00000006c2c00000, 0x00000006c2d00000, 0x00000006c2d00000|100%| O|  |TS  0|AC  0|TAMS 0x00000006c2d00000, 0x00000006c2d00000|
|  25|0x00000006c2d00000, 0x00000006c2e00000, 0x00000006c2e00000|100%| O|  |TS  0|AC  0|TAMS 0x00000006c2e00000, 0x00000006c2e00000|
|  26|0x00000006c2e00000, 0x00000006c2f00000, 0x00000006c2f00000|100%| O|  |TS  0|AC  0|TAMS 0x00000006c2f00000, 0x00000006c2f00000|
|  27|0x00000006c2f00000, 0x00000006c3000000, 0x00000006c3000000|100%| O|  |TS  0|AC  0|TAMS 0x00000006c3000000, 0x00000006c3000000|
|  28|0x00000006c3000000, 0x00000006c3100000, 0x00000006c3100000|100%| O|  |TS  0|AC  0|TAMS 0x00000006c3100000, 0x00000006c3100000|
|  29|0x00000006c3100000, 0x00000006c3200000, 0x00000006c3200000|100%| O|  |TS  0|AC  0|TAMS 0x00000006c3200000, 0x00000006c3200000|
|  30|0x00000006c3200000, 0x00000006c3300000, 0x00000006c3300000|100%| O|  |TS  0|AC  0|TAMS 0x00000006c3300000, 0x00000006c3300000|
|  31|0x00000006c3300000, 0x00000006c3400000, 0x00000006c3400000|100%| O|  |TS  0|AC  0|TAMS 0x00000006c3400000, 0x00000006c3400000|
|  32|0x00000006c3400000, 0x00000006c3500000, 0x00000006c3500000|100%| O|  |TS  0|AC  0|TAMS 0x00000006c3500000, 0x00000006c3500000|
|  33|0x00000006c3500000, 0x00000006c3600000, 0x00000006c3600000|100%| O|  |TS  0|AC  0|TAMS 0x00000006c3600000, 0x00000006c3600000|
|  34|0x00000006c3600000, 0x00000006c3700000, 0x00000006c3700000|100%| O|  |TS  0|AC  0|TAMS 0x00000006c3700000, 0x00000006c3700000|
|  35|0x00000006c3700000, 0x00000006c3800000, 0x00000006c3800000|100%| O|  |TS  0|AC  0|TAMS 0x00000006c3800000, 0x00000006c3800000|
|  36|0x00000006c3800000, 0x00000006c3900000, 0x00000006c3900000|100%| O|  |TS  0|AC  0|TAMS 0x00000006c3900000, 0x00000006c3900000|
|  37|0x00000006c3900000, 0x00000006c3a00000, 0x00000006c3a00000|100%| O|  |TS  0|AC  0|TAMS 0x00000006c3a00000, 0x00000006c3a00000|
|  38|0x00000006c3a00000, 0x00000006c3b00000, 0x00000006c3b00000|100%| O|  |TS  0|AC  0|TAMS 0x00000006c3b00000, 0x00000006c3b00000|
|  39|0x00000006c3b00000, 0x00000006c3c00000, 0x00000006c3c00000|100%| O|  |TS  3|AC  0|TAMS 0x00000006c3b90e00, 0x00000006c3b90e00|
|  40|0x00000006c3c00000, 0x00000006c3d00000, 0x00000006c3d00000|100%|HS|  |TS  1|AC  0|TAMS 0x00000006c3c00000, 0x00000006c3c00000|
|  41|0x00000006c3d00000, 0x00000006c3e00000, 0x00000006c3e00000|100%|HS|  |TS  1|AC  0|TAMS 0x00000006c3d00000, 0x00000006c3d00000|
|  42|0x00000006c3e00000, 0x00000006c3f00000, 0x00000006c3f00000|100%|HS|  |TS  0|AC  0|TAMS 0x00000006c3e00000, 0x00000006c3e00000|
|  43|0x00000006c3f00000, 0x00000006c4000000, 0x00000006c4000000|100%|HS|  |TS  0|AC  0|TAMS 0x00000006c3f00000, 0x00000006c3f00000|
|  44|0x00000006c4000000, 0x00000006c4100000, 0x00000006c4100000|100%|HS|  |TS  0|AC  0|TAMS 0x00000006c4000000, 0x00000006c4000000|
|  45|0x00000006c4100000, 0x00000006c4200000, 0x00000006c4200000|100%|HS|  |TS  0|AC  0|TAMS 0x00000006c4100000, 0x00000006c4100000|
|  46|0x00000006c4200000, 0x00000006c4300000, 0x00000006c4300000|100%|HS|  |TS  0|AC  0|TAMS 0x00000006c4200000, 0x00000006c4200000|
|  47|0x00000006c4300000, 0x00000006c4400000, 0x00000006c4400000|100%|HS|  |TS  0|AC  0|TAMS 0x00000006c4300000, 0x00000006c4300000|
|  48|0x00000006c4400000, 0x00000006c4500000, 0x00000006c4500000|100%|HC|  |TS  0|AC  0|TAMS 0x00000006c4400000, 0x00000006c4400000|
|  49|0x00000006c4500000, 0x00000006c4600000, 0x00000006c4600000|100%|HS|  |TS  0|AC  0|TAMS 0x00000006c4500000, 0x00000006c4500000|
|  50|0x00000006c4600000, 0x00000006c4700000, 0x00000006c4700000|100%|HS|  |TS  0|AC  0|TAMS 0x00000006c4600000, 0x00000006c4600000|
|  51|0x00000006c4700000, 0x00000006c4800000, 0x00000006c4800000|100%|HS|  |TS  0|AC  0|TAMS 0x00000006c4700000, 0x00000006c4700000|
|  52|0x00000006c4800000, 0x00000006c4900000, 0x00000006c4900000|100%|HS|  |TS  0|AC  0|TAMS 0x00000006c4800000, 0x00000006c4800000|
|  53|0x00000006c4900000, 0x00000006c4a00000, 0x00000006c4a00000|100%|HS|  |TS  0|AC  0|TAMS 0x00000006c4900000, 0x00000006c4900000|
|  54|0x00000006c4a00000, 0x00000006c4b00000, 0x00000006c4b00000|100%|HS|  |TS  0|AC  0|TAMS 0x00000006c4a00000, 0x00000006c4a00000|
|  55|0x00000006c4b00000, 0x00000006c4b00000, 0x00000006c4c00000|  0%| F|  |TS  0|AC  0|TAMS 0x00000006c4b00000, 0x00000006c4b00000|
|  56|0x00000006c4c00000, 0x00000006c4c00000, 0x00000006c4d00000|  0%| F|  |TS  0|AC  0|TAMS 0x00000006c4c00000, 0x00000006c4c00000|
|  57|0x00000006c4d00000, 0x00000006c4d00000, 0x00000006c4e00000|  0%| F|  |TS  0|AC  0|TAMS 0x00000006c4d00000, 0x00000006c4d00000|
|  58|0x00000006c4e00000, 0x00000006c4e00000, 0x00000006c4f00000|  0%| F|  |TS  0|AC  0|TAMS 0x00000006c4e00000, 0x00000006c4e00000|
|  59|0x00000006c4f00000, 0x00000006c4f00000, 0x00000006c5000000|  0%| F|  |TS  0|AC  0|TAMS 0x00000006c4f00000, 0x00000006c4f00000|
|  60|0x00000006c5000000, 0x00000006c5000000, 0x00000006c5100000|  0%| F|  |TS  0|AC  0|TAMS 0x00000006c5000000, 0x00000006c5000000|
|  61|0x00000006c5100000, 0x00000006c5100000, 0x00000006c5200000|  0%| F|  |TS  0|AC  0|TAMS 0x00000006c5100000, 0x00000006c5100000|
|  62|0x00000006c5200000, 0x00000006c5200000, 0x00000006c5300000|  0%| F|  |TS  0|AC  0|TAMS 0x00000006c5200000, 0x00000006c5200000|
|  63|0x00000006c5300000, 0x00000006c5300000, 0x00000006c5400000|  0%| F|  |TS  0|AC  0|TAMS 0x00000006c5300000, 0x00000006c5300000|
|  64|0x00000006c5400000, 0x00000006c5400000, 0x00000006c5500000|  0%| F|  |TS  0|AC  0|TAMS 0x00000006c5400000, 0x00000006c5400000|
|  65|0x00000006c5500000, 0x00000006c5500000, 0x00000006c5600000|  0%| F|  |TS  0|AC  0|TAMS 0x00000006c5500000, 0x00000006c5500000|
|  66|0x00000006c5600000, 0x00000006c5600000, 0x00000006c5700000|  0%| F|  |TS  0|AC  0|TAMS 0x00000006c5600000, 0x00000006c5600000|
|  67|0x00000006c5700000, 0x00000006c5700000, 0x00000006c5800000|  0%| F|  |TS  0|AC  0|TAMS 0x00000006c5700000, 0x00000006c5700000|
|  68|0x00000006c5800000, 0x00000006c5800000, 0x00000006c5900000|  0%| F|  |TS  0|AC  0|TAMS 0x00000006c5800000, 0x00000006c5800000|
|  69|0x00000006c5900000, 0x00000006c5900000, 0x00000006c5a00000|  0%| F|  |TS  0|AC  0|TAMS 0x00000006c5900000, 0x00000006c5900000|
|  70|0x00000006c5a00000, 0x00000006c5a00000, 0x00000006c5b00000|  0%| F|  |TS  0|AC  0|TAMS 0x00000006c5a00000, 0x00000006c5a00000|
|  71|0x00000006c5b00000, 0x00000006c5b00000, 0x00000006c5c00000|  0%| F|  |TS  0|AC  0|TAMS 0x00000006c5b00000, 0x00000006c5b00000|
|  72|0x00000006c5c00000, 0x00000006c5c00000, 0x00000006c5d00000|  0%| F|  |TS  0|AC  0|TAMS 0x00000006c5c00000, 0x00000006c5c00000|
|  73|0x00000006c5d00000, 0x00000006c5d00000, 0x00000006c5e00000|  0%| F|  |TS  0|AC  0|TAMS 0x00000006c5d00000, 0x00000006c5d00000|
|  74|0x00000006c5e00000, 0x00000006c5e00000, 0x00000006c5f00000|  0%| F|  |TS  0|AC  0|TAMS 0x00000006c5e00000, 0x00000006c5e00000|
|  75|0x00000006c5f00000, 0x00000006c5f00000, 0x00000006c6000000|  0%| F|  |TS  0|AC  0|TAMS 0x00000006c5f00000, 0x00000006c5f00000|
|  76|0x00000006c6000000, 0x00000006c6000000, 0x00000006c6100000|  0%| F|  |TS  0|AC  0|TAMS 0x00000006c6000000, 0x00000006c6000000|
|  77|0x00000006c6100000, 0x00000006c6100000, 0x00000006c6200000|  0%| F|  |TS  0|AC  0|TAMS 0x00000006c6100000, 0x00000006c6100000|
|  78|0x00000006c6200000, 0x00000006c6200000, 0x00000006c6300000|  0%| F|  |TS  0|AC  0|TAMS 0x00000006c6200000, 0x00000006c6200000|
|  79|0x00000006c6300000, 0x00000006c6300000, 0x00000006c6400000|  0%| F|  |TS  0|AC  0|TAMS 0x00000006c6300000, 0x00000006c6300000|
|  80|0x00000006c6400000, 0x00000006c6400000, 0x00000006c6500000|  0%| F|  |TS  0|AC  0|TAMS 0x00000006c6400000, 0x00000006c6400000|
|  81|0x00000006c6500000, 0x00000006c6500000, 0x00000006c6600000|  0%| F|  |TS  0|AC  0|TAMS 0x00000006c6500000, 0x00000006c6500000|
|  82|0x00000006c6600000, 0x00000006c6600000, 0x00000006c6700000|  0%| F|  |TS  0|AC  0|TAMS 0x00000006c6600000, 0x00000006c6600000|
|  83|0x00000006c6700000, 0x00000006c6700000, 0x00000006c6800000|  0%| F|  |TS  0|AC  0|TAMS 0x00000006c6700000, 0x00000006c6700000|
|  84|0x00000006c6800000, 0x00000006c6800000, 0x00000006c6900000|  0%| F|  |TS  0|AC  0|TAMS 0x00000006c6800000, 0x00000006c6800000|
|  85|0x00000006c6900000, 0x00000006c6900000, 0x00000006c6a00000|  0%| F|  |TS  0|AC  0|TAMS 0x00000006c6900000, 0x00000006c6900000|
|  86|0x00000006c6a00000, 0x00000006c6a00000, 0x00000006c6b00000|  0%| F|  |TS  0|AC  0|TAMS 0x00000006c6a00000, 0x00000006c6a00000|
|  87|0x00000006c6b00000, 0x00000006c6b00000, 0x00000006c6c00000|  0%| F|  |TS  0|AC  0|TAMS 0x00000006c6b00000, 0x00000006c6b00000|
|  88|0x00000006c6c00000, 0x00000006c6c00000, 0x00000006c6d00000|  0%| F|  |TS  0|AC  0|TAMS 0x00000006c6c00000, 0x00000006c6c00000|
|  89|0x00000006c6d00000, 0x00000006c6d00000, 0x00000006c6e00000|  0%| F|  |TS  0|AC  0|TAMS 0x00000006c6d00000, 0x00000006c6d00000|
|  90|0x00000006c6e00000, 0x00000006c6e00000, 0x00000006c6f00000|  0%| F|  |TS  0|AC  0|TAMS 0x00000006c6e00000, 0x00000006c6e00000|
|  91|0x00000006c6f00000, 0x00000006c6f00000, 0x00000006c7000000|  0%| F|  |TS  0|AC  0|TAMS 0x00000006c6f00000, 0x00000006c6f00000|
|  92|0x00000006c7000000, 0x00000006c7000000, 0x00000006c7100000|  0%| F|  |TS  0|AC  0|TAMS 0x00000006c7000000, 0x00000006c7000000|
|  93|0x00000006c7100000, 0x00000006c7100000, 0x00000006c7200000|  0%| F|  |TS  0|AC  0|TAMS 0x00000006c7100000, 0x00000006c7100000|
|  94|0x00000006c7200000, 0x00000006c7200000, 0x00000006c7300000|  0%| F|  |TS  0|AC  0|TAMS 0x00000006c7200000, 0x00000006c7200000|
|  95|0x00000006c7300000, 0x00000006c7300000, 0x00000006c7400000|  0%| F|  |TS  0|AC  0|TAMS 0x00000006c7300000, 0x00000006c7300000|
|  96|0x00000006c7400000, 0x00000006c7400000, 0x00000006c7500000|  0%| F|  |TS  0|AC  0|TAMS 0x00000006c7400000, 0x00000006c7400000|
|  97|0x00000006c7500000, 0x00000006c7500000, 0x00000006c7600000|  0%| F|  |TS  0|AC  0|TAMS 0x00000006c7500000, 0x00000006c7500000|
|  98|0x00000006c7600000, 0x00000006c7600000, 0x00000006c7700000|  0%| F|  |TS  0|AC  0|TAMS 0x00000006c7600000, 0x00000006c7600000|
|  99|0x00000006c7700000, 0x00000006c7700000, 0x00000006c7800000|  0%| F|  |TS  0|AC  0|TAMS 0x00000006c7700000, 0x00000006c7700000|
| 100|0x00000006c7800000, 0x00000006c7800000, 0x00000006c7900000|  0%| F|  |TS  0|AC  0|TAMS 0x00000006c7800000, 0x00000006c7800000|
| 101|0x00000006c7900000, 0x00000006c7900000, 0x00000006c7a00000|  0%| F|  |TS  0|AC  0|TAMS 0x00000006c7900000, 0x00000006c7900000|
| 102|0x00000006c7a00000, 0x00000006c7a00000, 0x00000006c7b00000|  0%| F|  |TS  0|AC  0|TAMS 0x00000006c7a00000, 0x00000006c7a00000|
| 103|0x00000006c7b00000, 0x00000006c7b00000, 0x00000006c7c00000|  0%| F|  |TS  0|AC  0|TAMS 0x00000006c7b00000, 0x00000006c7b00000|
| 104|0x00000006c7c00000, 0x00000006c7c00000, 0x00000006c7d00000|  0%| F|  |TS  0|AC  0|TAMS 0x00000006c7c00000, 0x00000006c7c00000|
| 105|0x00000006c7d00000, 0x00000006c7d00000, 0x00000006c7e00000|  0%| F|  |TS  0|AC  0|TAMS 0x00000006c7d00000, 0x00000006c7d00000|
| 106|0x00000006c7e00000, 0x00000006c7e00000, 0x00000006c7f00000|  0%| F|  |TS  5|AC  0|TAMS 0x00000006c7e00000, 0x00000006c7e00000|
| 107|0x00000006c7f00000, 0x00000006c7f00000, 0x00000006c8000000|  0%| F|  |TS  5|AC  0|TAMS 0x00000006c7f00000, 0x00000006c7f00000|
| 108|0x00000006c8000000, 0x00000006c8000000, 0x00000006c8100000|  0%| F|  |TS  5|AC  0|TAMS 0x00000006c8000000, 0x00000006c8000000|
| 109|0x00000006c8100000, 0x00000006c8100000, 0x00000006c8200000|  0%| F|  |TS  5|AC  0|TAMS 0x00000006c8100000, 0x00000006c8100000|
| 110|0x00000006c8200000, 0x00000006c8200000, 0x00000006c8300000|  0%| F|  |TS  5|AC  0|TAMS 0x00000006c8200000, 0x00000006c8200000|
| 111|0x00000006c8300000, 0x00000006c8340c58, 0x00000006c8400000| 25%| S|CS|TS  7|AC  0|TAMS 0x00000006c8300000, 0x00000006c8300000|
| 112|0x00000006c8400000, 0x00000006c8500000, 0x00000006c8500000|100%| S|CS|TS  7|AC  0|TAMS 0x00000006c8400000, 0x00000006c8400000|
| 113|0x00000006c8500000, 0x00000006c8600000, 0x00000006c8600000|100%| S|CS|TS  7|AC  0|TAMS 0x00000006c8500000, 0x00000006c8500000|
| 114|0x00000006c8600000, 0x00000006c8700000, 0x00000006c8700000|100%| S|CS|TS  7|AC  0|TAMS 0x00000006c8600000, 0x00000006c8600000|
| 115|0x00000006c8700000, 0x00000006c8800000, 0x00000006c8800000|100%| S|CS|TS  7|AC  0|TAMS 0x00000006c8700000, 0x00000006c8700000|
| 116|0x00000006c8800000, 0x00000006c8900000, 0x00000006c8900000|100%| S|CS|TS  7|AC  0|TAMS 0x00000006c8800000, 0x00000006c8800000|
| 117|0x00000006c8900000, 0x00000006c8a00000, 0x00000006c8a00000|100%| S|CS|TS  7|AC  0|TAMS 0x00000006c8900000, 0x00000006c8900000|
| 118|0x00000006c8a00000, 0x00000006c8b00000, 0x00000006c8b00000|100%| S|CS|TS  7|AC  0|TAMS 0x00000006c8a00000, 0x00000006c8a00000|
| 119|0x00000006c8b00000, 0x00000006c8c00000, 0x00000006c8c00000|100%| S|CS|TS  7|AC  0|TAMS 0x00000006c8b00000, 0x00000006c8b00000|
| 120|0x00000006c8c00000, 0x00000006c8d00000, 0x00000006c8d00000|100%| S|CS|TS  7|AC  0|TAMS 0x00000006c8c00000, 0x00000006c8c00000|
| 121|0x00000006c8d00000, 0x00000006c8e00000, 0x00000006c8e00000|100%| S|CS|TS  7|AC  0|TAMS 0x00000006c8d00000, 0x00000006c8d00000|
| 122|0x00000006c8e00000, 0x00000006c8f00000, 0x00000006c8f00000|100%| S|CS|TS  7|AC  0|TAMS 0x00000006c8e00000, 0x00000006c8e00000|
| 123|0x00000006c8f00000, 0x00000006c9000000, 0x00000006c9000000|100%| S|CS|TS  7|AC  0|TAMS 0x00000006c8f00000, 0x00000006c8f00000|
| 124|0x00000006c9000000, 0x00000006c9000000, 0x00000006c9100000|  0%| F|  |TS  7|AC  0|TAMS 0x00000006c9000000, 0x00000006c9000000|
| 125|0x00000006c9100000, 0x00000006c9100000, 0x00000006c9200000|  0%| F|  |TS  7|AC  0|TAMS 0x00000006c9100000, 0x00000006c9100000|
| 126|0x00000006c9200000, 0x00000006c9200000, 0x00000006c9300000|  0%| F|  |TS  7|AC  0|TAMS 0x00000006c9200000, 0x00000006c9200000|
| 127|0x00000006c9300000, 0x00000006c9300000, 0x00000006c9400000|  0%| F|  |TS  7|AC  0|TAMS 0x00000006c9300000, 0x00000006c9300000|
| 128|0x00000006c9400000, 0x00000006c9400000, 0x00000006c9500000|  0%| F|  |TS  7|AC  0|TAMS 0x00000006c9400000, 0x00000006c9400000|
| 129|0x00000006c9500000, 0x00000006c9500000, 0x00000006c9600000|  0%| F|  |TS  7|AC  0|TAMS 0x00000006c9500000, 0x00000006c9500000|
| 130|0x00000006c9600000, 0x00000006c9600000, 0x00000006c9700000|  0%| F|  |TS  7|AC  0|TAMS 0x00000006c9600000, 0x00000006c9600000|
| 131|0x00000006c9700000, 0x00000006c9700000, 0x00000006c9800000|  0%| F|  |TS  7|AC  0|TAMS 0x00000006c9700000, 0x00000006c9700000|
| 132|0x00000006c9800000, 0x00000006c9800000, 0x00000006c9900000|  0%| F|  |TS  7|AC  0|TAMS 0x00000006c9800000, 0x00000006c9800000|
| 133|0x00000006c9900000, 0x00000006c9900000, 0x00000006c9a00000|  0%| F|  |TS  7|AC  0|TAMS 0x00000006c9900000, 0x00000006c9900000|
| 134|0x00000006c9a00000, 0x00000006c9a00000, 0x00000006c9b00000|  0%| F|  |TS  7|AC  0|TAMS 0x00000006c9a00000, 0x00000006c9a00000|
| 135|0x00000006c9b00000, 0x00000006c9b00000, 0x00000006c9c00000|  0%| F|  |TS  7|AC  0|TAMS 0x00000006c9b00000, 0x00000006c9b00000|
| 136|0x00000006c9c00000, 0x00000006c9c00000, 0x00000006c9d00000|  0%| F|  |TS  7|AC  0|TAMS 0x00000006c9c00000, 0x00000006c9c00000|
| 137|0x00000006c9d00000, 0x00000006c9d00000, 0x00000006c9e00000|  0%| F|  |TS  7|AC  0|TAMS 0x00000006c9d00000, 0x00000006c9d00000|
| 138|0x00000006c9e00000, 0x00000006c9e00000, 0x00000006c9f00000|  0%| F|  |TS  7|AC  0|TAMS 0x00000006c9e00000, 0x00000006c9e00000|
| 139|0x00000006c9f00000, 0x00000006c9f00000, 0x00000006ca000000|  0%| F|  |TS  7|AC  0|TAMS 0x00000006c9f00000, 0x00000006c9f00000|
| 140|0x00000006ca000000, 0x00000006ca000000, 0x00000006ca100000|  0%| F|  |TS  7|AC  0|TAMS 0x00000006ca000000, 0x00000006ca000000|
| 141|0x00000006ca100000, 0x00000006ca100000, 0x00000006ca200000|  0%| F|  |TS  7|AC  0|TAMS 0x00000006ca100000, 0x00000006ca100000|
| 142|0x00000006ca200000, 0x00000006ca200000, 0x00000006ca300000|  0%| F|  |TS  7|AC  0|TAMS 0x00000006ca200000, 0x00000006ca200000|
| 143|0x00000006ca300000, 0x00000006ca300000, 0x00000006ca400000|  0%| F|  |TS  7|AC  0|TAMS 0x00000006ca300000, 0x00000006ca300000|
| 144|0x00000006ca400000, 0x00000006ca400000, 0x00000006ca500000|  0%| F|  |TS  7|AC  0|TAMS 0x00000006ca400000, 0x00000006ca400000|
| 145|0x00000006ca500000, 0x00000006ca500000, 0x00000006ca600000|  0%| F|  |TS  7|AC  0|TAMS 0x00000006ca500000, 0x00000006ca500000|
| 146|0x00000006ca600000, 0x00000006ca600000, 0x00000006ca700000|  0%| F|  |TS  7|AC  0|TAMS 0x00000006ca600000, 0x00000006ca600000|
| 147|0x00000006ca700000, 0x00000006ca700000, 0x00000006ca800000|  0%| F|  |TS  7|AC  0|TAMS 0x00000006ca700000, 0x00000006ca700000|
| 148|0x00000006ca800000, 0x00000006ca800000, 0x00000006ca900000|  0%| F|  |TS  7|AC  0|TAMS 0x00000006ca800000, 0x00000006ca800000|
| 149|0x00000006ca900000, 0x00000006ca900000, 0x00000006caa00000|  0%| F|  |TS  7|AC  0|TAMS 0x00000006ca900000, 0x00000006ca900000|
| 150|0x00000006caa00000, 0x00000006caa00000, 0x00000006cab00000|  0%| F|  |TS  7|AC  0|TAMS 0x00000006caa00000, 0x00000006caa00000|
| 151|0x00000006cab00000, 0x00000006cab00000, 0x00000006cac00000|  0%| F|  |TS  7|AC  0|TAMS 0x00000006cab00000, 0x00000006cab00000|
| 152|0x00000006cac00000, 0x00000006cad00000, 0x00000006cad00000|100%| E|  |TS  7|AC  0|TAMS 0x00000006cac00000, 0x00000006cac00000|
| 153|0x00000006cad00000, 0x00000006cae00000, 0x00000006cae00000|100%| E|CS|TS  7|AC  0|TAMS 0x00000006cad00000, 0x00000006cad00000|
| 154|0x00000006cae00000, 0x00000006caf00000, 0x00000006caf00000|100%| E|CS|TS  7|AC  0|TAMS 0x00000006cae00000, 0x00000006cae00000|
| 155|0x00000006caf00000, 0x00000006cb000000, 0x00000006cb000000|100%| E|CS|TS  7|AC  0|TAMS 0x00000006caf00000, 0x00000006caf00000|
| 156|0x00000006cb000000, 0x00000006cb100000, 0x00000006cb100000|100%| E|CS|TS  7|AC  0|TAMS 0x00000006cb000000, 0x00000006cb000000|
| 157|0x00000006cb100000, 0x00000006cb200000, 0x00000006cb200000|100%| E|CS|TS  7|AC  0|TAMS 0x00000006cb100000, 0x00000006cb100000|
| 158|0x00000006cb200000, 0x00000006cb300000, 0x00000006cb300000|100%| E|CS|TS  7|AC  0|TAMS 0x00000006cb200000, 0x00000006cb200000|
| 159|0x00000006cb300000, 0x00000006cb400000, 0x00000006cb400000|100%| E|CS|TS  7|AC  0|TAMS 0x00000006cb300000, 0x00000006cb300000|
| 160|0x00000006cb400000, 0x00000006cb500000, 0x00000006cb500000|100%| E|CS|TS  7|AC  0|TAMS 0x00000006cb400000, 0x00000006cb400000|
| 161|0x00000006cb500000, 0x00000006cb600000, 0x00000006cb600000|100%| E|CS|TS  7|AC  0|TAMS 0x00000006cb500000, 0x00000006cb500000|
| 162|0x00000006cb600000, 0x00000006cb700000, 0x00000006cb700000|100%| E|CS|TS  7|AC  0|TAMS 0x00000006cb600000, 0x00000006cb600000|
| 163|0x00000006cb700000, 0x00000006cb800000, 0x00000006cb800000|100%| E|CS|TS  7|AC  0|TAMS 0x00000006cb700000, 0x00000006cb700000|
| 164|0x00000006cb800000, 0x00000006cb900000, 0x00000006cb900000|100%| E|CS|TS  7|AC  0|TAMS 0x00000006cb800000, 0x00000006cb800000|
| 165|0x00000006cb900000, 0x00000006cba00000, 0x00000006cba00000|100%| E|CS|TS  7|AC  0|TAMS 0x00000006cb900000, 0x00000006cb900000|
| 166|0x00000006cba00000, 0x00000006cbb00000, 0x00000006cbb00000|100%| E|CS|TS  7|AC  0|TAMS 0x00000006cba00000, 0x00000006cba00000|
| 167|0x00000006cbb00000, 0x00000006cbc00000, 0x00000006cbc00000|100%| E|CS|TS  7|AC  0|TAMS 0x00000006cbb00000, 0x00000006cbb00000|
| 168|0x00000006cbc00000, 0x00000006cbd00000, 0x00000006cbd00000|100%| E|CS|TS  7|AC  0|TAMS 0x00000006cbc00000, 0x00000006cbc00000|
| 169|0x00000006cbd00000, 0x00000006cbe00000, 0x00000006cbe00000|100%| E|CS|TS  7|AC  0|TAMS 0x00000006cbd00000, 0x00000006cbd00000|
| 170|0x00000006cbe00000, 0x00000006cbf00000, 0x00000006cbf00000|100%| E|CS|TS  7|AC  0|TAMS 0x00000006cbe00000, 0x00000006cbe00000|
| 171|0x00000006cbf00000, 0x00000006cc000000, 0x00000006cc000000|100%| E|CS|TS  7|AC  0|TAMS 0x00000006cbf00000, 0x00000006cbf00000|
| 172|0x00000006cc000000, 0x00000006cc100000, 0x00000006cc100000|100%| E|CS|TS  7|AC  0|TAMS 0x00000006cc000000, 0x00000006cc000000|
| 173|0x00000006cc100000, 0x00000006cc200000, 0x00000006cc200000|100%| E|CS|TS  7|AC  0|TAMS 0x00000006cc100000, 0x00000006cc100000|
| 174|0x00000006cc200000, 0x00000006cc300000, 0x00000006cc300000|100%| E|CS|TS  7|AC  0|TAMS 0x00000006cc200000, 0x00000006cc200000|
| 175|0x00000006cc300000, 0x00000006cc400000, 0x00000006cc400000|100%| E|CS|TS  7|AC  0|TAMS 0x00000006cc300000, 0x00000006cc300000|
| 176|0x00000006cc400000, 0x00000006cc500000, 0x00000006cc500000|100%| E|CS|TS  7|AC  0|TAMS 0x00000006cc400000, 0x00000006cc400000|
| 177|0x00000006cc500000, 0x00000006cc600000, 0x00000006cc600000|100%| E|CS|TS  7|AC  0|TAMS 0x00000006cc500000, 0x00000006cc500000|
| 178|0x00000006cc600000, 0x00000006cc700000, 0x00000006cc700000|100%| E|CS|TS  7|AC  0|TAMS 0x00000006cc600000, 0x00000006cc600000|
| 179|0x00000006cc700000, 0x00000006cc800000, 0x00000006cc800000|100%| E|CS|TS  7|AC  0|TAMS 0x00000006cc700000, 0x00000006cc700000|
| 180|0x00000006cc800000, 0x00000006cc900000, 0x00000006cc900000|100%| E|CS|TS  7|AC  0|TAMS 0x00000006cc800000, 0x00000006cc800000|
| 181|0x00000006cc900000, 0x00000006cca00000, 0x00000006cca00000|100%| E|CS|TS  7|AC  0|TAMS 0x00000006cc900000, 0x00000006cc900000|
| 182|0x00000006cca00000, 0x00000006ccb00000, 0x00000006ccb00000|100%| E|CS|TS  7|AC  0|TAMS 0x00000006cca00000, 0x00000006cca00000|
| 183|0x00000006ccb00000, 0x00000006ccc00000, 0x00000006ccc00000|100%| E|CS|TS  7|AC  0|TAMS 0x00000006ccb00000, 0x00000006ccb00000|
| 184|0x00000006ccc00000, 0x00000006ccd00000, 0x00000006ccd00000|100%| E|CS|TS  7|AC  0|TAMS 0x00000006ccc00000, 0x00000006ccc00000|
| 185|0x00000006ccd00000, 0x00000006cce00000, 0x00000006cce00000|100%| E|CS|TS  7|AC  0|TAMS 0x00000006ccd00000, 0x00000006ccd00000|
| 186|0x00000006cce00000, 0x00000006ccf00000, 0x00000006ccf00000|100%| E|CS|TS  7|AC  0|TAMS 0x00000006cce00000, 0x00000006cce00000|
| 187|0x00000006ccf00000, 0x00000006cd000000, 0x00000006cd000000|100%| E|CS|TS  7|AC  0|TAMS 0x00000006ccf00000, 0x00000006ccf00000|
| 188|0x00000006cd000000, 0x00000006cd100000, 0x00000006cd100000|100%| E|CS|TS  7|AC  0|TAMS 0x00000006cd000000, 0x00000006cd000000|
| 189|0x00000006cd100000, 0x00000006cd200000, 0x00000006cd200000|100%| E|CS|TS  7|AC  0|TAMS 0x00000006cd100000, 0x00000006cd100000|
| 190|0x00000006cd200000, 0x00000006cd300000, 0x00000006cd300000|100%| E|CS|TS  7|AC  0|TAMS 0x00000006cd200000, 0x00000006cd200000|
| 191|0x00000006cd300000, 0x00000006cd400000, 0x00000006cd400000|100%| E|CS|TS  7|AC  0|TAMS 0x00000006cd300000, 0x00000006cd300000|
| 192|0x00000006cd400000, 0x00000006cd500000, 0x00000006cd500000|100%| E|CS|TS  7|AC  0|TAMS 0x00000006cd400000, 0x00000006cd400000|
| 193|0x00000006cd500000, 0x00000006cd600000, 0x00000006cd600000|100%| E|CS|TS  7|AC  0|TAMS 0x00000006cd500000, 0x00000006cd500000|
| 194|0x00000006cd600000, 0x00000006cd700000, 0x00000006cd700000|100%| E|CS|TS  7|AC  0|TAMS 0x00000006cd600000, 0x00000006cd600000|
| 195|0x00000006cd700000, 0x00000006cd800000, 0x00000006cd800000|100%| E|CS|TS  7|AC  0|TAMS 0x00000006cd700000, 0x00000006cd700000|
| 196|0x00000006cd800000, 0x00000006cd900000, 0x00000006cd900000|100%| E|CS|TS  7|AC  0|TAMS 0x00000006cd800000, 0x00000006cd800000|
| 197|0x00000006cd900000, 0x00000006cda00000, 0x00000006cda00000|100%| E|CS|TS  7|AC  0|TAMS 0x00000006cd900000, 0x00000006cd900000|
| 198|0x00000006cda00000, 0x00000006cdb00000, 0x00000006cdb00000|100%| E|CS|TS  7|AC  0|TAMS 0x00000006cda00000, 0x00000006cda00000|
| 199|0x00000006cdb00000, 0x00000006cdc00000, 0x00000006cdc00000|100%| E|CS|TS  7|AC  0|TAMS 0x00000006cdb00000, 0x00000006cdb00000|
| 200|0x00000006cdc00000, 0x00000006cdd00000, 0x00000006cdd00000|100%| E|CS|TS  7|AC  0|TAMS 0x00000006cdc00000, 0x00000006cdc00000|
| 201|0x00000006cdd00000, 0x00000006cde00000, 0x00000006cde00000|100%| E|CS|TS  7|AC  0|TAMS 0x00000006cdd00000, 0x00000006cdd00000|
| 202|0x00000006cde00000, 0x00000006cdf00000, 0x00000006cdf00000|100%| E|CS|TS  7|AC  0|TAMS 0x00000006cde00000, 0x00000006cde00000|
| 203|0x00000006cdf00000, 0x00000006ce000000, 0x00000006ce000000|100%| E|CS|TS  7|AC  0|TAMS 0x00000006cdf00000, 0x00000006cdf00000|
| 204|0x00000006ce000000, 0x00000006ce100000, 0x00000006ce100000|100%| E|CS|TS  7|AC  0|TAMS 0x00000006ce000000, 0x00000006ce000000|
| 205|0x00000006ce100000, 0x00000006ce200000, 0x00000006ce200000|100%| E|CS|TS  7|AC  0|TAMS 0x00000006ce100000, 0x00000006ce100000|
| 206|0x00000006ce200000, 0x00000006ce300000, 0x00000006ce300000|100%| E|CS|TS  7|AC  0|TAMS 0x00000006ce200000, 0x00000006ce200000|
| 207|0x00000006ce300000, 0x00000006ce400000, 0x00000006ce400000|100%| E|CS|TS  7|AC  0|TAMS 0x00000006ce300000, 0x00000006ce300000|
| 208|0x00000006ce400000, 0x00000006ce500000, 0x00000006ce500000|100%| E|CS|TS  7|AC  0|TAMS 0x00000006ce400000, 0x00000006ce400000|
| 209|0x00000006ce500000, 0x00000006ce600000, 0x00000006ce600000|100%| E|CS|TS  7|AC  0|TAMS 0x00000006ce500000, 0x00000006ce500000|
| 210|0x00000006ce600000, 0x00000006ce700000, 0x00000006ce700000|100%| E|CS|TS  7|AC  0|TAMS 0x00000006ce600000, 0x00000006ce600000|
| 211|0x00000006ce700000, 0x00000006ce800000, 0x00000006ce800000|100%| E|CS|TS  7|AC  0|TAMS 0x00000006ce700000, 0x00000006ce700000|
| 212|0x00000006ce800000, 0x00000006ce900000, 0x00000006ce900000|100%| E|CS|TS  7|AC  0|TAMS 0x00000006ce800000, 0x00000006ce800000|
| 213|0x00000006ce900000, 0x00000006cea00000, 0x00000006cea00000|100%| E|CS|TS  7|AC  0|TAMS 0x00000006ce900000, 0x00000006ce900000|
| 214|0x00000006cea00000, 0x00000006ceb00000, 0x00000006ceb00000|100%| E|CS|TS  7|AC  0|TAMS 0x00000006cea00000, 0x00000006cea00000|
| 215|0x00000006ceb00000, 0x00000006cec00000, 0x00000006cec00000|100%| E|CS|TS  7|AC  0|TAMS 0x00000006ceb00000, 0x00000006ceb00000|
| 216|0x00000006cec00000, 0x00000006ced00000, 0x00000006ced00000|100%| E|CS|TS  7|AC  0|TAMS 0x00000006cec00000, 0x00000006cec00000|
| 217|0x00000006ced00000, 0x00000006cee00000, 0x00000006cee00000|100%| E|CS|TS  7|AC  0|TAMS 0x00000006ced00000, 0x00000006ced00000|
| 218|0x00000006cee00000, 0x00000006cef00000, 0x00000006cef00000|100%| E|CS|TS  7|AC  0|TAMS 0x00000006cee00000, 0x00000006cee00000|
| 219|0x00000006cef00000, 0x00000006cf000000, 0x00000006cf000000|100%| E|CS|TS  7|AC  0|TAMS 0x00000006cef00000, 0x00000006cef00000|
| 220|0x00000006cf000000, 0x00000006cf100000, 0x00000006cf100000|100%| E|CS|TS  7|AC  0|TAMS 0x00000006cf000000, 0x00000006cf000000|
| 221|0x00000006cf100000, 0x00000006cf200000, 0x00000006cf200000|100%| E|CS|TS  7|AC  0|TAMS 0x00000006cf100000, 0x00000006cf100000|
| 222|0x00000006cf200000, 0x00000006cf300000, 0x00000006cf300000|100%| E|CS|TS  7|AC  0|TAMS 0x00000006cf200000, 0x00000006cf200000|
| 223|0x00000006cf300000, 0x00000006cf400000, 0x00000006cf400000|100%| E|CS|TS  7|AC  0|TAMS 0x00000006cf300000, 0x00000006cf300000|
| 224|0x00000006cf400000, 0x00000006cf500000, 0x00000006cf500000|100%| E|CS|TS  7|AC  0|TAMS 0x00000006cf400000, 0x00000006cf400000|
| 225|0x00000006cf500000, 0x00000006cf600000, 0x00000006cf600000|100%| E|CS|TS  7|AC  0|TAMS 0x00000006cf500000, 0x00000006cf500000|
| 226|0x00000006cf600000, 0x00000006cf700000, 0x00000006cf700000|100%| E|CS|TS  7|AC  0|TAMS 0x00000006cf600000, 0x00000006cf600000|
| 227|0x00000006cf700000, 0x00000006cf800000, 0x00000006cf800000|100%| E|CS|TS  7|AC  0|TAMS 0x00000006cf700000, 0x00000006cf700000|
| 228|0x00000006cf800000, 0x00000006cf900000, 0x00000006cf900000|100%| E|CS|TS  7|AC  0|TAMS 0x00000006cf800000, 0x00000006cf800000|
| 229|0x00000006cf900000, 0x00000006cfa00000, 0x00000006cfa00000|100%| E|CS|TS  7|AC  0|TAMS 0x00000006cf900000, 0x00000006cf900000|
| 230|0x00000006cfa00000, 0x00000006cfb00000, 0x00000006cfb00000|100%| E|CS|TS  7|AC  0|TAMS 0x00000006cfa00000, 0x00000006cfa00000|
| 231|0x00000006cfb00000, 0x00000006cfc00000, 0x00000006cfc00000|100%| E|CS|TS  7|AC  0|TAMS 0x00000006cfb00000, 0x00000006cfb00000|
| 232|0x00000006cfc00000, 0x00000006cfd00000, 0x00000006cfd00000|100%| E|CS|TS  7|AC  0|TAMS 0x00000006cfc00000, 0x00000006cfc00000|
| 233|0x00000006cfd00000, 0x00000006cfe00000, 0x00000006cfe00000|100%| E|CS|TS  7|AC  0|TAMS 0x00000006cfd00000, 0x00000006cfd00000|
| 234|0x00000006cfe00000, 0x00000006cff00000, 0x00000006cff00000|100%| E|CS|TS  7|AC  0|TAMS 0x00000006cfe00000, 0x00000006cfe00000|
| 235|0x00000006cff00000, 0x00000006d0000000, 0x00000006d0000000|100%| E|CS|TS  7|AC  0|TAMS 0x00000006cff00000, 0x00000006cff00000|
| 236|0x00000006d0000000, 0x00000006d0100000, 0x00000006d0100000|100%| E|CS|TS  7|AC  0|TAMS 0x00000006d0000000, 0x00000006d0000000|
| 237|0x00000006d0100000, 0x00000006d0200000, 0x00000006d0200000|100%| E|CS|TS  7|AC  0|TAMS 0x00000006d0100000, 0x00000006d0100000|
| 238|0x00000006d0200000, 0x00000006d0300000, 0x00000006d0300000|100%| E|CS|TS  7|AC  0|TAMS 0x00000006d0200000, 0x00000006d0200000|
| 239|0x00000006d0300000, 0x00000006d0400000, 0x00000006d0400000|100%| E|CS|TS  7|AC  0|TAMS 0x00000006d0300000, 0x00000006d0300000|
| 240|0x00000006d0400000, 0x00000006d0500000, 0x00000006d0500000|100%| E|CS|TS  7|AC  0|TAMS 0x00000006d0400000, 0x00000006d0400000|
| 241|0x00000006d0500000, 0x00000006d0600000, 0x00000006d0600000|100%| E|CS|TS  7|AC  0|TAMS 0x00000006d0500000, 0x00000006d0500000|
| 242|0x00000006d0600000, 0x00000006d0700000, 0x00000006d0700000|100%| E|CS|TS  7|AC  0|TAMS 0x00000006d0600000, 0x00000006d0600000|
| 243|0x00000006d0700000, 0x00000006d0800000, 0x00000006d0800000|100%| E|CS|TS  7|AC  0|TAMS 0x00000006d0700000, 0x00000006d0700000|
| 244|0x00000006d0800000, 0x00000006d0900000, 0x00000006d0900000|100%| E|CS|TS  7|AC  0|TAMS 0x00000006d0800000, 0x00000006d0800000|
| 245|0x00000006d0900000, 0x00000006d0a00000, 0x00000006d0a00000|100%| E|CS|TS  7|AC  0|TAMS 0x00000006d0900000, 0x00000006d0900000|
| 246|0x00000006d0a00000, 0x00000006d0b00000, 0x00000006d0b00000|100%| E|CS|TS  7|AC  0|TAMS 0x00000006d0a00000, 0x00000006d0a00000|
| 247|0x00000006d0b00000, 0x00000006d0c00000, 0x00000006d0c00000|100%| E|CS|TS  7|AC  0|TAMS 0x00000006d0b00000, 0x00000006d0b00000|
| 248|0x00000006d0c00000, 0x00000006d0d00000, 0x00000006d0d00000|100%| E|CS|TS  7|AC  0|TAMS 0x00000006d0c00000, 0x00000006d0c00000|
| 249|0x00000006d0d00000, 0x00000006d0e00000, 0x00000006d0e00000|100%| E|CS|TS  7|AC  0|TAMS 0x00000006d0d00000, 0x00000006d0d00000|
| 250|0x00000006d0e00000, 0x00000006d0f00000, 0x00000006d0f00000|100%| E|CS|TS  7|AC  0|TAMS 0x00000006d0e00000, 0x00000006d0e00000|
| 251|0x00000006d0f00000, 0x00000006d1000000, 0x00000006d1000000|100%| E|CS|TS  7|AC  0|TAMS 0x00000006d0f00000, 0x00000006d0f00000|
| 252|0x00000006d1000000, 0x00000006d1100000, 0x00000006d1100000|100%| E|CS|TS  7|AC  0|TAMS 0x00000006d1000000, 0x00000006d1000000|
| 253|0x00000006d1100000, 0x00000006d1200000, 0x00000006d1200000|100%| E|CS|TS  7|AC  0|TAMS 0x00000006d1100000, 0x00000006d1100000|
| 254|0x00000006d1200000, 0x00000006d1300000, 0x00000006d1300000|100%| E|CS|TS  7|AC  0|TAMS 0x00000006d1200000, 0x00000006d1200000|
| 255|0x00000006d1300000, 0x00000006d1400000, 0x00000006d1400000|100%| E|CS|TS  7|AC  0|TAMS 0x00000006d1300000, 0x00000006d1300000|
| 256|0x00000006d1400000, 0x00000006d1500000, 0x00000006d1500000|100%| E|CS|TS  7|AC  0|TAMS 0x00000006d1400000, 0x00000006d1400000|
| 257|0x00000006d1500000, 0x00000006d1600000, 0x00000006d1600000|100%| E|CS|TS  7|AC  0|TAMS 0x00000006d1500000, 0x00000006d1500000|
| 258|0x00000006d1600000, 0x00000006d1700000, 0x00000006d1700000|100%| E|CS|TS  7|AC  0|TAMS 0x00000006d1600000, 0x00000006d1600000|
| 259|0x00000006d1700000, 0x00000006d1800000, 0x00000006d1800000|100%| E|CS|TS  7|AC  0|TAMS 0x00000006d1700000, 0x00000006d1700000|
| 260|0x00000006d1800000, 0x00000006d1900000, 0x00000006d1900000|100%| E|CS|TS  7|AC  0|TAMS 0x00000006d1800000, 0x00000006d1800000|
| 261|0x00000006d1900000, 0x00000006d1a00000, 0x00000006d1a00000|100%| E|CS|TS  7|AC  0|TAMS 0x00000006d1900000, 0x00000006d1900000|
| 262|0x00000006d1a00000, 0x00000006d1b00000, 0x00000006d1b00000|100%| E|CS|TS  7|AC  0|TAMS 0x00000006d1a00000, 0x00000006d1a00000|
| 263|0x00000006d1b00000, 0x00000006d1c00000, 0x00000006d1c00000|100%| E|CS|TS  7|AC  0|TAMS 0x00000006d1b00000, 0x00000006d1b00000|
| 264|0x00000006d1c00000, 0x00000006d1d00000, 0x00000006d1d00000|100%| E|CS|TS  7|AC  0|TAMS 0x00000006d1c00000, 0x00000006d1c00000|
| 265|0x00000006d1d00000, 0x00000006d1e00000, 0x00000006d1e00000|100%| E|CS|TS  7|AC  0|TAMS 0x00000006d1d00000, 0x00000006d1d00000|
| 266|0x00000006d1e00000, 0x00000006d1f00000, 0x00000006d1f00000|100%| E|CS|TS  7|AC  0|TAMS 0x00000006d1e00000, 0x00000006d1e00000|
| 267|0x00000006d1f00000, 0x00000006d2000000, 0x00000006d2000000|100%| E|CS|TS  7|AC  0|TAMS 0x00000006d1f00000, 0x00000006d1f00000|
| 268|0x00000006d2000000, 0x00000006d2100000, 0x00000006d2100000|100%| E|CS|TS  7|AC  0|TAMS 0x00000006d2000000, 0x00000006d2000000|
| 269|0x00000006d2100000, 0x00000006d2200000, 0x00000006d2200000|100%| E|CS|TS  7|AC  0|TAMS 0x00000006d2100000, 0x00000006d2100000|
| 270|0x00000006d2200000, 0x00000006d2300000, 0x00000006d2300000|100%| E|CS|TS  7|AC  0|TAMS 0x00000006d2200000, 0x00000006d2200000|
| 271|0x00000006d2300000, 0x00000006d2400000, 0x00000006d2400000|100%| E|CS|TS  7|AC  0|TAMS 0x00000006d2300000, 0x00000006d2300000|
| 272|0x00000006d2400000, 0x00000006d2500000, 0x00000006d2500000|100%| E|CS|TS  7|AC  0|TAMS 0x00000006d2400000, 0x00000006d2400000|
| 273|0x00000006d2500000, 0x00000006d2600000, 0x00000006d2600000|100%| E|CS|TS  7|AC  0|TAMS 0x00000006d2500000, 0x00000006d2500000|
| 274|0x00000006d2600000, 0x00000006d2700000, 0x00000006d2700000|100%| E|CS|TS  7|AC  0|TAMS 0x00000006d2600000, 0x00000006d2600000|
| 275|0x00000006d2700000, 0x00000006d2800000, 0x00000006d2800000|100%| E|CS|TS  7|AC  0|TAMS 0x00000006d2700000, 0x00000006d2700000|
| 276|0x00000006d2800000, 0x00000006d2900000, 0x00000006d2900000|100%| E|CS|TS  7|AC  0|TAMS 0x00000006d2800000, 0x00000006d2800000|
| 277|0x00000006d2900000, 0x00000006d2a00000, 0x00000006d2a00000|100%| E|CS|TS  7|AC  0|TAMS 0x00000006d2900000, 0x00000006d2900000|
| 278|0x00000006d2a00000, 0x00000006d2b00000, 0x00000006d2b00000|100%| E|CS|TS  7|AC  0|TAMS 0x00000006d2a00000, 0x00000006d2a00000|
| 279|0x00000006d2b00000, 0x00000006d2c00000, 0x00000006d2c00000|100%| E|CS|TS  7|AC  0|TAMS 0x00000006d2b00000, 0x00000006d2b00000|
| 280|0x00000006d2c00000, 0x00000006d2d00000, 0x00000006d2d00000|100%| E|CS|TS  7|AC  0|TAMS 0x00000006d2c00000, 0x00000006d2c00000|
| 281|0x00000006d2d00000, 0x00000006d2e00000, 0x00000006d2e00000|100%| E|CS|TS  7|AC  0|TAMS 0x00000006d2d00000, 0x00000006d2d00000|
| 282|0x00000006d2e00000, 0x00000006d2f00000, 0x00000006d2f00000|100%| E|CS|TS  7|AC  0|TAMS 0x00000006d2e00000, 0x00000006d2e00000|
| 283|0x00000006d2f00000, 0x00000006d3000000, 0x00000006d3000000|100%| E|CS|TS  7|AC  0|TAMS 0x00000006d2f00000, 0x00000006d2f00000|
| 284|0x00000006d3000000, 0x00000006d3100000, 0x00000006d3100000|100%| E|CS|TS  7|AC  0|TAMS 0x00000006d3000000, 0x00000006d3000000|
| 285|0x00000006d3100000, 0x00000006d3200000, 0x00000006d3200000|100%| E|CS|TS  7|AC  0|TAMS 0x00000006d3100000, 0x00000006d3100000|
| 286|0x00000006d3200000, 0x00000006d3300000, 0x00000006d3300000|100%| E|CS|TS  7|AC  0|TAMS 0x00000006d3200000, 0x00000006d3200000|
| 287|0x00000006d3300000, 0x00000006d3400000, 0x00000006d3400000|100%| E|CS|TS  7|AC  0|TAMS 0x00000006d3300000, 0x00000006d3300000|
| 288|0x00000006d3400000, 0x00000006d3500000, 0x00000006d3500000|100%| E|CS|TS  7|AC  0|TAMS 0x00000006d3400000, 0x00000006d3400000|
| 289|0x00000006d3500000, 0x00000006d3600000, 0x00000006d3600000|100%| E|CS|TS  7|AC  0|TAMS 0x00000006d3500000, 0x00000006d3500000|
| 290|0x00000006d3600000, 0x00000006d3700000, 0x00000006d3700000|100%| E|CS|TS  7|AC  0|TAMS 0x00000006d3600000, 0x00000006d3600000|
| 291|0x00000006d3700000, 0x00000006d3800000, 0x00000006d3800000|100%| E|CS|TS  7|AC  0|TAMS 0x00000006d3700000, 0x00000006d3700000|
| 292|0x00000006d3800000, 0x00000006d3900000, 0x00000006d3900000|100%| E|CS|TS  7|AC  0|TAMS 0x00000006d3800000, 0x00000006d3800000|
| 293|0x00000006d3900000, 0x00000006d3a00000, 0x00000006d3a00000|100%| E|CS|TS  7|AC  0|TAMS 0x00000006d3900000, 0x00000006d3900000|
| 294|0x00000006d3a00000, 0x00000006d3b00000, 0x00000006d3b00000|100%| E|CS|TS  7|AC  0|TAMS 0x00000006d3a00000, 0x00000006d3a00000|
| 295|0x00000006d3b00000, 0x00000006d3c00000, 0x00000006d3c00000|100%| E|CS|TS  7|AC  0|TAMS 0x00000006d3b00000, 0x00000006d3b00000|
| 296|0x00000006d3c00000, 0x00000006d3d00000, 0x00000006d3d00000|100%| E|CS|TS  7|AC  0|TAMS 0x00000006d3c00000, 0x00000006d3c00000|
| 297|0x00000006d3d00000, 0x00000006d3e00000, 0x00000006d3e00000|100%| E|CS|TS  7|AC  0|TAMS 0x00000006d3d00000, 0x00000006d3d00000|
| 298|0x00000006d3e00000, 0x00000006d3f00000, 0x00000006d3f00000|100%| E|CS|TS  7|AC  0|TAMS 0x00000006d3e00000, 0x00000006d3e00000|
| 299|0x00000006d3f00000, 0x00000006d4000000, 0x00000006d4000000|100%| E|CS|TS  7|AC  0|TAMS 0x00000006d3f00000, 0x00000006d3f00000|
| 300|0x00000006d4000000, 0x00000006d4100000, 0x00000006d4100000|100%| E|CS|TS  7|AC  0|TAMS 0x00000006d4000000, 0x00000006d4000000|
| 301|0x00000006d4100000, 0x00000006d4200000, 0x00000006d4200000|100%| E|CS|TS  7|AC  0|TAMS 0x00000006d4100000, 0x00000006d4100000|
| 302|0x00000006d4200000, 0x00000006d4300000, 0x00000006d4300000|100%| E|CS|TS  7|AC  0|TAMS 0x00000006d4200000, 0x00000006d4200000|
| 303|0x00000006d4300000, 0x00000006d4400000, 0x00000006d4400000|100%| E|CS|TS  7|AC  0|TAMS 0x00000006d4300000, 0x00000006d4300000|
| 304|0x00000006d4400000, 0x00000006d4500000, 0x00000006d4500000|100%| E|CS|TS  7|AC  0|TAMS 0x00000006d4400000, 0x00000006d4400000|
| 305|0x00000006d4500000, 0x00000006d4600000, 0x00000006d4600000|100%| E|CS|TS  7|AC  0|TAMS 0x00000006d4500000, 0x00000006d4500000|
| 306|0x00000006d4600000, 0x00000006d4700000, 0x00000006d4700000|100%| E|CS|TS  7|AC  0|TAMS 0x00000006d4600000, 0x00000006d4600000|
| 307|0x00000006d4700000, 0x00000006d4800000, 0x00000006d4800000|100%| E|CS|TS  7|AC  0|TAMS 0x00000006d4700000, 0x00000006d4700000|

Card table byte_map: [0x000001e73db70000,0x000001e73e370000] byte_map_base: 0x000001e73a566000

Marking Bits (Prev, Next): (CMBitMap*) 0x000001e746b589b8, (CMBitMap*) 0x000001e746b58980
 Prev Bits: [0x000001e742b20000, 0x000001e746ad0000)
 Next Bits: [0x000001e73eb70000, 0x000001e742b20000)

Polling page: 0x000001e722720000

CodeHeap 'non-profiled nmethods': size=120000Kb used=6815Kb max_used=6815Kb free=113184Kb
 bounds [0x000001e734bc0000, 0x000001e735270000, 0x000001e73c0f0000]
CodeHeap 'profiled nmethods': size=120000Kb used=19919Kb max_used=19919Kb free=100081Kb
 bounds [0x000001e72d690000, 0x000001e72ea10000, 0x000001e734bc0000]
CodeHeap 'non-nmethods': size=5760Kb used=1882Kb max_used=1924Kb free=3877Kb
 bounds [0x000001e72d0f0000, 0x000001e72d360000, 0x000001e72d690000]
 total_blobs=10925 nmethods=6956 adapters=1288
 compilation: enabled

Compilation events (10 events):
Event: 16.239 Thread 0x000001e749fd6800 7753       3       org.python.core.PyObject::_iadd (90 bytes)
Event: 16.239 Thread 0x000001e749fd6800 nmethod 7753 0x000001e72ea0c010 code [0x000001e72ea0c280, 0x000001e72ea0cde0]
Event: 16.239 Thread 0x000001e749fd6800 7755       1       org.python.core.PySlot::isDataDescr (2 bytes)
Event: 16.239 Thread 0x000001e749fd6800 nmethod 7755 0x000001e735259f90 code [0x000001e73525a140, 0x000001e73525a258]
Event: 16.239 Thread 0x000001e749fd6800 7754   !   3       org.python.core.PyInteger::asPyInteger (64 bytes)
Event: 16.240 Thread 0x000001e749fd6800 nmethod 7754 0x000001e72ea0d110 code [0x000001e72ea0d420, 0x000001e72ea0e5c0]
Event: 16.240 Thread 0x000001e749fd6800 7756       1       org.python.core.PySlot::implementsDescrSet (2 bytes)
Event: 16.240 Thread 0x000001e749fd6800 nmethod 7756 0x000001e73525a310 code [0x000001e73525a4c0, 0x000001e73525a5d8]
Event: 16.240 Thread 0x000001e749fd6800 7757       3       sun.nio.cs.DoubleByte$Encoder::encodeChar (21 bytes)
Event: 16.240 Thread 0x000001e749fd6800 nmethod 7757 0x000001e72ea0eb90 code [0x000001e72ea0ed40, 0x000001e72ea0eef8]

GC Heap History (10 events):
Event: 7.343 GC heap before
{Heap before GC invocations=11 (full 0):
 garbage-first heap   total 262144K, used 67092K [0x00000006c1400000, 0x00000006c1500800, 0x00000007c0000000)
  region size 1024K, 29 young (29696K), 10 survivors (10240K)
 Metaspace       used 57106K, capacity 59951K, committed 60080K, reserved 1099776K
  class space    used 9276K, capacity 9638K, committed 9680K, reserved 1048576K
}
Event: 7.351 GC heap after
{Heap after GC invocations=12 (full 0):
 garbage-first heap   total 262144K, used 47336K [0x00000006c1400000, 0x00000006c1500800, 0x00000007c0000000)
  region size 1024K, 7 young (7168K), 7 survivors (7168K)
 Metaspace       used 57106K, capacity 59951K, committed 60080K, reserved 1099776K
  class space    used 9276K, capacity 9638K, committed 9680K, reserved 1048576K
}
Event: 8.431 GC heap before
{Heap before GC invocations=13 (full 0):
 garbage-first heap   total 262144K, used 170216K [0x00000006c1400000, 0x00000006c1500800, 0x00000007c0000000)
  region size 1024K, 129 young (132096K), 7 survivors (7168K)
 Metaspace       used 61636K, capacity 65022K, committed 65328K, reserved 1103872K
  class space    used 9738K, capacity 10213K, committed 10320K, reserved 1048576K
}
Event: 8.439 GC heap after
{Heap after GC invocations=14 (full 0):
 garbage-first heap   total 262144K, used 48394K [0x00000006c1400000, 0x00000006c1500800, 0x00000007c0000000)
  region size 1024K, 12 young (12288K), 12 survivors (12288K)
 Metaspace       used 61636K, capacity 65022K, committed 65328K, reserved 1103872K
  class space    used 9738K, capacity 10213K, committed 10320K, reserved 1048576K
}
Event: 9.047 GC heap before
{Heap before GC invocations=14 (full 0):
 garbage-first heap   total 262144K, used 179466K [0x00000006c1400000, 0x00000006c1500800, 0x00000007c0000000)
  region size 1024K, 140 young (143360K), 12 survivors (12288K)
 Metaspace       used 64273K, capacity 67994K, committed 68016K, reserved 1105920K
  class space    used 10186K, capacity 10688K, committed 10704K, reserved 1048576K
}
Event: 9.057 GC heap after
{Heap after GC invocations=15 (full 0):
 garbage-first heap   total 315392K, used 50550K [0x00000006c1400000, 0x00000006c15009a0, 0x00000007c0000000)
  region size 1024K, 10 young (10240K), 10 survivors (10240K)
 Metaspace       used 64273K, capacity 67994K, committed 68016K, reserved 1105920K
  class space    used 10186K, capacity 10688K, committed 10704K, reserved 1048576K
}
Event: 9.817 GC heap before
{Heap before GC invocations=15 (full 0):
 garbage-first heap   total 315392K, used 224630K [0x00000006c1400000, 0x00000006c15009a0, 0x00000007c0000000)
  region size 1024K, 180 young (184320K), 10 survivors (10240K)
 Metaspace       used 67986K, capacity 71940K, committed 72240K, reserved 1110016K
  class space    used 10687K, capacity 11258K, committed 11344K, reserved 1048576K
}
Event: 9.824 GC heap after
{Heap after GC invocations=16 (full 0):
 garbage-first heap   total 315392K, used 52287K [0x00000006c1400000, 0x00000006c15009a0, 0x00000007c0000000)
  region size 1024K, 12 young (12288K), 12 survivors (12288K)
 Metaspace       used 67986K, capacity 71940K, committed 72240K, reserved 1110016K
  class space    used 10687K, capacity 11258K, committed 11344K, reserved 1048576K
}
Event: 10.874 GC heap before
{Heap before GC invocations=16 (full 0):
 garbage-first heap   total 315392K, used 228415K [0x00000006c1400000, 0x00000006c15009a0, 0x00000007c0000000)
  region size 1024K, 184 young (188416K), 12 survivors (12288K)
 Metaspace       used 70933K, capacity 75482K, committed 75568K, reserved 1114112K
  class space    used 11190K, capacity 11788K, committed 11856K, reserved 1048576K
}
Event: 10.883 GC heap after
{Heap after GC invocations=17 (full 0):
 garbage-first heap   total 315392K, used 52857K [0x00000006c1400000, 0x00000006c15009a0, 0x00000007c0000000)
  region size 1024K, 13 young (13312K), 13 survivors (13312K)
 Metaspace       used 70933K, capacity 75482K, committed 75568K, reserved 1114112K
  class space    used 11190K, capacity 11788K, committed 11856K, reserved 1048576K
}

Deoptimization events (10 events):
Event: 16.016 Thread 0x000001e75668e800 Uncommon trap: reason=array_check action=maybe_recompile pc=0x000001e735223398 method=java.util.TimSort.mergeLo(IIII)V @ 81 c2
Event: 16.016 Thread 0x000001e75668e800 Uncommon trap: reason=array_check action=maybe_recompile pc=0x000001e735223398 method=java.util.TimSort.mergeLo(IIII)V @ 81 c2
Event: 16.016 Thread 0x000001e75668e800 Uncommon trap: reason=array_check action=maybe_recompile pc=0x000001e735223398 method=java.util.TimSort.mergeLo(IIII)V @ 81 c2
Event: 16.016 Thread 0x000001e75668e800 Uncommon trap: reason=array_check action=maybe_recompile pc=0x000001e735223398 method=java.util.TimSort.mergeLo(IIII)V @ 81 c2
Event: 16.019 Thread 0x000001e75668e800 Uncommon trap: reason=unstable_if action=reinterpret pc=0x000001e7351c4424 method=org.meteoinfo.global.MIMath.getPointsExtent(Ljava/util/List;)Lorg/meteoinfo/global/Extent; @ 10 c2
Event: 16.042 Thread 0x000001e75668e800 Uncommon trap: reason=class_check action=maybe_recompile pc=0x000001e735237260 method=org.meteoinfo.global.MIMath.getPointsExtent(Ljava/util/List;)Lorg/meteoinfo/global/Extent; @ 25 c2
Event: 16.043 Thread 0x000001e75668e800 Uncommon trap: reason=class_check action=maybe_recompile pc=0x000001e735237260 method=org.meteoinfo.global.MIMath.getPointsExtent(Ljava/util/List;)Lorg/meteoinfo/global/Extent; @ 25 c2
Event: 16.043 Thread 0x000001e75668e800 Uncommon trap: reason=class_check action=maybe_recompile pc=0x000001e735237260 method=org.meteoinfo.global.MIMath.getPointsExtent(Ljava/util/List;)Lorg/meteoinfo/global/Extent; @ 25 c2
Event: 16.043 Thread 0x000001e75668e800 Uncommon trap: reason=class_check action=maybe_recompile pc=0x000001e735237260 method=org.meteoinfo.global.MIMath.getPointsExtent(Ljava/util/List;)Lorg/meteoinfo/global/Extent; @ 25 c2
Event: 16.091 Thread 0x000001e75668e800 Uncommon trap: reason=unstable_if action=reinterpret pc=0x000001e7351c9678 method=java.lang.StringCoding.decode(Ljava/lang/String;[BII)Ljava/lang/StringCoding$Result; @ 51 c2

Classes redefined (0 events):
No events

Internal exceptions (10 events):
Event: 11.081 Thread 0x000001e74b118800 Exception <a 'java/io/FileNotFoundException'{0x00000006d3a617b0}> (0x00000006d3a617b0) thrown at [t:/workspace/hotspot/src/share/vm/prims/jni.cpp, line 604]
Event: 11.082 Thread 0x000001e74b118800 Exception <a 'java/io/FileNotFoundException'{0x00000006d3a63ac0}> (0x00000006d3a63ac0) thrown at [t:/workspace/hotspot/src/share/vm/prims/jni.cpp, line 604]
Event: 11.082 Thread 0x000001e74b118800 Exception <a 'java/io/FileNotFoundException'{0x00000006d3a65c08}> (0x00000006d3a65c08) thrown at [t:/workspace/hotspot/src/share/vm/prims/jni.cpp, line 604]
Event: 11.082 Thread 0x000001e74b118800 Exception <a 'java/io/FileNotFoundException'{0x00000006d3a678b8}> (0x00000006d3a678b8) thrown at [t:/workspace/hotspot/src/share/vm/prims/jni.cpp, line 604]
Event: 11.082 Thread 0x000001e74b118800 Exception <a 'java/io/FileNotFoundException'{0x00000006d3a69620}> (0x00000006d3a69620) thrown at [t:/workspace/hotspot/src/share/vm/prims/jni.cpp, line 604]
Event: 11.083 Thread 0x000001e74b118800 Exception <a 'java/io/FileNotFoundException'{0x00000006d3a6b6a0}> (0x00000006d3a6b6a0) thrown at [t:/workspace/hotspot/src/share/vm/prims/jni.cpp, line 604]
Event: 11.083 Thread 0x000001e74b118800 Exception <a 'java/io/FileNotFoundException'{0x00000006d3a6d7b0}> (0x00000006d3a6d7b0) thrown at [t:/workspace/hotspot/src/share/vm/prims/jni.cpp, line 604]
Event: 11.083 Thread 0x000001e74b118800 Exception <a 'java/io/FileNotFoundException'{0x00000006d3a6f8a0}> (0x00000006d3a6f8a0) thrown at [t:/workspace/hotspot/src/share/vm/prims/jni.cpp, line 604]
Event: 13.974 Thread 0x000001e75668e800 Exception <a 'sun/nio/fs/WindowsException'{0x00000006d1a9fcb8}> (0x00000006d1a9fcb8) thrown at [t:/workspace/hotspot/src/share/vm/prims/jni.cpp, line 604]
Event: 14.060 Thread 0x000001e75668e800 Exception <a 'sun/nio/fs/WindowsException'{0x00000006d0f0a5c0}> (0x00000006d0f0a5c0) thrown at [t:/workspace/hotspot/src/share/vm/prims/jni.cpp, line 604]

Events (10 events):
Event: 16.239 loading class com/jogamp/opengl/util/awt/AWTGLReadBufferUtil
Event: 16.239 loading class com/jogamp/opengl/util/awt/AWTGLReadBufferUtil done
Event: 16.239 loading class com/jogamp/opengl/util/GLReadBufferUtil
Event: 16.239 loading class com/jogamp/opengl/util/GLReadBufferUtil done
Event: 16.240 loading class com/jogamp/nativewindow/util/PixelFormatUtil
Event: 16.240 loading class com/jogamp/nativewindow/util/PixelFormatUtil done
Event: 16.241 loading class com/jogamp/nativewindow/util/PixelRectangle
Event: 16.241 loading class com/jogamp/nativewindow/util/PixelRectangle done
Event: 16.241 loading class com/jogamp/common/util/Bitstream$ByteStream
Event: 16.241 loading class com/jogamp/common/util/Bitstream$ByteStream done


Dynamic libraries:
0x00007ff687e10000 - 0x00007ff687e4e000 	C:\Program Files\Java\jdk-9.0.1\bin\java.exe
0x00007ffdc18b0000 - 0x00007ffdc1a9d000 	C:\WINDOWS\SYSTEM32\ntdll.dll
0x00007ffdc1620000 - 0x00007ffdc16d3000 	C:\WINDOWS\System32\KERNEL32.DLL
0x00007ffdbda30000 - 0x00007ffdbdcc3000 	C:\WINDOWS\System32\KERNELBASE.dll
0x00007ffdc13d0000 - 0x00007ffdc1473000 	C:\WINDOWS\System32\ADVAPI32.dll
0x00007ffdbf010000 - 0x00007ffdbf0ae000 	C:\WINDOWS\System32\msvcrt.dll
0x00007ffdbf0d0000 - 0x00007ffdbf16e000 	C:\WINDOWS\System32\sechost.dll
0x00007ffdbf9d0000 - 0x00007ffdbfaf2000 	C:\WINDOWS\System32\RPCRT4.dll
0x00007ffdc1480000 - 0x00007ffdc1617000 	C:\WINDOWS\System32\USER32.dll
0x00007ffdbda10000 - 0x00007ffdbda30000 	C:\WINDOWS\System32\win32u.dll
0x00007ffdbf8f0000 - 0x00007ffdbf919000 	C:\WINDOWS\System32\GDI32.dll
0x00007ffdbe4d0000 - 0x00007ffdbe669000 	C:\WINDOWS\System32\gdi32full.dll
0x00007ffdbe670000 - 0x00007ffdbe710000 	C:\WINDOWS\System32\msvcp_win.dll
0x00007ffdbe7c0000 - 0x00007ffdbe8ba000 	C:\WINDOWS\System32\ucrtbase.dll
0x00007ffdb4620000 - 0x00007ffdb4899000 	C:\WINDOWS\WinSxS\amd64_microsoft.windows.common-controls_6595b64144ccf1df_6.0.17763.737_none_05b6437c071e554b\COMCTL32.dll
0x00007ffdbece0000 - 0x00007ffdbf00c000 	C:\WINDOWS\System32\combase.dll
0x00007ffdb8450000 - 0x00007ffdb845a000 	C:\WINDOWS\SYSTEM32\VERSION.dll
0x00007ffdbd940000 - 0x00007ffdbd9be000 	C:\WINDOWS\System32\bcryptPrimitives.dll
0x00007ffdbf1d0000 - 0x00007ffdbf1fe000 	C:\WINDOWS\System32\IMM32.DLL
0x00007ffdacf30000 - 0x00007ffdad01f000 	C:\Program Files\Java\jdk-9.0.1\bin\msvcr120.dll
0x00007ffdaa5f0000 - 0x00007ffdaa696000 	C:\Program Files\Java\jdk-9.0.1\bin\msvcp120.dll
0x0000000066eb0000 - 0x00000000678d4000 	C:\Program Files\Java\jdk-9.0.1\bin\server\jvm.dll
0x00007ffdbf2b0000 - 0x00007ffdbf2b8000 	C:\WINDOWS\System32\PSAPI.DLL
0x00007ffdae690000 - 0x00007ffdae6b4000 	C:\WINDOWS\SYSTEM32\WINMM.dll
0x00007ffdb99f0000 - 0x00007ffdb99f9000 	C:\WINDOWS\SYSTEM32\WSOCK32.dll
0x00007ffdbfbe0000 - 0x00007ffdbfc4d000 	C:\WINDOWS\System32\WS2_32.dll
0x00007ffdae660000 - 0x00007ffdae68d000 	C:\WINDOWS\SYSTEM32\winmmbase.dll
0x00007ffdbdcd0000 - 0x00007ffdbdd1a000 	C:\WINDOWS\System32\cfgmgr32.dll
0x00007ffdb9310000 - 0x00007ffdb931f000 	C:\Program Files\Java\jdk-9.0.1\bin\verify.dll
0x00007ffdb6650000 - 0x00007ffdb6677000 	C:\Program Files\Java\jdk-9.0.1\bin\java.dll
0x00007ffdad090000 - 0x00007ffdad0c6000 	C:\Program Files\Java\jdk-9.0.1\bin\jdwp.dll
0x00007ffdb76b0000 - 0x00007ffdb76c6000 	C:\Program Files\Java\jdk-9.0.1\bin\zip.dll
0x00007ffdb7630000 - 0x00007ffdb763a000 	C:\Program Files\Java\jdk-9.0.1\bin\jimage.dll
0x00007ffdbfed0000 - 0x00007ffdc13c2000 	C:\WINDOWS\System32\SHELL32.dll
0x00007ffdbf920000 - 0x00007ffdbf9c8000 	C:\WINDOWS\System32\shcore.dll
0x00007ffdbdd20000 - 0x00007ffdbe46a000 	C:\WINDOWS\System32\windows.storage.dll
0x00007ffdbd8f0000 - 0x00007ffdbd914000 	C:\WINDOWS\System32\profapi.dll
0x00007ffdbd870000 - 0x00007ffdbd8cd000 	C:\WINDOWS\System32\powrprof.dll
0x00007ffdbf170000 - 0x00007ffdbf1c2000 	C:\WINDOWS\System32\shlwapi.dll
0x00007ffdbd8d0000 - 0x00007ffdbd8e1000 	C:\WINDOWS\System32\kernel.appcore.dll
0x00007ffdbd9f0000 - 0x00007ffdbda07000 	C:\WINDOWS\System32\cryptsp.dll
0x00007ffdb71b0000 - 0x00007ffdb71ca000 	C:\Program Files\Java\jdk-9.0.1\bin\net.dll
0x00007ffdb6c50000 - 0x00007ffdb6d42000 	C:\WINDOWS\SYSTEM32\WINHTTP.dll
0x00007ffdbd0b0000 - 0x00007ffdbd117000 	C:\WINDOWS\system32\mswsock.dll
0x00007ffdb6630000 - 0x00007ffdb6641000 	C:\Program Files\Java\jdk-9.0.1\bin\nio.dll
0x00007ffdb3330000 - 0x00007ffdb333a000 	C:\Program Files\Java\jdk-9.0.1\bin\dt_socket.dll
0x00007ffdbce10000 - 0x00007ffdbced6000 	C:\WINDOWS\SYSTEM32\DNSAPI.dll
0x00007ffdbecd0000 - 0x00007ffdbecd8000 	C:\WINDOWS\System32\NSI.dll
0x00007ffdbcdd0000 - 0x00007ffdbce0d000 	C:\WINDOWS\SYSTEM32\IPHLPAPI.DLL
0x00007ffdb58b0000 - 0x00007ffdb5929000 	C:\WINDOWS\System32\fwpuclnt.dll
0x00007ffdbd9c0000 - 0x00007ffdbd9e6000 	C:\WINDOWS\System32\bcrypt.dll
0x00007ffdb57f0000 - 0x00007ffdb57fa000 	C:\Windows\System32\rasadhlp.dll
0x00007ffd9b2a0000 - 0x00007ffd9b439000 	C:\Program Files\Java\jdk-9.0.1\bin\awt.dll
0x00007ffdbfe00000 - 0x00007ffdbfec4000 	C:\WINDOWS\System32\OLEAUT32.dll
0x00007ffdba7c0000 - 0x00007ffdbad7e000 	C:\WINDOWS\SYSTEM32\d2d1.dll
0x00007ffdbbd60000 - 0x00007ffdbbdec000 	C:\WINDOWS\SYSTEM32\apphelp.dll
0x00007ffdbbe30000 - 0x00007ffdbbecc000 	C:\WINDOWS\system32\uxtheme.dll
0x00007ffdc16e0000 - 0x00007ffdc184b000 	C:\WINDOWS\System32\MSCTF.dll
0x00007ffdbc140000 - 0x00007ffdbc16e000 	C:\WINDOWS\system32\dwmapi.dll
0x00007ffdbe8c0000 - 0x00007ffdbea9b000 	C:\WINDOWS\System32\CRYPT32.dll
0x00007ffdbd920000 - 0x00007ffdbd932000 	C:\WINDOWS\System32\MSASN1.dll
0x00007ffdbeb10000 - 0x00007ffdbec65000 	C:\WINDOWS\System32\ole32.dll
0x00007ffdb5e40000 - 0x00007ffdb5e49000 	C:\Program Files\Java\jdk-9.0.1\bin\management.dll
0x00007ffdb48d0000 - 0x00007ffdb48da000 	C:\Program Files\Java\jdk-9.0.1\bin\management_ext.dll
0x00007ffdbcc30000 - 0x00007ffdbcc63000 	C:\WINDOWS\system32\rsaenh.dll
0x00007ffdbd7a0000 - 0x00007ffdbd7c8000 	C:\WINDOWS\SYSTEM32\USERENV.dll
0x00007ffdbd280000 - 0x00007ffdbd28c000 	C:\WINDOWS\SYSTEM32\CRYPTBASE.dll
0x00007ffdb9120000 - 0x00007ffdb9136000 	C:\WINDOWS\SYSTEM32\dhcpcsvc6.DLL
0x00007ffdb9090000 - 0x00007ffdb90ac000 	C:\WINDOWS\SYSTEM32\dhcpcsvc.DLL
0x00007ffda8e60000 - 0x00007ffda8efd000 	C:\Program Files\Java\jdk-9.0.1\bin\fontmanager.dll
0x00007ffd8fd90000 - 0x00007ffd8feb7000 	C:\WINDOWS\system32\opengl32.dll
0x00007ffd90be0000 - 0x00007ffd90c0c000 	C:\WINDOWS\SYSTEM32\GLU32.dll
0x00007ffd9a2f0000 - 0x00007ffd9a48e000 	C:\WINDOWS\system32\d3d9.dll
0x00007ffdad560000 - 0x00007ffdad64a000 	C:\WINDOWS\System32\DriverStore\FileRepository\nv_desktop_ref4wu.inf_amd64_0109a19b5125cb43\nvldumdx.dll
0x00007ffdbe470000 - 0x00007ffdbe4c9000 	C:\WINDOWS\System32\WINTRUST.DLL
0x00007ffdbf0b0000 - 0x00007ffdbf0cd000 	C:\WINDOWS\System32\imagehlp.dll
0x00007ffd8d150000 - 0x00007ffd8e326000 	C:\WINDOWS\System32\DriverStore\FileRepository\nv_desktop_ref4wu.inf_amd64_0109a19b5125cb43\nvd3dumx.dll
0x00007ffdab230000 - 0x00007ffdab31b000 	C:\Program Files (x86)\NVIDIA Corporation\3D Vision\nvSCPAPI64.dll
0x00007ffdbf2c0000 - 0x00007ffdbf736000 	C:\WINDOWS\System32\SETUPAPI.dll
0x00007ffdb65e0000 - 0x00007ffdb6622000 	C:\Program Files\Java\jdk-9.0.1\bin\t2k.dll
0x00007ffdbf200000 - 0x00007ffdbf2a2000 	C:\WINDOWS\System32\clbcatq.dll
0x00007ffdadb50000 - 0x00007ffdadd08000 	C:\WINDOWS\SYSTEM32\WindowsCodecs.dll
0x00007ffda8a80000 - 0x00007ffda8ad6000 	C:\WINDOWS\system32\dataexchange.dll
0x00007ffdbad80000 - 0x00007ffdbaffe000 	C:\WINDOWS\system32\d3d11.dll
0x00007ffdbb7c0000 - 0x00007ffdbb983000 	C:\WINDOWS\system32\dcomp.dll
0x00007ffdbc640000 - 0x00007ffdbc702000 	C:\WINDOWS\system32\dxgi.dll
0x00007ffdbbf00000 - 0x00007ffdbc10d000 	C:\WINDOWS\system32\twinapi.appcore.dll
0x00007ffdbc110000 - 0x00007ffdbc138000 	C:\WINDOWS\system32\RMCLIENT.dll
0x000000006e4c0000 - 0x000000006e4df000 	C:\Users\wyq\AppData\Local\Temp\jffi8109666247099021394.dll
0x00007ffdb48c0000 - 0x00007ffdb48cb000 	C:\Program Files\Java\jdk-9.0.1\bin\sunmscapi.dll
0x00007ffdaaed0000 - 0x00007ffdaaef3000 	C:\Program Files\Java\jdk-9.0.1\bin\sunec.dll
0x00007ffdb3490000 - 0x00007ffdb3525000 	C:\WINDOWS\System32\TextInputFramework.dll
0x00007ffdbb9c0000 - 0x00007ffdbbaa2000 	C:\WINDOWS\System32\CoreMessaging.dll
0x00007ffdaddb0000 - 0x00007ffdae0d2000 	C:\WINDOWS\System32\CoreUIComponents.dll
0x00007ffdbc8b0000 - 0x00007ffdbc8e1000 	C:\WINDOWS\SYSTEM32\ntmarta.dll
0x00007ffdb9ae0000 - 0x00007ffdb9c33000 	C:\WINDOWS\SYSTEM32\wintypes.dll
0x00000000637c0000 - 0x00000000637cd000 	C:\Users\wyq\AppData\Local\Temp\jogamp_0000\file_cache\jln11592093236001217888\jln11009950689416033080\natives\windows-amd64\gluegen-rt.dll
0x00007ffdb1350000 - 0x00007ffdb1357000 	C:\Program Files\Java\jdk-9.0.1\bin\jawt.dll
0x000000006a440000 - 0x000000006a44d000 	C:\Users\wyq\AppData\Local\Temp\jogamp_0000\file_cache\jln11592093236001217888\jln11009950689416033080\natives\windows-amd64\nativewindow_awt.dll
0x000000006c100000 - 0x000000006c10f000 	C:\Users\wyq\AppData\Local\Temp\jogamp_0000\file_cache\jln11592093236001217888\jln11009950689416033080\natives\windows-amd64\nativewindow_win32.dll
0x0000000064500000 - 0x00000000645b1000 	C:\Users\wyq\AppData\Local\Temp\jogamp_0000\file_cache\jln11592093236001217888\jln11009950689416033080\natives\windows-amd64\jogl_desktop.dll
0x00007ffd98660000 - 0x00007ffd98852000 	C:\Users\wyq\Anaconda3\Library\bin\libGLESv2.dll
0x00007ffdaae50000 - 0x00007ffdaae66000 	C:\Program Files\Java\jdk-9.0.1\bin\VCRUNTIME140.dll
0x00007ffd99ac0000 - 0x00007ffd99b5c000 	C:\Program Files\Java\jdk-9.0.1\bin\MSVCP140.dll
0x00007ffdb0400000 - 0x00007ffdb040a000 	C:\Users\wyq\Anaconda3\Library\bin\libEGL.dll
0x0000000064340000 - 0x00000000643a2000 	C:\Users\wyq\AppData\Local\Temp\jogamp_0000\file_cache\jln11592093236001217888\jln11009950689416033080\natives\windows-amd64\jogl_mobile.dll
0x0000000064be0000 - 0x0000000066ea7000 	C:\WINDOWS\SYSTEM32\nvoglv64.DLL
0x00007ffdb9890000 - 0x00007ffdb98a3000 	C:\WINDOWS\SYSTEM32\WTSAPI32.dll
0x00007ffdbd660000 - 0x00007ffdbd689000 	C:\WINDOWS\SYSTEM32\DEVOBJ.dll
0x00007ffdbc920000 - 0x00007ffdbc978000 	C:\WINDOWS\SYSTEM32\WINSTA.dll
0x00007ffdb7ad0000 - 0x00007ffdb7cbd000 	C:\WINDOWS\SYSTEM32\dbghelp.dll

VM Arguments:
jvm_args: -agentlib:jdwp=transport=dt_socket,server=n,address=61759 
java_command: org.meteoinfo.laboratory.MeteoInfoLab
java_class_path (initial): D:\MyProgram\java\MeteoInfoDev\MeteoInfo\MeteoInfoLab\target\classes;C:\Users\wyq\.m2\repository\org\meteothink\MeteoInfoLib\2.0-SNAPSHOT\MeteoInfoLib-2.0-SNAPSHOT.jar;C:\Users\wyq\.m2\repository\com\l2fprod\l2fprod-common-all\0.1\l2fprod-common-all-0.1.jar;C:\Users\wyq\.m2\repository\edu\ucar\netcdfAll\4.6.11\netcdfAll-4.6.11.jar;C:\Users\wyq\.m2\repository\joda-time\joda-time\2.10\joda-time-2.10.jar;C:\Users\wyq\.m2\repository\org\freehep\freehep-graphics2d\2.4\freehep-graphics2d-2.4.jar;C:\Users\wyq\.m2\repository\org\freehep\freehep-graphicsbase\2.4\freehep-graphicsbase-2.4.jar;C:\Users\wyq\.m2\repository\org\freehep\freehep-io\2.2.2\freehep-io-2.2.2.jar;C:\Users\wyq\.m2\repository\junit\junit\4.10\junit-4.10.jar;C:\Users\wyq\.m2\repository\org\hamcrest\hamcrest-core\1.1\hamcrest-core-1.1.jar;C:\Users\wyq\.m2\repository\org\freehep\freehep-graphicsio-ps\2.4\freehep-graphicsio-ps-2.4.jar;C:\Users\wyq\.m2\repository\org\freehep\freehep-graphicsio\2.4\freehep-graphicsio-2.4.jar;C:\Users\wyq\.m2\repository\org\freehep\freehep-graphicsio-tests\2.4\freehep-graphicsio-tests-2.4.jar;C:\Users\wyq\.m2\repository\org\scilab\forge\jlatexmath\1.0.7\jlatexmath-1.0.7.jar;C:\Users\wyq\.m2\repository\org\scilab\forge\jlatexmath-font-greek\1.0.7\jlatexmath-font-greek-1.0.7.jar;C:\Users\wyq\.m2\repository\org\scilab\forge\jlatexmath-font-cyrillic\1.0.7\jlatexmath-font-cyrillic-1.0.7.jar;C:\Users\wyq\.m2\repository\org\python\jython-standalone\2.7.1\jython-standalone-2.7.1.jar;C:\Users\wyq\.m2\repository\org\freehep\freehep-graphicsio-emf\2.4\freehep-graphicsio-emf-2.4.jar;C:\Users\wyq\.m2\repository\org\freehep\freehep-graphicsio-pdf\2.4\freehep-graphicsio-pdf-2.4.jar;C:\Users\wyq\.m2\repository\org\apache\commons\commons-imaging\1.0-alpha1\commons-imaging-1.0-alpha1.jar;C:\Users\wyq\.m2\repository\com\toedter\jcalendar\1.4\jcalendar-1.4.jar;C:\Users\wyq\.m2\repository\org\ejml\ejml-experimental\0.32\ejml-experimental-0.32.jar;C:\Users\wyq\.m2\reposito
Launcher Type: SUN_STANDARD

Logging:
Log output configuration:
#0: stdout all=warning uptime,level,tags
#1: stderr all=off uptime,level,tags

Environment Variables:
JAVA_HOME=C:\Program Files\Java\jdk-9.0.1
PATH=C:\Program Files (x86)\Common Files\NetSarang;C:\Program Files\Java\jdk-9.0.1\bin;C:\WINDOWS\system32;C:\WINDOWS;C:\WINDOWS\System32\Wbem;C:\WINDOWS\System32\WindowsPowerShell\v1.0\;C:\WINDOWS\System32\OpenSSH\;C:\Program Files\PuTTY\;C:\OpenGrADS\Contents\Cygwin\Versions\2.0.2.oga.2\i686;C:\Program Files\Git\cmd;E:\software\apache-maven-3.6.0\bin;C:\Program Files (x86)\Gpg4win\..\GnuPG\bin;C:\Users\wyq\Anaconda3;C:\Users\wyq\Anaconda3\Library\bin;C:\Users\wyq\Anaconda3\Scripts;C:\Program Files\dotnet\;C:\Tcl\bin;C:\Users\wyq\AppData\Local\Microsoft\WindowsApps;D:\MyProgram\Distribution\Java\MeteoInfo\MeteoInfo;C:\Program Files (x86)\Common Files\NetSarang;C:\Program Files\Java\jdk-9.0.1\bin;C:\WINDOWS\system32;C:\WINDOWS;C:\WINDOWS\System32\Wbem;C:\WINDOWS\System32\WindowsPowerShell\v1.0\;C:\WINDOWS\System32\OpenSSH\;C:\Program Files\PuTTY\;C:\OpenGrADS\Contents\Cygwin\Versions\2.0.2.oga.2\i686;C:\Program Files\Git\cmd;E:\software\apache-maven-3.6.0\bin;C:\Program Files (x86)\Gpg4win\..\GnuPG\bin;C:\Users\wyq\Anaconda3;C:\Users\wyq\Anaconda3\Library\bin;C:\Users\wyq\Anaconda3\Scripts;C:\Program Files\dotnet\;C:\Program Files\JetBrains\IntelliJ IDEA Community Edition 2018.3.4\bin;;D:\MyProgram\Distribution\Java\JythonLab\bin;C:\Users\wyq\Anaconda3;;C:\Users\wyq\AppData\Local\Programs\Microsoft VS Code\bin
USERNAME=wyq
OS=Windows_NT
PROCESSOR_IDENTIFIER=Intel64 Family 6 Model 94 Stepping 3, GenuineIntel



---------------  S Y S T E M  ---------------

OS: Windows 10 , 64 bit Build 17763 (10.0.17763.475)

CPU:total 8 (initial active 8) (4 cores per cpu, 2 threads per core) family 6 model 94 stepping 3, cmov, cx8, fxsr, mmx, sse, sse2, sse3, ssse3, sse4.1, sse4.2, popcnt, avx, avx2, aes, clmul, erms, rtm, 3dnowpref, lzcnt, ht, tsc, tscinvbit, bmi1, bmi2, adx, fma

Memory: 4k page, physical 16694104k(9206360k free), swap 19184472k(9801952k free)

vm_info: Java HotSpot(TM) 64-Bit Server VM (9.0.1+11) for windows-amd64 JRE (9.0.1+11), built on Sep 28 2017 04:54:03 by "mach5one" with MS VC++ 12.0 (VS2013)

END.
